Time start: 2022-04-18 17:10:12
Time end: 2022-04-18 17:44:37
Duration: 0:34:24.976833

Platform: Linux-5.4.0-99-generic-x86_64-with-glibc2.29
Name: lfw-ds001-i048
Release: #112-Ubuntu SMP Thu Feb 3 13:50:55 UTC 2022

Compose file: transfer_ftp_client_setup.yml
Script: performance/transfer_ftp_upload.py
Environment vars:
SCRIPT: performance/transfer_ftp_upload.py
FTP_SERVER_ADDRESS: 51.210.39.160
FILE_SIZE: 10737418240
RUN_COUNT: 6
INTERVAL_SECONDS: 30

WARNING! This will remove all stopped containers.
Are you sure you want to continue? [y/N] Total reclaimed space: 0B
Creating client ... 
Creating client ... done
Attaching to client
client              | 17:10.13: Connected to FTP server at 51.210.39.160
client              | 17:10.13: Preparing run 1
client              | 17:10.13: Creating file /tmp/files/10240MB_1
client              | 17:11.27: Upload file name is 10240MB_1
client              | 17:11.27: Running garbage collector
client              | 17:11.27: Sleeping for 30.0 seconds
client              | 17:11.57: Starting
client              | 17:17.59: Finished
client              | 17:17.59: Deleting created file /tmp/files/10240MB_1
client              | 17:18.00: Ending run 1
client              | 17:18.00: Preparing run 2
client              | 17:18.00: Creating file /tmp/files/10240MB_2
client              | 17:19.14: Upload file name is 10240MB_2
client              | 17:19.14: Running garbage collector
client              | 17:19.14: Sleeping for 30.0 seconds
client              | 17:19.44: Starting
client              | 17:25.46: Finished
client              | 17:25.46: Deleting created file /tmp/files/10240MB_2
client              | 17:25.47: Ending run 2
client              | 17:25.47: Preparing run 3
client              | 17:25.47: Creating file /tmp/files/10240MB_3
client              | 17:27.02: Upload file name is 10240MB_3
client              | 17:27.02: Running garbage collector
client              | 17:27.02: Sleeping for 30.0 seconds
client              | 17:27.32: Starting
client              | 17:33.32: Finished
client              | 17:33.32: Deleting created file /tmp/files/10240MB_3
client              | 17:33.33: Ending run 3
client              | 17:33.33: Preparing run 4
client              | 17:33.33: Creating file /tmp/files/10240MB_4
client              | 17:34.46: Upload file name is 10240MB_4
client              | 17:34.46: Running garbage collector
client              | 17:34.46: Sleeping for 30.0 seconds
client              | 17:35.16: Starting
client              | 17:41.18: Finished
client              | 17:41.18: Deleting created file /tmp/files/10240MB_4
client              | 17:41.19: Ending run 4
client              | 17:41.19: Preparing run 5
client              | 17:41.19: Creating file /tmp/files/10240MB_5
client              | 17:42.32: Upload file name is 10240MB_5
client              | 17:42.32: Running garbage collector
client              | 17:42.32: Sleeping for 30.0 seconds
client              | 17:43.02: Starting
client              | Traceback (most recent call last):
client              |   File "/src/performance/transfer_ftp_upload.py", line 43, in <module>
client              |     ftp.storbinary("STOR " + file_name, file_object, file_size)
client              |   File "/usr/local/lib/python3.9/ftplib.py", line 503, in storbinary
client              |     conn.sendall(buf)
client              | BrokenPipeError: [Errno 32] Broken pipe
client exited with code 1
Aborting on container exit...
Removing client ... 
Removing client ... done
WARNING! This will remove all local volumes not used by at least one container.
Are you sure you want to continue? [y/N] Total reclaimed space: 0B
