Time start: 2022-04-21 22:55:06
Time end: 2022-04-21 23:30:15
Duration: 0:35:08.832760

Platform: Linux-5.4.0-99-generic-x86_64-with-glibc2.29
Name: lfw-ds001-i047
Release: #112-Ubuntu SMP Thu Feb 3 13:50:55 UTC 2022

Compose file: transfer_ftp_client_setup.yml
Script: performance/transfer_ftp_upload.py
Environment vars:
SCRIPT: performance/transfer_ftp_upload.py
FTP_SERVER_ADDRESS: 51.210.39.160
FILE_SIZE: 12884901888
RUN_COUNT: 6
INTERVAL_SECONDS: 30

WARNING! This will remove all stopped containers.
Are you sure you want to continue? [y/N] Total reclaimed space: 0B
Creating client ... 
Creating client ... done
Attaching to client
client              | 22:55.07: Connected to FTP server at 51.210.39.160
client              | 22:55.07: Preparing run 1
client              | 22:55.07: Creating file /tmp/files/12288MB_1
client              | 22:56.56: Upload file name is 12288MB_1
client              | 22:56.56: Running garbage collector
client              | 22:56.56: Sleeping for 30.0 seconds
client              | 22:57.26: Starting
client              | 23:04.50: Finished
client              | 23:04.50: Deleting created file /tmp/files/12288MB_1
client              | 23:04.51: Ending run 1
client              | 23:04.51: Preparing run 2
client              | 23:04.51: Creating file /tmp/files/12288MB_2
client              | 23:06.40: Upload file name is 12288MB_2
client              | 23:06.40: Running garbage collector
client              | 23:06.40: Sleeping for 30.0 seconds
client              | 23:07.10: Starting
client              | 23:14.29: Finished
client              | 23:14.29: Deleting created file /tmp/files/12288MB_2
client              | 23:14.30: Ending run 2
client              | 23:14.30: Preparing run 3
client              | 23:14.30: Creating file /tmp/files/12288MB_3
client              | 23:16.13: Upload file name is 12288MB_3
client              | 23:16.13: Running garbage collector
client              | 23:16.13: Sleeping for 30.0 seconds
client              | 23:16.43: Starting
client              | 23:24.01: Finished
client              | 23:24.01: Deleting created file /tmp/files/12288MB_3
client              | 23:24.02: Ending run 3
client              | 23:24.02: Preparing run 4
client              | 23:24.02: Creating file /tmp/files/12288MB_4
client              | 23:25.46: Upload file name is 12288MB_4
client              | 23:25.46: Running garbage collector
client              | 23:25.46: Sleeping for 30.0 seconds
client              | 23:26.16: Starting
client              | Traceback (most recent call last):
client              |   File "/src/performance/transfer_ftp_upload.py", line 43, in <module>
client              |     ftp.storbinary("STOR " + file_name, file_object, file_size)
client              |   File "/usr/local/lib/python3.9/ftplib.py", line 503, in storbinary
client              |     conn.sendall(buf)
client              | BrokenPipeError: [Errno 32] Broken pipe
client exited with code 1
Aborting on container exit...
Removing client ... 
Removing client ... done
WARNING! This will remove all local volumes not used by at least one container.
Are you sure you want to continue? [y/N] Total reclaimed space: 0B
