Time start: 2022-04-22 16:23:16
Time end: 2022-04-22 16:53:28
Duration: 0:30:12.466294

Platform: Linux-5.4.0-99-generic-x86_64-with-glibc2.29
Name: lfw-ds001-i048
Release: #112-Ubuntu SMP Thu Feb 3 13:50:55 UTC 2022

Compose file: transfer_ftp_client_setup.yml
Script: performance/transfer_ftp_download.py
Environment vars:
SCRIPT: performance/transfer_ftp_download.py
FTP_SERVER_ADDRESS: 146.59.206.127
FILE_SIZE: 12884901888
RUN_COUNT: 4
INTERVAL_SECONDS: 30

WARNING! This will remove all stopped containers.
Are you sure you want to continue? [y/N] Total reclaimed space: 0B
Creating client ... 
Creating client ... done
Attaching to client
client              | 16:23.17: Connected to FTP server at 146.59.206.127
client              | 16:23.17: Preparing run 1
client              | 16:23.17: Download file name is 12288MB_1
client              | 16:23.17: Output location is /tmp/files/12288MB_1
client              | 16:23.17: Running garbage collector
client              | 16:23.17: Sleeping for 30.0 seconds
client              | 16:23.47: Starting
client              | 16:30.48: Finished
client              | 16:30.48: Deleting downloaded file /tmp/files/12288MB_1
client              | 16:30.50: Ending run 1
client              | 16:30.50: Preparing run 2
client              | 16:30.50: Download file name is 12288MB_2
client              | 16:30.50: Output location is /tmp/files/12288MB_2
client              | 16:30.50: Running garbage collector
client              | 16:30.50: Sleeping for 30.0 seconds
client              | 16:31.20: Starting
client              | 16:38.21: Finished
client              | 16:38.21: Deleting downloaded file /tmp/files/12288MB_2
client              | 16:38.22: Ending run 2
client              | 16:38.22: Preparing run 3
client              | 16:38.22: Download file name is 12288MB_3
client              | 16:38.22: Output location is /tmp/files/12288MB_3
client              | 16:38.22: Running garbage collector
client              | 16:38.22: Sleeping for 30.0 seconds
client              | 16:38.52: Starting
client              | 16:45.53: Finished
client              | 16:45.53: Deleting downloaded file /tmp/files/12288MB_3
client              | 16:45.55: Ending run 3
client              | 16:45.55: Preparing run 4
client              | 16:45.55: Download file name is 12288MB_4
client              | 16:45.55: Output location is /tmp/files/12288MB_4
client              | 16:45.55: Running garbage collector
client              | 16:45.55: Sleeping for 30.0 seconds
client              | 16:46.25: Starting
client              | 16:53.26: Finished
client              | 16:53.26: Deleting downloaded file /tmp/files/12288MB_4
client              | 16:53.28: Ending run 4
client              | 16:53.28: Writing metrics file
client exited with code 0
Aborting on container exit...
Removing client ... 
Removing client ... done
WARNING! This will remove all local volumes not used by at least one container.
Are you sure you want to continue? [y/N] Total reclaimed space: 0B
