Time start: 2022-04-22 14:02:46
Time end: 2022-04-22 14:28:09
Duration: 0:25:23.448775

Platform: Linux-5.4.0-99-generic-x86_64-with-glibc2.29
Name: lfw-ds001-i048
Release: #112-Ubuntu SMP Thu Feb 3 13:50:55 UTC 2022

Compose file: transfer_ftp_client_setup.yml
Script: performance/transfer_ftp_upload.py
Environment vars:
SCRIPT: performance/transfer_ftp_upload.py
FTP_SERVER_ADDRESS: 146.59.206.127
FILE_SIZE: 8589934592
RUN_COUNT: 4
INTERVAL_SECONDS: 30

WARNING! This will remove all stopped containers.
Are you sure you want to continue? [y/N] Total reclaimed space: 0B
Creating client ... 
Creating client ... done
Attaching to client
client              | 14:02.47: Connected to FTP server at 146.59.206.127
client              | 14:02.47: Preparing run 1
client              | 14:02.47: Creating file /tmp/files/8192MB_1
client              | 14:03.52: Upload file name is 8192MB_1
client              | 14:03.52: Running garbage collector
client              | 14:03.52: Sleeping for 30.0 seconds
client              | 14:04.22: Starting
client              | 14:09.10: Finished
client              | 14:09.10: Deleting created file /tmp/files/8192MB_1
client              | 14:09.11: Ending run 1
client              | 14:09.11: Preparing run 2
client              | 14:09.11: Creating file /tmp/files/8192MB_2
client              | 14:10.12: Upload file name is 8192MB_2
client              | 14:10.12: Running garbage collector
client              | 14:10.12: Sleeping for 30.0 seconds
client              | 14:10.42: Starting
client              | 14:15.30: Finished
client              | 14:15.30: Deleting created file /tmp/files/8192MB_2
client              | 14:15.31: Ending run 2
client              | 14:15.31: Preparing run 3
client              | 14:15.31: Creating file /tmp/files/8192MB_3
client              | 14:16.32: Upload file name is 8192MB_3
client              | 14:16.32: Running garbage collector
client              | 14:16.32: Sleeping for 30.0 seconds
client              | 14:17.02: Starting
client              | 14:21.50: Finished
client              | 14:21.50: Deleting created file /tmp/files/8192MB_3
client              | 14:21.51: Ending run 3
client              | 14:21.51: Preparing run 4
client              | 14:21.51: Creating file /tmp/files/8192MB_4
client              | 14:22.49: Upload file name is 8192MB_4
client              | 14:22.49: Running garbage collector
client              | 14:22.49: Sleeping for 30.0 seconds
client              | 14:23.19: Starting
client              | 14:28.07: Finished
client              | 14:28.07: Deleting created file /tmp/files/8192MB_4
client              | 14:28.08: Ending run 4
client              | 14:28.08: Writing metrics file
client exited with code 0
Aborting on container exit...
Removing client ... 
Removing client ... done
WARNING! This will remove all local volumes not used by at least one container.
Are you sure you want to continue? [y/N] Total reclaimed space: 0B
