Time start: 2022-04-22 11:49:13
Time end: 2022-04-22 11:51:16
Duration: 0:02:02.507411

Platform: Linux-5.4.0-99-generic-x86_64-with-glibc2.29
Name: lfw-ds001-i048
Release: #112-Ubuntu SMP Thu Feb 3 13:50:55 UTC 2022

Compose file: transfer_ftp_client_setup.yml
Script: performance/transfer_ftp_upload.py
Environment vars:
SCRIPT: performance/transfer_ftp_upload.py
FTP_SERVER_ADDRESS: 146.59.206.127
FILE_SIZE: 1024
RUN_COUNT: 4
INTERVAL_SECONDS: 30

WARNING! This will remove all stopped containers.
Are you sure you want to continue? [y/N] Total reclaimed space: 0B
Creating client ... 
Creating client ... done
Attaching to client
client              | 11:49.15: Connected to FTP server at 146.59.206.127
client              | 11:49.15: Preparing run 1
client              | 11:49.15: Creating file /tmp/files/1KB_1
client              | 11:49.15: Upload file name is 1KB_1
client              | 11:49.15: Running garbage collector
client              | 11:49.15: Sleeping for 30.0 seconds
client              | 11:49.45: Starting
client              | 11:49.45: Finished
client              | 11:49.45: Deleting created file /tmp/files/1KB_1
client              | 11:49.45: Ending run 1
client              | 11:49.45: Preparing run 2
client              | 11:49.45: Creating file /tmp/files/1KB_2
client              | 11:49.45: Upload file name is 1KB_2
client              | 11:49.45: Running garbage collector
client              | 11:49.45: Sleeping for 30.0 seconds
client              | 11:50.15: Starting
client              | 11:50.15: Finished
client              | 11:50.15: Deleting created file /tmp/files/1KB_2
client              | 11:50.15: Ending run 2
client              | 11:50.15: Preparing run 3
client              | 11:50.15: Creating file /tmp/files/1KB_3
client              | 11:50.15: Upload file name is 1KB_3
client              | 11:50.15: Running garbage collector
client              | 11:50.15: Sleeping for 30.0 seconds
client              | 11:50.45: Starting
client              | 11:50.45: Finished
client              | 11:50.45: Deleting created file /tmp/files/1KB_3
client              | 11:50.45: Ending run 3
client              | 11:50.45: Preparing run 4
client              | 11:50.45: Creating file /tmp/files/1KB_4
client              | 11:50.45: Upload file name is 1KB_4
client              | 11:50.45: Running garbage collector
client              | 11:50.45: Sleeping for 30.0 seconds
client              | 11:51.15: Starting
client              | 11:51.15: Finished
client              | 11:51.15: Deleting created file /tmp/files/1KB_4
client              | 11:51.15: Ending run 4
client              | 11:51.15: Writing metrics file
client exited with code 0
Aborting on container exit...
Removing client ... 
Removing client ... done
WARNING! This will remove all local volumes not used by at least one container.
Are you sure you want to continue? [y/N] Total reclaimed space: 0B
