Time start: 2022-03-17 13:21:00
Time end: 2022-03-17 13:31:27
Duration: 0:10:27.351633

Platform: Linux-5.4.0-99-generic-x86_64-with-glibc2.29
Name: lfw-ds001-i045
Release: #112-Ubuntu SMP Thu Feb 3 13:50:55 UTC 2022

Compose file: transfer_ipfs_upload_setup.yml
Script: performance/transfer_ipfs_upload.py
Environment vars:
SCRIPT: performance/transfer_ipfs_upload.py
FILE_SIZE: 16384
RUN_COUNT: 10
INTERVAL_SECONDS: 30

WARNING! This will remove all stopped containers.
Are you sure you want to continue? [y/N] Total reclaimed space: 0B
Creating service ... 
Creating client  ... 
Creating ipfs    ... 
Creating service ... done
Creating client  ... done
Creating ipfs    ... done
Attaching to service, client, ipfs
ipfs                | Changing user to ipfs
ipfs                | ipfs version 0.7.0
ipfs                | Initializing IPFS with --empty-repo, --profile=badgerds
service             | ConnectionError: HTTPConnectionPool(host='127.0.0.1', port=5001): Max retries exceeded with url: /api/v0/version?stream-channels=true (Caused by NewConnectionError('<ipfshttpclient.requests_wrapper.HTTPConnection object at 0x7fb58581af40>: Failed to establish a new connection: [Errno 111] Connection refused'))
ipfs                | generating ED25519 keypair...done
ipfs                | peer identity: 12D3KooWBc8YsiCKLyBiqLM3mN1VJ7cfL3WMpbVCh99RveaWPFvz
ipfs                | initializing IPFS node at /data/ipfs
ipfs                | Removing default bootstrap nodes...
ipfs                | removed /dnsaddr/bootstrap.libp2p.io/p2p/QmNnooDu7bfjPFoTZYxMNLWUQJyrVwtbZg5gBMjTezGAJN
ipfs                | removed /dnsaddr/bootstrap.libp2p.io/p2p/QmQCU2EcMqAqQPR2i9bChDtGNJchTbq5TbXJJ16u19uLTa
ipfs                | removed /dnsaddr/bootstrap.libp2p.io/p2p/QmbLHAnMoJPWSCR5Zhtx6BHJX9KiKNN6tpvbUcqanj75Nb
ipfs                | removed /dnsaddr/bootstrap.libp2p.io/p2p/QmcZf59bWwK5XFi76CZX8cbJ4BhTzzA3gU1ZjYZcYW3dwt
ipfs                | removed /ip4/104.131.131.82/tcp/4001/p2p/QmaCpDMGvV2BGHeYERUEnRQAwe3N8SzbUtfsmvsqQLuvuJ
ipfs                | removed /ip4/104.131.131.82/udp/4001/quic/p2p/QmaCpDMGvV2BGHeYERUEnRQAwe3N8SzbUtfsmvsqQLuvuJ
ipfs                | Initializing daemon...
ipfs                | go-ipfs version: 0.7.0-ea77213
ipfs                | Repo version: 10
ipfs                | System version: amd64/linux
ipfs                | Golang version: go1.14.4
ipfs                | Swarm is limited to private network of peers with the swarm key
ipfs                | Swarm key fingerprint: c53fe9fc1c8eac4230853d5efb58f0a0
ipfs                | Swarm listening on /ip4/10.23.89.47/tcp/4001
ipfs                | Swarm listening on /ip4/127.0.0.1/tcp/4001
ipfs                | Swarm listening on /ip4/172.17.0.1/tcp/4001
ipfs                | Swarm listening on /ip4/51.210.39.160/tcp/4001
ipfs                | Swarm listening on /ip6/::1/tcp/4001
ipfs                | Swarm listening on /p2p-circuit
ipfs                | Swarm announcing /ip4/127.0.0.1/tcp/4001
ipfs                | Swarm announcing /ip4/51.210.39.160/tcp/4001
ipfs                | Swarm announcing /ip6/::1/tcp/4001
ipfs                | API server listening on /ip4/127.0.0.1/tcp/5001
ipfs                | WebUI: http://127.0.0.1:5001/webui
ipfs                | Gateway (readonly) server listening on /ip4/127.0.0.1/tcp/8080
ipfs                | Daemon is ready
service             | Connected to IPFS daemon...
service             | Connected to bootstrap peer...
service             | New bootstrapping peer joined
service             | Send my peer ID: 12D3KooWBc8YsiCKLyBiqLM3mN1VJ7cfL3WMpbVCh99RveaWPFvz
service             | Received bootstrap peer id: 12D3KooWBc8YsiCKLyBiqLM3mN1VJ7cfL3WMpbVCh99RveaWPFvz
service             | I am the bootstrap peer
service             | Could not publish files...
service             | failed to find any peer in table
service             | INFO:     Started server process [1]
service             | INFO:     Waiting for application startup.
service             | INFO:     Application startup complete.
service             | INFO:     Uvicorn running on http://127.0.0.1:8000 (Press CTRL+C to quit)
service             | New bootstrapping peer joined
service             | Send my peer ID: 12D3KooWBc8YsiCKLyBiqLM3mN1VJ7cfL3WMpbVCh99RveaWPFvz
service             | INFO:     127.0.0.1:37978 - "PUT /upload/?file_path=%2Ftmp%2Ffiles%2F16KB_1 HTTP/1.1" 200 OK
service             | INFO:     127.0.0.1:37978 - "GET /metrics/ HTTP/1.1" 200 OK
service             | INFO:     127.0.0.1:37980 - "PUT /upload/?file_path=%2Ftmp%2Ffiles%2F16KB_2 HTTP/1.1" 200 OK
service             | INFO:     127.0.0.1:37980 - "GET /metrics/ HTTP/1.1" 200 OK
service             | INFO:     127.0.0.1:37986 - "PUT /upload/?file_path=%2Ftmp%2Ffiles%2F16KB_3 HTTP/1.1" 200 OK
service             | INFO:     127.0.0.1:37986 - "GET /metrics/ HTTP/1.1" 200 OK
service             | INFO:     127.0.0.1:37988 - "PUT /upload/?file_path=%2Ftmp%2Ffiles%2F16KB_4 HTTP/1.1" 200 OK
service             | INFO:     127.0.0.1:37988 - "GET /metrics/ HTTP/1.1" 200 OK
service             | INFO:     127.0.0.1:37996 - "PUT /upload/?file_path=%2Ftmp%2Ffiles%2F16KB_5 HTTP/1.1" 200 OK
service             | INFO:     127.0.0.1:37996 - "GET /metrics/ HTTP/1.1" 200 OK
service             | INFO:     127.0.0.1:38002 - "PUT /upload/?file_path=%2Ftmp%2Ffiles%2F16KB_6 HTTP/1.1" 200 OK
service             | INFO:     127.0.0.1:38002 - "GET /metrics/ HTTP/1.1" 200 OK
service             | INFO:     127.0.0.1:38006 - "PUT /upload/?file_path=%2Ftmp%2Ffiles%2F16KB_7 HTTP/1.1" 200 OK
service             | INFO:     127.0.0.1:38006 - "GET /metrics/ HTTP/1.1" 200 OK
service             | INFO:     127.0.0.1:38014 - "PUT /upload/?file_path=%2Ftmp%2Ffiles%2F16KB_8 HTTP/1.1" 200 OK
service             | INFO:     127.0.0.1:38014 - "GET /metrics/ HTTP/1.1" 200 OK
service             | INFO:     127.0.0.1:38022 - "PUT /upload/?file_path=%2Ftmp%2Ffiles%2F16KB_9 HTTP/1.1" 200 OK
service             | INFO:     127.0.0.1:38022 - "GET /metrics/ HTTP/1.1" 200 OK
service             | INFO:     127.0.0.1:38030 - "PUT /upload/?file_path=%2Ftmp%2Ffiles%2F16KB_10 HTTP/1.1" 200 OK
service             | INFO:     127.0.0.1:38030 - "GET /metrics/ HTTP/1.1" 200 OK
client              | 13:21.07: Connecting to IPFS daemon
client              | 13:21.07: Connected to IPFS daemon, peer ID is 12D3KooWBc8YsiCKLyBiqLM3mN1VJ7cfL3WMpbVCh99RveaWPFvz
client              | 13:21.07: Connecting to upload script runner
client              | 13:21.07: Sending peer ID
client              | 13:21.07: Waiting for signal to start downloading
client              | 13:21.13: Starting 16KB benchmark
client              | 13:21.13: Creating client interface
client              | 13:21.13: Preparing run 1
client              | 13:21.13: Creating file /tmp/files/16KB_1
client              | 13:21.13: Running garbage collector
client              | 13:21.13: Sleeping for 30.0 seconds
client              | 13:21.43: Starting
client              | 13:21.44: Finished
client              | 13:21.44: Collecting metrics from service
client              | 13:21.44: Deleting created file /tmp/files/16KB_1
client              | 13:21.44: Ending run 1
client              | 13:21.44: Preparing run 2
client              | 13:21.44: Creating file /tmp/files/16KB_2
client              | 13:21.44: Running garbage collector
client              | 13:21.44: Sleeping for 30.0 seconds
client              | 13:22.14: Starting
client              | 13:22.14: Finished
client              | 13:22.14: Collecting metrics from service
client              | 13:22.14: Deleting created file /tmp/files/16KB_2
client              | 13:22.14: Ending run 2
client              | 13:22.14: Preparing run 3
client              | 13:22.14: Creating file /tmp/files/16KB_3
client              | 13:22.14: Running garbage collector
client              | 13:22.14: Sleeping for 30.0 seconds
client              | 13:22.44: Starting
client              | 13:22.44: Finished
client              | 13:22.44: Collecting metrics from service
client              | 13:22.44: Deleting created file /tmp/files/16KB_3
client              | 13:22.44: Ending run 3
client              | 13:22.44: Preparing run 4
client              | 13:22.44: Creating file /tmp/files/16KB_4
client              | 13:22.44: Running garbage collector
client              | 13:22.44: Sleeping for 30.0 seconds
client              | 13:23.14: Starting
client              | 13:23.14: Finished
client              | 13:23.14: Collecting metrics from service
client              | 13:23.14: Deleting created file /tmp/files/16KB_4
client              | 13:23.14: Ending run 4
client              | 13:23.14: Preparing run 5
client              | 13:23.14: Creating file /tmp/files/16KB_5
client              | 13:23.14: Running garbage collector
client              | 13:23.14: Sleeping for 30.0 seconds
client              | 13:23.44: Starting
client              | 13:23.44: Finished
client              | 13:23.44: Collecting metrics from service
client              | 13:23.44: Deleting created file /tmp/files/16KB_5
client              | 13:23.44: Ending run 5
client              | 13:23.44: Preparing run 6
client              | 13:23.44: Creating file /tmp/files/16KB_6
client              | 13:23.44: Running garbage collector
client              | 13:23.44: Sleeping for 30.0 seconds
client              | 13:24.14: Starting
client              | 13:24.14: Finished
client              | 13:24.14: Collecting metrics from service
client              | 13:24.14: Deleting created file /tmp/files/16KB_6
client              | 13:24.14: Ending run 6
client              | 13:24.14: Preparing run 7
client              | 13:24.14: Creating file /tmp/files/16KB_7
client              | 13:24.14: Running garbage collector
client              | 13:24.14: Sleeping for 30.0 seconds
client              | 13:24.44: Starting
client              | 13:24.44: Finished
client              | 13:24.44: Collecting metrics from service
client              | 13:24.44: Deleting created file /tmp/files/16KB_7
client              | 13:24.44: Ending run 7
client              | 13:24.44: Preparing run 8
client              | 13:24.44: Creating file /tmp/files/16KB_8
client              | 13:24.44: Running garbage collector
client              | 13:24.44: Sleeping for 30.0 seconds
client              | 13:25.14: Starting
client              | 13:25.14: Finished
client              | 13:25.14: Collecting metrics from service
client              | 13:25.14: Deleting created file /tmp/files/16KB_8
client              | 13:25.14: Ending run 8
client              | 13:25.14: Preparing run 9
client              | 13:25.14: Creating file /tmp/files/16KB_9
client              | 13:25.14: Running garbage collector
client              | 13:25.14: Sleeping for 30.0 seconds
client              | 13:25.44: Starting
client              | 13:25.44: Finished
client              | 13:25.44: Collecting metrics from service
client              | 13:25.44: Deleting created file /tmp/files/16KB_9
client              | 13:25.44: Ending run 9
client              | 13:25.44: Preparing run 10
client              | 13:25.44: Creating file /tmp/files/16KB_10
client              | 13:25.44: Running garbage collector
client              | 13:25.44: Sleeping for 30.0 seconds
client              | 13:26.14: Starting
client              | 13:26.14: Finished
client              | 13:26.14: Collecting metrics from service
client              | 13:26.14: Deleting created file /tmp/files/16KB_10
client              | 13:26.14: Ending run 10
client              | 13:26.14: Writing metrics file
client              | 13:26.14: Sending upload finished signal
client              | 13:26.14: Waiting for download finished signal
client exited with code 0
Stopping ipfs    ... 
Stopping service ... 
Stopping ipfs    ... done
Stopping service ... done
Aborting on container exit...
Removing ipfs    ... 
Removing client  ... 
Removing service ... 
Removing client  ... done
Removing service ... done
Removing ipfs    ... done
WARNING! This will remove all local volumes not used by at least one container.
Are you sure you want to continue? [y/N] Deleted Volumes:
ce0c9331226780c4257a2c989f30988d2c98490e2a501a9a79dba7f4ec86be86

Total reclaimed space: 951.4kB
