Time start: 2022-03-17 13:52:23
Time end: 2022-03-17 14:02:51
Duration: 0:10:27.838296

Platform: Linux-5.4.0-99-generic-x86_64-with-glibc2.29
Name: lfw-ds001-i045
Release: #112-Ubuntu SMP Thu Feb 3 13:50:55 UTC 2022

Compose file: transfer_ipfs_upload_setup.yml
Script: performance/transfer_ipfs_upload.py
Environment vars:
SCRIPT: performance/transfer_ipfs_upload.py
FILE_SIZE: 1048576
RUN_COUNT: 10
INTERVAL_SECONDS: 30

WARNING! This will remove all stopped containers.
Are you sure you want to continue? [y/N] Total reclaimed space: 0B
Creating service ... 
Creating client  ... 
Creating ipfs    ... 
Creating client  ... done
Creating service ... done
Creating ipfs    ... done
Attaching to client, service, ipfs
ipfs                | Changing user to ipfs
ipfs                | ipfs version 0.7.0
ipfs                | Initializing IPFS with --empty-repo, --profile=badgerds
ipfs                | generating ED25519 keypair...done
ipfs                | peer identity: 12D3KooWS7h6hpwbUhaSwRB6WXYJ3tpqWXDhBoQk6KygSYiDuy2i
ipfs                | initializing IPFS node at /data/ipfs
service             | ConnectionError: HTTPConnectionPool(host='127.0.0.1', port=5001): Max retries exceeded with url: /api/v0/version?stream-channels=true (Caused by NewConnectionError('<ipfshttpclient.requests_wrapper.HTTPConnection object at 0x7f510874df40>: Failed to establish a new connection: [Errno 111] Connection refused'))
ipfs                | Removing default bootstrap nodes...
ipfs                | removed /dnsaddr/bootstrap.libp2p.io/p2p/QmNnooDu7bfjPFoTZYxMNLWUQJyrVwtbZg5gBMjTezGAJN
ipfs                | removed /dnsaddr/bootstrap.libp2p.io/p2p/QmQCU2EcMqAqQPR2i9bChDtGNJchTbq5TbXJJ16u19uLTa
ipfs                | removed /dnsaddr/bootstrap.libp2p.io/p2p/QmbLHAnMoJPWSCR5Zhtx6BHJX9KiKNN6tpvbUcqanj75Nb
ipfs                | removed /dnsaddr/bootstrap.libp2p.io/p2p/QmcZf59bWwK5XFi76CZX8cbJ4BhTzzA3gU1ZjYZcYW3dwt
ipfs                | removed /ip4/104.131.131.82/tcp/4001/p2p/QmaCpDMGvV2BGHeYERUEnRQAwe3N8SzbUtfsmvsqQLuvuJ
ipfs                | removed /ip4/104.131.131.82/udp/4001/quic/p2p/QmaCpDMGvV2BGHeYERUEnRQAwe3N8SzbUtfsmvsqQLuvuJ
ipfs                | Initializing daemon...
ipfs                | go-ipfs version: 0.7.0-ea77213
ipfs                | Repo version: 10
ipfs                | System version: amd64/linux
ipfs                | Golang version: go1.14.4
ipfs                | Swarm is limited to private network of peers with the swarm key
ipfs                | Swarm key fingerprint: c53fe9fc1c8eac4230853d5efb58f0a0
ipfs                | Swarm listening on /ip4/10.23.89.47/tcp/4001
ipfs                | Swarm listening on /ip4/127.0.0.1/tcp/4001
ipfs                | Swarm listening on /ip4/172.17.0.1/tcp/4001
ipfs                | Swarm listening on /ip4/51.210.39.160/tcp/4001
ipfs                | Swarm listening on /ip6/::1/tcp/4001
ipfs                | Swarm listening on /p2p-circuit
ipfs                | Swarm announcing /ip4/127.0.0.1/tcp/4001
ipfs                | Swarm announcing /ip4/51.210.39.160/tcp/4001
ipfs                | Swarm announcing /ip6/::1/tcp/4001
ipfs                | API server listening on /ip4/127.0.0.1/tcp/5001
ipfs                | WebUI: http://127.0.0.1:5001/webui
ipfs                | Gateway (readonly) server listening on /ip4/127.0.0.1/tcp/8080
ipfs                | Daemon is ready
service             | Connected to IPFS daemon...
service             | Could not contact peer to acquire bootstrap peer ID
service             | [Errno 111] Connection refused
service             | Connected to bootstrap peer...
service             | New bootstrapping peer joined
service             | Send my peer ID: 12D3KooWS7h6hpwbUhaSwRB6WXYJ3tpqWXDhBoQk6KygSYiDuy2i
service             | Received bootstrap peer id: 12D3KooWS7h6hpwbUhaSwRB6WXYJ3tpqWXDhBoQk6KygSYiDuy2i
service             | I am the bootstrap peer
service             | Could not publish files...
service             | failed to find any peer in table
service             | INFO:     Started server process [1]
service             | INFO:     Waiting for application startup.
service             | INFO:     Application startup complete.
service             | INFO:     Uvicorn running on http://127.0.0.1:8000 (Press CTRL+C to quit)
service             | New bootstrapping peer joined
service             | Send my peer ID: 12D3KooWS7h6hpwbUhaSwRB6WXYJ3tpqWXDhBoQk6KygSYiDuy2i
service             | INFO:     127.0.0.1:38186 - "PUT /upload/?file_path=%2Ftmp%2Ffiles%2F1MB_1 HTTP/1.1" 200 OK
service             | INFO:     127.0.0.1:38186 - "GET /metrics/ HTTP/1.1" 200 OK
service             | INFO:     127.0.0.1:38188 - "PUT /upload/?file_path=%2Ftmp%2Ffiles%2F1MB_2 HTTP/1.1" 200 OK
service             | INFO:     127.0.0.1:38188 - "GET /metrics/ HTTP/1.1" 200 OK
service             | INFO:     127.0.0.1:38190 - "PUT /upload/?file_path=%2Ftmp%2Ffiles%2F1MB_3 HTTP/1.1" 200 OK
service             | INFO:     127.0.0.1:38190 - "GET /metrics/ HTTP/1.1" 200 OK
service             | INFO:     127.0.0.1:38194 - "PUT /upload/?file_path=%2Ftmp%2Ffiles%2F1MB_4 HTTP/1.1" 200 OK
service             | INFO:     127.0.0.1:38194 - "GET /metrics/ HTTP/1.1" 200 OK
service             | INFO:     127.0.0.1:38198 - "PUT /upload/?file_path=%2Ftmp%2Ffiles%2F1MB_5 HTTP/1.1" 200 OK
service             | INFO:     127.0.0.1:38198 - "GET /metrics/ HTTP/1.1" 200 OK
service             | INFO:     127.0.0.1:38200 - "PUT /upload/?file_path=%2Ftmp%2Ffiles%2F1MB_6 HTTP/1.1" 200 OK
service             | INFO:     127.0.0.1:38200 - "GET /metrics/ HTTP/1.1" 200 OK
service             | INFO:     127.0.0.1:38206 - "PUT /upload/?file_path=%2Ftmp%2Ffiles%2F1MB_7 HTTP/1.1" 200 OK
service             | INFO:     127.0.0.1:38206 - "GET /metrics/ HTTP/1.1" 200 OK
service             | INFO:     127.0.0.1:38210 - "PUT /upload/?file_path=%2Ftmp%2Ffiles%2F1MB_8 HTTP/1.1" 200 OK
service             | INFO:     127.0.0.1:38210 - "GET /metrics/ HTTP/1.1" 200 OK
service             | INFO:     127.0.0.1:38214 - "PUT /upload/?file_path=%2Ftmp%2Ffiles%2F1MB_9 HTTP/1.1" 200 OK
service             | INFO:     127.0.0.1:38214 - "GET /metrics/ HTTP/1.1" 200 OK
service             | INFO:     127.0.0.1:38216 - "PUT /upload/?file_path=%2Ftmp%2Ffiles%2F1MB_10 HTTP/1.1" 200 OK
service             | INFO:     127.0.0.1:38216 - "GET /metrics/ HTTP/1.1" 200 OK
client              | 13:52.30: Connecting to IPFS daemon
client              | 13:52.30: Connected to IPFS daemon, peer ID is 12D3KooWS7h6hpwbUhaSwRB6WXYJ3tpqWXDhBoQk6KygSYiDuy2i
client              | 13:52.30: Connecting to upload script runner
client              | 13:52.30: Sending peer ID
client              | 13:52.30: Waiting for signal to start downloading
client              | 13:52.36: Starting 1MB benchmark
client              | 13:52.36: Creating client interface
client              | 13:52.36: Preparing run 1
client              | 13:52.36: Creating file /tmp/files/1MB_1
client              | 13:52.36: Running garbage collector
client              | 13:52.36: Sleeping for 30.0 seconds
client              | 13:53.06: Starting
client              | 13:53.06: Finished
client              | 13:53.06: Collecting metrics from service
client              | 13:53.06: Deleting created file /tmp/files/1MB_1
client              | 13:53.06: Ending run 1
client              | 13:53.06: Preparing run 2
client              | 13:53.06: Creating file /tmp/files/1MB_2
client              | 13:53.06: Running garbage collector
client              | 13:53.06: Sleeping for 30.0 seconds
client              | 13:53.36: Starting
client              | 13:53.36: Finished
client              | 13:53.36: Collecting metrics from service
client              | 13:53.36: Deleting created file /tmp/files/1MB_2
client              | 13:53.36: Ending run 2
client              | 13:53.36: Preparing run 3
client              | 13:53.36: Creating file /tmp/files/1MB_3
client              | 13:53.36: Running garbage collector
client              | 13:53.36: Sleeping for 30.0 seconds
client              | 13:54.06: Starting
client              | 13:54.07: Finished
client              | 13:54.07: Collecting metrics from service
client              | 13:54.07: Deleting created file /tmp/files/1MB_3
client              | 13:54.07: Ending run 3
client              | 13:54.07: Preparing run 4
client              | 13:54.07: Creating file /tmp/files/1MB_4
client              | 13:54.07: Running garbage collector
client              | 13:54.07: Sleeping for 30.0 seconds
client              | 13:54.37: Starting
client              | 13:54.37: Finished
client              | 13:54.37: Collecting metrics from service
client              | 13:54.37: Deleting created file /tmp/files/1MB_4
client              | 13:54.37: Ending run 4
client              | 13:54.37: Preparing run 5
client              | 13:54.37: Creating file /tmp/files/1MB_5
client              | 13:54.37: Running garbage collector
client              | 13:54.37: Sleeping for 30.0 seconds
client              | 13:55.07: Starting
client              | 13:55.07: Finished
client              | 13:55.07: Collecting metrics from service
client              | 13:55.07: Deleting created file /tmp/files/1MB_5
client              | 13:55.07: Ending run 5
client              | 13:55.07: Preparing run 6
client              | 13:55.07: Creating file /tmp/files/1MB_6
client              | 13:55.07: Running garbage collector
client              | 13:55.07: Sleeping for 30.0 seconds
client              | 13:55.37: Starting
client              | 13:55.37: Finished
client              | 13:55.37: Collecting metrics from service
client              | 13:55.37: Deleting created file /tmp/files/1MB_6
client              | 13:55.37: Ending run 6
client              | 13:55.37: Preparing run 7
client              | 13:55.37: Creating file /tmp/files/1MB_7
client              | 13:55.37: Running garbage collector
client              | 13:55.37: Sleeping for 30.0 seconds
client              | 13:56.07: Starting
client              | 13:56.07: Finished
client              | 13:56.07: Collecting metrics from service
client              | 13:56.07: Deleting created file /tmp/files/1MB_7
client              | 13:56.07: Ending run 7
client              | 13:56.07: Preparing run 8
client              | 13:56.07: Creating file /tmp/files/1MB_8
client              | 13:56.07: Running garbage collector
client              | 13:56.07: Sleeping for 30.0 seconds
client              | 13:56.37: Starting
client              | 13:56.37: Finished
client              | 13:56.37: Collecting metrics from service
client              | 13:56.37: Deleting created file /tmp/files/1MB_8
client              | 13:56.37: Ending run 8
client              | 13:56.37: Preparing run 9
client              | 13:56.37: Creating file /tmp/files/1MB_9
client              | 13:56.37: Running garbage collector
client              | 13:56.37: Sleeping for 30.0 seconds
client              | 13:57.07: Starting
client              | 13:57.07: Finished
client              | 13:57.07: Collecting metrics from service
client              | 13:57.07: Deleting created file /tmp/files/1MB_9
client              | 13:57.07: Ending run 9
client              | 13:57.07: Preparing run 10
client              | 13:57.07: Creating file /tmp/files/1MB_10
client              | 13:57.07: Running garbage collector
client              | 13:57.07: Sleeping for 30.0 seconds
client              | 13:57.37: Starting
client              | 13:57.37: Finished
client              | 13:57.37: Collecting metrics from service
client              | 13:57.37: Deleting created file /tmp/files/1MB_10
client              | 13:57.37: Ending run 10
client              | 13:57.37: Writing metrics file
client              | 13:57.37: Sending upload finished signal
client              | 13:57.37: Waiting for download finished signal
client exited with code 0
Stopping ipfs    ... 
Stopping service ... 
Stopping ipfs    ... done
Stopping service ... done
Aborting on container exit...
Removing ipfs    ... 
Removing client  ... 
Removing service ... 
Removing ipfs    ... done
Removing service ... done
Removing client  ... done
WARNING! This will remove all local volumes not used by at least one container.
Are you sure you want to continue? [y/N] Deleted Volumes:
401a938ff67f5ee57b8490e0d646e033469228d591c5cccd7f7a424a087037dd

Total reclaimed space: 11.15MB
