Time start: 2022-03-17 13:31:27
Time end: 2022-03-17 13:41:55
Duration: 0:10:27.812657

Platform: Linux-5.4.0-99-generic-x86_64-with-glibc2.29
Name: lfw-ds001-i045
Release: #112-Ubuntu SMP Thu Feb 3 13:50:55 UTC 2022

Compose file: transfer_ipfs_upload_setup.yml
Script: performance/transfer_ipfs_upload.py
Environment vars:
SCRIPT: performance/transfer_ipfs_upload.py
FILE_SIZE: 65536
RUN_COUNT: 10
INTERVAL_SECONDS: 30

WARNING! This will remove all stopped containers.
Are you sure you want to continue? [y/N] Total reclaimed space: 0B
Creating service ... 
Creating ipfs    ... 
Creating client  ... 
Creating service ... done
Creating client  ... done
Creating ipfs    ... done
Attaching to service, client, ipfs
ipfs                | Changing user to ipfs
ipfs                | ipfs version 0.7.0
ipfs                | Initializing IPFS with --empty-repo, --profile=badgerds
service             | ConnectionError: HTTPConnectionPool(host='127.0.0.1', port=5001): Max retries exceeded with url: /api/v0/version?stream-channels=true (Caused by NewConnectionError('<ipfshttpclient.requests_wrapper.HTTPConnection object at 0x7fdf2cff4f40>: Failed to establish a new connection: [Errno 111] Connection refused'))
ipfs                | generating ED25519 keypair...done
ipfs                | peer identity: 12D3KooWNh1GZzsAswUxgHsXmu2W7dWAPRdPAaaApGmS7NEPu4Ts
ipfs                | initializing IPFS node at /data/ipfs
ipfs                | Removing default bootstrap nodes...
ipfs                | removed /dnsaddr/bootstrap.libp2p.io/p2p/QmNnooDu7bfjPFoTZYxMNLWUQJyrVwtbZg5gBMjTezGAJN
ipfs                | removed /dnsaddr/bootstrap.libp2p.io/p2p/QmQCU2EcMqAqQPR2i9bChDtGNJchTbq5TbXJJ16u19uLTa
ipfs                | removed /dnsaddr/bootstrap.libp2p.io/p2p/QmbLHAnMoJPWSCR5Zhtx6BHJX9KiKNN6tpvbUcqanj75Nb
ipfs                | removed /dnsaddr/bootstrap.libp2p.io/p2p/QmcZf59bWwK5XFi76CZX8cbJ4BhTzzA3gU1ZjYZcYW3dwt
ipfs                | removed /ip4/104.131.131.82/tcp/4001/p2p/QmaCpDMGvV2BGHeYERUEnRQAwe3N8SzbUtfsmvsqQLuvuJ
ipfs                | removed /ip4/104.131.131.82/udp/4001/quic/p2p/QmaCpDMGvV2BGHeYERUEnRQAwe3N8SzbUtfsmvsqQLuvuJ
ipfs                | Initializing daemon...
ipfs                | go-ipfs version: 0.7.0-ea77213
ipfs                | Repo version: 10
ipfs                | System version: amd64/linux
ipfs                | Golang version: go1.14.4
ipfs                | Swarm is limited to private network of peers with the swarm key
ipfs                | Swarm key fingerprint: c53fe9fc1c8eac4230853d5efb58f0a0
ipfs                | Swarm listening on /ip4/10.23.89.47/tcp/4001
ipfs                | Swarm listening on /ip4/127.0.0.1/tcp/4001
ipfs                | Swarm listening on /ip4/172.17.0.1/tcp/4001
ipfs                | Swarm listening on /ip4/51.210.39.160/tcp/4001
ipfs                | Swarm listening on /ip6/::1/tcp/4001
ipfs                | Swarm listening on /p2p-circuit
ipfs                | Swarm announcing /ip4/127.0.0.1/tcp/4001
ipfs                | Swarm announcing /ip4/51.210.39.160/tcp/4001
ipfs                | Swarm announcing /ip6/::1/tcp/4001
ipfs                | API server listening on /ip4/127.0.0.1/tcp/5001
ipfs                | WebUI: http://127.0.0.1:5001/webui
ipfs                | Gateway (readonly) server listening on /ip4/127.0.0.1/tcp/8080
ipfs                | Daemon is ready
service             | Connected to IPFS daemon...
service             | Could not contact peer to acquire bootstrap peer ID
service             | [Errno 111] Connection refused
service             | Connected to bootstrap peer...
service             | New bootstrapping peer joined
service             | Send my peer ID: 12D3KooWNh1GZzsAswUxgHsXmu2W7dWAPRdPAaaApGmS7NEPu4Ts
service             | Received bootstrap peer id: 12D3KooWNh1GZzsAswUxgHsXmu2W7dWAPRdPAaaApGmS7NEPu4Ts
service             | I am the bootstrap peer
service             | Could not publish files...
service             | failed to find any peer in table
service             | INFO:     Started server process [1]
service             | INFO:     Waiting for application startup.
service             | INFO:     Application startup complete.
service             | INFO:     Uvicorn running on http://127.0.0.1:8000 (Press CTRL+C to quit)
service             | New bootstrapping peer joined
service             | Send my peer ID: 12D3KooWNh1GZzsAswUxgHsXmu2W7dWAPRdPAaaApGmS7NEPu4Ts
service             | INFO:     127.0.0.1:38052 - "PUT /upload/?file_path=%2Ftmp%2Ffiles%2F64KB_1 HTTP/1.1" 200 OK
service             | INFO:     127.0.0.1:38052 - "GET /metrics/ HTTP/1.1" 200 OK
service             | INFO:     127.0.0.1:38058 - "PUT /upload/?file_path=%2Ftmp%2Ffiles%2F64KB_2 HTTP/1.1" 200 OK
service             | INFO:     127.0.0.1:38058 - "GET /metrics/ HTTP/1.1" 200 OK
service             | INFO:     127.0.0.1:38062 - "PUT /upload/?file_path=%2Ftmp%2Ffiles%2F64KB_3 HTTP/1.1" 200 OK
service             | INFO:     127.0.0.1:38062 - "GET /metrics/ HTTP/1.1" 200 OK
service             | INFO:     127.0.0.1:38070 - "PUT /upload/?file_path=%2Ftmp%2Ffiles%2F64KB_4 HTTP/1.1" 200 OK
service             | INFO:     127.0.0.1:38070 - "GET /metrics/ HTTP/1.1" 200 OK
service             | INFO:     127.0.0.1:38078 - "PUT /upload/?file_path=%2Ftmp%2Ffiles%2F64KB_5 HTTP/1.1" 200 OK
service             | INFO:     127.0.0.1:38078 - "GET /metrics/ HTTP/1.1" 200 OK
service             | INFO:     127.0.0.1:38086 - "PUT /upload/?file_path=%2Ftmp%2Ffiles%2F64KB_6 HTTP/1.1" 200 OK
service             | INFO:     127.0.0.1:38086 - "GET /metrics/ HTTP/1.1" 200 OK
service             | INFO:     127.0.0.1:38092 - "PUT /upload/?file_path=%2Ftmp%2Ffiles%2F64KB_7 HTTP/1.1" 200 OK
service             | INFO:     127.0.0.1:38092 - "GET /metrics/ HTTP/1.1" 200 OK
service             | INFO:     127.0.0.1:38100 - "PUT /upload/?file_path=%2Ftmp%2Ffiles%2F64KB_8 HTTP/1.1" 200 OK
service             | INFO:     127.0.0.1:38100 - "GET /metrics/ HTTP/1.1" 200 OK
service             | INFO:     127.0.0.1:38104 - "PUT /upload/?file_path=%2Ftmp%2Ffiles%2F64KB_9 HTTP/1.1" 200 OK
service             | INFO:     127.0.0.1:38104 - "GET /metrics/ HTTP/1.1" 200 OK
service             | INFO:     127.0.0.1:38108 - "PUT /upload/?file_path=%2Ftmp%2Ffiles%2F64KB_10 HTTP/1.1" 200 OK
service             | INFO:     127.0.0.1:38108 - "GET /metrics/ HTTP/1.1" 200 OK
client              | 13:31.35: Connecting to IPFS daemon
client              | 13:31.35: Connected to IPFS daemon, peer ID is 12D3KooWNh1GZzsAswUxgHsXmu2W7dWAPRdPAaaApGmS7NEPu4Ts
client              | 13:31.35: Connecting to upload script runner
client              | 13:31.35: Sending peer ID
client              | 13:31.35: Waiting for signal to start downloading
client              | 13:31.41: Starting 64KB benchmark
client              | 13:31.41: Creating client interface
client              | 13:31.41: Preparing run 1
client              | 13:31.41: Creating file /tmp/files/64KB_1
client              | 13:31.41: Running garbage collector
client              | 13:31.41: Sleeping for 30.0 seconds
client              | 13:32.11: Starting
client              | 13:32.11: Finished
client              | 13:32.11: Collecting metrics from service
client              | 13:32.11: Deleting created file /tmp/files/64KB_1
client              | 13:32.11: Ending run 1
client              | 13:32.11: Preparing run 2
client              | 13:32.11: Creating file /tmp/files/64KB_2
client              | 13:32.11: Running garbage collector
client              | 13:32.11: Sleeping for 30.0 seconds
client              | 13:32.41: Starting
client              | 13:32.41: Finished
client              | 13:32.41: Collecting metrics from service
client              | 13:32.41: Deleting created file /tmp/files/64KB_2
client              | 13:32.41: Ending run 2
client              | 13:32.41: Preparing run 3
client              | 13:32.41: Creating file /tmp/files/64KB_3
client              | 13:32.41: Running garbage collector
client              | 13:32.41: Sleeping for 30.0 seconds
client              | 13:33.11: Starting
client              | 13:33.11: Finished
client              | 13:33.11: Collecting metrics from service
client              | 13:33.11: Deleting created file /tmp/files/64KB_3
client              | 13:33.11: Ending run 3
client              | 13:33.11: Preparing run 4
client              | 13:33.11: Creating file /tmp/files/64KB_4
client              | 13:33.11: Running garbage collector
client              | 13:33.11: Sleeping for 30.0 seconds
client              | 13:33.41: Starting
client              | 13:33.41: Finished
client              | 13:33.41: Collecting metrics from service
client              | 13:33.41: Deleting created file /tmp/files/64KB_4
client              | 13:33.41: Ending run 4
client              | 13:33.41: Preparing run 5
client              | 13:33.41: Creating file /tmp/files/64KB_5
client              | 13:33.41: Running garbage collector
client              | 13:33.41: Sleeping for 30.0 seconds
client              | 13:34.11: Starting
client              | 13:34.11: Finished
client              | 13:34.11: Collecting metrics from service
client              | 13:34.11: Deleting created file /tmp/files/64KB_5
client              | 13:34.11: Ending run 5
client              | 13:34.11: Preparing run 6
client              | 13:34.11: Creating file /tmp/files/64KB_6
client              | 13:34.11: Running garbage collector
client              | 13:34.11: Sleeping for 30.0 seconds
client              | 13:34.41: Starting
client              | 13:34.42: Finished
client              | 13:34.42: Collecting metrics from service
client              | 13:34.42: Deleting created file /tmp/files/64KB_6
client              | 13:34.42: Ending run 6
client              | 13:34.42: Preparing run 7
client              | 13:34.42: Creating file /tmp/files/64KB_7
client              | 13:34.42: Running garbage collector
client              | 13:34.42: Sleeping for 30.0 seconds
client              | 13:35.12: Starting
client              | 13:35.12: Finished
client              | 13:35.12: Collecting metrics from service
client              | 13:35.12: Deleting created file /tmp/files/64KB_7
client              | 13:35.12: Ending run 7
client              | 13:35.12: Preparing run 8
client              | 13:35.12: Creating file /tmp/files/64KB_8
client              | 13:35.12: Running garbage collector
client              | 13:35.12: Sleeping for 30.0 seconds
client              | 13:35.42: Starting
client              | 13:35.42: Finished
client              | 13:35.42: Collecting metrics from service
client              | 13:35.42: Deleting created file /tmp/files/64KB_8
client              | 13:35.42: Ending run 8
client              | 13:35.42: Preparing run 9
client              | 13:35.42: Creating file /tmp/files/64KB_9
client              | 13:35.42: Running garbage collector
client              | 13:35.42: Sleeping for 30.0 seconds
client              | 13:36.12: Starting
client              | 13:36.12: Finished
client              | 13:36.12: Collecting metrics from service
client              | 13:36.12: Deleting created file /tmp/files/64KB_9
client              | 13:36.12: Ending run 9
client              | 13:36.12: Preparing run 10
client              | 13:36.12: Creating file /tmp/files/64KB_10
client              | 13:36.12: Running garbage collector
client              | 13:36.12: Sleeping for 30.0 seconds
client              | 13:36.42: Starting
client              | 13:36.42: Finished
client              | 13:36.42: Collecting metrics from service
client              | 13:36.42: Deleting created file /tmp/files/64KB_10
client              | 13:36.42: Ending run 10
client              | 13:36.42: Writing metrics file
client              | 13:36.42: Sending upload finished signal
client              | 13:36.42: Waiting for download finished signal
client exited with code 0
Stopping ipfs    ... 
Stopping service ... 
Stopping ipfs    ... done
Stopping service ... done
Aborting on container exit...
Removing client  ... 
Removing ipfs    ... 
Removing service ... 
Removing ipfs    ... done
Removing client  ... done
Removing service ... done
WARNING! This will remove all local volumes not used by at least one container.
Are you sure you want to continue? [y/N] Deleted Volumes:
6f385b8cffef22f37965ca7a3bc2fde744a01e32d97fc7bf1130f2badbf486d2

Total reclaimed space: 1.28MB
