Time start: 2022-03-17 14:13:20
Time end: 2022-03-17 14:23:55
Duration: 0:10:34.657338

Platform: Linux-5.4.0-99-generic-x86_64-with-glibc2.29
Name: lfw-ds001-i045
Release: #112-Ubuntu SMP Thu Feb 3 13:50:55 UTC 2022

Compose file: transfer_ipfs_upload_setup.yml
Script: performance/transfer_ipfs_upload.py
Environment vars:
SCRIPT: performance/transfer_ipfs_upload.py
FILE_SIZE: 16777216
RUN_COUNT: 10
INTERVAL_SECONDS: 30

WARNING! This will remove all stopped containers.
Are you sure you want to continue? [y/N] Total reclaimed space: 0B
Creating service ... 
Creating ipfs    ... 
Creating client  ... 
Creating service ... done
Creating client  ... done
Creating ipfs    ... done
Attaching to service, client, ipfs
ipfs                | Changing user to ipfs
ipfs                | ipfs version 0.7.0
ipfs                | Initializing IPFS with --empty-repo, --profile=badgerds
ipfs                | generating ED25519 keypair...done
ipfs                | peer identity: 12D3KooWNe2D2GV3LHKNhtnByrvpem4Qi9sL71zxFzNCsdL42qPn
ipfs                | initializing IPFS node at /data/ipfs
service             | ConnectionError: HTTPConnectionPool(host='127.0.0.1', port=5001): Max retries exceeded with url: /api/v0/version?stream-channels=true (Caused by NewConnectionError('<ipfshttpclient.requests_wrapper.HTTPConnection object at 0x7f8355d5ff40>: Failed to establish a new connection: [Errno 111] Connection refused'))
ipfs                | Removing default bootstrap nodes...
ipfs                | removed /dnsaddr/bootstrap.libp2p.io/p2p/QmNnooDu7bfjPFoTZYxMNLWUQJyrVwtbZg5gBMjTezGAJN
ipfs                | removed /dnsaddr/bootstrap.libp2p.io/p2p/QmQCU2EcMqAqQPR2i9bChDtGNJchTbq5TbXJJ16u19uLTa
ipfs                | removed /dnsaddr/bootstrap.libp2p.io/p2p/QmbLHAnMoJPWSCR5Zhtx6BHJX9KiKNN6tpvbUcqanj75Nb
ipfs                | removed /dnsaddr/bootstrap.libp2p.io/p2p/QmcZf59bWwK5XFi76CZX8cbJ4BhTzzA3gU1ZjYZcYW3dwt
ipfs                | removed /ip4/104.131.131.82/tcp/4001/p2p/QmaCpDMGvV2BGHeYERUEnRQAwe3N8SzbUtfsmvsqQLuvuJ
ipfs                | removed /ip4/104.131.131.82/udp/4001/quic/p2p/QmaCpDMGvV2BGHeYERUEnRQAwe3N8SzbUtfsmvsqQLuvuJ
ipfs                | Initializing daemon...
ipfs                | go-ipfs version: 0.7.0-ea77213
ipfs                | Repo version: 10
ipfs                | System version: amd64/linux
ipfs                | Golang version: go1.14.4
ipfs                | Swarm is limited to private network of peers with the swarm key
ipfs                | Swarm key fingerprint: c53fe9fc1c8eac4230853d5efb58f0a0
ipfs                | Swarm listening on /ip4/10.23.89.47/tcp/4001
ipfs                | Swarm listening on /ip4/127.0.0.1/tcp/4001
ipfs                | Swarm listening on /ip4/172.17.0.1/tcp/4001
ipfs                | Swarm listening on /ip4/51.210.39.160/tcp/4001
ipfs                | Swarm listening on /ip6/::1/tcp/4001
ipfs                | Swarm listening on /p2p-circuit
ipfs                | Swarm announcing /ip4/127.0.0.1/tcp/4001
ipfs                | Swarm announcing /ip4/51.210.39.160/tcp/4001
ipfs                | Swarm announcing /ip6/::1/tcp/4001
ipfs                | API server listening on /ip4/127.0.0.1/tcp/5001
ipfs                | WebUI: http://127.0.0.1:5001/webui
ipfs                | Gateway (readonly) server listening on /ip4/127.0.0.1/tcp/8080
ipfs                | Daemon is ready
service             | Connected to IPFS daemon...
service             | Connected to bootstrap peer...
service             | New bootstrapping peer joined
service             | Send my peer ID: 12D3KooWNe2D2GV3LHKNhtnByrvpem4Qi9sL71zxFzNCsdL42qPn
service             | Received bootstrap peer id: 12D3KooWNe2D2GV3LHKNhtnByrvpem4Qi9sL71zxFzNCsdL42qPn
service             | I am the bootstrap peer
service             | Could not publish files...
service             | failed to find any peer in table
service             | INFO:     Started server process [1]
service             | INFO:     Waiting for application startup.
service             | INFO:     Application startup complete.
service             | INFO:     Uvicorn running on http://127.0.0.1:8000 (Press CTRL+C to quit)
service             | New bootstrapping peer joined
service             | Send my peer ID: 12D3KooWNe2D2GV3LHKNhtnByrvpem4Qi9sL71zxFzNCsdL42qPn
service             | INFO:     127.0.0.1:38274 - "PUT /upload/?file_path=%2Ftmp%2Ffiles%2F16MB_1 HTTP/1.1" 200 OK
service             | INFO:     127.0.0.1:38274 - "GET /metrics/ HTTP/1.1" 200 OK
service             | INFO:     127.0.0.1:38278 - "PUT /upload/?file_path=%2Ftmp%2Ffiles%2F16MB_2 HTTP/1.1" 200 OK
service             | INFO:     127.0.0.1:38278 - "GET /metrics/ HTTP/1.1" 200 OK
service             | INFO:     127.0.0.1:38282 - "PUT /upload/?file_path=%2Ftmp%2Ffiles%2F16MB_3 HTTP/1.1" 200 OK
service             | INFO:     127.0.0.1:38282 - "GET /metrics/ HTTP/1.1" 200 OK
service             | INFO:     127.0.0.1:38286 - "PUT /upload/?file_path=%2Ftmp%2Ffiles%2F16MB_4 HTTP/1.1" 200 OK
service             | INFO:     127.0.0.1:38286 - "GET /metrics/ HTTP/1.1" 200 OK
service             | INFO:     127.0.0.1:38288 - "PUT /upload/?file_path=%2Ftmp%2Ffiles%2F16MB_5 HTTP/1.1" 200 OK
service             | INFO:     127.0.0.1:38288 - "GET /metrics/ HTTP/1.1" 200 OK
service             | INFO:     127.0.0.1:38292 - "PUT /upload/?file_path=%2Ftmp%2Ffiles%2F16MB_6 HTTP/1.1" 200 OK
service             | INFO:     127.0.0.1:38292 - "GET /metrics/ HTTP/1.1" 200 OK
service             | INFO:     127.0.0.1:38294 - "PUT /upload/?file_path=%2Ftmp%2Ffiles%2F16MB_7 HTTP/1.1" 200 OK
service             | INFO:     127.0.0.1:38294 - "GET /metrics/ HTTP/1.1" 200 OK
service             | INFO:     127.0.0.1:38296 - "PUT /upload/?file_path=%2Ftmp%2Ffiles%2F16MB_8 HTTP/1.1" 200 OK
service             | INFO:     127.0.0.1:38296 - "GET /metrics/ HTTP/1.1" 200 OK
service             | INFO:     127.0.0.1:38298 - "PUT /upload/?file_path=%2Ftmp%2Ffiles%2F16MB_9 HTTP/1.1" 200 OK
service             | INFO:     127.0.0.1:38298 - "GET /metrics/ HTTP/1.1" 200 OK
service             | INFO:     127.0.0.1:38302 - "PUT /upload/?file_path=%2Ftmp%2Ffiles%2F16MB_10 HTTP/1.1" 200 OK
service             | INFO:     127.0.0.1:38302 - "GET /metrics/ HTTP/1.1" 200 OK
client              | 14:13.27: Connecting to IPFS daemon
client              | 14:13.27: Connected to IPFS daemon, peer ID is 12D3KooWNe2D2GV3LHKNhtnByrvpem4Qi9sL71zxFzNCsdL42qPn
client              | 14:13.27: Connecting to upload script runner
client              | 14:13.27: Sending peer ID
client              | 14:13.27: Waiting for signal to start downloading
client              | 14:13.33: Starting 16MB benchmark
client              | 14:13.33: Creating client interface
client              | 14:13.33: Preparing run 1
client              | 14:13.33: Creating file /tmp/files/16MB_1
client              | 14:13.34: Running garbage collector
client              | 14:13.34: Sleeping for 30.0 seconds
client              | 14:14.04: Starting
client              | 14:14.04: Finished
client              | 14:14.04: Collecting metrics from service
client              | 14:14.04: Deleting created file /tmp/files/16MB_1
client              | 14:14.04: Ending run 1
client              | 14:14.04: Preparing run 2
client              | 14:14.04: Creating file /tmp/files/16MB_2
client              | 14:14.04: Running garbage collector
client              | 14:14.04: Sleeping for 30.0 seconds
client              | 14:14.34: Starting
client              | 14:14.35: Finished
client              | 14:14.35: Collecting metrics from service
client              | 14:14.35: Deleting created file /tmp/files/16MB_2
client              | 14:14.35: Ending run 2
client              | 14:14.35: Preparing run 3
client              | 14:14.35: Creating file /tmp/files/16MB_3
client              | 14:14.35: Running garbage collector
client              | 14:14.35: Sleeping for 30.0 seconds
client              | 14:15.05: Starting
client              | 14:15.05: Finished
client              | 14:15.05: Collecting metrics from service
client              | 14:15.05: Deleting created file /tmp/files/16MB_3
client              | 14:15.05: Ending run 3
client              | 14:15.05: Preparing run 4
client              | 14:15.05: Creating file /tmp/files/16MB_4
client              | 14:15.05: Running garbage collector
client              | 14:15.05: Sleeping for 30.0 seconds
client              | 14:15.35: Starting
client              | 14:15.36: Finished
client              | 14:15.36: Collecting metrics from service
client              | 14:15.36: Deleting created file /tmp/files/16MB_4
client              | 14:15.36: Ending run 4
client              | 14:15.36: Preparing run 5
client              | 14:15.36: Creating file /tmp/files/16MB_5
client              | 14:15.36: Running garbage collector
client              | 14:15.36: Sleeping for 30.0 seconds
client              | 14:16.06: Starting
client              | 14:16.06: Finished
client              | 14:16.06: Collecting metrics from service
client              | 14:16.06: Deleting created file /tmp/files/16MB_5
client              | 14:16.06: Ending run 5
client              | 14:16.06: Preparing run 6
client              | 14:16.06: Creating file /tmp/files/16MB_6
client              | 14:16.06: Running garbage collector
client              | 14:16.06: Sleeping for 30.0 seconds
client              | 14:16.36: Starting
client              | 14:16.37: Finished
client              | 14:16.37: Collecting metrics from service
client              | 14:16.37: Deleting created file /tmp/files/16MB_6
client              | 14:16.37: Ending run 6
client              | 14:16.37: Preparing run 7
client              | 14:16.37: Creating file /tmp/files/16MB_7
client              | 14:16.37: Running garbage collector
client              | 14:16.37: Sleeping for 30.0 seconds
client              | 14:17.07: Starting
client              | 14:17.07: Finished
client              | 14:17.07: Collecting metrics from service
client              | 14:17.07: Deleting created file /tmp/files/16MB_7
client              | 14:17.07: Ending run 7
client              | 14:17.07: Preparing run 8
client              | 14:17.07: Creating file /tmp/files/16MB_8
client              | 14:17.07: Running garbage collector
client              | 14:17.07: Sleeping for 30.0 seconds
client              | 14:17.37: Starting
client              | 14:17.38: Finished
client              | 14:17.38: Collecting metrics from service
client              | 14:17.38: Deleting created file /tmp/files/16MB_8
client              | 14:17.38: Ending run 8
client              | 14:17.38: Preparing run 9
client              | 14:17.38: Creating file /tmp/files/16MB_9
client              | 14:17.38: Running garbage collector
client              | 14:17.38: Sleeping for 30.0 seconds
client              | 14:18.08: Starting
client              | 14:18.08: Finished
client              | 14:18.08: Collecting metrics from service
client              | 14:18.08: Deleting created file /tmp/files/16MB_9
client              | 14:18.08: Ending run 9
client              | 14:18.08: Preparing run 10
client              | 14:18.08: Creating file /tmp/files/16MB_10
client              | 14:18.09: Running garbage collector
client              | 14:18.09: Sleeping for 30.0 seconds
client              | 14:18.39: Starting
client              | 14:18.39: Finished
client              | 14:18.39: Collecting metrics from service
client              | 14:18.39: Deleting created file /tmp/files/16MB_10
client              | 14:18.39: Ending run 10
client              | 14:18.39: Writing metrics file
client              | 14:18.39: Sending upload finished signal
client              | 14:18.39: Waiting for download finished signal
client exited with code 0
Stopping ipfs    ... 
Stopping service ... 
Stopping ipfs    ... done
Stopping service ... done
Aborting on container exit...
Removing client  ... 
Removing ipfs    ... 
Removing service ... 
Removing ipfs    ... done
Removing client  ... done
Removing service ... done
WARNING! This will remove all local volumes not used by at least one container.
Are you sure you want to continue? [y/N] Deleted Volumes:
3dfbb7f5d7a8f8458fedccc1a58b44329c4acd6a1e64859b490e1ca48dcce91d

Total reclaimed space: 169MB
