Time start: 2022-03-17 14:02:58
Time end: 2022-03-17 14:13:19
Duration: 0:10:20.775645

Platform: Linux-5.4.0-99-generic-x86_64-with-glibc2.29
Name: lfw-ds001-i048
Release: #112-Ubuntu SMP Thu Feb 3 13:50:55 UTC 2022

Compose file: transfer_ipfs_download_setup.yml
Script: performance/transfer_ipfs_download.py
Environment vars:
SCRIPT: performance/transfer_ipfs_download.py
PEER_ID: 12D3KooWP58EsLiaVvbrrV2hie4dFDhNC5RWaXwUa46VJnyQd1js
BOOT_ADDRESS: 10.23.89.47
FILE_SIZE: 4194304
RUN_COUNT: 10
INTERVAL_SECONDS: 30

WARNING! This will remove all stopped containers.
Are you sure you want to continue? [y/N] Total reclaimed space: 0B
Creating service ... 
Creating ipfs    ... 
Creating client  ... 
Creating service ... done
Creating client  ... done
Creating ipfs    ... done
Attaching to service, client, ipfs
ipfs                | Changing user to ipfs
ipfs                | ipfs version 0.7.0
ipfs                | Initializing IPFS with --empty-repo, --profile=badgerds
ipfs                | generating ED25519 keypair...done
ipfs                | peer identity: 12D3KooWDaru84YbpK2HaWXDU7PhEuzzuVjmRyo13KWmLWRDePCo
ipfs                | initializing IPFS node at /data/ipfs
ipfs                | Removing default bootstrap nodes...
ipfs                | removed /dnsaddr/bootstrap.libp2p.io/p2p/QmNnooDu7bfjPFoTZYxMNLWUQJyrVwtbZg5gBMjTezGAJN
ipfs                | removed /dnsaddr/bootstrap.libp2p.io/p2p/QmQCU2EcMqAqQPR2i9bChDtGNJchTbq5TbXJJ16u19uLTa
ipfs                | removed /dnsaddr/bootstrap.libp2p.io/p2p/QmbLHAnMoJPWSCR5Zhtx6BHJX9KiKNN6tpvbUcqanj75Nb
ipfs                | removed /dnsaddr/bootstrap.libp2p.io/p2p/QmcZf59bWwK5XFi76CZX8cbJ4BhTzzA3gU1ZjYZcYW3dwt
ipfs                | removed /ip4/104.131.131.82/tcp/4001/p2p/QmaCpDMGvV2BGHeYERUEnRQAwe3N8SzbUtfsmvsqQLuvuJ
ipfs                | removed /ip4/104.131.131.82/udp/4001/quic/p2p/QmaCpDMGvV2BGHeYERUEnRQAwe3N8SzbUtfsmvsqQLuvuJ
ipfs                | added /ip4/10.23.89.47/tcp/4001/p2p/12D3KooWP58EsLiaVvbrrV2hie4dFDhNC5RWaXwUa46VJnyQd1js
ipfs                | Initializing daemon...
ipfs                | go-ipfs version: 0.7.0-ea77213
ipfs                | Repo version: 10
ipfs                | System version: amd64/linux
ipfs                | Golang version: go1.14.4
ipfs                | Swarm is limited to private network of peers with the swarm key
ipfs                | Swarm key fingerprint: c53fe9fc1c8eac4230853d5efb58f0a0
ipfs                | Swarm listening on /ip4/10.23.85.210/tcp/4001
ipfs                | Swarm listening on /ip4/127.0.0.1/tcp/4001
ipfs                | Swarm listening on /ip4/152.228.166.247/tcp/4001
ipfs                | Swarm listening on /ip4/172.17.0.1/tcp/4001
ipfs                | Swarm listening on /ip6/::1/tcp/4001
ipfs                | Swarm listening on /p2p-circuit
ipfs                | Swarm announcing /ip4/127.0.0.1/tcp/4001
ipfs                | Swarm announcing /ip4/152.228.166.247/tcp/4001
ipfs                | Swarm announcing /ip6/::1/tcp/4001
ipfs                | API server listening on /ip4/127.0.0.1/tcp/5001
ipfs                | WebUI: http://127.0.0.1:5001/webui
ipfs                | Gateway (readonly) server listening on /ip4/127.0.0.1/tcp/8080
ipfs                | Daemon is ready
service             | Connected to IPFS daemon...
service             | Connected to bootstrap peer...
service             | Received bootstrap peer id: 12D3KooWP58EsLiaVvbrrV2hie4dFDhNC5RWaXwUa46VJnyQd1js
service             | /ip4/10.23.89.47/tcp/4001/p2p/12D3KooWP58EsLiaVvbrrV2hie4dFDhNC5RWaXwUa46VJnyQd1js
service             | INFO:     Started server process [1]
service             | INFO:     Waiting for application startup.
service             | INFO:     Application startup complete.
service             | INFO:     Uvicorn running on http://127.0.0.1:8000 (Press CTRL+C to quit)
service             | INFO:     127.0.0.1:46856 - "GET /download/?file_path=%2Ftmp%2Ffiles%2F4MB_1 HTTP/1.1" 200 OK
service             | INFO:     127.0.0.1:46856 - "GET /metrics/ HTTP/1.1" 200 OK
service             | INFO:     127.0.0.1:46858 - "GET /download/?file_path=%2Ftmp%2Ffiles%2F4MB_2 HTTP/1.1" 200 OK
service             | INFO:     127.0.0.1:46858 - "GET /metrics/ HTTP/1.1" 200 OK
service             | INFO:     127.0.0.1:46862 - "GET /download/?file_path=%2Ftmp%2Ffiles%2F4MB_3 HTTP/1.1" 200 OK
service             | INFO:     127.0.0.1:46862 - "GET /metrics/ HTTP/1.1" 200 OK
service             | INFO:     127.0.0.1:46866 - "GET /download/?file_path=%2Ftmp%2Ffiles%2F4MB_4 HTTP/1.1" 200 OK
service             | INFO:     127.0.0.1:46866 - "GET /metrics/ HTTP/1.1" 200 OK
service             | INFO:     127.0.0.1:46872 - "GET /download/?file_path=%2Ftmp%2Ffiles%2F4MB_5 HTTP/1.1" 200 OK
service             | INFO:     127.0.0.1:46872 - "GET /metrics/ HTTP/1.1" 200 OK
service             | INFO:     127.0.0.1:46876 - "GET /download/?file_path=%2Ftmp%2Ffiles%2F4MB_6 HTTP/1.1" 200 OK
service             | INFO:     127.0.0.1:46876 - "GET /metrics/ HTTP/1.1" 200 OK
service             | INFO:     127.0.0.1:46882 - "GET /download/?file_path=%2Ftmp%2Ffiles%2F4MB_7 HTTP/1.1" 200 OK
service             | INFO:     127.0.0.1:46882 - "GET /metrics/ HTTP/1.1" 200 OK
service             | INFO:     127.0.0.1:46886 - "GET /download/?file_path=%2Ftmp%2Ffiles%2F4MB_8 HTTP/1.1" 200 OK
service             | INFO:     127.0.0.1:46886 - "GET /metrics/ HTTP/1.1" 200 OK
service             | INFO:     127.0.0.1:46890 - "GET /download/?file_path=%2Ftmp%2Ffiles%2F4MB_9 HTTP/1.1" 200 OK
service             | INFO:     127.0.0.1:46890 - "GET /metrics/ HTTP/1.1" 200 OK
service             | INFO:     127.0.0.1:46894 - "GET /download/?file_path=%2Ftmp%2Ffiles%2F4MB_10 HTTP/1.1" 200 OK
service             | INFO:     127.0.0.1:46894 - "GET /metrics/ HTTP/1.1" 200 OK
client              | 14:03.04: Connecting to download script runner
client              | 14:03.04: Waiting for finish upload signal
client              | 14:08.06: Starting 4MB benchmark
client              | 14:08.06: Creating client interface
client              | 14:08.06: Preparing run 1
client              | 14:08.06: Download file name is /tmp/files/4MB_1
client              | 14:08.06: Running garbage collector
client              | 14:08.06: Sleeping for 30.0 seconds
client              | 14:08.36: Starting
client              | 14:08.37: Finished
client              | 14:08.37: Collecting metrics from service
client              | 14:08.37: Deleting downloaded file /tmp/files/4MB_1
client              | 14:08.37: Ending run 1
client              | 14:08.37: Preparing run 2
client              | 14:08.37: Download file name is /tmp/files/4MB_2
client              | 14:08.37: Running garbage collector
client              | 14:08.37: Sleeping for 30.0 seconds
client              | 14:09.07: Starting
client              | 14:09.07: Finished
client              | 14:09.07: Collecting metrics from service
client              | 14:09.07: Deleting downloaded file /tmp/files/4MB_2
client              | 14:09.07: Ending run 2
client              | 14:09.07: Preparing run 3
client              | 14:09.07: Download file name is /tmp/files/4MB_3
client              | 14:09.07: Running garbage collector
client              | 14:09.07: Sleeping for 30.0 seconds
client              | 14:09.37: Starting
client              | 14:09.37: Finished
client              | 14:09.37: Collecting metrics from service
client              | 14:09.37: Deleting downloaded file /tmp/files/4MB_3
client              | 14:09.37: Ending run 3
client              | 14:09.37: Preparing run 4
client              | 14:09.37: Download file name is /tmp/files/4MB_4
client              | 14:09.37: Running garbage collector
client              | 14:09.37: Sleeping for 30.0 seconds
client              | 14:10.07: Starting
client              | 14:10.07: Finished
client              | 14:10.07: Collecting metrics from service
client              | 14:10.07: Deleting downloaded file /tmp/files/4MB_4
client              | 14:10.07: Ending run 4
client              | 14:10.07: Preparing run 5
client              | 14:10.07: Download file name is /tmp/files/4MB_5
client              | 14:10.07: Running garbage collector
client              | 14:10.07: Sleeping for 30.0 seconds
client              | 14:10.37: Starting
client              | 14:10.37: Finished
client              | 14:10.37: Collecting metrics from service
client              | 14:10.37: Deleting downloaded file /tmp/files/4MB_5
client              | 14:10.37: Ending run 5
client              | 14:10.37: Preparing run 6
client              | 14:10.37: Download file name is /tmp/files/4MB_6
client              | 14:10.37: Running garbage collector
client              | 14:10.37: Sleeping for 30.0 seconds
client              | 14:11.07: Starting
client              | 14:11.07: Finished
client              | 14:11.07: Collecting metrics from service
client              | 14:11.07: Deleting downloaded file /tmp/files/4MB_6
client              | 14:11.07: Ending run 6
client              | 14:11.07: Preparing run 7
client              | 14:11.07: Download file name is /tmp/files/4MB_7
client              | 14:11.07: Running garbage collector
client              | 14:11.07: Sleeping for 30.0 seconds
client              | 14:11.37: Starting
client              | 14:11.38: Finished
client              | 14:11.38: Collecting metrics from service
client              | 14:11.38: Deleting downloaded file /tmp/files/4MB_7
client              | 14:11.38: Ending run 7
client              | 14:11.38: Preparing run 8
client              | 14:11.38: Download file name is /tmp/files/4MB_8
client              | 14:11.38: Running garbage collector
client              | 14:11.38: Sleeping for 30.0 seconds
client              | 14:12.08: Starting
client              | 14:12.08: Finished
client              | 14:12.08: Collecting metrics from service
client              | 14:12.08: Deleting downloaded file /tmp/files/4MB_8
client              | 14:12.08: Ending run 8
client              | 14:12.08: Preparing run 9
client              | 14:12.08: Download file name is /tmp/files/4MB_9
client              | 14:12.08: Running garbage collector
client              | 14:12.08: Sleeping for 30.0 seconds
client              | 14:12.38: Starting
client              | 14:12.38: Finished
client              | 14:12.38: Collecting metrics from service
client              | 14:12.38: Deleting downloaded file /tmp/files/4MB_9
client              | 14:12.38: Ending run 9
client              | 14:12.38: Preparing run 10
client              | 14:12.38: Download file name is /tmp/files/4MB_10
client              | 14:12.38: Running garbage collector
client              | 14:12.38: Sleeping for 30.0 seconds
client              | 14:13.08: Starting
client              | 14:13.08: Finished
client              | 14:13.08: Collecting metrics from service
client              | 14:13.08: Deleting downloaded file /tmp/files/4MB_10
client              | 14:13.08: Ending run 10
client              | 14:13.08: Writing metrics file
client              | 14:13.08: Send finished download signal
client exited with code 0
Stopping ipfs    ... 
Stopping service ... 
Stopping ipfs    ... done
Stopping service ... done
Aborting on container exit...
Removing client  ... 
Removing ipfs    ... 
Removing service ... 
Removing service ... done
Removing ipfs    ... done
Removing client  ... done
WARNING! This will remove all local volumes not used by at least one container.
Are you sure you want to continue? [y/N] Deleted Volumes:
035c1acae110b994e20664ff8eeebf0a4571d7bf2aa5f9d50ab0df179a02b661

Total reclaimed space: 42.22MB
