Time start: 2022-03-17 14:13:27
Time end: 2022-03-17 14:23:53
Duration: 0:10:25.855283

Platform: Linux-5.4.0-99-generic-x86_64-with-glibc2.29
Name: lfw-ds001-i048
Release: #112-Ubuntu SMP Thu Feb 3 13:50:55 UTC 2022

Compose file: transfer_ipfs_download_setup.yml
Script: performance/transfer_ipfs_download.py
Environment vars:
SCRIPT: performance/transfer_ipfs_download.py
PEER_ID: 12D3KooWNe2D2GV3LHKNhtnByrvpem4Qi9sL71zxFzNCsdL42qPn
BOOT_ADDRESS: 10.23.89.47
FILE_SIZE: 16777216
RUN_COUNT: 10
INTERVAL_SECONDS: 30

WARNING! This will remove all stopped containers.
Are you sure you want to continue? [y/N] Total reclaimed space: 0B
Creating client ... 
Creating ipfs   ... 
Creating service ... 
Creating service ... done
Creating client  ... done
Creating ipfs    ... done
Attaching to service, client, ipfs
ipfs                | Changing user to ipfs
ipfs                | ipfs version 0.7.0
ipfs                | Initializing IPFS with --empty-repo, --profile=badgerds
ipfs                | generating ED25519 keypair...done
ipfs                | peer identity: 12D3KooWC1NUzMeXeuBk7kP8sqXbBhtrxcrckBo746eYG8htqv1q
ipfs                | initializing IPFS node at /data/ipfs
ipfs                | Removing default bootstrap nodes...
ipfs                | removed /dnsaddr/bootstrap.libp2p.io/p2p/QmNnooDu7bfjPFoTZYxMNLWUQJyrVwtbZg5gBMjTezGAJN
ipfs                | removed /dnsaddr/bootstrap.libp2p.io/p2p/QmQCU2EcMqAqQPR2i9bChDtGNJchTbq5TbXJJ16u19uLTa
ipfs                | removed /dnsaddr/bootstrap.libp2p.io/p2p/QmbLHAnMoJPWSCR5Zhtx6BHJX9KiKNN6tpvbUcqanj75Nb
ipfs                | removed /dnsaddr/bootstrap.libp2p.io/p2p/QmcZf59bWwK5XFi76CZX8cbJ4BhTzzA3gU1ZjYZcYW3dwt
ipfs                | removed /ip4/104.131.131.82/tcp/4001/p2p/QmaCpDMGvV2BGHeYERUEnRQAwe3N8SzbUtfsmvsqQLuvuJ
ipfs                | removed /ip4/104.131.131.82/udp/4001/quic/p2p/QmaCpDMGvV2BGHeYERUEnRQAwe3N8SzbUtfsmvsqQLuvuJ
ipfs                | added /ip4/10.23.89.47/tcp/4001/p2p/12D3KooWNe2D2GV3LHKNhtnByrvpem4Qi9sL71zxFzNCsdL42qPn
ipfs                | Initializing daemon...
ipfs                | go-ipfs version: 0.7.0-ea77213
ipfs                | Repo version: 10
ipfs                | System version: amd64/linux
ipfs                | Golang version: go1.14.4
service             | ConnectionError: HTTPConnectionPool(host='127.0.0.1', port=5001): Max retries exceeded with url: /api/v0/version?stream-channels=true (Caused by NewConnectionError('<ipfshttpclient.requests_wrapper.HTTPConnection object at 0x7f76a71f2160>: Failed to establish a new connection: [Errno 111] Connection refused'))
ipfs                | Swarm is limited to private network of peers with the swarm key
ipfs                | Swarm key fingerprint: c53fe9fc1c8eac4230853d5efb58f0a0
ipfs                | Swarm listening on /ip4/10.23.85.210/tcp/4001
ipfs                | Swarm listening on /ip4/127.0.0.1/tcp/4001
ipfs                | Swarm listening on /ip4/152.228.166.247/tcp/4001
ipfs                | Swarm listening on /ip4/172.17.0.1/tcp/4001
ipfs                | Swarm listening on /ip6/::1/tcp/4001
ipfs                | Swarm listening on /p2p-circuit
ipfs                | Swarm announcing /ip4/127.0.0.1/tcp/4001
ipfs                | Swarm announcing /ip4/152.228.166.247/tcp/4001
ipfs                | Swarm announcing /ip6/::1/tcp/4001
ipfs                | API server listening on /ip4/127.0.0.1/tcp/5001
ipfs                | WebUI: http://127.0.0.1:5001/webui
ipfs                | Gateway (readonly) server listening on /ip4/127.0.0.1/tcp/8080
ipfs                | Daemon is ready
service             | Connected to IPFS daemon...
service             | Connected to bootstrap peer...
service             | Received bootstrap peer id: 12D3KooWNe2D2GV3LHKNhtnByrvpem4Qi9sL71zxFzNCsdL42qPn
service             | /ip4/10.23.89.47/tcp/4001/p2p/12D3KooWNe2D2GV3LHKNhtnByrvpem4Qi9sL71zxFzNCsdL42qPn
service             | INFO:     Started server process [1]
service             | INFO:     Waiting for application startup.
service             | INFO:     Application startup complete.
service             | INFO:     Uvicorn running on http://127.0.0.1:8000 (Press CTRL+C to quit)
service             | INFO:     127.0.0.1:46908 - "GET /download/?file_path=%2Ftmp%2Ffiles%2F16MB_1 HTTP/1.1" 200 OK
service             | INFO:     127.0.0.1:46908 - "GET /metrics/ HTTP/1.1" 200 OK
service             | INFO:     127.0.0.1:46910 - "GET /download/?file_path=%2Ftmp%2Ffiles%2F16MB_2 HTTP/1.1" 200 OK
service             | INFO:     127.0.0.1:46910 - "GET /metrics/ HTTP/1.1" 200 OK
service             | INFO:     127.0.0.1:46914 - "GET /download/?file_path=%2Ftmp%2Ffiles%2F16MB_3 HTTP/1.1" 200 OK
service             | INFO:     127.0.0.1:46914 - "GET /metrics/ HTTP/1.1" 200 OK
service             | INFO:     127.0.0.1:46920 - "GET /download/?file_path=%2Ftmp%2Ffiles%2F16MB_4 HTTP/1.1" 200 OK
service             | INFO:     127.0.0.1:46920 - "GET /metrics/ HTTP/1.1" 200 OK
service             | INFO:     127.0.0.1:46926 - "GET /download/?file_path=%2Ftmp%2Ffiles%2F16MB_5 HTTP/1.1" 200 OK
service             | INFO:     127.0.0.1:46926 - "GET /metrics/ HTTP/1.1" 200 OK
service             | INFO:     127.0.0.1:46930 - "GET /download/?file_path=%2Ftmp%2Ffiles%2F16MB_6 HTTP/1.1" 200 OK
service             | INFO:     127.0.0.1:46930 - "GET /metrics/ HTTP/1.1" 200 OK
service             | INFO:     127.0.0.1:46936 - "GET /download/?file_path=%2Ftmp%2Ffiles%2F16MB_7 HTTP/1.1" 200 OK
service             | INFO:     127.0.0.1:46936 - "GET /metrics/ HTTP/1.1" 200 OK
service             | INFO:     127.0.0.1:46940 - "GET /download/?file_path=%2Ftmp%2Ffiles%2F16MB_8 HTTP/1.1" 200 OK
service             | INFO:     127.0.0.1:46940 - "GET /metrics/ HTTP/1.1" 200 OK
service             | INFO:     127.0.0.1:46944 - "GET /download/?file_path=%2Ftmp%2Ffiles%2F16MB_9 HTTP/1.1" 200 OK
service             | INFO:     127.0.0.1:46944 - "GET /metrics/ HTTP/1.1" 200 OK
service             | INFO:     127.0.0.1:46948 - "GET /download/?file_path=%2Ftmp%2Ffiles%2F16MB_10 HTTP/1.1" 200 OK
service             | INFO:     127.0.0.1:46948 - "GET /metrics/ HTTP/1.1" 200 OK
client              | 14:13.33: Connecting to download script runner
client              | 14:13.33: Waiting for finish upload signal
client              | 14:18.39: Starting 16MB benchmark
client              | 14:18.39: Creating client interface
client              | 14:18.39: Preparing run 1
client              | 14:18.39: Download file name is /tmp/files/16MB_1
client              | 14:18.39: Running garbage collector
client              | 14:18.39: Sleeping for 30.0 seconds
client              | 14:19.09: Starting
client              | 14:19.10: Finished
client              | 14:19.10: Collecting metrics from service
client              | 14:19.10: Deleting downloaded file /tmp/files/16MB_1
client              | 14:19.10: Ending run 1
client              | 14:19.10: Preparing run 2
client              | 14:19.10: Download file name is /tmp/files/16MB_2
client              | 14:19.10: Running garbage collector
client              | 14:19.10: Sleeping for 30.0 seconds
client              | 14:19.40: Starting
client              | 14:19.40: Finished
client              | 14:19.40: Collecting metrics from service
client              | 14:19.40: Deleting downloaded file /tmp/files/16MB_2
client              | 14:19.40: Ending run 2
client              | 14:19.40: Preparing run 3
client              | 14:19.40: Download file name is /tmp/files/16MB_3
client              | 14:19.40: Running garbage collector
client              | 14:19.40: Sleeping for 30.0 seconds
client              | 14:20.10: Starting
client              | 14:20.10: Finished
client              | 14:20.10: Collecting metrics from service
client              | 14:20.10: Deleting downloaded file /tmp/files/16MB_3
client              | 14:20.10: Ending run 3
client              | 14:20.10: Preparing run 4
client              | 14:20.10: Download file name is /tmp/files/16MB_4
client              | 14:20.10: Running garbage collector
client              | 14:20.10: Sleeping for 30.0 seconds
client              | 14:20.40: Starting
client              | 14:20.41: Finished
client              | 14:20.41: Collecting metrics from service
client              | 14:20.41: Deleting downloaded file /tmp/files/16MB_4
client              | 14:20.41: Ending run 4
client              | 14:20.41: Preparing run 5
client              | 14:20.41: Download file name is /tmp/files/16MB_5
client              | 14:20.41: Running garbage collector
client              | 14:20.41: Sleeping for 30.0 seconds
client              | 14:21.11: Starting
client              | 14:21.11: Finished
client              | 14:21.11: Collecting metrics from service
client              | 14:21.11: Deleting downloaded file /tmp/files/16MB_5
client              | 14:21.11: Ending run 5
client              | 14:21.11: Preparing run 6
client              | 14:21.11: Download file name is /tmp/files/16MB_6
client              | 14:21.11: Running garbage collector
client              | 14:21.11: Sleeping for 30.0 seconds
client              | 14:21.41: Starting
client              | 14:21.41: Finished
client              | 14:21.41: Collecting metrics from service
client              | 14:21.41: Deleting downloaded file /tmp/files/16MB_6
client              | 14:21.41: Ending run 6
client              | 14:21.41: Preparing run 7
client              | 14:21.41: Download file name is /tmp/files/16MB_7
client              | 14:21.41: Running garbage collector
client              | 14:21.41: Sleeping for 30.0 seconds
client              | 14:22.11: Starting
client              | 14:22.11: Finished
client              | 14:22.11: Collecting metrics from service
client              | 14:22.11: Deleting downloaded file /tmp/files/16MB_7
client              | 14:22.11: Ending run 7
client              | 14:22.11: Preparing run 8
client              | 14:22.11: Download file name is /tmp/files/16MB_8
client              | 14:22.11: Running garbage collector
client              | 14:22.11: Sleeping for 30.0 seconds
client              | 14:22.41: Starting
client              | 14:22.42: Finished
client              | 14:22.42: Collecting metrics from service
client              | 14:22.42: Deleting downloaded file /tmp/files/16MB_8
client              | 14:22.42: Ending run 8
client              | 14:22.42: Preparing run 9
client              | 14:22.42: Download file name is /tmp/files/16MB_9
client              | 14:22.42: Running garbage collector
client              | 14:22.42: Sleeping for 30.0 seconds
client              | 14:23.12: Starting
client              | 14:23.12: Finished
client              | 14:23.12: Collecting metrics from service
client              | 14:23.12: Deleting downloaded file /tmp/files/16MB_9
client              | 14:23.12: Ending run 9
client              | 14:23.12: Preparing run 10
client              | 14:23.12: Download file name is /tmp/files/16MB_10
client              | 14:23.12: Running garbage collector
client              | 14:23.12: Sleeping for 30.0 seconds
client              | 14:23.42: Starting
client              | 14:23.42: Finished
client              | 14:23.42: Collecting metrics from service
client              | 14:23.42: Deleting downloaded file /tmp/files/16MB_10
client              | 14:23.42: Ending run 10
client              | 14:23.42: Writing metrics file
client              | 14:23.42: Send finished download signal
client exited with code 0
Stopping service ... 
Stopping ipfs    ... 
Stopping ipfs    ... done
Stopping service ... done
Aborting on container exit...
Removing service ... 
Removing client  ... 
Removing ipfs    ... 
Removing ipfs    ... done
Removing service ... done
Removing client  ... done
WARNING! This will remove all local volumes not used by at least one container.
Are you sure you want to continue? [y/N] Deleted Volumes:
30af10c3ea4c47ed78fbe2966d49ed6ad0b55d4afda3f75959fd71c42fa26e86

Total reclaimed space: 168.5MB
