Time start: 2022-03-17 13:42:03
Time end: 2022-03-17 13:52:22
Duration: 0:10:19.081258

Platform: Linux-5.4.0-99-generic-x86_64-with-glibc2.29
Name: lfw-ds001-i048
Release: #112-Ubuntu SMP Thu Feb 3 13:50:55 UTC 2022

Compose file: transfer_ipfs_download_setup.yml
Script: performance/transfer_ipfs_download.py
Environment vars:
SCRIPT: performance/transfer_ipfs_download.py
PEER_ID: 12D3KooWCpCSGAAynAFvgFkSGp1RNDTmuWcS4FWPAGhdirD6rB6o
BOOT_ADDRESS: 10.23.89.47
FILE_SIZE: 262144
RUN_COUNT: 10
INTERVAL_SECONDS: 30

WARNING! This will remove all stopped containers.
Are you sure you want to continue? [y/N] Total reclaimed space: 0B
Creating client ... 
Creating ipfs   ... 
Creating service ... 
Creating ipfs    ... done
Creating client  ... done
Creating service ... done
Attaching to ipfs, client, service
ipfs                | Changing user to ipfs
ipfs                | ipfs version 0.7.0
ipfs                | Initializing IPFS with --empty-repo, --profile=badgerds
ipfs                | generating ED25519 keypair...done
ipfs                | peer identity: 12D3KooWMtFHVQsQDCrM1mL1owLUkX73srZcfiJn7tGn5sq8X8eR
ipfs                | initializing IPFS node at /data/ipfs
ipfs                | Removing default bootstrap nodes...
ipfs                | removed /dnsaddr/bootstrap.libp2p.io/p2p/QmNnooDu7bfjPFoTZYxMNLWUQJyrVwtbZg5gBMjTezGAJN
ipfs                | removed /dnsaddr/bootstrap.libp2p.io/p2p/QmQCU2EcMqAqQPR2i9bChDtGNJchTbq5TbXJJ16u19uLTa
ipfs                | removed /dnsaddr/bootstrap.libp2p.io/p2p/QmbLHAnMoJPWSCR5Zhtx6BHJX9KiKNN6tpvbUcqanj75Nb
ipfs                | removed /dnsaddr/bootstrap.libp2p.io/p2p/QmcZf59bWwK5XFi76CZX8cbJ4BhTzzA3gU1ZjYZcYW3dwt
ipfs                | removed /ip4/104.131.131.82/tcp/4001/p2p/QmaCpDMGvV2BGHeYERUEnRQAwe3N8SzbUtfsmvsqQLuvuJ
ipfs                | removed /ip4/104.131.131.82/udp/4001/quic/p2p/QmaCpDMGvV2BGHeYERUEnRQAwe3N8SzbUtfsmvsqQLuvuJ
ipfs                | added /ip4/10.23.89.47/tcp/4001/p2p/12D3KooWCpCSGAAynAFvgFkSGp1RNDTmuWcS4FWPAGhdirD6rB6o
ipfs                | Initializing daemon...
ipfs                | go-ipfs version: 0.7.0-ea77213
ipfs                | Repo version: 10
ipfs                | System version: amd64/linux
ipfs                | Golang version: go1.14.4
ipfs                | Swarm is limited to private network of peers with the swarm key
ipfs                | Swarm key fingerprint: c53fe9fc1c8eac4230853d5efb58f0a0
ipfs                | Swarm listening on /ip4/10.23.85.210/tcp/4001
ipfs                | Swarm listening on /ip4/127.0.0.1/tcp/4001
ipfs                | Swarm listening on /ip4/152.228.166.247/tcp/4001
ipfs                | Swarm listening on /ip4/172.17.0.1/tcp/4001
ipfs                | Swarm listening on /ip6/::1/tcp/4001
ipfs                | Swarm listening on /p2p-circuit
ipfs                | Swarm announcing /ip4/127.0.0.1/tcp/4001
ipfs                | Swarm announcing /ip4/152.228.166.247/tcp/4001
ipfs                | Swarm announcing /ip6/::1/tcp/4001
ipfs                | API server listening on /ip4/127.0.0.1/tcp/5001
ipfs                | WebUI: http://127.0.0.1:5001/webui
ipfs                | Gateway (readonly) server listening on /ip4/127.0.0.1/tcp/8080
ipfs                | Daemon is ready
service             | Connected to IPFS daemon...
service             | Connected to bootstrap peer...
service             | Received bootstrap peer id: 12D3KooWCpCSGAAynAFvgFkSGp1RNDTmuWcS4FWPAGhdirD6rB6o
service             | /ip4/10.23.89.47/tcp/4001/p2p/12D3KooWCpCSGAAynAFvgFkSGp1RNDTmuWcS4FWPAGhdirD6rB6o
service             | INFO:     Started server process [1]
service             | INFO:     Waiting for application startup.
service             | INFO:     Application startup complete.
service             | INFO:     Uvicorn running on http://127.0.0.1:8000 (Press CTRL+C to quit)
service             | INFO:     127.0.0.1:46758 - "GET /download/?file_path=%2Ftmp%2Ffiles%2F256KB_1 HTTP/1.1" 200 OK
service             | INFO:     127.0.0.1:46758 - "GET /metrics/ HTTP/1.1" 200 OK
service             | INFO:     127.0.0.1:46760 - "GET /download/?file_path=%2Ftmp%2Ffiles%2F256KB_2 HTTP/1.1" 200 OK
service             | INFO:     127.0.0.1:46760 - "GET /metrics/ HTTP/1.1" 200 OK
service             | INFO:     127.0.0.1:46764 - "GET /download/?file_path=%2Ftmp%2Ffiles%2F256KB_3 HTTP/1.1" 200 OK
service             | INFO:     127.0.0.1:46764 - "GET /metrics/ HTTP/1.1" 200 OK
service             | INFO:     127.0.0.1:46770 - "GET /download/?file_path=%2Ftmp%2Ffiles%2F256KB_4 HTTP/1.1" 200 OK
service             | INFO:     127.0.0.1:46770 - "GET /metrics/ HTTP/1.1" 200 OK
service             | INFO:     127.0.0.1:46774 - "GET /download/?file_path=%2Ftmp%2Ffiles%2F256KB_5 HTTP/1.1" 200 OK
service             | INFO:     127.0.0.1:46774 - "GET /metrics/ HTTP/1.1" 200 OK
service             | INFO:     127.0.0.1:46778 - "GET /download/?file_path=%2Ftmp%2Ffiles%2F256KB_6 HTTP/1.1" 200 OK
service             | INFO:     127.0.0.1:46778 - "GET /metrics/ HTTP/1.1" 200 OK
service             | INFO:     127.0.0.1:46782 - "GET /download/?file_path=%2Ftmp%2Ffiles%2F256KB_7 HTTP/1.1" 200 OK
service             | INFO:     127.0.0.1:46782 - "GET /metrics/ HTTP/1.1" 200 OK
service             | INFO:     127.0.0.1:46786 - "GET /download/?file_path=%2Ftmp%2Ffiles%2F256KB_8 HTTP/1.1" 200 OK
service             | INFO:     127.0.0.1:46786 - "GET /metrics/ HTTP/1.1" 200 OK
service             | INFO:     127.0.0.1:46790 - "GET /download/?file_path=%2Ftmp%2Ffiles%2F256KB_9 HTTP/1.1" 200 OK
service             | INFO:     127.0.0.1:46790 - "GET /metrics/ HTTP/1.1" 200 OK
service             | INFO:     127.0.0.1:46794 - "GET /download/?file_path=%2Ftmp%2Ffiles%2F256KB_10 HTTP/1.1" 200 OK
service             | INFO:     127.0.0.1:46794 - "GET /metrics/ HTTP/1.1" 200 OK
client              | 13:42.09: Connecting to download script runner
client              | 13:42.09: Waiting for finish upload signal
client              | 13:47.10: Starting 256KB benchmark
client              | 13:47.10: Creating client interface
client              | 13:47.10: Preparing run 1
client              | 13:47.10: Download file name is /tmp/files/256KB_1
client              | 13:47.10: Running garbage collector
client              | 13:47.10: Sleeping for 30.0 seconds
client              | 13:47.40: Starting
client              | 13:47.40: Finished
client              | 13:47.40: Collecting metrics from service
client              | 13:47.40: Deleting downloaded file /tmp/files/256KB_1
client              | 13:47.40: Ending run 1
client              | 13:47.40: Preparing run 2
client              | 13:47.40: Download file name is /tmp/files/256KB_2
client              | 13:47.40: Running garbage collector
client              | 13:47.40: Sleeping for 30.0 seconds
client              | 13:48.10: Starting
client              | 13:48.10: Finished
client              | 13:48.10: Collecting metrics from service
client              | 13:48.10: Deleting downloaded file /tmp/files/256KB_2
client              | 13:48.10: Ending run 2
client              | 13:48.10: Preparing run 3
client              | 13:48.10: Download file name is /tmp/files/256KB_3
client              | 13:48.10: Running garbage collector
client              | 13:48.10: Sleeping for 30.0 seconds
client              | 13:48.40: Starting
client              | 13:48.40: Finished
client              | 13:48.40: Collecting metrics from service
client              | 13:48.40: Deleting downloaded file /tmp/files/256KB_3
client              | 13:48.40: Ending run 3
client              | 13:48.40: Preparing run 4
client              | 13:48.40: Download file name is /tmp/files/256KB_4
client              | 13:48.40: Running garbage collector
client              | 13:48.40: Sleeping for 30.0 seconds
client              | 13:49.10: Starting
client              | 13:49.10: Finished
client              | 13:49.10: Collecting metrics from service
client              | 13:49.10: Deleting downloaded file /tmp/files/256KB_4
client              | 13:49.10: Ending run 4
client              | 13:49.10: Preparing run 5
client              | 13:49.10: Download file name is /tmp/files/256KB_5
client              | 13:49.10: Running garbage collector
client              | 13:49.10: Sleeping for 30.0 seconds
client              | 13:49.40: Starting
client              | 13:49.40: Finished
client              | 13:49.40: Collecting metrics from service
client              | 13:49.40: Deleting downloaded file /tmp/files/256KB_5
client              | 13:49.40: Ending run 5
client              | 13:49.40: Preparing run 6
client              | 13:49.40: Download file name is /tmp/files/256KB_6
client              | 13:49.40: Running garbage collector
client              | 13:49.40: Sleeping for 30.0 seconds
client              | 13:50.10: Starting
client              | 13:50.10: Finished
client              | 13:50.10: Collecting metrics from service
client              | 13:50.10: Deleting downloaded file /tmp/files/256KB_6
client              | 13:50.10: Ending run 6
client              | 13:50.10: Preparing run 7
client              | 13:50.10: Download file name is /tmp/files/256KB_7
client              | 13:50.10: Running garbage collector
client              | 13:50.11: Sleeping for 30.0 seconds
client              | 13:50.41: Starting
client              | 13:50.41: Finished
client              | 13:50.41: Collecting metrics from service
client              | 13:50.41: Deleting downloaded file /tmp/files/256KB_7
client              | 13:50.41: Ending run 7
client              | 13:50.41: Preparing run 8
client              | 13:50.41: Download file name is /tmp/files/256KB_8
client              | 13:50.41: Running garbage collector
client              | 13:50.41: Sleeping for 30.0 seconds
client              | 13:51.11: Starting
client              | 13:51.11: Finished
client              | 13:51.11: Collecting metrics from service
client              | 13:51.11: Deleting downloaded file /tmp/files/256KB_8
client              | 13:51.11: Ending run 8
client              | 13:51.11: Preparing run 9
client              | 13:51.11: Download file name is /tmp/files/256KB_9
client              | 13:51.11: Running garbage collector
client              | 13:51.11: Sleeping for 30.0 seconds
client              | 13:51.41: Starting
client              | 13:51.41: Finished
client              | 13:51.41: Collecting metrics from service
client              | 13:51.41: Deleting downloaded file /tmp/files/256KB_9
client              | 13:51.41: Ending run 9
client              | 13:51.41: Preparing run 10
client              | 13:51.41: Download file name is /tmp/files/256KB_10
client              | 13:51.41: Running garbage collector
client              | 13:51.41: Sleeping for 30.0 seconds
client              | 13:52.11: Starting
client              | 13:52.11: Finished
client              | 13:52.11: Collecting metrics from service
client              | 13:52.11: Deleting downloaded file /tmp/files/256KB_10
client              | 13:52.11: Ending run 10
client              | 13:52.11: Writing metrics file
client              | 13:52.11: Send finished download signal
client exited with code 0
Stopping service ... 
Stopping ipfs    ... 
Stopping ipfs    ... done
Stopping service ... done
Aborting on container exit...
Removing service ... 
Removing ipfs    ... 
Removing client  ... 
Removing ipfs    ... done
Removing client  ... done
Removing service ... done
WARNING! This will remove all local volumes not used by at least one container.
Are you sure you want to continue? [y/N] Deleted Volumes:
0b72d2a37a04068a2dd29f31075f3323ec7e947ebd36cb3897e9836c6c1d3400

Total reclaimed space: 2.743MB
