Time start: 2022-03-17 09:19:15
Time end: 2022-03-17 09:29:34
Duration: 0:10:19.702661

Platform: Linux-5.4.0-99-generic-x86_64-with-glibc2.29
Name: lfw-ds001-i048
Release: #112-Ubuntu SMP Thu Feb 3 13:50:55 UTC 2022

Compose file: transfer_ipfs_download_setup.yml
Script: performance/transfer_ipfs_download.py
Environment vars:
SCRIPT: performance/transfer_ipfs_download.py
PEER_ID: 12D3KooWEae84KhGgvrPsoioYTsLeZVnv9v6rNTMJs8E4v2mxBgn
BOOT_ADDRESS: 51.210.39.160
FILE_SIZE: 1048576
RUN_COUNT: 10
INTERVAL_SECONDS: 30

WARNING! This will remove all stopped containers.
Are you sure you want to continue? [y/N] Total reclaimed space: 0B
Creating ipfs ... 
Creating service ... 
Creating client  ... 
Creating client  ... done
Creating ipfs    ... done
Creating service ... done
Attaching to client, ipfs, service
ipfs                | Changing user to ipfs
ipfs                | ipfs version 0.7.0
ipfs                | Initializing IPFS with --empty-repo, --profile=badgerds
ipfs                | generating ED25519 keypair...done
ipfs                | peer identity: 12D3KooWEUv6hixHyKDn5BMYEdSLLYnNavViHjUbDoAAh2WfFptD
ipfs                | initializing IPFS node at /data/ipfs
ipfs                | Removing default bootstrap nodes...
ipfs                | removed /dnsaddr/bootstrap.libp2p.io/p2p/QmNnooDu7bfjPFoTZYxMNLWUQJyrVwtbZg5gBMjTezGAJN
ipfs                | removed /dnsaddr/bootstrap.libp2p.io/p2p/QmQCU2EcMqAqQPR2i9bChDtGNJchTbq5TbXJJ16u19uLTa
ipfs                | removed /dnsaddr/bootstrap.libp2p.io/p2p/QmbLHAnMoJPWSCR5Zhtx6BHJX9KiKNN6tpvbUcqanj75Nb
ipfs                | removed /dnsaddr/bootstrap.libp2p.io/p2p/QmcZf59bWwK5XFi76CZX8cbJ4BhTzzA3gU1ZjYZcYW3dwt
ipfs                | removed /ip4/104.131.131.82/tcp/4001/p2p/QmaCpDMGvV2BGHeYERUEnRQAwe3N8SzbUtfsmvsqQLuvuJ
ipfs                | removed /ip4/104.131.131.82/udp/4001/quic/p2p/QmaCpDMGvV2BGHeYERUEnRQAwe3N8SzbUtfsmvsqQLuvuJ
ipfs                | added /ip4/51.210.39.160/tcp/4001/p2p/12D3KooWEae84KhGgvrPsoioYTsLeZVnv9v6rNTMJs8E4v2mxBgn
ipfs                | Initializing daemon...
ipfs                | go-ipfs version: 0.7.0-ea77213
ipfs                | Repo version: 10
ipfs                | System version: amd64/linux
ipfs                | Golang version: go1.14.4
ipfs                | Swarm is limited to private network of peers with the swarm key
ipfs                | Swarm key fingerprint: c53fe9fc1c8eac4230853d5efb58f0a0
ipfs                | Swarm listening on /ip4/10.23.85.210/tcp/4001
ipfs                | Swarm listening on /ip4/127.0.0.1/tcp/4001
ipfs                | Swarm listening on /ip4/152.228.166.247/tcp/4001
ipfs                | Swarm listening on /ip4/172.17.0.1/tcp/4001
ipfs                | Swarm listening on /ip6/::1/tcp/4001
ipfs                | Swarm listening on /p2p-circuit
ipfs                | Swarm announcing /ip4/127.0.0.1/tcp/4001
ipfs                | Swarm announcing /ip4/152.228.166.247/tcp/4001
ipfs                | Swarm announcing /ip6/::1/tcp/4001
ipfs                | API server listening on /ip4/127.0.0.1/tcp/5001
ipfs                | WebUI: http://127.0.0.1:5001/webui
ipfs                | Gateway (readonly) server listening on /ip4/127.0.0.1/tcp/8080
ipfs                | Daemon is ready
service             | Connected to IPFS daemon...
service             | Connected to bootstrap peer...
service             | Received bootstrap peer id: 12D3KooWEae84KhGgvrPsoioYTsLeZVnv9v6rNTMJs8E4v2mxBgn
service             | /ip4/51.210.39.160/tcp/4001/p2p/12D3KooWEae84KhGgvrPsoioYTsLeZVnv9v6rNTMJs8E4v2mxBgn
service             | INFO:     Started server process [1]
service             | INFO:     Waiting for application startup.
service             | INFO:     Application startup complete.
service             | INFO:     Uvicorn running on http://127.0.0.1:8000 (Press CTRL+C to quit)
service             | INFO:     127.0.0.1:46004 - "GET /download/?file_path=%2Ftmp%2Ffiles%2F1MB_1 HTTP/1.1" 200 OK
service             | INFO:     127.0.0.1:46004 - "GET /metrics/ HTTP/1.1" 200 OK
service             | INFO:     127.0.0.1:46006 - "GET /download/?file_path=%2Ftmp%2Ffiles%2F1MB_2 HTTP/1.1" 200 OK
service             | INFO:     127.0.0.1:46006 - "GET /metrics/ HTTP/1.1" 200 OK
service             | INFO:     127.0.0.1:46010 - "GET /download/?file_path=%2Ftmp%2Ffiles%2F1MB_3 HTTP/1.1" 200 OK
service             | INFO:     127.0.0.1:46010 - "GET /metrics/ HTTP/1.1" 200 OK
service             | INFO:     127.0.0.1:46014 - "GET /download/?file_path=%2Ftmp%2Ffiles%2F1MB_4 HTTP/1.1" 200 OK
service             | INFO:     127.0.0.1:46014 - "GET /metrics/ HTTP/1.1" 200 OK
service             | INFO:     127.0.0.1:46020 - "GET /download/?file_path=%2Ftmp%2Ffiles%2F1MB_5 HTTP/1.1" 200 OK
service             | INFO:     127.0.0.1:46020 - "GET /metrics/ HTTP/1.1" 200 OK
service             | INFO:     127.0.0.1:46026 - "GET /download/?file_path=%2Ftmp%2Ffiles%2F1MB_6 HTTP/1.1" 200 OK
service             | INFO:     127.0.0.1:46026 - "GET /metrics/ HTTP/1.1" 200 OK
service             | INFO:     127.0.0.1:46032 - "GET /download/?file_path=%2Ftmp%2Ffiles%2F1MB_7 HTTP/1.1" 200 OK
service             | INFO:     127.0.0.1:46032 - "GET /metrics/ HTTP/1.1" 200 OK
service             | INFO:     127.0.0.1:46036 - "GET /download/?file_path=%2Ftmp%2Ffiles%2F1MB_8 HTTP/1.1" 200 OK
service             | INFO:     127.0.0.1:46036 - "GET /metrics/ HTTP/1.1" 200 OK
service             | INFO:     127.0.0.1:46040 - "GET /download/?file_path=%2Ftmp%2Ffiles%2F1MB_9 HTTP/1.1" 200 OK
service             | INFO:     127.0.0.1:46040 - "GET /metrics/ HTTP/1.1" 200 OK
service             | INFO:     127.0.0.1:46046 - "GET /download/?file_path=%2Ftmp%2Ffiles%2F1MB_10 HTTP/1.1" 200 OK
service             | INFO:     127.0.0.1:46046 - "GET /metrics/ HTTP/1.1" 200 OK
client              | 09:19.21: Connecting to download script runner
client              | 09:19.21: Waiting for finish upload signal
client              | 09:24.22: Starting 1MB benchmark
client              | 09:24.22: Creating client interface
client              | 09:24.22: Preparing run 1
client              | 09:24.22: Download file name is /tmp/files/1MB_1
client              | 09:24.22: Running garbage collector
client              | 09:24.22: Sleeping for 30.0 seconds
client              | 09:24.52: Starting
client              | 09:24.52: Finished
client              | 09:24.52: Collecting metrics from service
client              | 09:24.52: Deleting downloaded file /tmp/files/1MB_1
client              | 09:24.52: Ending run 1
client              | 09:24.52: Preparing run 2
client              | 09:24.52: Download file name is /tmp/files/1MB_2
client              | 09:24.52: Running garbage collector
client              | 09:24.52: Sleeping for 30.0 seconds
client              | 09:25.22: Starting
client              | 09:25.23: Finished
client              | 09:25.23: Collecting metrics from service
client              | 09:25.23: Deleting downloaded file /tmp/files/1MB_2
client              | 09:25.23: Ending run 2
client              | 09:25.23: Preparing run 3
client              | 09:25.23: Download file name is /tmp/files/1MB_3
client              | 09:25.23: Running garbage collector
client              | 09:25.23: Sleeping for 30.0 seconds
client              | 09:25.53: Starting
client              | 09:25.53: Finished
client              | 09:25.53: Collecting metrics from service
client              | 09:25.53: Deleting downloaded file /tmp/files/1MB_3
client              | 09:25.53: Ending run 3
client              | 09:25.53: Preparing run 4
client              | 09:25.53: Download file name is /tmp/files/1MB_4
client              | 09:25.53: Running garbage collector
client              | 09:25.53: Sleeping for 30.0 seconds
client              | 09:26.23: Starting
client              | 09:26.23: Finished
client              | 09:26.23: Collecting metrics from service
client              | 09:26.23: Deleting downloaded file /tmp/files/1MB_4
client              | 09:26.23: Ending run 4
client              | 09:26.23: Preparing run 5
client              | 09:26.23: Download file name is /tmp/files/1MB_5
client              | 09:26.23: Running garbage collector
client              | 09:26.23: Sleeping for 30.0 seconds
client              | 09:26.53: Starting
client              | 09:26.53: Finished
client              | 09:26.53: Collecting metrics from service
client              | 09:26.53: Deleting downloaded file /tmp/files/1MB_5
client              | 09:26.53: Ending run 5
client              | 09:26.53: Preparing run 6
client              | 09:26.53: Download file name is /tmp/files/1MB_6
client              | 09:26.53: Running garbage collector
client              | 09:26.53: Sleeping for 30.0 seconds
client              | 09:27.23: Starting
client              | 09:27.23: Finished
client              | 09:27.23: Collecting metrics from service
client              | 09:27.23: Deleting downloaded file /tmp/files/1MB_6
client              | 09:27.23: Ending run 6
client              | 09:27.23: Preparing run 7
client              | 09:27.23: Download file name is /tmp/files/1MB_7
client              | 09:27.23: Running garbage collector
client              | 09:27.23: Sleeping for 30.0 seconds
client              | 09:27.53: Starting
client              | 09:27.53: Finished
client              | 09:27.53: Collecting metrics from service
client              | 09:27.53: Deleting downloaded file /tmp/files/1MB_7
client              | 09:27.53: Ending run 7
client              | 09:27.53: Preparing run 8
client              | 09:27.53: Download file name is /tmp/files/1MB_8
client              | 09:27.53: Running garbage collector
client              | 09:27.53: Sleeping for 30.0 seconds
client              | 09:28.23: Starting
client              | 09:28.23: Finished
client              | 09:28.23: Collecting metrics from service
client              | 09:28.23: Deleting downloaded file /tmp/files/1MB_8
client              | 09:28.23: Ending run 8
client              | 09:28.23: Preparing run 9
client              | 09:28.23: Download file name is /tmp/files/1MB_9
client              | 09:28.23: Running garbage collector
client              | 09:28.23: Sleeping for 30.0 seconds
client              | 09:28.53: Starting
client              | 09:28.53: Finished
client              | 09:28.53: Collecting metrics from service
client              | 09:28.53: Deleting downloaded file /tmp/files/1MB_9
client              | 09:28.53: Ending run 9
client              | 09:28.53: Preparing run 10
client              | 09:28.53: Download file name is /tmp/files/1MB_10
client              | 09:28.53: Running garbage collector
client              | 09:28.53: Sleeping for 30.0 seconds
client              | 09:29.23: Starting
client              | 09:29.24: Finished
client              | 09:29.24: Collecting metrics from service
client              | 09:29.24: Deleting downloaded file /tmp/files/1MB_10
client              | 09:29.24: Ending run 10
client              | 09:29.24: Writing metrics file
client              | 09:29.24: Send finished download signal
client exited with code 0
Stopping service ... 
Stopping ipfs    ... 
Stopping ipfs    ... done
Stopping service ... done
Aborting on container exit...
Removing service ... 
Removing client  ... 
Removing ipfs    ... 
Removing ipfs    ... done
Removing service ... done
Removing client  ... done
WARNING! This will remove all local volumes not used by at least one container.
Are you sure you want to continue? [y/N] Deleted Volumes:
48de484264eea793b953090d0d89e18340bd60bb8bb060acbe926d6ab7e4085f

Total reclaimed space: 10.65MB
