Time start: 2022-03-17 09:40:06
Time end: 2022-03-17 09:50:45
Duration: 0:10:38.417504

Platform: Linux-5.4.0-99-generic-x86_64-with-glibc2.29
Name: lfw-ds001-i045
Release: #112-Ubuntu SMP Thu Feb 3 13:50:55 UTC 2022

Compose file: transfer_ipfs_upload_setup.yml
Script: performance/transfer_ipfs_upload.py
Environment vars:
SCRIPT: performance/transfer_ipfs_upload.py
FILE_SIZE: 16777216
RUN_COUNT: 10
INTERVAL_SECONDS: 30

WARNING! This will remove all stopped containers.
Are you sure you want to continue? [y/N] Total reclaimed space: 0B
Found orphan containers (webdav) for this project. If you removed or renamed this service in your compose file, you can run this command with the --remove-orphans flag to clean it up.
Creating ipfs ... 
Creating client ... 
Creating service ... 
Creating ipfs    ... done
Creating client  ... done
Creating service ... done
Attaching to ipfs, client, service
ipfs                | Changing user to ipfs
ipfs                | ipfs version 0.7.0
ipfs                | Initializing IPFS with --empty-repo, --profile=badgerds
ipfs                | generating ED25519 keypair...done
ipfs                | peer identity: 12D3KooWRTayYqQkbBvtGS4rN5vmriH3N3iiFMA91gLa6j9CaX3i
ipfs                | initializing IPFS node at /data/ipfs
service             | ConnectionError: HTTPConnectionPool(host='127.0.0.1', port=5001): Max retries exceeded with url: /api/v0/version?stream-channels=true (Caused by NewConnectionError('<ipfshttpclient.requests_wrapper.HTTPConnection object at 0x7fe6922caf40>: Failed to establish a new connection: [Errno 111] Connection refused'))
ipfs                | Removing default bootstrap nodes...
ipfs                | removed /dnsaddr/bootstrap.libp2p.io/p2p/QmNnooDu7bfjPFoTZYxMNLWUQJyrVwtbZg5gBMjTezGAJN
ipfs                | removed /dnsaddr/bootstrap.libp2p.io/p2p/QmQCU2EcMqAqQPR2i9bChDtGNJchTbq5TbXJJ16u19uLTa
ipfs                | removed /dnsaddr/bootstrap.libp2p.io/p2p/QmbLHAnMoJPWSCR5Zhtx6BHJX9KiKNN6tpvbUcqanj75Nb
ipfs                | removed /dnsaddr/bootstrap.libp2p.io/p2p/QmcZf59bWwK5XFi76CZX8cbJ4BhTzzA3gU1ZjYZcYW3dwt
ipfs                | removed /ip4/104.131.131.82/tcp/4001/p2p/QmaCpDMGvV2BGHeYERUEnRQAwe3N8SzbUtfsmvsqQLuvuJ
ipfs                | removed /ip4/104.131.131.82/udp/4001/quic/p2p/QmaCpDMGvV2BGHeYERUEnRQAwe3N8SzbUtfsmvsqQLuvuJ
ipfs                | Initializing daemon...
ipfs                | go-ipfs version: 0.7.0-ea77213
ipfs                | Repo version: 10
ipfs                | System version: amd64/linux
ipfs                | Golang version: go1.14.4
ipfs                | Swarm is limited to private network of peers with the swarm key
ipfs                | Swarm key fingerprint: c53fe9fc1c8eac4230853d5efb58f0a0
ipfs                | Swarm listening on /ip4/10.23.89.47/tcp/4001
ipfs                | Swarm listening on /ip4/127.0.0.1/tcp/4001
ipfs                | Swarm listening on /ip4/172.17.0.1/tcp/4001
ipfs                | Swarm listening on /ip4/51.210.39.160/tcp/4001
ipfs                | Swarm listening on /ip6/::1/tcp/4001
ipfs                | Swarm listening on /p2p-circuit
ipfs                | Swarm announcing /ip4/127.0.0.1/tcp/4001
ipfs                | Swarm announcing /ip4/51.210.39.160/tcp/4001
ipfs                | Swarm announcing /ip6/::1/tcp/4001
ipfs                | API server listening on /ip4/127.0.0.1/tcp/5001
ipfs                | WebUI: http://127.0.0.1:5001/webui
ipfs                | Gateway (readonly) server listening on /ip4/127.0.0.1/tcp/8080
ipfs                | Daemon is ready
service             | Connected to IPFS daemon...
service             | Could not contact peer to acquire bootstrap peer ID
service             | [Errno 111] Connection refused
service             | Connected to bootstrap peer...
service             | New bootstrapping peer joined
service             | Send my peer ID: 12D3KooWRTayYqQkbBvtGS4rN5vmriH3N3iiFMA91gLa6j9CaX3i
service             | Received bootstrap peer id: 12D3KooWRTayYqQkbBvtGS4rN5vmriH3N3iiFMA91gLa6j9CaX3i
service             | I am the bootstrap peer
service             | Could not publish files...
service             | failed to find any peer in table
service             | INFO:     Started server process [1]
service             | INFO:     Waiting for application startup.
service             | INFO:     Application startup complete.
service             | INFO:     Uvicorn running on http://127.0.0.1:8000 (Press CTRL+C to quit)
service             | New bootstrapping peer joined
service             | Send my peer ID: 12D3KooWRTayYqQkbBvtGS4rN5vmriH3N3iiFMA91gLa6j9CaX3i
service             | INFO:     127.0.0.1:37466 - "PUT /upload/?file_path=%2Ftmp%2Ffiles%2F16MB_1 HTTP/1.1" 200 OK
service             | INFO:     127.0.0.1:37466 - "GET /metrics/ HTTP/1.1" 200 OK
service             | INFO:     127.0.0.1:37468 - "PUT /upload/?file_path=%2Ftmp%2Ffiles%2F16MB_2 HTTP/1.1" 200 OK
service             | INFO:     127.0.0.1:37468 - "GET /metrics/ HTTP/1.1" 200 OK
service             | INFO:     127.0.0.1:37474 - "PUT /upload/?file_path=%2Ftmp%2Ffiles%2F16MB_3 HTTP/1.1" 200 OK
service             | INFO:     127.0.0.1:37474 - "GET /metrics/ HTTP/1.1" 200 OK
service             | INFO:     127.0.0.1:37476 - "PUT /upload/?file_path=%2Ftmp%2Ffiles%2F16MB_4 HTTP/1.1" 200 OK
service             | INFO:     127.0.0.1:37476 - "GET /metrics/ HTTP/1.1" 200 OK
service             | INFO:     127.0.0.1:37478 - "PUT /upload/?file_path=%2Ftmp%2Ffiles%2F16MB_5 HTTP/1.1" 200 OK
service             | INFO:     127.0.0.1:37478 - "GET /metrics/ HTTP/1.1" 200 OK
service             | INFO:     127.0.0.1:37482 - "PUT /upload/?file_path=%2Ftmp%2Ffiles%2F16MB_6 HTTP/1.1" 200 OK
service             | INFO:     127.0.0.1:37482 - "GET /metrics/ HTTP/1.1" 200 OK
service             | INFO:     127.0.0.1:37486 - "PUT /upload/?file_path=%2Ftmp%2Ffiles%2F16MB_7 HTTP/1.1" 200 OK
service             | INFO:     127.0.0.1:37486 - "GET /metrics/ HTTP/1.1" 200 OK
service             | INFO:     127.0.0.1:37490 - "PUT /upload/?file_path=%2Ftmp%2Ffiles%2F16MB_8 HTTP/1.1" 200 OK
service             | INFO:     127.0.0.1:37490 - "GET /metrics/ HTTP/1.1" 200 OK
service             | INFO:     127.0.0.1:37494 - "PUT /upload/?file_path=%2Ftmp%2Ffiles%2F16MB_9 HTTP/1.1" 200 OK
service             | INFO:     127.0.0.1:37494 - "GET /metrics/ HTTP/1.1" 200 OK
service             | INFO:     127.0.0.1:37496 - "PUT /upload/?file_path=%2Ftmp%2Ffiles%2F16MB_10 HTTP/1.1" 200 OK
service             | INFO:     127.0.0.1:37496 - "GET /metrics/ HTTP/1.1" 200 OK
client              | 09:40.14: Connecting to IPFS daemon
client              | 09:40.14: Connected to IPFS daemon, peer ID is 12D3KooWRTayYqQkbBvtGS4rN5vmriH3N3iiFMA91gLa6j9CaX3i
client              | 09:40.14: Connecting to upload script runner
client              | 09:40.14: Sending peer ID
client              | 09:40.14: Waiting for signal to start downloading
client              | 09:40.20: Starting 16MB benchmark
client              | 09:40.20: Creating client interface
client              | 09:40.20: Preparing run 1
client              | 09:40.20: Creating file /tmp/files/16MB_1
client              | 09:40.20: Running garbage collector
client              | 09:40.20: Sleeping for 30.0 seconds
client              | 09:40.50: Starting
client              | 09:40.51: Finished
client              | 09:40.51: Collecting metrics from service
client              | 09:40.51: Deleting created file /tmp/files/16MB_1
client              | 09:40.51: Ending run 1
client              | 09:40.51: Preparing run 2
client              | 09:40.51: Creating file /tmp/files/16MB_2
client              | 09:40.51: Running garbage collector
client              | 09:40.51: Sleeping for 30.0 seconds
client              | 09:41.21: Starting
client              | 09:41.21: Finished
client              | 09:41.21: Collecting metrics from service
client              | 09:41.21: Deleting created file /tmp/files/16MB_2
client              | 09:41.21: Ending run 2
client              | 09:41.21: Preparing run 3
client              | 09:41.21: Creating file /tmp/files/16MB_3
client              | 09:41.21: Running garbage collector
client              | 09:41.22: Sleeping for 30.0 seconds
client              | 09:41.52: Starting
client              | 09:41.52: Finished
client              | 09:41.52: Collecting metrics from service
client              | 09:41.52: Deleting created file /tmp/files/16MB_3
client              | 09:41.52: Ending run 3
client              | 09:41.52: Preparing run 4
client              | 09:41.52: Creating file /tmp/files/16MB_4
client              | 09:41.52: Running garbage collector
client              | 09:41.52: Sleeping for 30.0 seconds
client              | 09:42.22: Starting
client              | 09:42.22: Finished
client              | 09:42.22: Collecting metrics from service
client              | 09:42.22: Deleting created file /tmp/files/16MB_4
client              | 09:42.22: Ending run 4
client              | 09:42.22: Preparing run 5
client              | 09:42.22: Creating file /tmp/files/16MB_5
client              | 09:42.23: Running garbage collector
client              | 09:42.23: Sleeping for 30.0 seconds
client              | 09:42.53: Starting
client              | 09:42.53: Finished
client              | 09:42.53: Collecting metrics from service
client              | 09:42.53: Deleting created file /tmp/files/16MB_5
client              | 09:42.53: Ending run 5
client              | 09:42.53: Preparing run 6
client              | 09:42.53: Creating file /tmp/files/16MB_6
client              | 09:42.53: Running garbage collector
client              | 09:42.53: Sleeping for 30.0 seconds
client              | 09:43.23: Starting
client              | 09:43.23: Finished
client              | 09:43.23: Collecting metrics from service
client              | 09:43.23: Deleting created file /tmp/files/16MB_6
client              | 09:43.23: Ending run 6
client              | 09:43.23: Preparing run 7
client              | 09:43.23: Creating file /tmp/files/16MB_7
client              | 09:43.24: Running garbage collector
client              | 09:43.24: Sleeping for 30.0 seconds
client              | 09:43.54: Starting
client              | 09:43.54: Finished
client              | 09:43.54: Collecting metrics from service
client              | 09:43.54: Deleting created file /tmp/files/16MB_7
client              | 09:43.54: Ending run 7
client              | 09:43.54: Preparing run 8
client              | 09:43.54: Creating file /tmp/files/16MB_8
client              | 09:43.54: Running garbage collector
client              | 09:43.54: Sleeping for 30.0 seconds
client              | 09:44.24: Starting
client              | 09:44.25: Finished
client              | 09:44.25: Collecting metrics from service
client              | 09:44.25: Deleting created file /tmp/files/16MB_8
client              | 09:44.25: Ending run 8
client              | 09:44.25: Preparing run 9
client              | 09:44.25: Creating file /tmp/files/16MB_9
client              | 09:44.25: Running garbage collector
client              | 09:44.25: Sleeping for 30.0 seconds
client              | 09:44.55: Starting
client              | 09:44.55: Finished
client              | 09:44.55: Collecting metrics from service
client              | 09:44.55: Deleting created file /tmp/files/16MB_9
client              | 09:44.55: Ending run 9
client              | 09:44.55: Preparing run 10
client              | 09:44.55: Creating file /tmp/files/16MB_10
client              | 09:44.55: Running garbage collector
client              | 09:44.55: Sleeping for 30.0 seconds
client              | 09:45.25: Starting
client              | 09:45.26: Finished
client              | 09:45.26: Collecting metrics from service
client              | 09:45.26: Deleting created file /tmp/files/16MB_10
client              | 09:45.26: Ending run 10
client              | 09:45.26: Writing metrics file
client              | 09:45.26: Sending upload finished signal
client              | 09:45.26: Waiting for download finished signal
client exited with code 0
Stopping service ... 
Stopping ipfs    ... 
Stopping ipfs    ... done
Stopping service ... done
Aborting on container exit...
Found orphan containers (webdav) for this project. If you removed or renamed this service in your compose file, you can run this command with the --remove-orphans flag to clean it up.
Removing client  ... 
Removing service ... 
Removing ipfs    ... 
Removing service ... done
Removing ipfs    ... done
Removing client  ... done
WARNING! This will remove all local volumes not used by at least one container.
Are you sure you want to continue? [y/N] Deleted Volumes:
7bf25d114b5bb06554771107729fc5bb769d3c9f09deefc9a538835fecf70636

Total reclaimed space: 169MB
