Time start: 2022-03-17 10:01:54
Time end: 2022-03-17 10:15:05
Duration: 0:13:11.092754

Platform: Linux-5.4.0-99-generic-x86_64-with-glibc2.29
Name: lfw-ds001-i045
Release: #112-Ubuntu SMP Thu Feb 3 13:50:55 UTC 2022

Compose file: transfer_ipfs_upload_setup.yml
Script: performance/transfer_ipfs_upload.py
Environment vars:
SCRIPT: performance/transfer_ipfs_upload.py
FILE_SIZE: 268435456
RUN_COUNT: 10
INTERVAL_SECONDS: 30

WARNING! This will remove all stopped containers.
Are you sure you want to continue? [y/N] Total reclaimed space: 0B
Found orphan containers (webdav) for this project. If you removed or renamed this service in your compose file, you can run this command with the --remove-orphans flag to clean it up.
Creating ipfs ... 
Creating service ... 
Creating client  ... 
Creating client  ... done
Creating ipfs    ... done
Creating service ... done
Attaching to client, ipfs, service
ipfs                | Changing user to ipfs
ipfs                | ipfs version 0.7.0
ipfs                | Initializing IPFS with --empty-repo, --profile=badgerds
ipfs                | generating ED25519 keypair...done
ipfs                | peer identity: 12D3KooWC1vXnmjU84H7v3JUj5vWJyajDT6mf7ckzqPRQtF7KFkX
ipfs                | initializing IPFS node at /data/ipfs
ipfs                | Removing default bootstrap nodes...
service             | ConnectionError: HTTPConnectionPool(host='127.0.0.1', port=5001): Max retries exceeded with url: /api/v0/version?stream-channels=true (Caused by NewConnectionError('<ipfshttpclient.requests_wrapper.HTTPConnection object at 0x7f3f19120f40>: Failed to establish a new connection: [Errno 111] Connection refused'))
ipfs                | removed /dnsaddr/bootstrap.libp2p.io/p2p/QmNnooDu7bfjPFoTZYxMNLWUQJyrVwtbZg5gBMjTezGAJN
ipfs                | removed /dnsaddr/bootstrap.libp2p.io/p2p/QmQCU2EcMqAqQPR2i9bChDtGNJchTbq5TbXJJ16u19uLTa
ipfs                | removed /dnsaddr/bootstrap.libp2p.io/p2p/QmbLHAnMoJPWSCR5Zhtx6BHJX9KiKNN6tpvbUcqanj75Nb
ipfs                | removed /dnsaddr/bootstrap.libp2p.io/p2p/QmcZf59bWwK5XFi76CZX8cbJ4BhTzzA3gU1ZjYZcYW3dwt
ipfs                | removed /ip4/104.131.131.82/tcp/4001/p2p/QmaCpDMGvV2BGHeYERUEnRQAwe3N8SzbUtfsmvsqQLuvuJ
ipfs                | removed /ip4/104.131.131.82/udp/4001/quic/p2p/QmaCpDMGvV2BGHeYERUEnRQAwe3N8SzbUtfsmvsqQLuvuJ
ipfs                | Initializing daemon...
ipfs                | go-ipfs version: 0.7.0-ea77213
ipfs                | Repo version: 10
ipfs                | System version: amd64/linux
ipfs                | Golang version: go1.14.4
ipfs                | Swarm is limited to private network of peers with the swarm key
ipfs                | Swarm key fingerprint: c53fe9fc1c8eac4230853d5efb58f0a0
ipfs                | Swarm listening on /ip4/10.23.89.47/tcp/4001
ipfs                | Swarm listening on /ip4/127.0.0.1/tcp/4001
ipfs                | Swarm listening on /ip4/172.17.0.1/tcp/4001
ipfs                | Swarm listening on /ip4/51.210.39.160/tcp/4001
ipfs                | Swarm listening on /ip6/::1/tcp/4001
ipfs                | Swarm listening on /p2p-circuit
ipfs                | Swarm announcing /ip4/127.0.0.1/tcp/4001
ipfs                | Swarm announcing /ip4/51.210.39.160/tcp/4001
ipfs                | Swarm announcing /ip6/::1/tcp/4001
ipfs                | API server listening on /ip4/127.0.0.1/tcp/5001
ipfs                | WebUI: http://127.0.0.1:5001/webui
ipfs                | Gateway (readonly) server listening on /ip4/127.0.0.1/tcp/8080
ipfs                | Daemon is ready
service             | Connected to IPFS daemon...
service             | Connected to bootstrap peer...New bootstrapping peer joined
service             | 
service             | Received bootstrap peer id: 12D3KooWC1vXnmjU84H7v3JUj5vWJyajDT6mf7ckzqPRQtF7KFkX
service             | I am the bootstrap peer
service             | Send my peer ID: 12D3KooWC1vXnmjU84H7v3JUj5vWJyajDT6mf7ckzqPRQtF7KFkX
service             | Could not publish files...
service             | failed to find any peer in table
service             | INFO:     Started server process [1]
service             | INFO:     Waiting for application startup.
service             | INFO:     Application startup complete.
service             | INFO:     Uvicorn running on http://127.0.0.1:8000 (Press CTRL+C to quit)
service             | New bootstrapping peer joined
service             | Send my peer ID: 12D3KooWC1vXnmjU84H7v3JUj5vWJyajDT6mf7ckzqPRQtF7KFkX
service             | INFO:     127.0.0.1:37564 - "PUT /upload/?file_path=%2Ftmp%2Ffiles%2F256MB_1 HTTP/1.1" 200 OK
service             | INFO:     127.0.0.1:37564 - "GET /metrics/ HTTP/1.1" 200 OK
service             | INFO:     127.0.0.1:37566 - "PUT /upload/?file_path=%2Ftmp%2Ffiles%2F256MB_2 HTTP/1.1" 200 OK
service             | INFO:     127.0.0.1:37566 - "GET /metrics/ HTTP/1.1" 200 OK
service             | INFO:     127.0.0.1:37572 - "PUT /upload/?file_path=%2Ftmp%2Ffiles%2F256MB_3 HTTP/1.1" 200 OK
service             | INFO:     127.0.0.1:37572 - "GET /metrics/ HTTP/1.1" 200 OK
service             | INFO:     127.0.0.1:37574 - "PUT /upload/?file_path=%2Ftmp%2Ffiles%2F256MB_4 HTTP/1.1" 200 OK
service             | INFO:     127.0.0.1:37574 - "GET /metrics/ HTTP/1.1" 200 OK
service             | INFO:     127.0.0.1:37578 - "PUT /upload/?file_path=%2Ftmp%2Ffiles%2F256MB_5 HTTP/1.1" 200 OK
service             | INFO:     127.0.0.1:37578 - "GET /metrics/ HTTP/1.1" 200 OK
service             | INFO:     127.0.0.1:37580 - "PUT /upload/?file_path=%2Ftmp%2Ffiles%2F256MB_6 HTTP/1.1" 200 OK
service             | INFO:     127.0.0.1:37580 - "GET /metrics/ HTTP/1.1" 200 OK
service             | INFO:     127.0.0.1:37586 - "PUT /upload/?file_path=%2Ftmp%2Ffiles%2F256MB_7 HTTP/1.1" 200 OK
service             | INFO:     127.0.0.1:37586 - "GET /metrics/ HTTP/1.1" 200 OK
service             | INFO:     127.0.0.1:37592 - "PUT /upload/?file_path=%2Ftmp%2Ffiles%2F256MB_8 HTTP/1.1" 200 OK
service             | INFO:     127.0.0.1:37592 - "GET /metrics/ HTTP/1.1" 200 OK
service             | INFO:     127.0.0.1:37594 - "PUT /upload/?file_path=%2Ftmp%2Ffiles%2F256MB_9 HTTP/1.1" 200 OK
service             | INFO:     127.0.0.1:37594 - "GET /metrics/ HTTP/1.1" 200 OK
service             | INFO:     127.0.0.1:37598 - "PUT /upload/?file_path=%2Ftmp%2Ffiles%2F256MB_10 HTTP/1.1" 200 OK
service             | INFO:     127.0.0.1:37598 - "GET /metrics/ HTTP/1.1" 200 OK
client              | 10:02.01: Connecting to IPFS daemon
client              | 10:02.01: Connected to IPFS daemon, peer ID is 12D3KooWC1vXnmjU84H7v3JUj5vWJyajDT6mf7ckzqPRQtF7KFkX
client              | 10:02.01: Connecting to upload script runner
client              | 10:02.01: Sending peer ID
client              | 10:02.01: Waiting for signal to start downloading
client              | 10:02.07: Starting 256MB benchmark
client              | 10:02.07: Creating client interface
client              | 10:02.07: Preparing run 1
client              | 10:02.07: Creating file /tmp/files/256MB_1
client              | 10:02.09: Running garbage collector
client              | 10:02.09: Sleeping for 30.0 seconds
client              | 10:02.39: Starting
client              | 10:02.44: Finished
client              | 10:02.44: Collecting metrics from service
client              | 10:02.44: Deleting created file /tmp/files/256MB_1
client              | 10:02.44: Ending run 1
client              | 10:02.44: Preparing run 2
client              | 10:02.44: Creating file /tmp/files/256MB_2
client              | 10:02.46: Running garbage collector
client              | 10:02.46: Sleeping for 30.0 seconds
client              | 10:03.16: Starting
client              | 10:03.21: Finished
client              | 10:03.21: Collecting metrics from service
client              | 10:03.21: Deleting created file /tmp/files/256MB_2
client              | 10:03.21: Ending run 2
client              | 10:03.21: Preparing run 3
client              | 10:03.21: Creating file /tmp/files/256MB_3
client              | 10:03.23: Running garbage collector
client              | 10:03.23: Sleeping for 30.0 seconds
client              | 10:03.53: Starting
client              | 10:03.57: Finished
client              | 10:03.57: Collecting metrics from service
client              | 10:03.57: Deleting created file /tmp/files/256MB_3
client              | 10:03.58: Ending run 3
client              | 10:03.58: Preparing run 4
client              | 10:03.58: Creating file /tmp/files/256MB_4
client              | 10:03.59: Running garbage collector
client              | 10:03.59: Sleeping for 30.0 seconds
client              | 10:04.29: Starting
client              | 10:04.34: Finished
client              | 10:04.34: Collecting metrics from service
client              | 10:04.34: Deleting created file /tmp/files/256MB_4
client              | 10:04.34: Ending run 4
client              | 10:04.34: Preparing run 5
client              | 10:04.34: Creating file /tmp/files/256MB_5
client              | 10:04.36: Running garbage collector
client              | 10:04.36: Sleeping for 30.0 seconds
client              | 10:05.06: Starting
client              | 10:05.11: Finished
client              | 10:05.11: Collecting metrics from service
client              | 10:05.11: Deleting created file /tmp/files/256MB_5
client              | 10:05.11: Ending run 5
client              | 10:05.11: Preparing run 6
client              | 10:05.11: Creating file /tmp/files/256MB_6
client              | 10:05.13: Running garbage collector
client              | 10:05.13: Sleeping for 30.0 seconds
client              | 10:05.43: Starting
client              | 10:05.47: Finished
client              | 10:05.47: Collecting metrics from service
client              | 10:05.47: Deleting created file /tmp/files/256MB_6
client              | 10:05.47: Ending run 6
client              | 10:05.47: Preparing run 7
client              | 10:05.47: Creating file /tmp/files/256MB_7
client              | 10:05.49: Running garbage collector
client              | 10:05.49: Sleeping for 30.0 seconds
client              | 10:06.19: Starting
client              | 10:06.23: Finished
client              | 10:06.23: Collecting metrics from service
client              | 10:06.23: Deleting created file /tmp/files/256MB_7
client              | 10:06.24: Ending run 7
client              | 10:06.24: Preparing run 8
client              | 10:06.24: Creating file /tmp/files/256MB_8
client              | 10:06.25: Running garbage collector
client              | 10:06.25: Sleeping for 30.0 seconds
client              | 10:06.55: Starting
client              | 10:07.00: Finished
client              | 10:07.00: Collecting metrics from service
client              | 10:07.00: Deleting created file /tmp/files/256MB_8
client              | 10:07.00: Ending run 8
client              | 10:07.00: Preparing run 9
client              | 10:07.00: Creating file /tmp/files/256MB_9
client              | 10:07.02: Running garbage collector
client              | 10:07.02: Sleeping for 30.0 seconds
client              | 10:07.32: Starting
client              | 10:07.37: Finished
client              | 10:07.37: Collecting metrics from service
client              | 10:07.37: Deleting created file /tmp/files/256MB_9
client              | 10:07.37: Ending run 9
client              | 10:07.37: Preparing run 10
client              | 10:07.37: Creating file /tmp/files/256MB_10
client              | 10:07.39: Running garbage collector
client              | 10:07.39: Sleeping for 30.0 seconds
client              | 10:08.09: Starting
client              | 10:08.14: Finished
client              | 10:08.14: Collecting metrics from service
client              | 10:08.14: Deleting created file /tmp/files/256MB_10
client              | 10:08.14: Ending run 10
client              | 10:08.14: Writing metrics file
client              | 10:08.14: Sending upload finished signal
client              | 10:08.14: Waiting for download finished signal
client exited with code 0
Stopping service ... 
Stopping ipfs    ... 
Stopping ipfs    ... done
Stopping service ... done
Aborting on container exit...
Found orphan containers (webdav) for this project. If you removed or renamed this service in your compose file, you can run this command with the --remove-orphans flag to clean it up.
Removing client  ... 
Removing service ... 
Removing ipfs    ... 
Removing service ... done
Removing client  ... done
Removing ipfs    ... done
WARNING! This will remove all local volumes not used by at least one container.
Are you sure you want to continue? [y/N] Deleted Volumes:
b8ab8dab6bc653e646b23a2002ecbf661cc536820455eb7e4000110e3a0c7745

Total reclaimed space: 2.695GB
