Time start: 2022-03-17 08:47:52
Time end: 2022-03-17 08:58:11
Duration: 0:10:18.877742

Platform: Linux-5.4.0-99-generic-x86_64-with-glibc2.29
Name: lfw-ds001-i048
Release: #112-Ubuntu SMP Thu Feb 3 13:50:55 UTC 2022

Compose file: transfer_ipfs_download_setup.yml
Script: performance/transfer_ipfs_download.py
Environment vars:
SCRIPT: performance/transfer_ipfs_download.py
PEER_ID: 12D3KooWAsUkEFLRMxuMHbbVg9vwoZUdG2YyfDHVbxvVQK5MrAsc
BOOT_ADDRESS: 51.210.39.160
FILE_SIZE: 16384
RUN_COUNT: 10
INTERVAL_SECONDS: 30

WARNING! This will remove all stopped containers.
Are you sure you want to continue? [y/N] Total reclaimed space: 0B
Creating ipfs ... 
Creating client ... 
Creating service ... 
Creating client  ... done
Creating service ... done
Creating ipfs    ... done
Attaching to client, service, ipfs
ipfs                | Changing user to ipfs
ipfs                | ipfs version 0.7.0
ipfs                | Initializing IPFS with --empty-repo, --profile=badgerds
ipfs                | generating ED25519 keypair...done
ipfs                | peer identity: 12D3KooWNQWUZ7BpoyGgbSqaeGr5LqkSamnafa7EiFz1q7ufeT4E
ipfs                | initializing IPFS node at /data/ipfs
ipfs                | Removing default bootstrap nodes...
ipfs                | removed /dnsaddr/bootstrap.libp2p.io/p2p/QmNnooDu7bfjPFoTZYxMNLWUQJyrVwtbZg5gBMjTezGAJN
ipfs                | removed /dnsaddr/bootstrap.libp2p.io/p2p/QmQCU2EcMqAqQPR2i9bChDtGNJchTbq5TbXJJ16u19uLTa
ipfs                | removed /dnsaddr/bootstrap.libp2p.io/p2p/QmbLHAnMoJPWSCR5Zhtx6BHJX9KiKNN6tpvbUcqanj75Nb
ipfs                | removed /dnsaddr/bootstrap.libp2p.io/p2p/QmcZf59bWwK5XFi76CZX8cbJ4BhTzzA3gU1ZjYZcYW3dwt
ipfs                | removed /ip4/104.131.131.82/tcp/4001/p2p/QmaCpDMGvV2BGHeYERUEnRQAwe3N8SzbUtfsmvsqQLuvuJ
ipfs                | removed /ip4/104.131.131.82/udp/4001/quic/p2p/QmaCpDMGvV2BGHeYERUEnRQAwe3N8SzbUtfsmvsqQLuvuJ
ipfs                | added /ip4/51.210.39.160/tcp/4001/p2p/12D3KooWAsUkEFLRMxuMHbbVg9vwoZUdG2YyfDHVbxvVQK5MrAsc
ipfs                | Initializing daemon...
ipfs                | go-ipfs version: 0.7.0-ea77213
ipfs                | Repo version: 10
ipfs                | System version: amd64/linux
ipfs                | Golang version: go1.14.4
ipfs                | Swarm is limited to private network of peers with the swarm key
ipfs                | Swarm key fingerprint: c53fe9fc1c8eac4230853d5efb58f0a0
ipfs                | Swarm listening on /ip4/10.23.85.210/tcp/4001
ipfs                | Swarm listening on /ip4/127.0.0.1/tcp/4001
ipfs                | Swarm listening on /ip4/152.228.166.247/tcp/4001
ipfs                | Swarm listening on /ip4/172.17.0.1/tcp/4001
ipfs                | Swarm listening on /ip6/::1/tcp/4001
ipfs                | Swarm listening on /p2p-circuit
ipfs                | Swarm announcing /ip4/127.0.0.1/tcp/4001
ipfs                | Swarm announcing /ip4/152.228.166.247/tcp/4001
ipfs                | Swarm announcing /ip6/::1/tcp/4001
ipfs                | API server listening on /ip4/127.0.0.1/tcp/5001
ipfs                | WebUI: http://127.0.0.1:5001/webui
ipfs                | Gateway (readonly) server listening on /ip4/127.0.0.1/tcp/8080
ipfs                | Daemon is ready
service             | Connected to IPFS daemon...
service             | Connected to bootstrap peer...
service             | Received bootstrap peer id: 12D3KooWAsUkEFLRMxuMHbbVg9vwoZUdG2YyfDHVbxvVQK5MrAsc
service             | /ip4/51.210.39.160/tcp/4001/p2p/12D3KooWAsUkEFLRMxuMHbbVg9vwoZUdG2YyfDHVbxvVQK5MrAsc
service             | INFO:     Started server process [1]
service             | INFO:     Waiting for application startup.
service             | INFO:     Application startup complete.
service             | INFO:     Uvicorn running on http://127.0.0.1:8000 (Press CTRL+C to quit)
service             | INFO:     127.0.0.1:45832 - "GET /download/?file_path=%2Ftmp%2Ffiles%2F16KB_1 HTTP/1.1" 200 OK
service             | INFO:     127.0.0.1:45832 - "GET /metrics/ HTTP/1.1" 200 OK
service             | INFO:     127.0.0.1:45834 - "GET /download/?file_path=%2Ftmp%2Ffiles%2F16KB_2 HTTP/1.1" 200 OK
service             | INFO:     127.0.0.1:45834 - "GET /metrics/ HTTP/1.1" 200 OK
service             | INFO:     127.0.0.1:45838 - "GET /download/?file_path=%2Ftmp%2Ffiles%2F16KB_3 HTTP/1.1" 200 OK
service             | INFO:     127.0.0.1:45838 - "GET /metrics/ HTTP/1.1" 200 OK
service             | INFO:     127.0.0.1:45842 - "GET /download/?file_path=%2Ftmp%2Ffiles%2F16KB_4 HTTP/1.1" 200 OK
service             | INFO:     127.0.0.1:45842 - "GET /metrics/ HTTP/1.1" 200 OK
service             | INFO:     127.0.0.1:45846 - "GET /download/?file_path=%2Ftmp%2Ffiles%2F16KB_5 HTTP/1.1" 200 OK
service             | INFO:     127.0.0.1:45846 - "GET /metrics/ HTTP/1.1" 200 OK
service             | INFO:     127.0.0.1:45850 - "GET /download/?file_path=%2Ftmp%2Ffiles%2F16KB_6 HTTP/1.1" 200 OK
service             | INFO:     127.0.0.1:45850 - "GET /metrics/ HTTP/1.1" 200 OK
service             | INFO:     127.0.0.1:45854 - "GET /download/?file_path=%2Ftmp%2Ffiles%2F16KB_7 HTTP/1.1" 200 OK
service             | INFO:     127.0.0.1:45854 - "GET /metrics/ HTTP/1.1" 200 OK
service             | INFO:     127.0.0.1:45858 - "GET /download/?file_path=%2Ftmp%2Ffiles%2F16KB_8 HTTP/1.1" 200 OK
service             | INFO:     127.0.0.1:45858 - "GET /metrics/ HTTP/1.1" 200 OK
service             | INFO:     127.0.0.1:45862 - "GET /download/?file_path=%2Ftmp%2Ffiles%2F16KB_9 HTTP/1.1" 200 OK
service             | INFO:     127.0.0.1:45862 - "GET /metrics/ HTTP/1.1" 200 OK
service             | INFO:     127.0.0.1:45866 - "GET /download/?file_path=%2Ftmp%2Ffiles%2F16KB_10 HTTP/1.1" 200 OK
service             | INFO:     127.0.0.1:45866 - "GET /metrics/ HTTP/1.1" 200 OK
client              | 08:47.58: Connecting to download script runner
client              | 08:47.58: Waiting for finish upload signal
client              | 08:52.59: Starting 16KB benchmark
client              | 08:52.59: Creating client interface
client              | 08:52.59: Preparing run 1
client              | 08:52.59: Download file name is /tmp/files/16KB_1
client              | 08:52.59: Running garbage collector
client              | 08:52.59: Sleeping for 30.0 seconds
client              | 08:53.29: Starting
client              | 08:53.29: Finished
client              | 08:53.29: Collecting metrics from service
client              | 08:53.29: Deleting downloaded file /tmp/files/16KB_1
client              | 08:53.29: Ending run 1
client              | 08:53.29: Preparing run 2
client              | 08:53.29: Download file name is /tmp/files/16KB_2
client              | 08:53.29: Running garbage collector
client              | 08:53.29: Sleeping for 30.0 seconds
client              | 08:53.59: Starting
client              | 08:53.59: Finished
client              | 08:53.59: Collecting metrics from service
client              | 08:53.59: Deleting downloaded file /tmp/files/16KB_2
client              | 08:53.59: Ending run 2
client              | 08:53.59: Preparing run 3
client              | 08:53.59: Download file name is /tmp/files/16KB_3
client              | 08:53.59: Running garbage collector
client              | 08:53.59: Sleeping for 30.0 seconds
client              | 08:54.29: Starting
client              | 08:54.29: Finished
client              | 08:54.29: Collecting metrics from service
client              | 08:54.29: Deleting downloaded file /tmp/files/16KB_3
client              | 08:54.29: Ending run 3
client              | 08:54.29: Preparing run 4
client              | 08:54.29: Download file name is /tmp/files/16KB_4
client              | 08:54.29: Running garbage collector
client              | 08:54.29: Sleeping for 30.0 seconds
client              | 08:54.59: Starting
client              | 08:54.59: Finished
client              | 08:54.59: Collecting metrics from service
client              | 08:54.59: Deleting downloaded file /tmp/files/16KB_4
client              | 08:54.59: Ending run 4
client              | 08:54.59: Preparing run 5
client              | 08:54.59: Download file name is /tmp/files/16KB_5
client              | 08:54.59: Running garbage collector
client              | 08:54.59: Sleeping for 30.0 seconds
client              | 08:55.29: Starting
client              | 08:55.29: Finished
client              | 08:55.29: Collecting metrics from service
client              | 08:55.29: Deleting downloaded file /tmp/files/16KB_5
client              | 08:55.29: Ending run 5
client              | 08:55.29: Preparing run 6
client              | 08:55.29: Download file name is /tmp/files/16KB_6
client              | 08:55.29: Running garbage collector
client              | 08:55.29: Sleeping for 30.0 seconds
client              | 08:55.59: Starting
client              | 08:55.59: Finished
client              | 08:55.59: Collecting metrics from service
client              | 08:55.59: Deleting downloaded file /tmp/files/16KB_6
client              | 08:55.59: Ending run 6
client              | 08:55.59: Preparing run 7
client              | 08:55.59: Download file name is /tmp/files/16KB_7
client              | 08:55.59: Running garbage collector
client              | 08:55.59: Sleeping for 30.0 seconds
client              | 08:56.29: Starting
client              | 08:56.30: Finished
client              | 08:56.30: Collecting metrics from service
client              | 08:56.30: Deleting downloaded file /tmp/files/16KB_7
client              | 08:56.30: Ending run 7
client              | 08:56.30: Preparing run 8
client              | 08:56.30: Download file name is /tmp/files/16KB_8
client              | 08:56.30: Running garbage collector
client              | 08:56.30: Sleeping for 30.0 seconds
client              | 08:57.00: Starting
client              | 08:57.00: Finished
client              | 08:57.00: Collecting metrics from service
client              | 08:57.00: Deleting downloaded file /tmp/files/16KB_8
client              | 08:57.00: Ending run 8
client              | 08:57.00: Preparing run 9
client              | 08:57.00: Download file name is /tmp/files/16KB_9
client              | 08:57.00: Running garbage collector
client              | 08:57.00: Sleeping for 30.0 seconds
client              | 08:57.30: Starting
client              | 08:57.30: Finished
client              | 08:57.30: Collecting metrics from service
client              | 08:57.30: Deleting downloaded file /tmp/files/16KB_9
client              | 08:57.30: Ending run 9
client              | 08:57.30: Preparing run 10
client              | 08:57.30: Download file name is /tmp/files/16KB_10
client              | 08:57.30: Running garbage collector
client              | 08:57.30: Sleeping for 30.0 seconds
client              | 08:58.00: Starting
client              | 08:58.00: Finished
client              | 08:58.00: Collecting metrics from service
client              | 08:58.00: Deleting downloaded file /tmp/files/16KB_10
client              | 08:58.00: Ending run 10
client              | 08:58.00: Writing metrics file
client              | 08:58.00: Send finished download signal
client exited with code 0
Stopping service ... 
Stopping ipfs    ... 
Stopping ipfs    ... done
Stopping service ... done
Aborting on container exit...
Removing service ... 
Removing ipfs    ... 
Removing client  ... 
Removing client  ... done
Removing service ... done
Removing ipfs    ... done
WARNING! This will remove all local volumes not used by at least one container.
Are you sure you want to continue? [y/N] Deleted Volumes:
073c90d508db0d097003cf4b8a43bfae7ffbda42efe8e22832e7241683da14d3

Total reclaimed space: 449.1kB
