Time start: 2022-03-17 08:37:24
Time end: 2022-03-17 08:47:43
Duration: 0:10:18.839764

Platform: Linux-5.4.0-99-generic-x86_64-with-glibc2.29
Name: lfw-ds001-i048
Release: #112-Ubuntu SMP Thu Feb 3 13:50:55 UTC 2022

Compose file: transfer_ipfs_download_setup.yml
Script: performance/transfer_ipfs_download.py
Environment vars:
SCRIPT: performance/transfer_ipfs_download.py
PEER_ID: 12D3KooWCdS8x5GCZ9ihuHP9tAKcw3aSQ3LtLTPWCgqZ6iethtRT
BOOT_ADDRESS: 51.210.39.160
FILE_SIZE: 4096
RUN_COUNT: 10
INTERVAL_SECONDS: 30

WARNING! This will remove all stopped containers.
Are you sure you want to continue? [y/N] Total reclaimed space: 0B
Creating ipfs ... 
Creating client ... 
Creating service ... 
Creating client  ... done
Creating service ... done
Creating ipfs    ... done
Attaching to client, service, ipfs
ipfs                | Changing user to ipfs
ipfs                | ipfs version 0.7.0
ipfs                | Initializing IPFS with --empty-repo, --profile=badgerds
ipfs                | generating ED25519 keypair...done
ipfs                | peer identity: 12D3KooWEQ5PavcaAK9Nrbcw9WHbxxYNVGm524kYGxbzZ2iz15WK
ipfs                | initializing IPFS node at /data/ipfs
ipfs                | Removing default bootstrap nodes...
ipfs                | removed /dnsaddr/bootstrap.libp2p.io/p2p/QmNnooDu7bfjPFoTZYxMNLWUQJyrVwtbZg5gBMjTezGAJN
ipfs                | removed /dnsaddr/bootstrap.libp2p.io/p2p/QmQCU2EcMqAqQPR2i9bChDtGNJchTbq5TbXJJ16u19uLTa
ipfs                | removed /dnsaddr/bootstrap.libp2p.io/p2p/QmbLHAnMoJPWSCR5Zhtx6BHJX9KiKNN6tpvbUcqanj75Nb
ipfs                | removed /dnsaddr/bootstrap.libp2p.io/p2p/QmcZf59bWwK5XFi76CZX8cbJ4BhTzzA3gU1ZjYZcYW3dwt
ipfs                | removed /ip4/104.131.131.82/tcp/4001/p2p/QmaCpDMGvV2BGHeYERUEnRQAwe3N8SzbUtfsmvsqQLuvuJ
ipfs                | removed /ip4/104.131.131.82/udp/4001/quic/p2p/QmaCpDMGvV2BGHeYERUEnRQAwe3N8SzbUtfsmvsqQLuvuJ
ipfs                | added /ip4/51.210.39.160/tcp/4001/p2p/12D3KooWCdS8x5GCZ9ihuHP9tAKcw3aSQ3LtLTPWCgqZ6iethtRT
ipfs                | Initializing daemon...
ipfs                | go-ipfs version: 0.7.0-ea77213
ipfs                | Repo version: 10
ipfs                | System version: amd64/linux
ipfs                | Golang version: go1.14.4
ipfs                | Swarm is limited to private network of peers with the swarm key
ipfs                | Swarm key fingerprint: c53fe9fc1c8eac4230853d5efb58f0a0
ipfs                | Swarm listening on /ip4/10.23.85.210/tcp/4001
ipfs                | Swarm listening on /ip4/127.0.0.1/tcp/4001
ipfs                | Swarm listening on /ip4/152.228.166.247/tcp/4001
ipfs                | Swarm listening on /ip4/172.17.0.1/tcp/4001
ipfs                | Swarm listening on /ip6/::1/tcp/4001
ipfs                | Swarm listening on /p2p-circuit
ipfs                | Swarm announcing /ip4/127.0.0.1/tcp/4001
ipfs                | Swarm announcing /ip4/152.228.166.247/tcp/4001
ipfs                | Swarm announcing /ip6/::1/tcp/4001
ipfs                | API server listening on /ip4/127.0.0.1/tcp/5001
ipfs                | WebUI: http://127.0.0.1:5001/webui
ipfs                | Gateway (readonly) server listening on /ip4/127.0.0.1/tcp/8080
ipfs                | Daemon is ready
service             | Connected to IPFS daemon...
service             | Connected to bootstrap peer...
service             | Received bootstrap peer id: 12D3KooWCdS8x5GCZ9ihuHP9tAKcw3aSQ3LtLTPWCgqZ6iethtRT
service             | /ip4/51.210.39.160/tcp/4001/p2p/12D3KooWCdS8x5GCZ9ihuHP9tAKcw3aSQ3LtLTPWCgqZ6iethtRT
service             | INFO:     Started server process [1]
service             | INFO:     Waiting for application startup.
service             | INFO:     Application startup complete.
service             | INFO:     Uvicorn running on http://127.0.0.1:8000 (Press CTRL+C to quit)
service             | INFO:     127.0.0.1:45772 - "GET /download/?file_path=%2Ftmp%2Ffiles%2F4KB_1 HTTP/1.1" 200 OK
service             | INFO:     127.0.0.1:45772 - "GET /metrics/ HTTP/1.1" 200 OK
service             | INFO:     127.0.0.1:45774 - "GET /download/?file_path=%2Ftmp%2Ffiles%2F4KB_2 HTTP/1.1" 200 OK
service             | INFO:     127.0.0.1:45774 - "GET /metrics/ HTTP/1.1" 200 OK
service             | INFO:     127.0.0.1:45778 - "GET /download/?file_path=%2Ftmp%2Ffiles%2F4KB_3 HTTP/1.1" 200 OK
service             | INFO:     127.0.0.1:45778 - "GET /metrics/ HTTP/1.1" 200 OK
service             | INFO:     127.0.0.1:45784 - "GET /download/?file_path=%2Ftmp%2Ffiles%2F4KB_4 HTTP/1.1" 200 OK
service             | INFO:     127.0.0.1:45784 - "GET /metrics/ HTTP/1.1" 200 OK
service             | INFO:     127.0.0.1:45788 - "GET /download/?file_path=%2Ftmp%2Ffiles%2F4KB_5 HTTP/1.1" 200 OK
service             | INFO:     127.0.0.1:45788 - "GET /metrics/ HTTP/1.1" 200 OK
service             | INFO:     127.0.0.1:45792 - "GET /download/?file_path=%2Ftmp%2Ffiles%2F4KB_6 HTTP/1.1" 200 OK
service             | INFO:     127.0.0.1:45792 - "GET /metrics/ HTTP/1.1" 200 OK
service             | INFO:     127.0.0.1:45798 - "GET /download/?file_path=%2Ftmp%2Ffiles%2F4KB_7 HTTP/1.1" 200 OK
service             | INFO:     127.0.0.1:45798 - "GET /metrics/ HTTP/1.1" 200 OK
service             | INFO:     127.0.0.1:45802 - "GET /download/?file_path=%2Ftmp%2Ffiles%2F4KB_8 HTTP/1.1" 200 OK
service             | INFO:     127.0.0.1:45802 - "GET /metrics/ HTTP/1.1" 200 OK
service             | INFO:     127.0.0.1:45806 - "GET /download/?file_path=%2Ftmp%2Ffiles%2F4KB_9 HTTP/1.1" 200 OK
service             | INFO:     127.0.0.1:45806 - "GET /metrics/ HTTP/1.1" 200 OK
service             | INFO:     127.0.0.1:45810 - "GET /download/?file_path=%2Ftmp%2Ffiles%2F4KB_10 HTTP/1.1" 200 OK
service             | INFO:     127.0.0.1:45810 - "GET /metrics/ HTTP/1.1" 200 OK
client              | 08:37.30: Connecting to download script runner
client              | 08:37.30: Waiting for finish upload signal
client              | 08:42.31: Starting 4KB benchmark
client              | 08:42.31: Creating client interface
client              | 08:42.31: Preparing run 1
client              | 08:42.31: Download file name is /tmp/files/4KB_1
client              | 08:42.31: Running garbage collector
client              | 08:42.31: Sleeping for 30.0 seconds
client              | 08:43.01: Starting
client              | 08:43.01: Finished
client              | 08:43.01: Collecting metrics from service
client              | 08:43.01: Deleting downloaded file /tmp/files/4KB_1
client              | 08:43.01: Ending run 1
client              | 08:43.01: Preparing run 2
client              | 08:43.01: Download file name is /tmp/files/4KB_2
client              | 08:43.01: Running garbage collector
client              | 08:43.01: Sleeping for 30.0 seconds
client              | 08:43.31: Starting
client              | 08:43.31: Finished
client              | 08:43.31: Collecting metrics from service
client              | 08:43.31: Deleting downloaded file /tmp/files/4KB_2
client              | 08:43.31: Ending run 2
client              | 08:43.31: Preparing run 3
client              | 08:43.31: Download file name is /tmp/files/4KB_3
client              | 08:43.31: Running garbage collector
client              | 08:43.31: Sleeping for 30.0 seconds
client              | 08:44.01: Starting
client              | 08:44.02: Finished
client              | 08:44.02: Collecting metrics from service
client              | 08:44.02: Deleting downloaded file /tmp/files/4KB_3
client              | 08:44.02: Ending run 3
client              | 08:44.02: Preparing run 4
client              | 08:44.02: Download file name is /tmp/files/4KB_4
client              | 08:44.02: Running garbage collector
client              | 08:44.02: Sleeping for 30.0 seconds
client              | 08:44.32: Starting
client              | 08:44.32: Finished
client              | 08:44.32: Collecting metrics from service
client              | 08:44.32: Deleting downloaded file /tmp/files/4KB_4
client              | 08:44.32: Ending run 4
client              | 08:44.32: Preparing run 5
client              | 08:44.32: Download file name is /tmp/files/4KB_5
client              | 08:44.32: Running garbage collector
client              | 08:44.32: Sleeping for 30.0 seconds
client              | 08:45.02: Starting
client              | 08:45.02: Finished
client              | 08:45.02: Collecting metrics from service
client              | 08:45.02: Deleting downloaded file /tmp/files/4KB_5
client              | 08:45.02: Ending run 5
client              | 08:45.02: Preparing run 6
client              | 08:45.02: Download file name is /tmp/files/4KB_6
client              | 08:45.02: Running garbage collector
client              | 08:45.02: Sleeping for 30.0 seconds
client              | 08:45.32: Starting
client              | 08:45.32: Finished
client              | 08:45.32: Collecting metrics from service
client              | 08:45.32: Deleting downloaded file /tmp/files/4KB_6
client              | 08:45.32: Ending run 6
client              | 08:45.32: Preparing run 7
client              | 08:45.32: Download file name is /tmp/files/4KB_7
client              | 08:45.32: Running garbage collector
client              | 08:45.32: Sleeping for 30.0 seconds
client              | 08:46.02: Starting
client              | 08:46.02: Finished
client              | 08:46.02: Collecting metrics from service
client              | 08:46.02: Deleting downloaded file /tmp/files/4KB_7
client              | 08:46.02: Ending run 7
client              | 08:46.02: Preparing run 8
client              | 08:46.02: Download file name is /tmp/files/4KB_8
client              | 08:46.02: Running garbage collector
client              | 08:46.02: Sleeping for 30.0 seconds
client              | 08:46.32: Starting
client              | 08:46.32: Finished
client              | 08:46.32: Collecting metrics from service
client              | 08:46.32: Deleting downloaded file /tmp/files/4KB_8
client              | 08:46.32: Ending run 8
client              | 08:46.32: Preparing run 9
client              | 08:46.32: Download file name is /tmp/files/4KB_9
client              | 08:46.32: Running garbage collector
client              | 08:46.32: Sleeping for 30.0 seconds
client              | 08:47.02: Starting
client              | 08:47.02: Finished
client              | 08:47.02: Collecting metrics from service
client              | 08:47.02: Deleting downloaded file /tmp/files/4KB_9
client              | 08:47.02: Ending run 9
client              | 08:47.02: Preparing run 10
client              | 08:47.02: Download file name is /tmp/files/4KB_10
client              | 08:47.02: Running garbage collector
client              | 08:47.02: Sleeping for 30.0 seconds
client              | 08:47.32: Starting
client              | 08:47.32: Finished
client              | 08:47.32: Collecting metrics from service
client              | 08:47.32: Deleting downloaded file /tmp/files/4KB_10
client              | 08:47.32: Ending run 10
client              | 08:47.32: Writing metrics file
client              | 08:47.32: Send finished download signal
client exited with code 0
Stopping ipfs    ... 
Stopping service ... 
Stopping ipfs    ... done
Stopping service ... done
Aborting on container exit...
Removing ipfs    ... 
Removing service ... 
Removing client  ... 
Removing service ... done
Removing ipfs    ... done
Removing client  ... done
WARNING! This will remove all local volumes not used by at least one container.
Are you sure you want to continue? [y/N] Deleted Volumes:
c215d4c10ec49fb9c4522a0c7a7b8bcbb907d1953a5106438fc6773482fee07e

Total reclaimed space: 203.2kB
