Time start: 2022-03-17 09:40:14
Time end: 2022-03-17 09:50:44
Duration: 0:10:29.398997

Platform: Linux-5.4.0-99-generic-x86_64-with-glibc2.29
Name: lfw-ds001-i048
Release: #112-Ubuntu SMP Thu Feb 3 13:50:55 UTC 2022

Compose file: transfer_ipfs_download_setup.yml
Script: performance/transfer_ipfs_download.py
Environment vars:
SCRIPT: performance/transfer_ipfs_download.py
PEER_ID: 12D3KooWRTayYqQkbBvtGS4rN5vmriH3N3iiFMA91gLa6j9CaX3i
BOOT_ADDRESS: 51.210.39.160
FILE_SIZE: 16777216
RUN_COUNT: 10
INTERVAL_SECONDS: 30

WARNING! This will remove all stopped containers.
Are you sure you want to continue? [y/N] Total reclaimed space: 0B
Creating ipfs ... 
Creating client ... 
Creating service ... 
Creating service ... done
Creating ipfs    ... done
Creating client  ... done
Attaching to service, ipfs, client
ipfs                | Changing user to ipfs
ipfs                | ipfs version 0.7.0
ipfs                | Initializing IPFS with --empty-repo, --profile=badgerds
ipfs                | generating ED25519 keypair...done
ipfs                | peer identity: 12D3KooWKDctEtj4R4c6CF3b1x1nx2v5JNePawyKtDrwQbmFX2dp
ipfs                | initializing IPFS node at /data/ipfs
ipfs                | Removing default bootstrap nodes...
ipfs                | removed /dnsaddr/bootstrap.libp2p.io/p2p/QmNnooDu7bfjPFoTZYxMNLWUQJyrVwtbZg5gBMjTezGAJN
ipfs                | removed /dnsaddr/bootstrap.libp2p.io/p2p/QmQCU2EcMqAqQPR2i9bChDtGNJchTbq5TbXJJ16u19uLTa
ipfs                | removed /dnsaddr/bootstrap.libp2p.io/p2p/QmbLHAnMoJPWSCR5Zhtx6BHJX9KiKNN6tpvbUcqanj75Nb
ipfs                | removed /dnsaddr/bootstrap.libp2p.io/p2p/QmcZf59bWwK5XFi76CZX8cbJ4BhTzzA3gU1ZjYZcYW3dwt
ipfs                | removed /ip4/104.131.131.82/tcp/4001/p2p/QmaCpDMGvV2BGHeYERUEnRQAwe3N8SzbUtfsmvsqQLuvuJ
ipfs                | removed /ip4/104.131.131.82/udp/4001/quic/p2p/QmaCpDMGvV2BGHeYERUEnRQAwe3N8SzbUtfsmvsqQLuvuJ
ipfs                | added /ip4/51.210.39.160/tcp/4001/p2p/12D3KooWRTayYqQkbBvtGS4rN5vmriH3N3iiFMA91gLa6j9CaX3i
ipfs                | Initializing daemon...
ipfs                | go-ipfs version: 0.7.0-ea77213
ipfs                | Repo version: 10
ipfs                | System version: amd64/linux
ipfs                | Golang version: go1.14.4
ipfs                | Swarm is limited to private network of peers with the swarm key
ipfs                | Swarm key fingerprint: c53fe9fc1c8eac4230853d5efb58f0a0
ipfs                | Swarm listening on /ip4/10.23.85.210/tcp/4001
ipfs                | Swarm listening on /ip4/127.0.0.1/tcp/4001
ipfs                | Swarm listening on /ip4/152.228.166.247/tcp/4001
ipfs                | Swarm listening on /ip4/172.17.0.1/tcp/4001
ipfs                | Swarm listening on /ip6/::1/tcp/4001
ipfs                | Swarm listening on /p2p-circuit
ipfs                | Swarm announcing /ip4/127.0.0.1/tcp/4001
ipfs                | Swarm announcing /ip4/152.228.166.247/tcp/4001
ipfs                | Swarm announcing /ip6/::1/tcp/4001
ipfs                | API server listening on /ip4/127.0.0.1/tcp/5001
ipfs                | WebUI: http://127.0.0.1:5001/webui
ipfs                | Gateway (readonly) server listening on /ip4/127.0.0.1/tcp/8080
ipfs                | Daemon is ready
service             | Connected to IPFS daemon...
service             | Connected to bootstrap peer...
service             | Received bootstrap peer id: 12D3KooWRTayYqQkbBvtGS4rN5vmriH3N3iiFMA91gLa6j9CaX3i
service             | /ip4/51.210.39.160/tcp/4001/p2p/12D3KooWRTayYqQkbBvtGS4rN5vmriH3N3iiFMA91gLa6j9CaX3i
service             | INFO:     Started server process [1]
service             | INFO:     Waiting for application startup.
service             | INFO:     Application startup complete.
service             | INFO:     Uvicorn running on http://127.0.0.1:8000 (Press CTRL+C to quit)
service             | INFO:     127.0.0.1:46128 - "GET /download/?file_path=%2Ftmp%2Ffiles%2F16MB_1 HTTP/1.1" 200 OK
service             | INFO:     127.0.0.1:46128 - "GET /metrics/ HTTP/1.1" 200 OK
service             | INFO:     127.0.0.1:46130 - "GET /download/?file_path=%2Ftmp%2Ffiles%2F16MB_2 HTTP/1.1" 200 OK
service             | INFO:     127.0.0.1:46130 - "GET /metrics/ HTTP/1.1" 200 OK
service             | INFO:     127.0.0.1:46134 - "GET /download/?file_path=%2Ftmp%2Ffiles%2F16MB_3 HTTP/1.1" 200 OK
service             | INFO:     127.0.0.1:46134 - "GET /metrics/ HTTP/1.1" 200 OK
service             | INFO:     127.0.0.1:46138 - "GET /download/?file_path=%2Ftmp%2Ffiles%2F16MB_4 HTTP/1.1" 200 OK
service             | INFO:     127.0.0.1:46138 - "GET /metrics/ HTTP/1.1" 200 OK
service             | INFO:     127.0.0.1:46144 - "GET /download/?file_path=%2Ftmp%2Ffiles%2F16MB_5 HTTP/1.1" 200 OK
service             | INFO:     127.0.0.1:46144 - "GET /metrics/ HTTP/1.1" 200 OK
service             | INFO:     127.0.0.1:46148 - "GET /download/?file_path=%2Ftmp%2Ffiles%2F16MB_6 HTTP/1.1" 200 OK
service             | INFO:     127.0.0.1:46148 - "GET /metrics/ HTTP/1.1" 200 OK
service             | INFO:     127.0.0.1:46152 - "GET /download/?file_path=%2Ftmp%2Ffiles%2F16MB_7 HTTP/1.1" 200 OK
service             | INFO:     127.0.0.1:46152 - "GET /metrics/ HTTP/1.1" 200 OK
service             | INFO:     127.0.0.1:46156 - "GET /download/?file_path=%2Ftmp%2Ffiles%2F16MB_8 HTTP/1.1" 200 OK
service             | INFO:     127.0.0.1:46156 - "GET /metrics/ HTTP/1.1" 200 OK
service             | INFO:     127.0.0.1:46160 - "GET /download/?file_path=%2Ftmp%2Ffiles%2F16MB_9 HTTP/1.1" 200 OK
service             | INFO:     127.0.0.1:46160 - "GET /metrics/ HTTP/1.1" 200 OK
service             | INFO:     127.0.0.1:46166 - "GET /download/?file_path=%2Ftmp%2Ffiles%2F16MB_10 HTTP/1.1" 200 OK
service             | INFO:     127.0.0.1:46166 - "GET /metrics/ HTTP/1.1" 200 OK
client              | 09:40.20: Connecting to download script runner
client              | 09:40.20: Waiting for finish upload signal
client              | 09:45.26: Starting 16MB benchmark
client              | 09:45.26: Creating client interface
client              | 09:45.26: Preparing run 1
client              | 09:45.26: Download file name is /tmp/files/16MB_1
client              | 09:45.26: Running garbage collector
client              | 09:45.26: Sleeping for 30.0 seconds
client              | 09:45.56: Starting
client              | 09:45.57: Finished
client              | 09:45.57: Collecting metrics from service
client              | 09:45.57: Deleting downloaded file /tmp/files/16MB_1
client              | 09:45.57: Ending run 1
client              | 09:45.57: Preparing run 2
client              | 09:45.57: Download file name is /tmp/files/16MB_2
client              | 09:45.57: Running garbage collector
client              | 09:45.57: Sleeping for 30.0 seconds
client              | 09:46.27: Starting
client              | 09:46.27: Finished
client              | 09:46.27: Collecting metrics from service
client              | 09:46.27: Deleting downloaded file /tmp/files/16MB_2
client              | 09:46.27: Ending run 2
client              | 09:46.27: Preparing run 3
client              | 09:46.27: Download file name is /tmp/files/16MB_3
client              | 09:46.27: Running garbage collector
client              | 09:46.27: Sleeping for 30.0 seconds
client              | 09:46.57: Starting
client              | 09:46.58: Finished
client              | 09:46.58: Collecting metrics from service
client              | 09:46.58: Deleting downloaded file /tmp/files/16MB_3
client              | 09:46.58: Ending run 3
client              | 09:46.58: Preparing run 4
client              | 09:46.58: Download file name is /tmp/files/16MB_4
client              | 09:46.58: Running garbage collector
client              | 09:46.58: Sleeping for 30.0 seconds
client              | 09:47.28: Starting
client              | 09:47.29: Finished
client              | 09:47.29: Collecting metrics from service
client              | 09:47.29: Deleting downloaded file /tmp/files/16MB_4
client              | 09:47.29: Ending run 4
client              | 09:47.29: Preparing run 5
client              | 09:47.29: Download file name is /tmp/files/16MB_5
client              | 09:47.29: Running garbage collector
client              | 09:47.29: Sleeping for 30.0 seconds
client              | 09:47.59: Starting
client              | 09:47.59: Finished
client              | 09:47.59: Collecting metrics from service
client              | 09:47.59: Deleting downloaded file /tmp/files/16MB_5
client              | 09:47.59: Ending run 5
client              | 09:47.59: Preparing run 6
client              | 09:47.59: Download file name is /tmp/files/16MB_6
client              | 09:47.59: Running garbage collector
client              | 09:47.59: Sleeping for 30.0 seconds
client              | 09:48.29: Starting
client              | 09:48.30: Finished
client              | 09:48.30: Collecting metrics from service
client              | 09:48.30: Deleting downloaded file /tmp/files/16MB_6
client              | 09:48.30: Ending run 6
client              | 09:48.30: Preparing run 7
client              | 09:48.30: Download file name is /tmp/files/16MB_7
client              | 09:48.30: Running garbage collector
client              | 09:48.30: Sleeping for 30.0 seconds
client              | 09:49.00: Starting
client              | 09:49.01: Finished
client              | 09:49.01: Collecting metrics from service
client              | 09:49.01: Deleting downloaded file /tmp/files/16MB_7
client              | 09:49.01: Ending run 7
client              | 09:49.01: Preparing run 8
client              | 09:49.01: Download file name is /tmp/files/16MB_8
client              | 09:49.01: Running garbage collector
client              | 09:49.01: Sleeping for 30.0 seconds
client              | 09:49.31: Starting
client              | 09:49.31: Finished
client              | 09:49.31: Collecting metrics from service
client              | 09:49.31: Deleting downloaded file /tmp/files/16MB_8
client              | 09:49.31: Ending run 8
client              | 09:49.31: Preparing run 9
client              | 09:49.31: Download file name is /tmp/files/16MB_9
client              | 09:49.31: Running garbage collector
client              | 09:49.31: Sleeping for 30.0 seconds
client              | 09:50.01: Starting
client              | 09:50.02: Finished
client              | 09:50.02: Collecting metrics from service
client              | 09:50.02: Deleting downloaded file /tmp/files/16MB_9
client              | 09:50.02: Ending run 9
client              | 09:50.02: Preparing run 10
client              | 09:50.02: Download file name is /tmp/files/16MB_10
client              | 09:50.02: Running garbage collector
client              | 09:50.02: Sleeping for 30.0 seconds
client              | 09:50.32: Starting
client              | 09:50.33: Finished
client              | 09:50.33: Collecting metrics from service
client              | 09:50.33: Deleting downloaded file /tmp/files/16MB_10
client              | 09:50.33: Ending run 10
client              | 09:50.33: Writing metrics file
client              | 09:50.33: Send finished download signal
client exited with code 0
Stopping service ... 
Stopping ipfs    ... 
Stopping ipfs    ... done
Stopping service ... done
Aborting on container exit...
Removing service ... 
Removing client  ... 
Removing ipfs    ... 
Removing ipfs    ... done
Removing client  ... done
Removing service ... done
WARNING! This will remove all local volumes not used by at least one container.
Are you sure you want to continue? [y/N] Deleted Volumes:
0eb24608c85b82db3c9d78e0b8cf01ae52450c5a6b9bf146163ecaf556b4a702

Total reclaimed space: 168.5MB
