Time start: 2022-03-17 09:08:39
Time end: 2022-03-17 09:19:07
Duration: 0:10:27.816116

Platform: Linux-5.4.0-99-generic-x86_64-with-glibc2.29
Name: lfw-ds001-i045
Release: #112-Ubuntu SMP Thu Feb 3 13:50:55 UTC 2022

Compose file: transfer_ipfs_upload_setup.yml
Script: performance/transfer_ipfs_upload.py
Environment vars:
SCRIPT: performance/transfer_ipfs_upload.py
FILE_SIZE: 262144
RUN_COUNT: 10
INTERVAL_SECONDS: 30

WARNING! This will remove all stopped containers.
Are you sure you want to continue? [y/N] Total reclaimed space: 0B
Found orphan containers (webdav) for this project. If you removed or renamed this service in your compose file, you can run this command with the --remove-orphans flag to clean it up.
Creating client ... 
Creating service ... 
Creating ipfs    ... 
Creating service ... done
Creating client  ... done
Creating ipfs    ... done
Attaching to service, client, ipfs
ipfs                | Changing user to ipfs
ipfs                | ipfs version 0.7.0
ipfs                | Initializing IPFS with --empty-repo, --profile=badgerds
service             | ConnectionError: HTTPConnectionPool(host='127.0.0.1', port=5001): Max retries exceeded with url: /api/v0/version?stream-channels=true (Caused by NewConnectionError('<ipfshttpclient.requests_wrapper.HTTPConnection object at 0x7f9ebce87f40>: Failed to establish a new connection: [Errno 111] Connection refused'))
ipfs                | generating ED25519 keypair...done
ipfs                | peer identity: 12D3KooWKWcCUJy4dV9rvKaTrzVNEc5QnHsWXG1f7MidDQm3Jasg
ipfs                | initializing IPFS node at /data/ipfs
ipfs                | Removing default bootstrap nodes...
ipfs                | removed /dnsaddr/bootstrap.libp2p.io/p2p/QmNnooDu7bfjPFoTZYxMNLWUQJyrVwtbZg5gBMjTezGAJN
ipfs                | removed /dnsaddr/bootstrap.libp2p.io/p2p/QmQCU2EcMqAqQPR2i9bChDtGNJchTbq5TbXJJ16u19uLTa
ipfs                | removed /dnsaddr/bootstrap.libp2p.io/p2p/QmbLHAnMoJPWSCR5Zhtx6BHJX9KiKNN6tpvbUcqanj75Nb
ipfs                | removed /dnsaddr/bootstrap.libp2p.io/p2p/QmcZf59bWwK5XFi76CZX8cbJ4BhTzzA3gU1ZjYZcYW3dwt
ipfs                | removed /ip4/104.131.131.82/tcp/4001/p2p/QmaCpDMGvV2BGHeYERUEnRQAwe3N8SzbUtfsmvsqQLuvuJ
ipfs                | removed /ip4/104.131.131.82/udp/4001/quic/p2p/QmaCpDMGvV2BGHeYERUEnRQAwe3N8SzbUtfsmvsqQLuvuJ
ipfs                | Initializing daemon...
ipfs                | go-ipfs version: 0.7.0-ea77213
ipfs                | Repo version: 10
ipfs                | System version: amd64/linux
ipfs                | Golang version: go1.14.4
ipfs                | Swarm is limited to private network of peers with the swarm key
ipfs                | Swarm key fingerprint: c53fe9fc1c8eac4230853d5efb58f0a0
ipfs                | Swarm listening on /ip4/10.23.89.47/tcp/4001
ipfs                | Swarm listening on /ip4/127.0.0.1/tcp/4001
ipfs                | Swarm listening on /ip4/172.17.0.1/tcp/4001
ipfs                | Swarm listening on /ip4/51.210.39.160/tcp/4001
ipfs                | Swarm listening on /ip6/::1/tcp/4001
ipfs                | Swarm listening on /p2p-circuit
ipfs                | Swarm announcing /ip4/127.0.0.1/tcp/4001
ipfs                | Swarm announcing /ip4/51.210.39.160/tcp/4001
ipfs                | Swarm announcing /ip6/::1/tcp/4001
ipfs                | API server listening on /ip4/127.0.0.1/tcp/5001
ipfs                | WebUI: http://127.0.0.1:5001/webui
ipfs                | Gateway (readonly) server listening on /ip4/127.0.0.1/tcp/8080
ipfs                | Daemon is ready
service             | Connected to IPFS daemon...
service             | Connected to bootstrap peer...
service             | New bootstrapping peer joined
service             | Send my peer ID: 12D3KooWKWcCUJy4dV9rvKaTrzVNEc5QnHsWXG1f7MidDQm3Jasg
service             | Received bootstrap peer id: 12D3KooWKWcCUJy4dV9rvKaTrzVNEc5QnHsWXG1f7MidDQm3Jasg
service             | I am the bootstrap peer
service             | Could not publish files...
service             | failed to find any peer in table
service             | INFO:     Started server process [1]
service             | INFO:     Waiting for application startup.
service             | INFO:     Application startup complete.
service             | INFO:     Uvicorn running on http://127.0.0.1:8000 (Press CTRL+C to quit)
service             | New bootstrapping peer joined
service             | Send my peer ID: 12D3KooWKWcCUJy4dV9rvKaTrzVNEc5QnHsWXG1f7MidDQm3Jasg
service             | INFO:     127.0.0.1:37298 - "PUT /upload/?file_path=%2Ftmp%2Ffiles%2F256KB_1 HTTP/1.1" 200 OK
service             | INFO:     127.0.0.1:37298 - "GET /metrics/ HTTP/1.1" 200 OK
service             | INFO:     127.0.0.1:37300 - "PUT /upload/?file_path=%2Ftmp%2Ffiles%2F256KB_2 HTTP/1.1" 200 OK
service             | INFO:     127.0.0.1:37300 - "GET /metrics/ HTTP/1.1" 200 OK
service             | INFO:     127.0.0.1:37308 - "PUT /upload/?file_path=%2Ftmp%2Ffiles%2F256KB_3 HTTP/1.1" 200 OK
service             | INFO:     127.0.0.1:37308 - "GET /metrics/ HTTP/1.1" 200 OK
service             | INFO:     127.0.0.1:37312 - "PUT /upload/?file_path=%2Ftmp%2Ffiles%2F256KB_4 HTTP/1.1" 200 OK
service             | INFO:     127.0.0.1:37312 - "GET /metrics/ HTTP/1.1" 200 OK
service             | INFO:     127.0.0.1:37316 - "PUT /upload/?file_path=%2Ftmp%2Ffiles%2F256KB_5 HTTP/1.1" 200 OK
service             | INFO:     127.0.0.1:37316 - "GET /metrics/ HTTP/1.1" 200 OK
service             | INFO:     127.0.0.1:37324 - "PUT /upload/?file_path=%2Ftmp%2Ffiles%2F256KB_6 HTTP/1.1" 200 OK
service             | INFO:     127.0.0.1:37324 - "GET /metrics/ HTTP/1.1" 200 OK
service             | INFO:     127.0.0.1:37328 - "PUT /upload/?file_path=%2Ftmp%2Ffiles%2F256KB_7 HTTP/1.1" 200 OK
service             | INFO:     127.0.0.1:37328 - "GET /metrics/ HTTP/1.1" 200 OK
service             | INFO:     127.0.0.1:37330 - "PUT /upload/?file_path=%2Ftmp%2Ffiles%2F256KB_8 HTTP/1.1" 200 OK
service             | INFO:     127.0.0.1:37330 - "GET /metrics/ HTTP/1.1" 200 OK
service             | INFO:     127.0.0.1:37334 - "PUT /upload/?file_path=%2Ftmp%2Ffiles%2F256KB_9 HTTP/1.1" 200 OK
service             | INFO:     127.0.0.1:37334 - "GET /metrics/ HTTP/1.1" 200 OK
service             | INFO:     127.0.0.1:37342 - "PUT /upload/?file_path=%2Ftmp%2Ffiles%2F256KB_10 HTTP/1.1" 200 OK
service             | INFO:     127.0.0.1:37342 - "GET /metrics/ HTTP/1.1" 200 OK
client              | 09:08.47: Connecting to IPFS daemon
client              | 09:08.47: Connected to IPFS daemon, peer ID is 12D3KooWKWcCUJy4dV9rvKaTrzVNEc5QnHsWXG1f7MidDQm3Jasg
client              | 09:08.47: Connecting to upload script runner
client              | 09:08.47: Sending peer ID
client              | 09:08.47: Waiting for signal to start downloading
client              | 09:08.53: Starting 256KB benchmark
client              | 09:08.53: Creating client interface
client              | 09:08.53: Preparing run 1
client              | 09:08.53: Creating file /tmp/files/256KB_1
client              | 09:08.53: Running garbage collector
client              | 09:08.53: Sleeping for 30.0 seconds
client              | 09:09.23: Starting
client              | 09:09.23: Finished
client              | 09:09.23: Collecting metrics from service
client              | 09:09.23: Deleting created file /tmp/files/256KB_1
client              | 09:09.23: Ending run 1
client              | 09:09.23: Preparing run 2
client              | 09:09.23: Creating file /tmp/files/256KB_2
client              | 09:09.23: Running garbage collector
client              | 09:09.23: Sleeping for 30.0 seconds
client              | 09:09.53: Starting
client              | 09:09.53: Finished
client              | 09:09.53: Collecting metrics from service
client              | 09:09.53: Deleting created file /tmp/files/256KB_2
client              | 09:09.53: Ending run 2
client              | 09:09.53: Preparing run 3
client              | 09:09.53: Creating file /tmp/files/256KB_3
client              | 09:09.53: Running garbage collector
client              | 09:09.53: Sleeping for 30.0 seconds
client              | 09:10.23: Starting
client              | 09:10.23: Finished
client              | 09:10.23: Collecting metrics from service
client              | 09:10.23: Deleting created file /tmp/files/256KB_3
client              | 09:10.23: Ending run 3
client              | 09:10.23: Preparing run 4
client              | 09:10.23: Creating file /tmp/files/256KB_4
client              | 09:10.23: Running garbage collector
client              | 09:10.23: Sleeping for 30.0 seconds
client              | 09:10.53: Starting
client              | 09:10.53: Finished
client              | 09:10.53: Collecting metrics from service
client              | 09:10.53: Deleting created file /tmp/files/256KB_4
client              | 09:10.53: Ending run 4
client              | 09:10.53: Preparing run 5
client              | 09:10.53: Creating file /tmp/files/256KB_5
client              | 09:10.53: Running garbage collector
client              | 09:10.53: Sleeping for 30.0 seconds
client              | 09:11.23: Starting
client              | 09:11.23: Finished
client              | 09:11.23: Collecting metrics from service
client              | 09:11.23: Deleting created file /tmp/files/256KB_5
client              | 09:11.23: Ending run 5
client              | 09:11.23: Preparing run 6
client              | 09:11.23: Creating file /tmp/files/256KB_6
client              | 09:11.23: Running garbage collector
client              | 09:11.23: Sleeping for 30.0 seconds
client              | 09:11.53: Starting
client              | 09:11.53: Finished
client              | 09:11.53: Collecting metrics from service
client              | 09:11.53: Deleting created file /tmp/files/256KB_6
client              | 09:11.53: Ending run 6
client              | 09:11.53: Preparing run 7
client              | 09:11.53: Creating file /tmp/files/256KB_7
client              | 09:11.53: Running garbage collector
client              | 09:11.53: Sleeping for 30.0 seconds
client              | 09:12.23: Starting
client              | 09:12.24: Finished
client              | 09:12.24: Collecting metrics from service
client              | 09:12.24: Deleting created file /tmp/files/256KB_7
client              | 09:12.24: Ending run 7
client              | 09:12.24: Preparing run 8
client              | 09:12.24: Creating file /tmp/files/256KB_8
client              | 09:12.24: Running garbage collector
client              | 09:12.24: Sleeping for 30.0 seconds
client              | 09:12.54: Starting
client              | 09:12.54: Finished
client              | 09:12.54: Collecting metrics from service
client              | 09:12.54: Deleting created file /tmp/files/256KB_8
client              | 09:12.54: Ending run 8
client              | 09:12.54: Preparing run 9
client              | 09:12.54: Creating file /tmp/files/256KB_9
client              | 09:12.54: Running garbage collector
client              | 09:12.54: Sleeping for 30.0 seconds
client              | 09:13.24: Starting
client              | 09:13.24: Finished
client              | 09:13.24: Collecting metrics from service
client              | 09:13.24: Deleting created file /tmp/files/256KB_9
client              | 09:13.24: Ending run 9
client              | 09:13.24: Preparing run 10
client              | 09:13.24: Creating file /tmp/files/256KB_10
client              | 09:13.24: Running garbage collector
client              | 09:13.24: Sleeping for 30.0 seconds
client              | 09:13.54: Starting
client              | 09:13.54: Finished
client              | 09:13.54: Collecting metrics from service
client              | 09:13.54: Deleting created file /tmp/files/256KB_10
client              | 09:13.54: Ending run 10
client              | 09:13.54: Writing metrics file
client              | 09:13.54: Sending upload finished signal
client              | 09:13.54: Waiting for download finished signal
client exited with code 0
Stopping ipfs    ... 
Stopping service ... 
Stopping ipfs    ... done
Stopping service ... done
Aborting on container exit...
Found orphan containers (webdav) for this project. If you removed or renamed this service in your compose file, you can run this command with the --remove-orphans flag to clean it up.
Removing ipfs    ... 
Removing client  ... 
Removing service ... 
Removing ipfs    ... done
Removing client  ... done
Removing service ... done
WARNING! This will remove all local volumes not used by at least one container.
Are you sure you want to continue? [y/N] Deleted Volumes:
c0681d47445f51ff9b3aa8d40b338c9695a0e963796e2eb289d0342f3c561377

Total reclaimed space: 3.245MB
