Time start: 2022-03-17 10:36:26
Time end: 2022-03-17 11:08:53
Duration: 0:32:26.557763

Platform: Linux-5.4.0-99-generic-x86_64-with-glibc2.29
Name: lfw-ds001-i045
Release: #112-Ubuntu SMP Thu Feb 3 13:50:55 UTC 2022

Compose file: transfer_ipfs_upload_setup.yml
Script: performance/transfer_ipfs_upload.py
Environment vars:
SCRIPT: performance/transfer_ipfs_upload.py
FILE_SIZE: 2147483648
RUN_COUNT: 10
INTERVAL_SECONDS: 30

WARNING! This will remove all stopped containers.
Are you sure you want to continue? [y/N] Total reclaimed space: 0B
Found orphan containers (webdav) for this project. If you removed or renamed this service in your compose file, you can run this command with the --remove-orphans flag to clean it up.
Creating ipfs ... 
Creating service ... 
Creating client  ... 
Creating ipfs    ... done
Creating service ... done
Creating client  ... done
Attaching to ipfs, service, client
ipfs                | Changing user to ipfs
ipfs                | ipfs version 0.7.0
ipfs                | Initializing IPFS with --empty-repo, --profile=badgerds
ipfs                | generating ED25519 keypair...done
ipfs                | peer identity: 12D3KooWKV8qgKNqMCshDZiYcVLmSLKmTCJjyMxgVCBSRgVhHK6K
ipfs                | initializing IPFS node at /data/ipfs
ipfs                | Removing default bootstrap nodes...
ipfs                | removed /dnsaddr/bootstrap.libp2p.io/p2p/QmNnooDu7bfjPFoTZYxMNLWUQJyrVwtbZg5gBMjTezGAJN
ipfs                | removed /dnsaddr/bootstrap.libp2p.io/p2p/QmQCU2EcMqAqQPR2i9bChDtGNJchTbq5TbXJJ16u19uLTa
ipfs                | removed /dnsaddr/bootstrap.libp2p.io/p2p/QmbLHAnMoJPWSCR5Zhtx6BHJX9KiKNN6tpvbUcqanj75Nb
ipfs                | removed /dnsaddr/bootstrap.libp2p.io/p2p/QmcZf59bWwK5XFi76CZX8cbJ4BhTzzA3gU1ZjYZcYW3dwt
ipfs                | removed /ip4/104.131.131.82/tcp/4001/p2p/QmaCpDMGvV2BGHeYERUEnRQAwe3N8SzbUtfsmvsqQLuvuJ
ipfs                | removed /ip4/104.131.131.82/udp/4001/quic/p2p/QmaCpDMGvV2BGHeYERUEnRQAwe3N8SzbUtfsmvsqQLuvuJ
service             | ConnectionError: HTTPConnectionPool(host='127.0.0.1', port=5001): Max retries exceeded with url: /api/v0/version?stream-channels=true (Caused by NewConnectionError('<ipfshttpclient.requests_wrapper.HTTPConnection object at 0x7fbfb0273f40>: Failed to establish a new connection: [Errno 111] Connection refused'))
ipfs                | Initializing daemon...
ipfs                | go-ipfs version: 0.7.0-ea77213
ipfs                | Repo version: 10
ipfs                | System version: amd64/linux
ipfs                | Golang version: go1.14.4
ipfs                | Swarm is limited to private network of peers with the swarm key
ipfs                | Swarm key fingerprint: c53fe9fc1c8eac4230853d5efb58f0a0
ipfs                | Swarm listening on /ip4/10.23.89.47/tcp/4001
ipfs                | Swarm listening on /ip4/127.0.0.1/tcp/4001
ipfs                | Swarm listening on /ip4/172.17.0.1/tcp/4001
ipfs                | Swarm listening on /ip4/51.210.39.160/tcp/4001
ipfs                | Swarm listening on /ip6/::1/tcp/4001
ipfs                | Swarm listening on /p2p-circuit
ipfs                | Swarm announcing /ip4/127.0.0.1/tcp/4001
ipfs                | Swarm announcing /ip4/51.210.39.160/tcp/4001
ipfs                | Swarm announcing /ip6/::1/tcp/4001
ipfs                | API server listening on /ip4/127.0.0.1/tcp/5001
ipfs                | WebUI: http://127.0.0.1:5001/webui
ipfs                | Gateway (readonly) server listening on /ip4/127.0.0.1/tcp/8080
ipfs                | Daemon is ready
service             | Connected to IPFS daemon...
service             | Could not contact peer to acquire bootstrap peer ID
service             | [Errno 111] Connection refused
service             | Connected to bootstrap peer...
service             | New bootstrapping peer joined
service             | Send my peer ID: 12D3KooWKV8qgKNqMCshDZiYcVLmSLKmTCJjyMxgVCBSRgVhHK6K
service             | Received bootstrap peer id: 12D3KooWKV8qgKNqMCshDZiYcVLmSLKmTCJjyMxgVCBSRgVhHK6K
service             | I am the bootstrap peer
service             | Could not publish files...
service             | failed to find any peer in table
service             | INFO:     Started server process [1]
service             | INFO:     Waiting for application startup.
service             | INFO:     Application startup complete.
service             | INFO:     Uvicorn running on http://127.0.0.1:8000 (Press CTRL+C to quit)
service             | New bootstrapping peer joined
service             | Send my peer ID: 12D3KooWKV8qgKNqMCshDZiYcVLmSLKmTCJjyMxgVCBSRgVhHK6K
service             | INFO:     127.0.0.1:37670 - "PUT /upload/?file_path=%2Ftmp%2Ffiles%2F2048MB_1 HTTP/1.1" 200 OK
service             | INFO:     127.0.0.1:37670 - "GET /metrics/ HTTP/1.1" 200 OK
service             | INFO:     127.0.0.1:37674 - "PUT /upload/?file_path=%2Ftmp%2Ffiles%2F2048MB_2 HTTP/1.1" 200 OK
service             | INFO:     127.0.0.1:37674 - "GET /metrics/ HTTP/1.1" 200 OK
service             | INFO:     127.0.0.1:37680 - "PUT /upload/?file_path=%2Ftmp%2Ffiles%2F2048MB_3 HTTP/1.1" 200 OK
service             | INFO:     127.0.0.1:37680 - "GET /metrics/ HTTP/1.1" 200 OK
service             | INFO:     127.0.0.1:37684 - "PUT /upload/?file_path=%2Ftmp%2Ffiles%2F2048MB_4 HTTP/1.1" 200 OK
service             | INFO:     127.0.0.1:37684 - "GET /metrics/ HTTP/1.1" 200 OK
service             | INFO:     127.0.0.1:37688 - "PUT /upload/?file_path=%2Ftmp%2Ffiles%2F2048MB_5 HTTP/1.1" 200 OK
service             | INFO:     127.0.0.1:37688 - "GET /metrics/ HTTP/1.1" 200 OK
service             | INFO:     127.0.0.1:37692 - "PUT /upload/?file_path=%2Ftmp%2Ffiles%2F2048MB_6 HTTP/1.1" 200 OK
service             | INFO:     127.0.0.1:37692 - "GET /metrics/ HTTP/1.1" 200 OK
service             | INFO:     127.0.0.1:37696 - "PUT /upload/?file_path=%2Ftmp%2Ffiles%2F2048MB_7 HTTP/1.1" 200 OK
service             | INFO:     127.0.0.1:37696 - "GET /metrics/ HTTP/1.1" 200 OK
service             | INFO:     127.0.0.1:37698 - "PUT /upload/?file_path=%2Ftmp%2Ffiles%2F2048MB_8 HTTP/1.1" 200 OK
service             | INFO:     127.0.0.1:37698 - "GET /metrics/ HTTP/1.1" 200 OK
service             | INFO:     127.0.0.1:37702 - "PUT /upload/?file_path=%2Ftmp%2Ffiles%2F2048MB_9 HTTP/1.1" 200 OK
service             | INFO:     127.0.0.1:37702 - "GET /metrics/ HTTP/1.1" 200 OK
service             | INFO:     127.0.0.1:37704 - "PUT /upload/?file_path=%2Ftmp%2Ffiles%2F2048MB_10 HTTP/1.1" 200 OK
service             | INFO:     127.0.0.1:37704 - "GET /metrics/ HTTP/1.1" 200 OK
client              | 10:36.34: Connecting to IPFS daemon
client              | 10:36.34: Connected to IPFS daemon, peer ID is 12D3KooWKV8qgKNqMCshDZiYcVLmSLKmTCJjyMxgVCBSRgVhHK6K
client              | 10:36.34: Connecting to upload script runner
client              | 10:36.34: Sending peer ID
client              | 10:36.34: Waiting for signal to start downloading
client              | 10:36.40: Starting 2048MB benchmark
client              | 10:36.40: Creating client interface
client              | 10:36.40: Preparing run 1
client              | 10:36.40: Creating file /tmp/files/2048MB_1
client              | 10:36.55: Running garbage collector
client              | 10:36.55: Sleeping for 30.0 seconds
client              | 10:37.25: Starting
client              | 10:38.01: Finished
client              | 10:38.01: Collecting metrics from service
client              | 10:38.01: Deleting created file /tmp/files/2048MB_1
client              | 10:38.01: Ending run 1
client              | 10:38.01: Preparing run 2
client              | 10:38.01: Creating file /tmp/files/2048MB_2
client              | 10:38.15: Running garbage collector
client              | 10:38.15: Sleeping for 30.0 seconds
client              | 10:38.45: Starting
client              | 10:39.23: Finished
client              | 10:39.23: Collecting metrics from service
client              | 10:39.23: Deleting created file /tmp/files/2048MB_2
client              | 10:39.23: Ending run 2
client              | 10:39.23: Preparing run 3
client              | 10:39.23: Creating file /tmp/files/2048MB_3
client              | 10:39.38: Running garbage collector
client              | 10:39.38: Sleeping for 30.0 seconds
client              | 10:40.08: Starting
client              | 10:40.44: Finished
client              | 10:40.44: Collecting metrics from service
client              | 10:40.44: Deleting created file /tmp/files/2048MB_3
client              | 10:40.44: Ending run 3
client              | 10:40.44: Preparing run 4
client              | 10:40.44: Creating file /tmp/files/2048MB_4
client              | 10:40.59: Running garbage collector
client              | 10:40.59: Sleeping for 30.0 seconds
client              | 10:41.29: Starting
client              | 10:42.07: Finished
client              | 10:42.07: Collecting metrics from service
client              | 10:42.07: Deleting created file /tmp/files/2048MB_4
client              | 10:42.07: Ending run 4
client              | 10:42.07: Preparing run 5
client              | 10:42.07: Creating file /tmp/files/2048MB_5
client              | 10:42.22: Running garbage collector
client              | 10:42.22: Sleeping for 30.0 seconds
client              | 10:42.52: Starting
client              | 10:43.31: Finished
client              | 10:43.31: Collecting metrics from service
client              | 10:43.31: Deleting created file /tmp/files/2048MB_5
client              | 10:43.31: Ending run 5
client              | 10:43.31: Preparing run 6
client              | 10:43.31: Creating file /tmp/files/2048MB_6
client              | 10:43.46: Running garbage collector
client              | 10:43.46: Sleeping for 30.0 seconds
client              | 10:44.16: Starting
client              | 10:44.53: Finished
client              | 10:44.53: Collecting metrics from service
client              | 10:44.53: Deleting created file /tmp/files/2048MB_6
client              | 10:44.54: Ending run 6
client              | 10:44.54: Preparing run 7
client              | 10:44.54: Creating file /tmp/files/2048MB_7
client              | 10:45.08: Running garbage collector
client              | 10:45.08: Sleeping for 30.0 seconds
client              | 10:45.38: Starting
client              | 10:46.17: Finished
client              | 10:46.17: Collecting metrics from service
client              | 10:46.17: Deleting created file /tmp/files/2048MB_7
client              | 10:46.17: Ending run 7
client              | 10:46.17: Preparing run 8
client              | 10:46.17: Creating file /tmp/files/2048MB_8
client              | 10:46.32: Running garbage collector
client              | 10:46.32: Sleeping for 30.0 seconds
client              | 10:47.02: Starting
client              | 10:47.38: Finished
client              | 10:47.38: Collecting metrics from service
client              | 10:47.38: Deleting created file /tmp/files/2048MB_8
client              | 10:47.38: Ending run 8
client              | 10:47.38: Preparing run 9
client              | 10:47.38: Creating file /tmp/files/2048MB_9
client              | 10:47.53: Running garbage collector
client              | 10:47.53: Sleeping for 30.0 seconds
client              | 10:48.23: Starting
client              | 10:49.01: Finished
client              | 10:49.01: Collecting metrics from service
client              | 10:49.01: Deleting created file /tmp/files/2048MB_9
client              | 10:49.02: Ending run 9
client              | 10:49.02: Preparing run 10
client              | 10:49.02: Creating file /tmp/files/2048MB_10
client              | 10:49.17: Running garbage collector
client              | 10:49.17: Sleeping for 30.0 seconds
client              | 10:49.47: Starting
client              | 10:50.26: Finished
client              | 10:50.26: Collecting metrics from service
client              | 10:50.26: Deleting created file /tmp/files/2048MB_10
client              | 10:50.26: Ending run 10
client              | 10:50.26: Writing metrics file
client              | 10:50.26: Sending upload finished signal
client              | 10:50.26: Waiting for download finished signal
client exited with code 0
Stopping service ... 
Stopping ipfs    ... 
Stopping ipfs    ... done
Stopping service ... done
Aborting on container exit...
Found orphan containers (webdav) for this project. If you removed or renamed this service in your compose file, you can run this command with the --remove-orphans flag to clean it up.
Removing client  ... 
Removing service ... 
Removing ipfs    ... 
Removing ipfs    ... done
Removing service ... done
Removing client  ... done
WARNING! This will remove all local volumes not used by at least one container.
Are you sure you want to continue? [y/N] Deleted Volumes:
a06bf8515758ee2e4153ad7a157451bd5dda26fc9c5991cbd858db8b2743dec5

Total reclaimed space: 21.55GB
