Time start: 2022-03-17 09:29:36
Time end: 2022-03-17 09:40:06
Duration: 0:10:30.777669

Platform: Linux-5.4.0-99-generic-x86_64-with-glibc2.29
Name: lfw-ds001-i045
Release: #112-Ubuntu SMP Thu Feb 3 13:50:55 UTC 2022

Compose file: transfer_ipfs_upload_setup.yml
Script: performance/transfer_ipfs_upload.py
Environment vars:
SCRIPT: performance/transfer_ipfs_upload.py
FILE_SIZE: 4194304
RUN_COUNT: 10
INTERVAL_SECONDS: 30

WARNING! This will remove all stopped containers.
Are you sure you want to continue? [y/N] Total reclaimed space: 0B
Found orphan containers (webdav) for this project. If you removed or renamed this service in your compose file, you can run this command with the --remove-orphans flag to clean it up.
Creating service ... 
Creating client  ... 
Creating ipfs    ... 
Creating service ... done
Creating client  ... done
Creating ipfs    ... done
Attaching to service, client, ipfs
ipfs                | Changing user to ipfs
ipfs                | ipfs version 0.7.0
ipfs                | Initializing IPFS with --empty-repo, --profile=badgerds
ipfs                | generating ED25519 keypair...done
ipfs                | peer identity: 12D3KooWC4VUNKz71mRx1MbZL43GePJJSMvgXuKDxfRP7cDGRMF2
ipfs                | initializing IPFS node at /data/ipfs
service             | ConnectionError: HTTPConnectionPool(host='127.0.0.1', port=5001): Max retries exceeded with url: /api/v0/version?stream-channels=true (Caused by NewConnectionError('<ipfshttpclient.requests_wrapper.HTTPConnection object at 0x7f5ebf952f40>: Failed to establish a new connection: [Errno 111] Connection refused'))
ipfs                | Removing default bootstrap nodes...
ipfs                | removed /dnsaddr/bootstrap.libp2p.io/p2p/QmNnooDu7bfjPFoTZYxMNLWUQJyrVwtbZg5gBMjTezGAJN
ipfs                | removed /dnsaddr/bootstrap.libp2p.io/p2p/QmQCU2EcMqAqQPR2i9bChDtGNJchTbq5TbXJJ16u19uLTa
ipfs                | removed /dnsaddr/bootstrap.libp2p.io/p2p/QmbLHAnMoJPWSCR5Zhtx6BHJX9KiKNN6tpvbUcqanj75Nb
ipfs                | removed /dnsaddr/bootstrap.libp2p.io/p2p/QmcZf59bWwK5XFi76CZX8cbJ4BhTzzA3gU1ZjYZcYW3dwt
ipfs                | removed /ip4/104.131.131.82/tcp/4001/p2p/QmaCpDMGvV2BGHeYERUEnRQAwe3N8SzbUtfsmvsqQLuvuJ
ipfs                | removed /ip4/104.131.131.82/udp/4001/quic/p2p/QmaCpDMGvV2BGHeYERUEnRQAwe3N8SzbUtfsmvsqQLuvuJ
ipfs                | Initializing daemon...
ipfs                | go-ipfs version: 0.7.0-ea77213
ipfs                | Repo version: 10
ipfs                | System version: amd64/linux
ipfs                | Golang version: go1.14.4
ipfs                | Swarm is limited to private network of peers with the swarm key
ipfs                | Swarm key fingerprint: c53fe9fc1c8eac4230853d5efb58f0a0
ipfs                | Swarm listening on /ip4/10.23.89.47/tcp/4001
ipfs                | Swarm listening on /ip4/127.0.0.1/tcp/4001
ipfs                | Swarm listening on /ip4/172.17.0.1/tcp/4001
ipfs                | Swarm listening on /ip4/51.210.39.160/tcp/4001
ipfs                | Swarm listening on /ip6/::1/tcp/4001
ipfs                | Swarm listening on /p2p-circuit
ipfs                | Swarm announcing /ip4/127.0.0.1/tcp/4001
ipfs                | Swarm announcing /ip4/51.210.39.160/tcp/4001
ipfs                | Swarm announcing /ip6/::1/tcp/4001
ipfs                | API server listening on /ip4/127.0.0.1/tcp/5001
ipfs                | WebUI: http://127.0.0.1:5001/webui
ipfs                | Gateway (readonly) server listening on /ip4/127.0.0.1/tcp/8080
ipfs                | Daemon is ready
service             | Connected to IPFS daemon...
service             | Connected to bootstrap peer...
service             | New bootstrapping peer joined
service             | Send my peer ID: 12D3KooWC4VUNKz71mRx1MbZL43GePJJSMvgXuKDxfRP7cDGRMF2
service             | Received bootstrap peer id: 12D3KooWC4VUNKz71mRx1MbZL43GePJJSMvgXuKDxfRP7cDGRMF2
service             | I am the bootstrap peer
service             | Could not publish files...
service             | failed to find any peer in table
service             | INFO:     Started server process [1]
service             | INFO:     Waiting for application startup.
service             | INFO:     Application startup complete.
service             | INFO:     Uvicorn running on http://127.0.0.1:8000 (Press CTRL+C to quit)
service             | New bootstrapping peer joined
service             | Send my peer ID: 12D3KooWC4VUNKz71mRx1MbZL43GePJJSMvgXuKDxfRP7cDGRMF2
service             | INFO:     127.0.0.1:37408 - "PUT /upload/?file_path=%2Ftmp%2Ffiles%2F4MB_1 HTTP/1.1" 200 OK
service             | INFO:     127.0.0.1:37408 - "GET /metrics/ HTTP/1.1" 200 OK
service             | INFO:     127.0.0.1:37410 - "PUT /upload/?file_path=%2Ftmp%2Ffiles%2F4MB_2 HTTP/1.1" 200 OK
service             | INFO:     127.0.0.1:37410 - "GET /metrics/ HTTP/1.1" 200 OK
service             | INFO:     127.0.0.1:37414 - "PUT /upload/?file_path=%2Ftmp%2Ffiles%2F4MB_3 HTTP/1.1" 200 OK
service             | INFO:     127.0.0.1:37414 - "GET /metrics/ HTTP/1.1" 200 OK
service             | INFO:     127.0.0.1:37416 - "PUT /upload/?file_path=%2Ftmp%2Ffiles%2F4MB_4 HTTP/1.1" 200 OK
service             | INFO:     127.0.0.1:37416 - "GET /metrics/ HTTP/1.1" 200 OK
service             | INFO:     127.0.0.1:37422 - "PUT /upload/?file_path=%2Ftmp%2Ffiles%2F4MB_5 HTTP/1.1" 200 OK
service             | INFO:     127.0.0.1:37422 - "GET /metrics/ HTTP/1.1" 200 OK
service             | INFO:     127.0.0.1:37426 - "PUT /upload/?file_path=%2Ftmp%2Ffiles%2F4MB_6 HTTP/1.1" 200 OK
service             | INFO:     127.0.0.1:37426 - "GET /metrics/ HTTP/1.1" 200 OK
service             | INFO:     127.0.0.1:37432 - "PUT /upload/?file_path=%2Ftmp%2Ffiles%2F4MB_7 HTTP/1.1" 200 OK
service             | INFO:     127.0.0.1:37432 - "GET /metrics/ HTTP/1.1" 200 OK
service             | INFO:     127.0.0.1:37438 - "PUT /upload/?file_path=%2Ftmp%2Ffiles%2F4MB_8 HTTP/1.1" 200 OK
service             | INFO:     127.0.0.1:37438 - "GET /metrics/ HTTP/1.1" 200 OK
service             | INFO:     127.0.0.1:37444 - "PUT /upload/?file_path=%2Ftmp%2Ffiles%2F4MB_9 HTTP/1.1" 200 OK
service             | INFO:     127.0.0.1:37444 - "GET /metrics/ HTTP/1.1" 200 OK
service             | INFO:     127.0.0.1:37446 - "PUT /upload/?file_path=%2Ftmp%2Ffiles%2F4MB_10 HTTP/1.1" 200 OK
service             | INFO:     127.0.0.1:37446 - "GET /metrics/ HTTP/1.1" 200 OK
client              | 09:29.43: Connecting to IPFS daemon
client              | 09:29.43: Connected to IPFS daemon, peer ID is 12D3KooWC4VUNKz71mRx1MbZL43GePJJSMvgXuKDxfRP7cDGRMF2
client              | 09:29.43: Connecting to upload script runner
client              | 09:29.43: Sending peer ID
client              | 09:29.43: Waiting for signal to start downloading
client              | 09:29.49: Starting 4MB benchmark
client              | 09:29.49: Creating client interface
client              | 09:29.49: Preparing run 1
client              | 09:29.49: Creating file /tmp/files/4MB_1
client              | 09:29.49: Running garbage collector
client              | 09:29.49: Sleeping for 30.0 seconds
client              | 09:30.19: Starting
client              | 09:30.20: Finished
client              | 09:30.20: Collecting metrics from service
client              | 09:30.20: Deleting created file /tmp/files/4MB_1
client              | 09:30.20: Ending run 1
client              | 09:30.20: Preparing run 2
client              | 09:30.20: Creating file /tmp/files/4MB_2
client              | 09:30.20: Running garbage collector
client              | 09:30.20: Sleeping for 30.0 seconds
client              | 09:30.50: Starting
client              | 09:30.50: Finished
client              | 09:30.50: Collecting metrics from service
client              | 09:30.50: Deleting created file /tmp/files/4MB_2
client              | 09:30.50: Ending run 2
client              | 09:30.50: Preparing run 3
client              | 09:30.50: Creating file /tmp/files/4MB_3
client              | 09:30.50: Running garbage collector
client              | 09:30.50: Sleeping for 30.0 seconds
client              | 09:31.20: Starting
client              | 09:31.20: Finished
client              | 09:31.20: Collecting metrics from service
client              | 09:31.20: Deleting created file /tmp/files/4MB_3
client              | 09:31.20: Ending run 3
client              | 09:31.20: Preparing run 4
client              | 09:31.20: Creating file /tmp/files/4MB_4
client              | 09:31.20: Running garbage collector
client              | 09:31.20: Sleeping for 30.0 seconds
client              | 09:31.50: Starting
client              | 09:31.50: Finished
client              | 09:31.50: Collecting metrics from service
client              | 09:31.50: Deleting created file /tmp/files/4MB_4
client              | 09:31.50: Ending run 4
client              | 09:31.50: Preparing run 5
client              | 09:31.50: Creating file /tmp/files/4MB_5
client              | 09:31.50: Running garbage collector
client              | 09:31.50: Sleeping for 30.0 seconds
client              | 09:32.20: Starting
client              | 09:32.20: Finished
client              | 09:32.20: Collecting metrics from service
client              | 09:32.20: Deleting created file /tmp/files/4MB_5
client              | 09:32.20: Ending run 5
client              | 09:32.20: Preparing run 6
client              | 09:32.20: Creating file /tmp/files/4MB_6
client              | 09:32.21: Running garbage collector
client              | 09:32.21: Sleeping for 30.0 seconds
client              | 09:32.51: Starting
client              | 09:32.51: Finished
client              | 09:32.51: Collecting metrics from service
client              | 09:32.51: Deleting created file /tmp/files/4MB_6
client              | 09:32.51: Ending run 6
client              | 09:32.51: Preparing run 7
client              | 09:32.51: Creating file /tmp/files/4MB_7
client              | 09:32.51: Running garbage collector
client              | 09:32.51: Sleeping for 30.0 seconds
client              | 09:33.21: Starting
client              | 09:33.21: Finished
client              | 09:33.21: Collecting metrics from service
client              | 09:33.21: Deleting created file /tmp/files/4MB_7
client              | 09:33.21: Ending run 7
client              | 09:33.21: Preparing run 8
client              | 09:33.21: Creating file /tmp/files/4MB_8
client              | 09:33.21: Running garbage collector
client              | 09:33.21: Sleeping for 30.0 seconds
client              | 09:33.51: Starting
client              | 09:33.51: Finished
client              | 09:33.51: Collecting metrics from service
client              | 09:33.51: Deleting created file /tmp/files/4MB_8
client              | 09:33.51: Ending run 8
client              | 09:33.51: Preparing run 9
client              | 09:33.51: Creating file /tmp/files/4MB_9
client              | 09:33.51: Running garbage collector
client              | 09:33.51: Sleeping for 30.0 seconds
client              | 09:34.21: Starting
client              | 09:34.21: Finished
client              | 09:34.21: Collecting metrics from service
client              | 09:34.21: Deleting created file /tmp/files/4MB_9
client              | 09:34.21: Ending run 9
client              | 09:34.21: Preparing run 10
client              | 09:34.21: Creating file /tmp/files/4MB_10
client              | 09:34.21: Running garbage collector
client              | 09:34.21: Sleeping for 30.0 seconds
client              | 09:34.52: Starting
client              | 09:34.52: Finished
client              | 09:34.52: Collecting metrics from service
client              | 09:34.52: Deleting created file /tmp/files/4MB_10
client              | 09:34.52: Ending run 10
client              | 09:34.52: Writing metrics file
client              | 09:34.52: Sending upload finished signal
client              | 09:34.52: Waiting for download finished signal
client exited with code 0
Stopping ipfs    ... 
Stopping service ... 
Stopping ipfs    ... done
Stopping service ... done
Aborting on container exit...
Found orphan containers (webdav) for this project. If you removed or renamed this service in your compose file, you can run this command with the --remove-orphans flag to clean it up.
Removing ipfs    ... 
Removing client  ... 
Removing service ... 
Removing client  ... done
Removing service ... done
Removing ipfs    ... done
WARNING! This will remove all local volumes not used by at least one container.
Are you sure you want to continue? [y/N] Deleted Volumes:
2a327b15cd720777820115b9be1fe1ec1639190bdad05f978a92d15d98639aa1

Total reclaimed space: 42.72MB
