Time start: 2022-03-17 10:36:34
Time end: 2022-03-17 11:08:52
Duration: 0:32:17.918054

Platform: Linux-5.4.0-99-generic-x86_64-with-glibc2.29
Name: lfw-ds001-i048
Release: #112-Ubuntu SMP Thu Feb 3 13:50:55 UTC 2022

Compose file: transfer_ipfs_download_setup.yml
Script: performance/transfer_ipfs_download.py
Environment vars:
SCRIPT: performance/transfer_ipfs_download.py
PEER_ID: 12D3KooWKV8qgKNqMCshDZiYcVLmSLKmTCJjyMxgVCBSRgVhHK6K
BOOT_ADDRESS: 51.210.39.160
FILE_SIZE: 2147483648
RUN_COUNT: 10
INTERVAL_SECONDS: 30

WARNING! This will remove all stopped containers.
Are you sure you want to continue? [y/N] Total reclaimed space: 0B
Creating client ... 
Creating ipfs   ... 
Creating service ... 
Creating client  ... done
Creating service ... done
Creating ipfs    ... done
Attaching to client, service, ipfs
ipfs                | Changing user to ipfs
ipfs                | ipfs version 0.7.0
ipfs                | Initializing IPFS with --empty-repo, --profile=badgerds
ipfs                | generating ED25519 keypair...done
ipfs                | peer identity: 12D3KooWEHsZ9BvGyaQYXchfqm7WUZxvyWGeQyPm7PFuGMj2ufLE
ipfs                | initializing IPFS node at /data/ipfs
ipfs                | Removing default bootstrap nodes...
ipfs                | removed /dnsaddr/bootstrap.libp2p.io/p2p/QmNnooDu7bfjPFoTZYxMNLWUQJyrVwtbZg5gBMjTezGAJN
ipfs                | removed /dnsaddr/bootstrap.libp2p.io/p2p/QmQCU2EcMqAqQPR2i9bChDtGNJchTbq5TbXJJ16u19uLTa
ipfs                | removed /dnsaddr/bootstrap.libp2p.io/p2p/QmbLHAnMoJPWSCR5Zhtx6BHJX9KiKNN6tpvbUcqanj75Nb
ipfs                | removed /dnsaddr/bootstrap.libp2p.io/p2p/QmcZf59bWwK5XFi76CZX8cbJ4BhTzzA3gU1ZjYZcYW3dwt
ipfs                | removed /ip4/104.131.131.82/tcp/4001/p2p/QmaCpDMGvV2BGHeYERUEnRQAwe3N8SzbUtfsmvsqQLuvuJ
ipfs                | removed /ip4/104.131.131.82/udp/4001/quic/p2p/QmaCpDMGvV2BGHeYERUEnRQAwe3N8SzbUtfsmvsqQLuvuJ
ipfs                | added /ip4/51.210.39.160/tcp/4001/p2p/12D3KooWKV8qgKNqMCshDZiYcVLmSLKmTCJjyMxgVCBSRgVhHK6K
ipfs                | Initializing daemon...
ipfs                | go-ipfs version: 0.7.0-ea77213
ipfs                | Repo version: 10
ipfs                | System version: amd64/linux
ipfs                | Golang version: go1.14.4
service             | ConnectionError: HTTPConnectionPool(host='127.0.0.1', port=5001): Max retries exceeded with url: /api/v0/version?stream-channels=true (Caused by NewConnectionError('<ipfshttpclient.requests_wrapper.HTTPConnection object at 0x7f5f77625160>: Failed to establish a new connection: [Errno 111] Connection refused'))
ipfs                | Swarm is limited to private network of peers with the swarm key
ipfs                | Swarm key fingerprint: c53fe9fc1c8eac4230853d5efb58f0a0
ipfs                | Swarm listening on /ip4/10.23.85.210/tcp/4001
ipfs                | Swarm listening on /ip4/127.0.0.1/tcp/4001
ipfs                | Swarm listening on /ip4/152.228.166.247/tcp/4001
ipfs                | Swarm listening on /ip4/172.17.0.1/tcp/4001
ipfs                | Swarm listening on /ip6/::1/tcp/4001
ipfs                | Swarm listening on /p2p-circuit
ipfs                | Swarm announcing /ip4/127.0.0.1/tcp/4001
ipfs                | Swarm announcing /ip4/152.228.166.247/tcp/4001
ipfs                | Swarm announcing /ip6/::1/tcp/4001
ipfs                | API server listening on /ip4/127.0.0.1/tcp/5001
ipfs                | WebUI: http://127.0.0.1:5001/webui
ipfs                | Gateway (readonly) server listening on /ip4/127.0.0.1/tcp/8080
ipfs                | Daemon is ready
service             | Connected to IPFS daemon...
service             | Connected to bootstrap peer...
service             | Received bootstrap peer id: 12D3KooWKV8qgKNqMCshDZiYcVLmSLKmTCJjyMxgVCBSRgVhHK6K
service             | /ip4/51.210.39.160/tcp/4001/p2p/12D3KooWKV8qgKNqMCshDZiYcVLmSLKmTCJjyMxgVCBSRgVhHK6K
service             | INFO:     Started server process [1]
service             | INFO:     Waiting for application startup.
service             | INFO:     Application startup complete.
service             | INFO:     Uvicorn running on http://127.0.0.1:8000 (Press CTRL+C to quit)
service             | INFO:     127.0.0.1:46370 - "GET /download/?file_path=%2Ftmp%2Ffiles%2F2048MB_1 HTTP/1.1" 200 OK
service             | INFO:     127.0.0.1:46370 - "GET /metrics/ HTTP/1.1" 200 OK
service             | INFO:     127.0.0.1:46372 - "GET /download/?file_path=%2Ftmp%2Ffiles%2F2048MB_2 HTTP/1.1" 200 OK
service             | INFO:     127.0.0.1:46372 - "GET /metrics/ HTTP/1.1" 200 OK
service             | INFO:     127.0.0.1:46376 - "GET /download/?file_path=%2Ftmp%2Ffiles%2F2048MB_3 HTTP/1.1" 200 OK
service             | INFO:     127.0.0.1:46376 - "GET /metrics/ HTTP/1.1" 200 OK
service             | INFO:     127.0.0.1:46380 - "GET /download/?file_path=%2Ftmp%2Ffiles%2F2048MB_4 HTTP/1.1" 200 OK
service             | INFO:     127.0.0.1:46380 - "GET /metrics/ HTTP/1.1" 200 OK
service             | INFO:     127.0.0.1:46384 - "GET /download/?file_path=%2Ftmp%2Ffiles%2F2048MB_5 HTTP/1.1" 200 OK
service             | INFO:     127.0.0.1:46384 - "GET /metrics/ HTTP/1.1" 200 OK
service             | INFO:     127.0.0.1:46388 - "GET /download/?file_path=%2Ftmp%2Ffiles%2F2048MB_6 HTTP/1.1" 200 OK
service             | INFO:     127.0.0.1:46388 - "GET /metrics/ HTTP/1.1" 200 OK
service             | INFO:     127.0.0.1:46392 - "GET /download/?file_path=%2Ftmp%2Ffiles%2F2048MB_7 HTTP/1.1" 200 OK
service             | INFO:     127.0.0.1:46392 - "GET /metrics/ HTTP/1.1" 200 OK
service             | INFO:     127.0.0.1:46396 - "GET /download/?file_path=%2Ftmp%2Ffiles%2F2048MB_8 HTTP/1.1" 200 OK
service             | INFO:     127.0.0.1:46396 - "GET /metrics/ HTTP/1.1" 200 OK
service             | INFO:     127.0.0.1:46402 - "GET /download/?file_path=%2Ftmp%2Ffiles%2F2048MB_9 HTTP/1.1" 200 OK
service             | INFO:     127.0.0.1:46402 - "GET /metrics/ HTTP/1.1" 200 OK
service             | INFO:     127.0.0.1:46406 - "GET /download/?file_path=%2Ftmp%2Ffiles%2F2048MB_10 HTTP/1.1" 200 OK
service             | INFO:     127.0.0.1:46406 - "GET /metrics/ HTTP/1.1" 200 OK
client              | 10:36.40: Connecting to download script runner
client              | 10:36.40: Waiting for finish upload signal
client              | 10:50.26: Starting 2048MB benchmark
client              | 10:50.26: Creating client interface
client              | 10:50.26: Preparing run 1
client              | 10:50.26: Download file name is /tmp/files/2048MB_1
client              | 10:50.26: Running garbage collector
client              | 10:50.26: Sleeping for 30.0 seconds
client              | 10:50.56: Starting
client              | 10:52.15: Finished
client              | 10:52.15: Collecting metrics from service
client              | 10:52.15: Deleting downloaded file /tmp/files/2048MB_1
client              | 10:52.16: Ending run 1
client              | 10:52.16: Preparing run 2
client              | 10:52.16: Download file name is /tmp/files/2048MB_2
client              | 10:52.16: Running garbage collector
client              | 10:52.16: Sleeping for 30.0 seconds
client              | 10:52.46: Starting
client              | 10:54.04: Finished
client              | 10:54.04: Collecting metrics from service
client              | 10:54.04: Deleting downloaded file /tmp/files/2048MB_2
client              | 10:54.05: Ending run 2
client              | 10:54.05: Preparing run 3
client              | 10:54.05: Download file name is /tmp/files/2048MB_3
client              | 10:54.05: Running garbage collector
client              | 10:54.05: Sleeping for 30.0 seconds
client              | 10:54.35: Starting
client              | 10:55.53: Finished
client              | 10:55.53: Collecting metrics from service
client              | 10:55.53: Deleting downloaded file /tmp/files/2048MB_3
client              | 10:55.53: Ending run 3
client              | 10:55.53: Preparing run 4
client              | 10:55.53: Download file name is /tmp/files/2048MB_4
client              | 10:55.53: Running garbage collector
client              | 10:55.53: Sleeping for 30.0 seconds
client              | 10:56.24: Starting
client              | 10:57.43: Finished
client              | 10:57.43: Collecting metrics from service
client              | 10:57.43: Deleting downloaded file /tmp/files/2048MB_4
client              | 10:57.43: Ending run 4
client              | 10:57.43: Preparing run 5
client              | 10:57.43: Download file name is /tmp/files/2048MB_5
client              | 10:57.43: Running garbage collector
client              | 10:57.43: Sleeping for 30.0 seconds
client              | 10:58.13: Starting
client              | 10:59.33: Finished
client              | 10:59.33: Collecting metrics from service
client              | 10:59.33: Deleting downloaded file /tmp/files/2048MB_5
client              | 10:59.33: Ending run 5
client              | 10:59.33: Preparing run 6
client              | 10:59.33: Download file name is /tmp/files/2048MB_6
client              | 10:59.33: Running garbage collector
client              | 10:59.33: Sleeping for 30.0 seconds
client              | 11:00.03: Starting
client              | 11:01.23: Finished
client              | 11:01.23: Collecting metrics from service
client              | 11:01.23: Deleting downloaded file /tmp/files/2048MB_6
client              | 11:01.23: Ending run 6
client              | 11:01.23: Preparing run 7
client              | 11:01.23: Download file name is /tmp/files/2048MB_7
client              | 11:01.23: Running garbage collector
client              | 11:01.23: Sleeping for 30.0 seconds
client              | 11:01.53: Starting
client              | 11:03.12: Finished
client              | 11:03.12: Collecting metrics from service
client              | 11:03.12: Deleting downloaded file /tmp/files/2048MB_7
client              | 11:03.12: Ending run 7
client              | 11:03.12: Preparing run 8
client              | 11:03.12: Download file name is /tmp/files/2048MB_8
client              | 11:03.12: Running garbage collector
client              | 11:03.12: Sleeping for 30.0 seconds
client              | 11:03.42: Starting
client              | 11:05.00: Finished
client              | 11:05.00: Collecting metrics from service
client              | 11:05.00: Deleting downloaded file /tmp/files/2048MB_8
client              | 11:05.01: Ending run 8
client              | 11:05.01: Preparing run 9
client              | 11:05.01: Download file name is /tmp/files/2048MB_9
client              | 11:05.01: Running garbage collector
client              | 11:05.01: Sleeping for 30.0 seconds
client              | 11:05.31: Starting
client              | 11:06.50: Finished
client              | 11:06.50: Collecting metrics from service
client              | 11:06.50: Deleting downloaded file /tmp/files/2048MB_9
client              | 11:06.50: Ending run 9
client              | 11:06.50: Preparing run 10
client              | 11:06.50: Download file name is /tmp/files/2048MB_10
client              | 11:06.50: Running garbage collector
client              | 11:06.50: Sleeping for 30.0 seconds
client              | 11:07.20: Starting
client              | 11:08.39: Finished
client              | 11:08.39: Collecting metrics from service
client              | 11:08.39: Deleting downloaded file /tmp/files/2048MB_10
client              | 11:08.39: Ending run 10
client              | 11:08.39: Writing metrics file
client              | 11:08.39: Send finished download signal
client exited with code 0
Stopping ipfs    ... 
Stopping service ... 
Stopping ipfs    ... done
Stopping service ... done
Aborting on container exit...
Removing ipfs    ... 
Removing service ... 
Removing client  ... 
Removing ipfs    ... done
Removing service ... done
Removing client  ... done
WARNING! This will remove all local volumes not used by at least one container.
Are you sure you want to continue? [y/N] Deleted Volumes:
55e94e375ec8365f326b83bbb7cbe7f8d0e67f9096815c1117cd7bbaae7c5745

Total reclaimed space: 21.55GB
