Time start: 2022-03-18 10:24:09
Time end: 2022-03-18 10:56:12
Duration: 0:32:02.902884

Platform: Linux-5.4.0-99-generic-x86_64-with-glibc2.29
Name: lfw-ds001-i047
Release: #112-Ubuntu SMP Thu Feb 3 13:50:55 UTC 2022

Compose file: transfer_ftp_client_setup.yml
Script: performance/transfer_ftp_upload.py
Environment vars:
SCRIPT: performance/transfer_ftp_upload.py
FTP_SERVER_ADDRESS: 146.59.192.105
FILE_SIZE: 8589934592
RUN_COUNT: 10
INTERVAL_SECONDS: 30

WARNING! This will remove all stopped containers.
Are you sure you want to continue? [y/N] Total reclaimed space: 0B
Creating client ... 
Creating client ... done
Attaching to client
client              | 10:24.10: Connected to FTP server at 146.59.192.105
client              | 10:24.10: Preparing run 1
client              | 10:24.10: Creating file /tmp/files/8192MB_1
client              | 10:25.18: Upload file name is 8192MB_1
client              | 10:25.18: Running garbage collector
client              | 10:25.18: Sleeping for 30.0 seconds
client              | 10:25.48: Starting
client              | 10:30.37: Finished
client              | 10:30.37: Deleting created file /tmp/files/8192MB_1
client              | 10:30.38: Ending run 1
client              | 10:30.38: Preparing run 2
client              | 10:30.38: Creating file /tmp/files/8192MB_2
client              | 10:31.44: Upload file name is 8192MB_2
client              | 10:31.44: Running garbage collector
client              | 10:31.44: Sleeping for 30.0 seconds
client              | 10:32.14: Starting
client              | 10:37.02: Finished
client              | 10:37.02: Deleting created file /tmp/files/8192MB_2
client              | 10:37.03: Ending run 2
client              | 10:37.03: Preparing run 3
client              | 10:37.03: Creating file /tmp/files/8192MB_3
client              | 10:38.09: Upload file name is 8192MB_3
client              | 10:38.09: Running garbage collector
client              | 10:38.09: Sleeping for 30.0 seconds
client              | 10:38.40: Starting
client              | 10:43.26: Finished
client              | 10:43.26: Deleting created file /tmp/files/8192MB_3
client              | 10:43.27: Ending run 3
client              | 10:43.27: Preparing run 4
client              | 10:43.27: Creating file /tmp/files/8192MB_4
client              | 10:44.33: Upload file name is 8192MB_4
client              | 10:44.33: Running garbage collector
client              | 10:44.33: Sleeping for 30.0 seconds
client              | 10:45.03: Starting
client              | 10:49.51: Finished
client              | 10:49.51: Deleting created file /tmp/files/8192MB_4
client              | 10:49.52: Ending run 4
client              | 10:49.52: Preparing run 5
client              | 10:49.52: Creating file /tmp/files/8192MB_5
client              | 10:51.00: Upload file name is 8192MB_5
client              | 10:51.00: Running garbage collector
client              | 10:51.00: Sleeping for 30.0 seconds
client              | 10:51.30: Starting
client              | Traceback (most recent call last):
client              |   File "/src/performance/transfer_ftp_upload.py", line 43, in <module>
client              |     ftp.storbinary("STOR " + file_name, file_object, file_size)
client              |   File "/usr/local/lib/python3.9/ftplib.py", line 503, in storbinary
client              |     conn.sendall(buf)
client              | ConnectionResetError: [Errno 104] Connection reset by peer
client exited with code 1
Aborting on container exit...
Removing client ... 
Removing client ... done
WARNING! This will remove all local volumes not used by at least one container.
Are you sure you want to continue? [y/N] Total reclaimed space: 0B
