Time start: 2022-04-18 11:19:40
Time end: 2022-04-18 11:42:34
Duration: 0:22:53.961192

Platform: Linux-5.4.0-99-generic-x86_64-with-glibc2.29
Name: lfw-ds001-i047
Release: #112-Ubuntu SMP Thu Feb 3 13:50:55 UTC 2022

Compose file: transfer_webdav_client_setup.yml
Script: performance/transfer_webdav_upload.py
Environment vars:
SCRIPT: performance/transfer_webdav_upload.py
HOST_ADDRESS: http://146.59.192.105:80
FILE_SIZE: 4294967296
RUN_COUNT: 6
INTERVAL_SECONDS: 30

WARNING! This will remove all stopped containers.
Are you sure you want to continue? [y/N] Total reclaimed space: 0B
Recreating client ... 
service is up-to-date
Recreating client ... done
Attaching to service, client
service             | INFO:     Started server process [1]
service             | INFO:     Waiting for application startup.
service             | INFO:     Application startup complete.
service             | INFO:     Uvicorn running on http://127.0.0.1:8000 (Press CTRL+C to quit)
service             | Connected to WebDAV server...
service             | INFO:     127.0.0.1:46222 - "PUT /upload/?file_path=%2Ftmp%2Ffiles%2F6144MB_1 HTTP/1.1" 200 OK
service             | INFO:     127.0.0.1:46222 - "GET /metrics/ HTTP/1.1" 200 OK
client              | 11:20.01: Starting 4096MB benchmark
client              | 11:20.01: Creating client interface
client              | 11:20.01: Preparing run 1
client              | 11:20.01: Creating file /tmp/files/4096MB_1
client              | 11:20.37: Running garbage collector
client              | 11:20.37: Sleeping for 30.0 seconds
client              | 11:21.08: Starting
service             | INFO:     127.0.0.1:46302 - "PUT /upload/?file_path=%2Ftmp%2Ffiles%2F4096MB_1 HTTP/1.1" 200 OK
client              | 11:25.18: Finished
client              | 11:25.18: Collecting metrics from service
service             | INFO:     127.0.0.1:46302 - "GET /metrics/ HTTP/1.1" 200 OK
client              | 11:25.18: Deleting created file /tmp/files/4096MB_1
client              | 11:25.19: Ending run 1
client              | 11:25.19: Preparing run 2
client              | 11:25.19: Creating file /tmp/files/4096MB_2
client              | 11:25.56: Running garbage collector
client              | 11:25.56: Sleeping for 30.0 seconds
client              | 11:26.26: Starting
service             | INFO:     127.0.0.1:46320 - "PUT /upload/?file_path=%2Ftmp%2Ffiles%2F4096MB_2 HTTP/1.1" 200 OK
client              | 11:28.46: Finished
client              | 11:28.46: Collecting metrics from service
service             | INFO:     127.0.0.1:46320 - "GET /metrics/ HTTP/1.1" 200 OK
client              | 11:28.46: Deleting created file /tmp/files/4096MB_2
client              | 11:28.46: Ending run 2
client              | 11:28.46: Preparing run 3
client              | 11:28.46: Creating file /tmp/files/4096MB_3
client              | 11:29.23: Running garbage collector
client              | 11:29.23: Sleeping for 30.0 seconds
client              | 11:29.53: Starting
service             | INFO:     127.0.0.1:46338 - "PUT /upload/?file_path=%2Ftmp%2Ffiles%2F4096MB_3 HTTP/1.1" 200 OK
client              | 11:32.13: Finished
client              | 11:32.13: Collecting metrics from service
service             | INFO:     127.0.0.1:46338 - "GET /metrics/ HTTP/1.1" 200 OK
client              | 11:32.13: Deleting created file /tmp/files/4096MB_3
client              | 11:32.14: Ending run 3
client              | 11:32.14: Preparing run 4
client              | 11:32.14: Creating file /tmp/files/4096MB_4
client              | 11:32.49: Running garbage collector
client              | 11:32.49: Sleeping for 30.0 seconds
client              | 11:33.19: Starting
service             | INFO:     127.0.0.1:46356 - "PUT /upload/?file_path=%2Ftmp%2Ffiles%2F4096MB_4 HTTP/1.1" 200 OK
client              | 11:35.40: Finished
client              | 11:35.40: Collecting metrics from service
service             | INFO:     127.0.0.1:46356 - "GET /metrics/ HTTP/1.1" 200 OK
client              | 11:35.40: Deleting created file /tmp/files/4096MB_4
client              | 11:35.40: Ending run 4
client              | 11:35.40: Preparing run 5
client              | 11:35.40: Creating file /tmp/files/4096MB_5
client              | 11:36.14: Running garbage collector
client              | 11:36.14: Sleeping for 30.0 seconds
client              | 11:36.44: Starting
service             | INFO:     127.0.0.1:46374 - "PUT /upload/?file_path=%2Ftmp%2Ffiles%2F4096MB_5 HTTP/1.1" 200 OK
client              | 11:39.05: Finished
client              | 11:39.05: Collecting metrics from service
client              | 11:39.05: Deleting created file /tmp/files/4096MB_5
service             | INFO:     127.0.0.1:46374 - "GET /metrics/ HTTP/1.1" 200 OK
client              | 11:39.05: Ending run 5
client              | 11:39.05: Preparing run 6
client              | 11:39.05: Creating file /tmp/files/4096MB_6
client              | 11:39.42: Running garbage collector
client              | 11:39.42: Sleeping for 30.0 seconds
client              | 11:40.12: Starting
service             | INFO:     127.0.0.1:46392 - "PUT /upload/?file_path=%2Ftmp%2Ffiles%2F4096MB_6 HTTP/1.1" 200 OK
client              | 11:42.32: Finished
client              | 11:42.32: Collecting metrics from service
service             | INFO:     127.0.0.1:46392 - "GET /metrics/ HTTP/1.1" 200 OK
client              | 11:42.32: Deleting created file /tmp/files/4096MB_6
client              | 11:42.33: Ending run 6
client exited with code 0
Stopping service  ... 
Stopping service  ... done
Aborting on container exit...
Removing client  ... 
Removing service ... 
Removing service ... done
Removing client  ... done
WARNING! This will remove all local volumes not used by at least one container.
Are you sure you want to continue? [y/N] Total reclaimed space: 0B
