Time start: 2022-04-18 15:05:33
Time end: 2022-04-18 15:43:04
Duration: 0:37:31.962274

Platform: Linux-5.4.0-99-generic-x86_64-with-glibc2.29
Name: lfw-ds001-i047
Release: #112-Ubuntu SMP Thu Feb 3 13:50:55 UTC 2022

Compose file: transfer_webdav_client_setup.yml
Script: performance/transfer_webdav_upload.py
Environment vars:
SCRIPT: performance/transfer_webdav_upload.py
HOST_ADDRESS: http://146.59.192.105:80
FILE_SIZE: 12884901888
RUN_COUNT: 6
INTERVAL_SECONDS: 30

WARNING! This will remove all stopped containers.
Are you sure you want to continue? [y/N] Total reclaimed space: 0B
Creating service ... 
Creating client  ... 
Creating service ... done
Creating client  ... done
Attaching to service, client
service             | INFO:     Started server process [1]
service             | INFO:     Waiting for application startup.
service             | INFO:     Application startup complete.
service             | INFO:     Uvicorn running on http://127.0.0.1:8000 (Press CTRL+C to quit)
client              | 15:05.43: Starting 12288MB benchmark
client              | 15:05.43: Creating client interface
client              | 15:05.43: Preparing run 1
client              | 15:05.43: Creating file /tmp/files/12288MB_1
client              | 15:07.29: Running garbage collector
client              | 15:07.29: Sleeping for 30.0 seconds
client              | 15:07.59: Starting
service             | Connected to WebDAV server...
service             | INFO:     127.0.0.1:47026 - "PUT /upload/?file_path=%2Ftmp%2Ffiles%2F12288MB_1 HTTP/1.1" 200 OK
client              | 15:15.01: Finished
client              | 15:15.01: Collecting metrics from service
service             | INFO:     127.0.0.1:47026 - "GET /metrics/ HTTP/1.1" 200 OK
client              | 15:15.01: Deleting created file /tmp/files/12288MB_1
client              | 15:15.02: Ending run 1
client              | 15:15.02: Preparing run 2
client              | 15:15.02: Creating file /tmp/files/12288MB_2
client              | 15:16.49: Running garbage collector
client              | 15:16.49: Sleeping for 30.0 seconds
client              | 15:17.20: Starting
service             | INFO:     127.0.0.1:47044 - "PUT /upload/?file_path=%2Ftmp%2Ffiles%2F12288MB_2 HTTP/1.1" 200 OK
client              | 15:24.21: Finished
client              | 15:24.21: Collecting metrics from service
service             | INFO:     127.0.0.1:47044 - "GET /metrics/ HTTP/1.1" 200 OK
client              | 15:24.21: Deleting created file /tmp/files/12288MB_2
client              | 15:24.22: Ending run 2
client              | 15:24.22: Preparing run 3
client              | 15:24.22: Creating file /tmp/files/12288MB_3
client              | 15:26.13: Running garbage collector
client              | 15:26.13: Sleeping for 30.0 seconds
client              | 15:26.43: Starting
service             | INFO:     127.0.0.1:47062 - "PUT /upload/?file_path=%2Ftmp%2Ffiles%2F12288MB_3 HTTP/1.1" 200 OK
client              | 15:33.44: Finished
client              | 15:33.44: Collecting metrics from service
service             | INFO:     127.0.0.1:47062 - "GET /metrics/ HTTP/1.1" 200 OK
client              | 15:33.44: Deleting created file /tmp/files/12288MB_3
client              | 15:33.45: Ending run 3
client              | 15:33.45: Preparing run 4
client              | 15:33.45: Creating file /tmp/files/12288MB_4
client              | 15:35.31: Running garbage collector
client              | 15:35.31: Sleeping for 30.0 seconds
client              | 15:36.01: Starting
service             | Not enough space on the server
service             | INFO:     127.0.0.1:47080 - "PUT /upload/?file_path=%2Ftmp%2Ffiles%2F12288MB_4 HTTP/1.1" 200 OK
client              | Traceback (most recent call last):
client              |   File "/src/performance/transfer_webdav_upload.py", line 40, in <module>
client              |     raise Exception("Failed to upload the file")
client              | Exception: Failed to upload the file
client exited with code 1
Stopping service ... 
Stopping service ... done
Aborting on container exit...
Removing client  ... 
Removing service ... 
Removing service ... done
Removing client  ... done
WARNING! This will remove all local volumes not used by at least one container.
Are you sure you want to continue? [y/N] Total reclaimed space: 0B
