Time start: 2022-03-19 14:29:27
Time end: 2022-03-19 14:39:50
Duration: 0:10:22.412288

Platform: Linux-5.4.0-99-generic-x86_64-with-glibc2.29
Name: lfw-ds001-i046
Release: #112-Ubuntu SMP Thu Feb 3 13:50:55 UTC 2022

Compose file: transfer_ipfs_download_setup.yml
Script: performance/transfer_ipfs_download.py
Environment vars:
SCRIPT: performance/transfer_ipfs_download.py
PEER_ID: 12D3KooWCJfXeeYVW9Dugv8xE7v5XTkiqrVC127pDqbGeYKry66p
BOOT_ADDRESS: 51.210.39.160
FILE_SIZE: 4194304
RUN_COUNT: 10
INTERVAL_SECONDS: 30

WARNING! This will remove all stopped containers.
Are you sure you want to continue? [y/N] Total reclaimed space: 0B
Creating service ... 
Creating client  ... 
Creating ipfs    ... 
Creating ipfs    ... done
Creating client  ... done
Creating service ... done
Attaching to ipfs, client, service
ipfs                | Changing user to ipfs
ipfs                | ipfs version 0.7.0
ipfs                | Initializing IPFS with --empty-repo, --profile=badgerds
ipfs                | generating ED25519 keypair...done
ipfs                | peer identity: 12D3KooWJh1e7WsaquJxmFAVXoCHNwsTY8sJ1T4PKZs9E5kpMqN9
ipfs                | initializing IPFS node at /data/ipfs
ipfs                | Removing default bootstrap nodes...
ipfs                | removed /dnsaddr/bootstrap.libp2p.io/p2p/QmNnooDu7bfjPFoTZYxMNLWUQJyrVwtbZg5gBMjTezGAJN
ipfs                | removed /dnsaddr/bootstrap.libp2p.io/p2p/QmQCU2EcMqAqQPR2i9bChDtGNJchTbq5TbXJJ16u19uLTa
ipfs                | removed /dnsaddr/bootstrap.libp2p.io/p2p/QmbLHAnMoJPWSCR5Zhtx6BHJX9KiKNN6tpvbUcqanj75Nb
ipfs                | removed /dnsaddr/bootstrap.libp2p.io/p2p/QmcZf59bWwK5XFi76CZX8cbJ4BhTzzA3gU1ZjYZcYW3dwt
ipfs                | removed /ip4/104.131.131.82/tcp/4001/p2p/QmaCpDMGvV2BGHeYERUEnRQAwe3N8SzbUtfsmvsqQLuvuJ
ipfs                | removed /ip4/104.131.131.82/udp/4001/quic/p2p/QmaCpDMGvV2BGHeYERUEnRQAwe3N8SzbUtfsmvsqQLuvuJ
ipfs                | added /ip4/51.210.39.160/tcp/4001/p2p/12D3KooWCJfXeeYVW9Dugv8xE7v5XTkiqrVC127pDqbGeYKry66p
service             | ConnectionError: HTTPConnectionPool(host='127.0.0.1', port=5001): Max retries exceeded with url: /api/v0/version?stream-channels=true (Caused by NewConnectionError('<ipfshttpclient.requests_wrapper.HTTPConnection object at 0x7f1c2a2def40>: Failed to establish a new connection: [Errno 111] Connection refused'))
ipfs                | Initializing daemon...
ipfs                | go-ipfs version: 0.7.0-ea77213
ipfs                | Repo version: 10
ipfs                | System version: amd64/linux
ipfs                | Golang version: go1.14.4
ipfs                | Swarm is limited to private network of peers with the swarm key
ipfs                | Swarm key fingerprint: c53fe9fc1c8eac4230853d5efb58f0a0
ipfs                | Swarm listening on /ip4/10.23.85.159/tcp/4001
ipfs                | Swarm listening on /ip4/127.0.0.1/tcp/4001
ipfs                | Swarm listening on /ip4/146.59.192.105/tcp/4001
ipfs                | Swarm listening on /ip4/172.17.0.1/tcp/4001
ipfs                | Swarm listening on /ip6/::1/tcp/4001
ipfs                | Swarm listening on /p2p-circuit
ipfs                | Swarm announcing /ip4/127.0.0.1/tcp/4001
ipfs                | Swarm announcing /ip4/146.59.192.105/tcp/4001
ipfs                | Swarm announcing /ip6/::1/tcp/4001
ipfs                | API server listening on /ip4/127.0.0.1/tcp/5001
ipfs                | WebUI: http://127.0.0.1:5001/webui
ipfs                | Gateway (readonly) server listening on /ip4/127.0.0.1/tcp/8080
ipfs                | Daemon is ready
service             | Connected to IPFS daemon...
service             | Connected to bootstrap peer...
service             | Received bootstrap peer id: 12D3KooWCJfXeeYVW9Dugv8xE7v5XTkiqrVC127pDqbGeYKry66p
service             | /ip4/51.210.39.160/tcp/4001/p2p/12D3KooWCJfXeeYVW9Dugv8xE7v5XTkiqrVC127pDqbGeYKry66p
service             | INFO:     Started server process [1]
service             | INFO:     Waiting for application startup.
service             | INFO:     Application startup complete.
service             | INFO:     Uvicorn running on http://127.0.0.1:8000 (Press CTRL+C to quit)
service             | INFO:     127.0.0.1:41128 - "GET /download/?file_path=%2Ftmp%2Ffiles%2F4MB_1 HTTP/1.1" 200 OK
service             | INFO:     127.0.0.1:41128 - "GET /metrics/ HTTP/1.1" 200 OK
service             | INFO:     127.0.0.1:41130 - "GET /download/?file_path=%2Ftmp%2Ffiles%2F4MB_2 HTTP/1.1" 200 OK
service             | INFO:     127.0.0.1:41130 - "GET /metrics/ HTTP/1.1" 200 OK
service             | INFO:     127.0.0.1:41134 - "GET /download/?file_path=%2Ftmp%2Ffiles%2F4MB_3 HTTP/1.1" 200 OK
service             | INFO:     127.0.0.1:41134 - "GET /metrics/ HTTP/1.1" 200 OK
service             | INFO:     127.0.0.1:41138 - "GET /download/?file_path=%2Ftmp%2Ffiles%2F4MB_4 HTTP/1.1" 200 OK
service             | INFO:     127.0.0.1:41138 - "GET /metrics/ HTTP/1.1" 200 OK
service             | INFO:     127.0.0.1:41142 - "GET /download/?file_path=%2Ftmp%2Ffiles%2F4MB_5 HTTP/1.1" 200 OK
service             | INFO:     127.0.0.1:41142 - "GET /metrics/ HTTP/1.1" 200 OK
service             | INFO:     127.0.0.1:41146 - "GET /download/?file_path=%2Ftmp%2Ffiles%2F4MB_6 HTTP/1.1" 200 OK
service             | INFO:     127.0.0.1:41146 - "GET /metrics/ HTTP/1.1" 200 OK
service             | INFO:     127.0.0.1:41150 - "GET /download/?file_path=%2Ftmp%2Ffiles%2F4MB_7 HTTP/1.1" 200 OK
service             | INFO:     127.0.0.1:41150 - "GET /metrics/ HTTP/1.1" 200 OK
service             | INFO:     127.0.0.1:41154 - "GET /download/?file_path=%2Ftmp%2Ffiles%2F4MB_8 HTTP/1.1" 200 OK
service             | INFO:     127.0.0.1:41154 - "GET /metrics/ HTTP/1.1" 200 OK
service             | INFO:     127.0.0.1:41158 - "GET /download/?file_path=%2Ftmp%2Ffiles%2F4MB_9 HTTP/1.1" 200 OK
service             | INFO:     127.0.0.1:41158 - "GET /metrics/ HTTP/1.1" 200 OK
service             | INFO:     127.0.0.1:41162 - "GET /download/?file_path=%2Ftmp%2Ffiles%2F4MB_10 HTTP/1.1" 200 OK
service             | INFO:     127.0.0.1:41162 - "GET /metrics/ HTTP/1.1" 200 OK
client              | 14:29.34: Connecting to download script runner
client              | 14:29.34: Waiting for finish upload signal
client              | 14:34.36: Starting 4MB benchmark
client              | 14:34.36: Creating client interface
client              | 14:34.36: Preparing run 1
client              | 14:34.36: Download file name is /tmp/files/4MB_1
client              | 14:34.36: Running garbage collector
client              | 14:34.36: Sleeping for 30.0 seconds
client              | 14:35.06: Starting
client              | 14:35.07: Finished
client              | 14:35.07: Collecting metrics from service
client              | 14:35.07: Deleting downloaded file /tmp/files/4MB_1
client              | 14:35.07: Ending run 1
client              | 14:35.07: Preparing run 2
client              | 14:35.07: Download file name is /tmp/files/4MB_2
client              | 14:35.07: Running garbage collector
client              | 14:35.07: Sleeping for 30.0 seconds
client              | 14:35.37: Starting
client              | 14:35.37: Finished
client              | 14:35.37: Collecting metrics from service
client              | 14:35.37: Deleting downloaded file /tmp/files/4MB_2
client              | 14:35.37: Ending run 2
client              | 14:35.37: Preparing run 3
client              | 14:35.37: Download file name is /tmp/files/4MB_3
client              | 14:35.37: Running garbage collector
client              | 14:35.37: Sleeping for 30.0 seconds
client              | 14:36.07: Starting
client              | 14:36.07: Finished
client              | 14:36.07: Collecting metrics from service
client              | 14:36.07: Deleting downloaded file /tmp/files/4MB_3
client              | 14:36.07: Ending run 3
client              | 14:36.07: Preparing run 4
client              | 14:36.07: Download file name is /tmp/files/4MB_4
client              | 14:36.07: Running garbage collector
client              | 14:36.07: Sleeping for 30.0 seconds
client              | 14:36.37: Starting
client              | 14:36.37: Finished
client              | 14:36.37: Collecting metrics from service
client              | 14:36.37: Deleting downloaded file /tmp/files/4MB_4
client              | 14:36.37: Ending run 4
client              | 14:36.37: Preparing run 5
client              | 14:36.37: Download file name is /tmp/files/4MB_5
client              | 14:36.37: Running garbage collector
client              | 14:36.37: Sleeping for 30.0 seconds
client              | 14:37.07: Starting
client              | 14:37.08: Finished
client              | 14:37.08: Collecting metrics from service
client              | 14:37.08: Deleting downloaded file /tmp/files/4MB_5
client              | 14:37.08: Ending run 5
client              | 14:37.08: Preparing run 6
client              | 14:37.08: Download file name is /tmp/files/4MB_6
client              | 14:37.08: Running garbage collector
client              | 14:37.08: Sleeping for 30.0 seconds
client              | 14:37.38: Starting
client              | 14:37.38: Finished
client              | 14:37.38: Collecting metrics from service
client              | 14:37.38: Deleting downloaded file /tmp/files/4MB_6
client              | 14:37.38: Ending run 6
client              | 14:37.38: Preparing run 7
client              | 14:37.38: Download file name is /tmp/files/4MB_7
client              | 14:37.38: Running garbage collector
client              | 14:37.38: Sleeping for 30.0 seconds
client              | 14:38.08: Starting
client              | 14:38.08: Finished
client              | 14:38.08: Collecting metrics from service
client              | 14:38.08: Deleting downloaded file /tmp/files/4MB_7
client              | 14:38.08: Ending run 7
client              | 14:38.08: Preparing run 8
client              | 14:38.08: Download file name is /tmp/files/4MB_8
client              | 14:38.08: Running garbage collector
client              | 14:38.08: Sleeping for 30.0 seconds
client              | 14:38.38: Starting
client              | 14:38.38: Finished
client              | 14:38.38: Collecting metrics from service
client              | 14:38.38: Deleting downloaded file /tmp/files/4MB_8
client              | 14:38.38: Ending run 8
client              | 14:38.38: Preparing run 9
client              | 14:38.38: Download file name is /tmp/files/4MB_9
client              | 14:38.38: Running garbage collector
client              | 14:38.38: Sleeping for 30.0 seconds
client              | 14:39.08: Starting
client              | 14:39.09: Finished
client              | 14:39.09: Collecting metrics from service
client              | 14:39.09: Deleting downloaded file /tmp/files/4MB_9
client              | 14:39.09: Ending run 9
client              | 14:39.09: Preparing run 10
client              | 14:39.09: Download file name is /tmp/files/4MB_10
client              | 14:39.09: Running garbage collector
client              | 14:39.09: Sleeping for 30.0 seconds
client              | 14:39.39: Starting
client              | 14:39.39: Finished
client              | 14:39.39: Collecting metrics from service
client              | 14:39.39: Deleting downloaded file /tmp/files/4MB_10
client              | 14:39.39: Ending run 10
client              | 14:39.39: Writing metrics file
client              | 14:39.39: Send finished download signal
client exited with code 0
Stopping service ... 
Stopping ipfs    ... 
Stopping ipfs    ... done
Stopping service ... done
Aborting on container exit...
Removing service ... 
Removing ipfs    ... 
Removing client  ... 
Removing client  ... done
Removing service ... done
Removing ipfs    ... done
WARNING! This will remove all local volumes not used by at least one container.
Are you sure you want to continue? [y/N] Deleted Volumes:
e1771d409427746c6608405dea13361bbd7b34039bbca55c8349f4e4949d9328

Total reclaimed space: 42.22MB
