Time start: 2022-03-19 15:15:07
Time end: 2022-03-19 15:37:08
Duration: 0:22:00.746622

Platform: Linux-5.4.0-99-generic-x86_64-with-glibc2.29
Name: lfw-ds001-i046
Release: #112-Ubuntu SMP Thu Feb 3 13:50:55 UTC 2022

Compose file: transfer_ipfs_download_setup.yml
Script: performance/transfer_ipfs_download.py
Environment vars:
SCRIPT: performance/transfer_ipfs_download.py
PEER_ID: 12D3KooWNEFUnXGPzZjCaksxwmxsgRejAbuBiXQTYLLu65hHHLgL
BOOT_ADDRESS: 51.210.39.160
FILE_SIZE: 1073741824
RUN_COUNT: 10
INTERVAL_SECONDS: 30

WARNING! This will remove all stopped containers.
Are you sure you want to continue? [y/N] Total reclaimed space: 0B
Creating ipfs ... 
Creating service ... 
Creating client  ... 
Creating client  ... done
Creating service ... done
Creating ipfs    ... done
Attaching to client, service, ipfs
ipfs                | Changing user to ipfs
ipfs                | ipfs version 0.7.0
ipfs                | Initializing IPFS with --empty-repo, --profile=badgerds
ipfs                | generating ED25519 keypair...done
ipfs                | peer identity: 12D3KooWAXdqMgcm5WVQPaUGLiEBLMCTLijYMNcoepnnQME48dcM
ipfs                | initializing IPFS node at /data/ipfs
ipfs                | Removing default bootstrap nodes...
ipfs                | removed /dnsaddr/bootstrap.libp2p.io/p2p/QmNnooDu7bfjPFoTZYxMNLWUQJyrVwtbZg5gBMjTezGAJN
ipfs                | removed /dnsaddr/bootstrap.libp2p.io/p2p/QmQCU2EcMqAqQPR2i9bChDtGNJchTbq5TbXJJ16u19uLTa
ipfs                | removed /dnsaddr/bootstrap.libp2p.io/p2p/QmbLHAnMoJPWSCR5Zhtx6BHJX9KiKNN6tpvbUcqanj75Nb
ipfs                | removed /dnsaddr/bootstrap.libp2p.io/p2p/QmcZf59bWwK5XFi76CZX8cbJ4BhTzzA3gU1ZjYZcYW3dwt
ipfs                | removed /ip4/104.131.131.82/tcp/4001/p2p/QmaCpDMGvV2BGHeYERUEnRQAwe3N8SzbUtfsmvsqQLuvuJ
ipfs                | removed /ip4/104.131.131.82/udp/4001/quic/p2p/QmaCpDMGvV2BGHeYERUEnRQAwe3N8SzbUtfsmvsqQLuvuJ
ipfs                | added /ip4/51.210.39.160/tcp/4001/p2p/12D3KooWNEFUnXGPzZjCaksxwmxsgRejAbuBiXQTYLLu65hHHLgL
service             | ConnectionError: HTTPConnectionPool(host='127.0.0.1', port=5001): Max retries exceeded with url: /api/v0/version?stream-channels=true (Caused by NewConnectionError('<ipfshttpclient.requests_wrapper.HTTPConnection object at 0x7f91a288af40>: Failed to establish a new connection: [Errno 111] Connection refused'))
ipfs                | Initializing daemon...
ipfs                | go-ipfs version: 0.7.0-ea77213
ipfs                | Repo version: 10
ipfs                | System version: amd64/linux
ipfs                | Golang version: go1.14.4
ipfs                | Swarm is limited to private network of peers with the swarm key
ipfs                | Swarm key fingerprint: c53fe9fc1c8eac4230853d5efb58f0a0
ipfs                | Swarm listening on /ip4/10.23.85.159/tcp/4001
ipfs                | Swarm listening on /ip4/127.0.0.1/tcp/4001
ipfs                | Swarm listening on /ip4/146.59.192.105/tcp/4001
ipfs                | Swarm listening on /ip4/172.17.0.1/tcp/4001
ipfs                | Swarm listening on /ip6/::1/tcp/4001
ipfs                | Swarm listening on /p2p-circuit
ipfs                | Swarm announcing /ip4/127.0.0.1/tcp/4001
ipfs                | Swarm announcing /ip4/146.59.192.105/tcp/4001
ipfs                | Swarm announcing /ip6/::1/tcp/4001
ipfs                | API server listening on /ip4/127.0.0.1/tcp/5001
ipfs                | WebUI: http://127.0.0.1:5001/webui
ipfs                | Gateway (readonly) server listening on /ip4/127.0.0.1/tcp/8080
ipfs                | Daemon is ready
service             | Connected to IPFS daemon...
service             | Connected to bootstrap peer...
service             | Received bootstrap peer id: 12D3KooWNEFUnXGPzZjCaksxwmxsgRejAbuBiXQTYLLu65hHHLgL
service             | /ip4/51.210.39.160/tcp/4001/p2p/12D3KooWNEFUnXGPzZjCaksxwmxsgRejAbuBiXQTYLLu65hHHLgL
service             | INFO:     Started server process [1]
service             | INFO:     Waiting for application startup.
service             | INFO:     Application startup complete.
service             | INFO:     Uvicorn running on http://127.0.0.1:8000 (Press CTRL+C to quit)
service             | INFO:     127.0.0.1:41376 - "GET /download/?file_path=%2Ftmp%2Ffiles%2F1024MB_1 HTTP/1.1" 200 OK
service             | INFO:     127.0.0.1:41376 - "GET /metrics/ HTTP/1.1" 200 OK
service             | INFO:     127.0.0.1:41378 - "GET /download/?file_path=%2Ftmp%2Ffiles%2F1024MB_2 HTTP/1.1" 200 OK
service             | INFO:     127.0.0.1:41378 - "GET /metrics/ HTTP/1.1" 200 OK
service             | INFO:     127.0.0.1:41382 - "GET /download/?file_path=%2Ftmp%2Ffiles%2F1024MB_3 HTTP/1.1" 200 OK
service             | INFO:     127.0.0.1:41382 - "GET /metrics/ HTTP/1.1" 200 OK
service             | INFO:     127.0.0.1:41386 - "GET /download/?file_path=%2Ftmp%2Ffiles%2F1024MB_4 HTTP/1.1" 200 OK
service             | INFO:     127.0.0.1:41386 - "GET /metrics/ HTTP/1.1" 200 OK
service             | INFO:     127.0.0.1:41390 - "GET /download/?file_path=%2Ftmp%2Ffiles%2F1024MB_5 HTTP/1.1" 200 OK
service             | INFO:     127.0.0.1:41390 - "GET /metrics/ HTTP/1.1" 200 OK
service             | INFO:     127.0.0.1:41394 - "GET /download/?file_path=%2Ftmp%2Ffiles%2F1024MB_6 HTTP/1.1" 200 OK
service             | INFO:     127.0.0.1:41394 - "GET /metrics/ HTTP/1.1" 200 OK
service             | INFO:     127.0.0.1:41398 - "GET /download/?file_path=%2Ftmp%2Ffiles%2F1024MB_7 HTTP/1.1" 200 OK
service             | INFO:     127.0.0.1:41398 - "GET /metrics/ HTTP/1.1" 200 OK
service             | INFO:     127.0.0.1:41402 - "GET /download/?file_path=%2Ftmp%2Ffiles%2F1024MB_8 HTTP/1.1" 200 OK
service             | INFO:     127.0.0.1:41402 - "GET /metrics/ HTTP/1.1" 200 OK
service             | INFO:     127.0.0.1:41408 - "GET /download/?file_path=%2Ftmp%2Ffiles%2F1024MB_9 HTTP/1.1" 200 OK
service             | INFO:     127.0.0.1:41408 - "GET /metrics/ HTTP/1.1" 200 OK
service             | INFO:     127.0.0.1:41412 - "GET /download/?file_path=%2Ftmp%2Ffiles%2F1024MB_10 HTTP/1.1" 200 OK
service             | INFO:     127.0.0.1:41412 - "GET /metrics/ HTTP/1.1" 200 OK
client              | 15:15.14: Connecting to download script runner
client              | 15:15.14: Waiting for finish upload signal
client              | 15:24.35: Starting 1024MB benchmark
client              | 15:24.35: Creating client interface
client              | 15:24.35: Preparing run 1
client              | 15:24.35: Download file name is /tmp/files/1024MB_1
client              | 15:24.35: Running garbage collector
client              | 15:24.35: Sleeping for 30.0 seconds
client              | 15:25.05: Starting
client              | 15:25.47: Finished
client              | 15:25.47: Collecting metrics from service
client              | 15:25.47: Deleting downloaded file /tmp/files/1024MB_1
client              | 15:25.47: Ending run 1
client              | 15:25.47: Preparing run 2
client              | 15:25.47: Download file name is /tmp/files/1024MB_2
client              | 15:25.47: Running garbage collector
client              | 15:25.47: Sleeping for 30.0 seconds
client              | 15:26.17: Starting
client              | 15:27.00: Finished
client              | 15:27.00: Collecting metrics from service
client              | 15:27.00: Deleting downloaded file /tmp/files/1024MB_2
client              | 15:27.00: Ending run 2
client              | 15:27.00: Preparing run 3
client              | 15:27.00: Download file name is /tmp/files/1024MB_3
client              | 15:27.00: Running garbage collector
client              | 15:27.00: Sleeping for 30.0 seconds
client              | 15:27.30: Starting
client              | 15:28.15: Finished
client              | 15:28.15: Collecting metrics from service
client              | 15:28.15: Deleting downloaded file /tmp/files/1024MB_3
client              | 15:28.15: Ending run 3
client              | 15:28.15: Preparing run 4
client              | 15:28.15: Download file name is /tmp/files/1024MB_4
client              | 15:28.15: Running garbage collector
client              | 15:28.15: Sleeping for 30.0 seconds
client              | 15:28.45: Starting
client              | 15:29.46: Finished
client              | 15:29.46: Collecting metrics from service
client              | 15:29.46: Deleting downloaded file /tmp/files/1024MB_4
client              | 15:29.46: Ending run 4
client              | 15:29.46: Preparing run 5
client              | 15:29.46: Download file name is /tmp/files/1024MB_5
client              | 15:29.46: Running garbage collector
client              | 15:29.46: Sleeping for 30.0 seconds
client              | 15:30.16: Starting
client              | 15:30.58: Finished
client              | 15:30.58: Collecting metrics from service
client              | 15:30.58: Deleting downloaded file /tmp/files/1024MB_5
client              | 15:30.58: Ending run 5
client              | 15:30.58: Preparing run 6
client              | 15:30.58: Download file name is /tmp/files/1024MB_6
client              | 15:30.58: Running garbage collector
client              | 15:30.58: Sleeping for 30.0 seconds
client              | 15:31.28: Starting
client              | 15:32.10: Finished
client              | 15:32.10: Collecting metrics from service
client              | 15:32.10: Deleting downloaded file /tmp/files/1024MB_6
client              | 15:32.10: Ending run 6
client              | 15:32.10: Preparing run 7
client              | 15:32.10: Download file name is /tmp/files/1024MB_7
client              | 15:32.10: Running garbage collector
client              | 15:32.10: Sleeping for 30.0 seconds
client              | 15:32.40: Starting
client              | 15:33.22: Finished
client              | 15:33.22: Collecting metrics from service
client              | 15:33.22: Deleting downloaded file /tmp/files/1024MB_7
client              | 15:33.22: Ending run 7
client              | 15:33.22: Preparing run 8
client              | 15:33.22: Download file name is /tmp/files/1024MB_8
client              | 15:33.22: Running garbage collector
client              | 15:33.22: Sleeping for 30.0 seconds
client              | 15:33.52: Starting
client              | 15:34.33: Finished
client              | 15:34.33: Collecting metrics from service
client              | 15:34.33: Deleting downloaded file /tmp/files/1024MB_8
client              | 15:34.33: Ending run 8
client              | 15:34.33: Preparing run 9
client              | 15:34.33: Download file name is /tmp/files/1024MB_9
client              | 15:34.33: Running garbage collector
client              | 15:34.33: Sleeping for 30.0 seconds
client              | 15:35.03: Starting
client              | 15:35.44: Finished
client              | 15:35.44: Collecting metrics from service
client              | 15:35.44: Deleting downloaded file /tmp/files/1024MB_9
client              | 15:35.45: Ending run 9
client              | 15:35.45: Preparing run 10
client              | 15:35.45: Download file name is /tmp/files/1024MB_10
client              | 15:35.45: Running garbage collector
client              | 15:35.45: Sleeping for 30.0 seconds
client              | 15:36.15: Starting
client              | 15:36.56: Finished
client              | 15:36.56: Collecting metrics from service
client              | 15:36.56: Deleting downloaded file /tmp/files/1024MB_10
client              | 15:36.56: Ending run 10
client              | 15:36.56: Writing metrics file
client              | 15:36.56: Send finished download signal
client exited with code 0
Stopping service ... 
Stopping ipfs    ... 
Stopping ipfs    ... done
Stopping service ... done
Aborting on container exit...
Removing client  ... 
Removing service ... 
Removing ipfs    ... 
Removing client  ... done
Removing service ... done
Removing ipfs    ... done
WARNING! This will remove all local volumes not used by at least one container.
Are you sure you want to continue? [y/N] Deleted Volumes:
493f5b16e7771a65aeaee7c4608e2d66c37c6eb54f8655bc5a02e01d9c733665

Total reclaimed space: 10.78GB
