Time start: 2022-03-19 14:29:20
Time end: 2022-03-19 14:39:51
Duration: 0:10:31.889336

Platform: Linux-5.4.0-99-generic-x86_64-with-glibc2.29
Name: lfw-ds001-i045
Release: #112-Ubuntu SMP Thu Feb 3 13:50:55 UTC 2022

Compose file: transfer_ipfs_upload_setup.yml
Script: performance/transfer_ipfs_upload.py
Environment vars:
SCRIPT: performance/transfer_ipfs_upload.py
FILE_SIZE: 4194304
RUN_COUNT: 10
INTERVAL_SECONDS: 30

WARNING! This will remove all stopped containers.
Are you sure you want to continue? [y/N] Total reclaimed space: 0B
Creating ipfs ... 
Creating client ... 
Creating service ... 
Creating ipfs    ... done
Creating client  ... done
Creating service ... done
Attaching to ipfs, client, service
ipfs                | Changing user to ipfs
ipfs                | ipfs version 0.7.0
ipfs                | Initializing IPFS with --empty-repo, --profile=badgerds
ipfs                | generating ED25519 keypair...done
ipfs                | peer identity: 12D3KooWCJfXeeYVW9Dugv8xE7v5XTkiqrVC127pDqbGeYKry66p
ipfs                | initializing IPFS node at /data/ipfs
service             | ConnectionError: HTTPConnectionPool(host='127.0.0.1', port=5001): Max retries exceeded with url: /api/v0/version?stream-channels=true (Caused by NewConnectionError('<ipfshttpclient.requests_wrapper.HTTPConnection object at 0x7fa34c384f40>: Failed to establish a new connection: [Errno 111] Connection refused'))
ipfs                | Removing default bootstrap nodes...
ipfs                | removed /dnsaddr/bootstrap.libp2p.io/p2p/QmNnooDu7bfjPFoTZYxMNLWUQJyrVwtbZg5gBMjTezGAJN
ipfs                | removed /dnsaddr/bootstrap.libp2p.io/p2p/QmQCU2EcMqAqQPR2i9bChDtGNJchTbq5TbXJJ16u19uLTa
ipfs                | removed /dnsaddr/bootstrap.libp2p.io/p2p/QmbLHAnMoJPWSCR5Zhtx6BHJX9KiKNN6tpvbUcqanj75Nb
ipfs                | removed /dnsaddr/bootstrap.libp2p.io/p2p/QmcZf59bWwK5XFi76CZX8cbJ4BhTzzA3gU1ZjYZcYW3dwt
ipfs                | removed /ip4/104.131.131.82/tcp/4001/p2p/QmaCpDMGvV2BGHeYERUEnRQAwe3N8SzbUtfsmvsqQLuvuJ
ipfs                | removed /ip4/104.131.131.82/udp/4001/quic/p2p/QmaCpDMGvV2BGHeYERUEnRQAwe3N8SzbUtfsmvsqQLuvuJ
ipfs                | Initializing daemon...
ipfs                | go-ipfs version: 0.7.0-ea77213
ipfs                | Repo version: 10
ipfs                | System version: amd64/linux
ipfs                | Golang version: go1.14.4
ipfs                | Swarm is limited to private network of peers with the swarm key
ipfs                | Swarm key fingerprint: c53fe9fc1c8eac4230853d5efb58f0a0
ipfs                | Swarm listening on /ip4/10.23.89.47/tcp/4001
ipfs                | Swarm listening on /ip4/127.0.0.1/tcp/4001
ipfs                | Swarm listening on /ip4/172.17.0.1/tcp/4001
ipfs                | Swarm listening on /ip4/51.210.39.160/tcp/4001
ipfs                | Swarm listening on /ip6/::1/tcp/4001
ipfs                | Swarm listening on /p2p-circuit
ipfs                | Swarm announcing /ip4/127.0.0.1/tcp/4001
ipfs                | Swarm announcing /ip4/51.210.39.160/tcp/4001
ipfs                | Swarm announcing /ip6/::1/tcp/4001
ipfs                | API server listening on /ip4/127.0.0.1/tcp/5001
ipfs                | WebUI: http://127.0.0.1:5001/webui
ipfs                | Gateway (readonly) server listening on /ip4/127.0.0.1/tcp/8080
ipfs                | Daemon is ready
service             | Connected to IPFS daemon...
service             | Connected to bootstrap peer...New bootstrapping peer joined
service             | Send my peer ID: 12D3KooWCJfXeeYVW9Dugv8xE7v5XTkiqrVC127pDqbGeYKry66p
service             | 
service             | Received bootstrap peer id: 12D3KooWCJfXeeYVW9Dugv8xE7v5XTkiqrVC127pDqbGeYKry66p
service             | I am the bootstrap peer
service             | Could not publish files...
service             | failed to find any peer in table
service             | INFO:     Started server process [1]
service             | INFO:     Waiting for application startup.
service             | INFO:     Application startup complete.
service             | INFO:     Uvicorn running on http://127.0.0.1:8000 (Press CTRL+C to quit)
service             | New bootstrapping peer joined
service             | Send my peer ID: 12D3KooWCJfXeeYVW9Dugv8xE7v5XTkiqrVC127pDqbGeYKry66p
service             | INFO:     127.0.0.1:39380 - "PUT /upload/?file_path=%2Ftmp%2Ffiles%2F4MB_1 HTTP/1.1" 200 OK
service             | INFO:     127.0.0.1:39380 - "GET /metrics/ HTTP/1.1" 200 OK
service             | INFO:     127.0.0.1:39382 - "PUT /upload/?file_path=%2Ftmp%2Ffiles%2F4MB_2 HTTP/1.1" 200 OK
service             | INFO:     127.0.0.1:39382 - "GET /metrics/ HTTP/1.1" 200 OK
service             | INFO:     127.0.0.1:39386 - "PUT /upload/?file_path=%2Ftmp%2Ffiles%2F4MB_3 HTTP/1.1" 200 OK
service             | INFO:     127.0.0.1:39386 - "GET /metrics/ HTTP/1.1" 200 OK
service             | INFO:     127.0.0.1:39390 - "PUT /upload/?file_path=%2Ftmp%2Ffiles%2F4MB_4 HTTP/1.1" 200 OK
service             | INFO:     127.0.0.1:39390 - "GET /metrics/ HTTP/1.1" 200 OK
service             | INFO:     127.0.0.1:39394 - "PUT /upload/?file_path=%2Ftmp%2Ffiles%2F4MB_5 HTTP/1.1" 200 OK
service             | INFO:     127.0.0.1:39394 - "GET /metrics/ HTTP/1.1" 200 OK
service             | INFO:     127.0.0.1:39398 - "PUT /upload/?file_path=%2Ftmp%2Ffiles%2F4MB_6 HTTP/1.1" 200 OK
service             | INFO:     127.0.0.1:39398 - "GET /metrics/ HTTP/1.1" 200 OK
service             | INFO:     127.0.0.1:39400 - "PUT /upload/?file_path=%2Ftmp%2Ffiles%2F4MB_7 HTTP/1.1" 200 OK
service             | INFO:     127.0.0.1:39400 - "GET /metrics/ HTTP/1.1" 200 OK
service             | INFO:     127.0.0.1:39402 - "PUT /upload/?file_path=%2Ftmp%2Ffiles%2F4MB_8 HTTP/1.1" 200 OK
service             | INFO:     127.0.0.1:39402 - "GET /metrics/ HTTP/1.1" 200 OK
service             | INFO:     127.0.0.1:39408 - "PUT /upload/?file_path=%2Ftmp%2Ffiles%2F4MB_9 HTTP/1.1" 200 OK
service             | INFO:     127.0.0.1:39408 - "GET /metrics/ HTTP/1.1" 200 OK
service             | INFO:     127.0.0.1:39412 - "PUT /upload/?file_path=%2Ftmp%2Ffiles%2F4MB_10 HTTP/1.1" 200 OK
service             | INFO:     127.0.0.1:39412 - "GET /metrics/ HTTP/1.1" 200 OK
client              | 14:29.27: Connecting to IPFS daemon
client              | 14:29.27: Connected to IPFS daemon, peer ID is 12D3KooWCJfXeeYVW9Dugv8xE7v5XTkiqrVC127pDqbGeYKry66p
client              | 14:29.27: Connecting to upload script runner
client              | 14:29.27: Sending peer ID
client              | 14:29.27: Waiting for signal to start downloading
client              | 14:29.34: Starting 4MB benchmark
client              | 14:29.34: Creating client interface
client              | 14:29.34: Preparing run 1
client              | 14:29.34: Creating file /tmp/files/4MB_1
client              | 14:29.34: Running garbage collector
client              | 14:29.34: Sleeping for 30.0 seconds
client              | 14:30.04: Starting
client              | 14:30.04: Finished
client              | 14:30.04: Collecting metrics from service
client              | 14:30.04: Deleting created file /tmp/files/4MB_1
client              | 14:30.04: Ending run 1
client              | 14:30.04: Preparing run 2
client              | 14:30.04: Creating file /tmp/files/4MB_2
client              | 14:30.04: Running garbage collector
client              | 14:30.04: Sleeping for 30.0 seconds
client              | 14:30.34: Starting
client              | 14:30.34: Finished
client              | 14:30.34: Collecting metrics from service
client              | 14:30.34: Deleting created file /tmp/files/4MB_2
client              | 14:30.34: Ending run 2
client              | 14:30.34: Preparing run 3
client              | 14:30.34: Creating file /tmp/files/4MB_3
client              | 14:30.34: Running garbage collector
client              | 14:30.34: Sleeping for 30.0 seconds
client              | 14:31.04: Starting
client              | 14:31.05: Finished
client              | 14:31.05: Collecting metrics from service
client              | 14:31.05: Deleting created file /tmp/files/4MB_3
client              | 14:31.05: Ending run 3
client              | 14:31.05: Preparing run 4
client              | 14:31.05: Creating file /tmp/files/4MB_4
client              | 14:31.05: Running garbage collector
client              | 14:31.05: Sleeping for 30.0 seconds
client              | 14:31.35: Starting
client              | 14:31.35: Finished
client              | 14:31.35: Collecting metrics from service
client              | 14:31.35: Deleting created file /tmp/files/4MB_4
client              | 14:31.35: Ending run 4
client              | 14:31.35: Preparing run 5
client              | 14:31.35: Creating file /tmp/files/4MB_5
client              | 14:31.35: Running garbage collector
client              | 14:31.35: Sleeping for 30.0 seconds
client              | 14:32.05: Starting
client              | 14:32.05: Finished
client              | 14:32.05: Collecting metrics from service
client              | 14:32.05: Deleting created file /tmp/files/4MB_5
client              | 14:32.05: Ending run 5
client              | 14:32.05: Preparing run 6
client              | 14:32.05: Creating file /tmp/files/4MB_6
client              | 14:32.05: Running garbage collector
client              | 14:32.05: Sleeping for 30.0 seconds
client              | 14:32.35: Starting
client              | 14:32.35: Finished
client              | 14:32.35: Collecting metrics from service
client              | 14:32.35: Deleting created file /tmp/files/4MB_6
client              | 14:32.35: Ending run 6
client              | 14:32.35: Preparing run 7
client              | 14:32.35: Creating file /tmp/files/4MB_7
client              | 14:32.35: Running garbage collector
client              | 14:32.35: Sleeping for 30.0 seconds
client              | 14:33.05: Starting
client              | 14:33.06: Finished
client              | 14:33.06: Collecting metrics from service
client              | 14:33.06: Deleting created file /tmp/files/4MB_7
client              | 14:33.06: Ending run 7
client              | 14:33.06: Preparing run 8
client              | 14:33.06: Creating file /tmp/files/4MB_8
client              | 14:33.06: Running garbage collector
client              | 14:33.06: Sleeping for 30.0 seconds
client              | 14:33.36: Starting
client              | 14:33.36: Finished
client              | 14:33.36: Collecting metrics from service
client              | 14:33.36: Deleting created file /tmp/files/4MB_8
client              | 14:33.36: Ending run 8
client              | 14:33.36: Preparing run 9
client              | 14:33.36: Creating file /tmp/files/4MB_9
client              | 14:33.36: Running garbage collector
client              | 14:33.36: Sleeping for 30.0 seconds
client              | 14:34.06: Starting
client              | 14:34.06: Finished
client              | 14:34.06: Collecting metrics from service
client              | 14:34.06: Deleting created file /tmp/files/4MB_9
client              | 14:34.06: Ending run 9
client              | 14:34.06: Preparing run 10
client              | 14:34.06: Creating file /tmp/files/4MB_10
client              | 14:34.06: Running garbage collector
client              | 14:34.06: Sleeping for 30.0 seconds
client              | 14:34.36: Starting
client              | 14:34.36: Finished
client              | 14:34.36: Collecting metrics from service
client              | 14:34.36: Deleting created file /tmp/files/4MB_10
client              | 14:34.36: Ending run 10
client              | 14:34.36: Writing metrics file
client              | 14:34.36: Sending upload finished signal
client              | 14:34.36: Waiting for download finished signal
client exited with code 0
Stopping service ... 
Stopping ipfs    ... 
Stopping ipfs    ... done
Stopping service ... done
Aborting on container exit...
Removing service ... 
Removing client  ... 
Removing ipfs    ... 
Removing service ... done
Removing client  ... done
Removing ipfs    ... done
WARNING! This will remove all local volumes not used by at least one container.
Are you sure you want to continue? [y/N] Deleted Volumes:
e2c15395b2b58081993389bdc3405d000730bc7564c5f3615380136b76050166

Total reclaimed space: 42.72MB
