Time start: 2022-03-19 14:18:50
Time end: 2022-03-19 14:29:20
Duration: 0:10:29.861610

Platform: Linux-5.4.0-99-generic-x86_64-with-glibc2.29
Name: lfw-ds001-i045
Release: #112-Ubuntu SMP Thu Feb 3 13:50:55 UTC 2022

Compose file: transfer_ipfs_upload_setup.yml
Script: performance/transfer_ipfs_upload.py
Environment vars:
SCRIPT: performance/transfer_ipfs_upload.py
FILE_SIZE: 1048576
RUN_COUNT: 10
INTERVAL_SECONDS: 30

WARNING! This will remove all stopped containers.
Are you sure you want to continue? [y/N] Total reclaimed space: 0B
Creating ipfs ... 
Creating service ... 
Creating client  ... 
Creating service ... done
Creating client  ... done
Creating ipfs    ... done
Attaching to service, client, ipfs
ipfs                | Changing user to ipfs
ipfs                | ipfs version 0.7.0
ipfs                | Initializing IPFS with --empty-repo, --profile=badgerds
ipfs                | generating ED25519 keypair...done
ipfs                | peer identity: 12D3KooWL66toh1xBRToydttm688Nm1AbS5LFHT94GgXAvRphNM9
ipfs                | initializing IPFS node at /data/ipfs
service             | ConnectionError: HTTPConnectionPool(host='127.0.0.1', port=5001): Max retries exceeded with url: /api/v0/version?stream-channels=true (Caused by NewConnectionError('<ipfshttpclient.requests_wrapper.HTTPConnection object at 0x7f2e50110f40>: Failed to establish a new connection: [Errno 111] Connection refused'))
ipfs                | Removing default bootstrap nodes...
ipfs                | removed /dnsaddr/bootstrap.libp2p.io/p2p/QmNnooDu7bfjPFoTZYxMNLWUQJyrVwtbZg5gBMjTezGAJN
ipfs                | removed /dnsaddr/bootstrap.libp2p.io/p2p/QmQCU2EcMqAqQPR2i9bChDtGNJchTbq5TbXJJ16u19uLTa
ipfs                | removed /dnsaddr/bootstrap.libp2p.io/p2p/QmbLHAnMoJPWSCR5Zhtx6BHJX9KiKNN6tpvbUcqanj75Nb
ipfs                | removed /dnsaddr/bootstrap.libp2p.io/p2p/QmcZf59bWwK5XFi76CZX8cbJ4BhTzzA3gU1ZjYZcYW3dwt
ipfs                | removed /ip4/104.131.131.82/tcp/4001/p2p/QmaCpDMGvV2BGHeYERUEnRQAwe3N8SzbUtfsmvsqQLuvuJ
ipfs                | removed /ip4/104.131.131.82/udp/4001/quic/p2p/QmaCpDMGvV2BGHeYERUEnRQAwe3N8SzbUtfsmvsqQLuvuJ
ipfs                | Initializing daemon...
ipfs                | go-ipfs version: 0.7.0-ea77213
ipfs                | Repo version: 10
ipfs                | System version: amd64/linux
ipfs                | Golang version: go1.14.4
ipfs                | Swarm is limited to private network of peers with the swarm key
ipfs                | Swarm key fingerprint: c53fe9fc1c8eac4230853d5efb58f0a0
ipfs                | Swarm listening on /ip4/10.23.89.47/tcp/4001
ipfs                | Swarm listening on /ip4/127.0.0.1/tcp/4001
ipfs                | Swarm listening on /ip4/172.17.0.1/tcp/4001
ipfs                | Swarm listening on /ip4/51.210.39.160/tcp/4001
ipfs                | Swarm listening on /ip6/::1/tcp/4001
ipfs                | Swarm listening on /p2p-circuit
ipfs                | Swarm announcing /ip4/127.0.0.1/tcp/4001
ipfs                | Swarm announcing /ip4/51.210.39.160/tcp/4001
ipfs                | Swarm announcing /ip6/::1/tcp/4001
ipfs                | API server listening on /ip4/127.0.0.1/tcp/5001
ipfs                | WebUI: http://127.0.0.1:5001/webui
ipfs                | Gateway (readonly) server listening on /ip4/127.0.0.1/tcp/8080
ipfs                | Daemon is ready
service             | Connected to IPFS daemon...
service             | Could not contact peer to acquire bootstrap peer ID
service             | [Errno 111] Connection refused
service             | Connected to bootstrap peer...
service             | New bootstrapping peer joined
service             | Received bootstrap peer id: 12D3KooWL66toh1xBRToydttm688Nm1AbS5LFHT94GgXAvRphNM9
service             | I am the bootstrap peer
service             | Send my peer ID: 12D3KooWL66toh1xBRToydttm688Nm1AbS5LFHT94GgXAvRphNM9
service             | Could not publish files...
service             | failed to find any peer in table
service             | INFO:     Started server process [1]
service             | INFO:     Waiting for application startup.
service             | INFO:     Application startup complete.
service             | INFO:     Uvicorn running on http://127.0.0.1:8000 (Press CTRL+C to quit)
service             | New bootstrapping peer joined
service             | Send my peer ID: 12D3KooWL66toh1xBRToydttm688Nm1AbS5LFHT94GgXAvRphNM9
service             | INFO:     127.0.0.1:39336 - "PUT /upload/?file_path=%2Ftmp%2Ffiles%2F1MB_1 HTTP/1.1" 200 OK
service             | INFO:     127.0.0.1:39336 - "GET /metrics/ HTTP/1.1" 200 OK
service             | INFO:     127.0.0.1:39338 - "PUT /upload/?file_path=%2Ftmp%2Ffiles%2F1MB_2 HTTP/1.1" 200 OK
service             | INFO:     127.0.0.1:39338 - "GET /metrics/ HTTP/1.1" 200 OK
service             | INFO:     127.0.0.1:39342 - "PUT /upload/?file_path=%2Ftmp%2Ffiles%2F1MB_3 HTTP/1.1" 200 OK
service             | INFO:     127.0.0.1:39342 - "GET /metrics/ HTTP/1.1" 200 OK
service             | INFO:     127.0.0.1:39344 - "PUT /upload/?file_path=%2Ftmp%2Ffiles%2F1MB_4 HTTP/1.1" 200 OK
service             | INFO:     127.0.0.1:39344 - "GET /metrics/ HTTP/1.1" 200 OK
service             | INFO:     127.0.0.1:39346 - "PUT /upload/?file_path=%2Ftmp%2Ffiles%2F1MB_5 HTTP/1.1" 200 OK
service             | INFO:     127.0.0.1:39346 - "GET /metrics/ HTTP/1.1" 200 OK
service             | INFO:     127.0.0.1:39350 - "PUT /upload/?file_path=%2Ftmp%2Ffiles%2F1MB_6 HTTP/1.1" 200 OK
service             | INFO:     127.0.0.1:39350 - "GET /metrics/ HTTP/1.1" 200 OK
service             | INFO:     127.0.0.1:39352 - "PUT /upload/?file_path=%2Ftmp%2Ffiles%2F1MB_7 HTTP/1.1" 200 OK
service             | INFO:     127.0.0.1:39352 - "GET /metrics/ HTTP/1.1" 200 OK
service             | INFO:     127.0.0.1:39354 - "PUT /upload/?file_path=%2Ftmp%2Ffiles%2F1MB_8 HTTP/1.1" 200 OK
service             | INFO:     127.0.0.1:39354 - "GET /metrics/ HTTP/1.1" 200 OK
service             | INFO:     127.0.0.1:39360 - "PUT /upload/?file_path=%2Ftmp%2Ffiles%2F1MB_9 HTTP/1.1" 200 OK
service             | INFO:     127.0.0.1:39360 - "GET /metrics/ HTTP/1.1" 200 OK
service             | INFO:     127.0.0.1:39362 - "PUT /upload/?file_path=%2Ftmp%2Ffiles%2F1MB_10 HTTP/1.1" 200 OK
service             | INFO:     127.0.0.1:39362 - "GET /metrics/ HTTP/1.1" 200 OK
client              | 14:18.58: Connecting to IPFS daemon
client              | 14:18.58: Connected to IPFS daemon, peer ID is 12D3KooWL66toh1xBRToydttm688Nm1AbS5LFHT94GgXAvRphNM9
client              | 14:18.58: Connecting to upload script runner
client              | 14:18.58: Sending peer ID
client              | 14:18.58: Waiting for signal to start downloading
client              | 14:19.04: Starting 1MB benchmark
client              | 14:19.04: Creating client interface
client              | 14:19.04: Preparing run 1
client              | 14:19.04: Creating file /tmp/files/1MB_1
client              | 14:19.04: Running garbage collector
client              | 14:19.04: Sleeping for 30.0 seconds
client              | 14:19.34: Starting
client              | 14:19.34: Finished
client              | 14:19.34: Collecting metrics from service
client              | 14:19.34: Deleting created file /tmp/files/1MB_1
client              | 14:19.34: Ending run 1
client              | 14:19.34: Preparing run 2
client              | 14:19.34: Creating file /tmp/files/1MB_2
client              | 14:19.34: Running garbage collector
client              | 14:19.34: Sleeping for 30.0 seconds
client              | 14:20.04: Starting
client              | 14:20.04: Finished
client              | 14:20.04: Collecting metrics from service
client              | 14:20.04: Deleting created file /tmp/files/1MB_2
client              | 14:20.04: Ending run 2
client              | 14:20.04: Preparing run 3
client              | 14:20.04: Creating file /tmp/files/1MB_3
client              | 14:20.04: Running garbage collector
client              | 14:20.04: Sleeping for 30.0 seconds
client              | 14:20.34: Starting
client              | 14:20.34: Finished
client              | 14:20.34: Collecting metrics from service
client              | 14:20.34: Deleting created file /tmp/files/1MB_3
client              | 14:20.34: Ending run 3
client              | 14:20.34: Preparing run 4
client              | 14:20.34: Creating file /tmp/files/1MB_4
client              | 14:20.34: Running garbage collector
client              | 14:20.34: Sleeping for 30.0 seconds
client              | 14:21.04: Starting
client              | 14:21.05: Finished
client              | 14:21.05: Collecting metrics from service
client              | 14:21.05: Deleting created file /tmp/files/1MB_4
client              | 14:21.05: Ending run 4
client              | 14:21.05: Preparing run 5
client              | 14:21.05: Creating file /tmp/files/1MB_5
client              | 14:21.05: Running garbage collector
client              | 14:21.05: Sleeping for 30.0 seconds
client              | 14:21.35: Starting
client              | 14:21.35: Finished
client              | 14:21.35: Collecting metrics from service
client              | 14:21.35: Deleting created file /tmp/files/1MB_5
client              | 14:21.35: Ending run 5
client              | 14:21.35: Preparing run 6
client              | 14:21.35: Creating file /tmp/files/1MB_6
client              | 14:21.35: Running garbage collector
client              | 14:21.35: Sleeping for 30.0 seconds
client              | 14:22.05: Starting
client              | 14:22.05: Finished
client              | 14:22.05: Collecting metrics from service
client              | 14:22.05: Deleting created file /tmp/files/1MB_6
client              | 14:22.05: Ending run 6
client              | 14:22.05: Preparing run 7
client              | 14:22.05: Creating file /tmp/files/1MB_7
client              | 14:22.05: Running garbage collector
client              | 14:22.05: Sleeping for 30.0 seconds
client              | 14:22.35: Starting
client              | 14:22.35: Finished
client              | 14:22.35: Collecting metrics from service
client              | 14:22.35: Deleting created file /tmp/files/1MB_7
client              | 14:22.35: Ending run 7
client              | 14:22.35: Preparing run 8
client              | 14:22.35: Creating file /tmp/files/1MB_8
client              | 14:22.35: Running garbage collector
client              | 14:22.35: Sleeping for 30.0 seconds
client              | 14:23.05: Starting
client              | 14:23.05: Finished
client              | 14:23.05: Collecting metrics from service
client              | 14:23.05: Deleting created file /tmp/files/1MB_8
client              | 14:23.05: Ending run 8
client              | 14:23.05: Preparing run 9
client              | 14:23.05: Creating file /tmp/files/1MB_9
client              | 14:23.05: Running garbage collector
client              | 14:23.05: Sleeping for 30.0 seconds
client              | 14:23.35: Starting
client              | 14:23.35: Finished
client              | 14:23.35: Collecting metrics from service
client              | 14:23.35: Deleting created file /tmp/files/1MB_9
client              | 14:23.35: Ending run 9
client              | 14:23.35: Preparing run 10
client              | 14:23.35: Creating file /tmp/files/1MB_10
client              | 14:23.35: Running garbage collector
client              | 14:23.35: Sleeping for 30.0 seconds
client              | 14:24.05: Starting
client              | 14:24.05: Finished
client              | 14:24.05: Collecting metrics from service
client              | 14:24.05: Deleting created file /tmp/files/1MB_10
client              | 14:24.05: Ending run 10
client              | 14:24.05: Writing metrics file
client              | 14:24.05: Sending upload finished signal
client              | 14:24.05: Waiting for download finished signal
client exited with code 0
Stopping ipfs    ... 
Stopping service ... 
Stopping ipfs    ... done
Stopping service ... done
Aborting on container exit...
Removing client  ... 
Removing ipfs    ... 
Removing service ... 
Removing client  ... done
Removing service ... done
Removing ipfs    ... done
WARNING! This will remove all local volumes not used by at least one container.
Are you sure you want to continue? [y/N] Deleted Volumes:
b5da2a3ae325daa02cb6fb8070e5c124889a66a7af193d20905b2c97bc17aaf3

Total reclaimed space: 11.15MB
