Time start: 2022-03-19 14:50:39
Time end: 2022-03-19 15:01:41
Duration: 0:11:02.078882

Platform: Linux-5.4.0-99-generic-x86_64-with-glibc2.29
Name: lfw-ds001-i046
Release: #112-Ubuntu SMP Thu Feb 3 13:50:55 UTC 2022

Compose file: transfer_ipfs_download_setup.yml
Script: performance/transfer_ipfs_download.py
Environment vars:
SCRIPT: performance/transfer_ipfs_download.py
PEER_ID: 12D3KooWMTtJDpZqYfskRMAkvi6savqKFEoh6UfP3Q87pd2AaBrH
BOOT_ADDRESS: 51.210.39.160
FILE_SIZE: 67108864
RUN_COUNT: 10
INTERVAL_SECONDS: 30

WARNING! This will remove all stopped containers.
Are you sure you want to continue? [y/N] Total reclaimed space: 0B
Creating service ... 
Creating client  ... 
Creating ipfs    ... 
Creating client  ... done
Creating ipfs    ... done
Creating service ... done
Attaching to client, ipfs, service
ipfs                | Changing user to ipfs
ipfs                | ipfs version 0.7.0
ipfs                | Initializing IPFS with --empty-repo, --profile=badgerds
ipfs                | generating ED25519 keypair...done
ipfs                | peer identity: 12D3KooWDwE5HNHoQ5t3R8PzLbz29g5dQE6NK35UVZNB5aoBuEoh
ipfs                | initializing IPFS node at /data/ipfs
ipfs                | Removing default bootstrap nodes...
ipfs                | removed /dnsaddr/bootstrap.libp2p.io/p2p/QmNnooDu7bfjPFoTZYxMNLWUQJyrVwtbZg5gBMjTezGAJN
ipfs                | removed /dnsaddr/bootstrap.libp2p.io/p2p/QmQCU2EcMqAqQPR2i9bChDtGNJchTbq5TbXJJ16u19uLTa
ipfs                | removed /dnsaddr/bootstrap.libp2p.io/p2p/QmbLHAnMoJPWSCR5Zhtx6BHJX9KiKNN6tpvbUcqanj75Nb
ipfs                | removed /dnsaddr/bootstrap.libp2p.io/p2p/QmcZf59bWwK5XFi76CZX8cbJ4BhTzzA3gU1ZjYZcYW3dwt
ipfs                | removed /ip4/104.131.131.82/tcp/4001/p2p/QmaCpDMGvV2BGHeYERUEnRQAwe3N8SzbUtfsmvsqQLuvuJ
ipfs                | removed /ip4/104.131.131.82/udp/4001/quic/p2p/QmaCpDMGvV2BGHeYERUEnRQAwe3N8SzbUtfsmvsqQLuvuJ
ipfs                | added /ip4/51.210.39.160/tcp/4001/p2p/12D3KooWMTtJDpZqYfskRMAkvi6savqKFEoh6UfP3Q87pd2AaBrH
service             | ConnectionError: HTTPConnectionPool(host='127.0.0.1', port=5001): Max retries exceeded with url: /api/v0/version?stream-channels=true (Caused by NewConnectionError('<ipfshttpclient.requests_wrapper.HTTPConnection object at 0x7f6f5d418f40>: Failed to establish a new connection: [Errno 111] Connection refused'))
ipfs                | Initializing daemon...
ipfs                | go-ipfs version: 0.7.0-ea77213
ipfs                | Repo version: 10
ipfs                | System version: amd64/linux
ipfs                | Golang version: go1.14.4
ipfs                | Swarm is limited to private network of peers with the swarm key
ipfs                | Swarm key fingerprint: c53fe9fc1c8eac4230853d5efb58f0a0
ipfs                | Swarm listening on /ip4/10.23.85.159/tcp/4001
ipfs                | Swarm listening on /ip4/127.0.0.1/tcp/4001
ipfs                | Swarm listening on /ip4/146.59.192.105/tcp/4001
ipfs                | Swarm listening on /ip4/172.17.0.1/tcp/4001
ipfs                | Swarm listening on /ip6/::1/tcp/4001
ipfs                | Swarm listening on /p2p-circuit
ipfs                | Swarm announcing /ip4/127.0.0.1/tcp/4001
ipfs                | Swarm announcing /ip4/146.59.192.105/tcp/4001
ipfs                | Swarm announcing /ip6/::1/tcp/4001
ipfs                | API server listening on /ip4/127.0.0.1/tcp/5001
ipfs                | WebUI: http://127.0.0.1:5001/webui
ipfs                | Gateway (readonly) server listening on /ip4/127.0.0.1/tcp/8080
ipfs                | Daemon is ready
service             | Connected to IPFS daemon...
service             | Connected to bootstrap peer...
service             | Received bootstrap peer id: 12D3KooWMTtJDpZqYfskRMAkvi6savqKFEoh6UfP3Q87pd2AaBrH
service             | /ip4/51.210.39.160/tcp/4001/p2p/12D3KooWMTtJDpZqYfskRMAkvi6savqKFEoh6UfP3Q87pd2AaBrH
service             | INFO:     Started server process [1]
service             | INFO:     Waiting for application startup.
service             | INFO:     Application startup complete.
service             | INFO:     Uvicorn running on http://127.0.0.1:8000 (Press CTRL+C to quit)
service             | INFO:     127.0.0.1:41248 - "GET /download/?file_path=%2Ftmp%2Ffiles%2F64MB_1 HTTP/1.1" 200 OK
service             | INFO:     127.0.0.1:41248 - "GET /metrics/ HTTP/1.1" 200 OK
service             | INFO:     127.0.0.1:41250 - "GET /download/?file_path=%2Ftmp%2Ffiles%2F64MB_2 HTTP/1.1" 200 OK
service             | INFO:     127.0.0.1:41250 - "GET /metrics/ HTTP/1.1" 200 OK
service             | INFO:     127.0.0.1:41256 - "GET /download/?file_path=%2Ftmp%2Ffiles%2F64MB_3 HTTP/1.1" 200 OK
service             | INFO:     127.0.0.1:41256 - "GET /metrics/ HTTP/1.1" 200 OK
service             | INFO:     127.0.0.1:41260 - "GET /download/?file_path=%2Ftmp%2Ffiles%2F64MB_4 HTTP/1.1" 200 OK
service             | INFO:     127.0.0.1:41260 - "GET /metrics/ HTTP/1.1" 200 OK
service             | INFO:     127.0.0.1:41264 - "GET /download/?file_path=%2Ftmp%2Ffiles%2F64MB_5 HTTP/1.1" 200 OK
service             | INFO:     127.0.0.1:41264 - "GET /metrics/ HTTP/1.1" 200 OK
service             | INFO:     127.0.0.1:41270 - "GET /download/?file_path=%2Ftmp%2Ffiles%2F64MB_6 HTTP/1.1" 200 OK
service             | INFO:     127.0.0.1:41270 - "GET /metrics/ HTTP/1.1" 200 OK
service             | INFO:     127.0.0.1:41274 - "GET /download/?file_path=%2Ftmp%2Ffiles%2F64MB_7 HTTP/1.1" 200 OK
service             | INFO:     127.0.0.1:41274 - "GET /metrics/ HTTP/1.1" 200 OK
service             | INFO:     127.0.0.1:41278 - "GET /download/?file_path=%2Ftmp%2Ffiles%2F64MB_8 HTTP/1.1" 200 OK
service             | INFO:     127.0.0.1:41278 - "GET /metrics/ HTTP/1.1" 200 OK
service             | INFO:     127.0.0.1:41284 - "GET /download/?file_path=%2Ftmp%2Ffiles%2F64MB_9 HTTP/1.1" 200 OK
service             | INFO:     127.0.0.1:41284 - "GET /metrics/ HTTP/1.1" 200 OK
service             | INFO:     127.0.0.1:41288 - "GET /download/?file_path=%2Ftmp%2Ffiles%2F64MB_10 HTTP/1.1" 200 OK
service             | INFO:     127.0.0.1:41288 - "GET /metrics/ HTTP/1.1" 200 OK
client              | 14:50.45: Connecting to download script runner
client              | 14:50.45: Waiting for finish upload signal
client              | 14:56.03: Starting 64MB benchmark
client              | 14:56.03: Creating client interface
client              | 14:56.03: Preparing run 1
client              | 14:56.03: Download file name is /tmp/files/64MB_1
client              | 14:56.03: Running garbage collector
client              | 14:56.03: Sleeping for 30.0 seconds
client              | 14:56.33: Starting
client              | 14:56.36: Finished
client              | 14:56.36: Collecting metrics from service
client              | 14:56.36: Deleting downloaded file /tmp/files/64MB_1
client              | 14:56.36: Ending run 1
client              | 14:56.36: Preparing run 2
client              | 14:56.36: Download file name is /tmp/files/64MB_2
client              | 14:56.36: Running garbage collector
client              | 14:56.36: Sleeping for 30.0 seconds
client              | 14:57.06: Starting
client              | 14:57.09: Finished
client              | 14:57.09: Collecting metrics from service
client              | 14:57.09: Deleting downloaded file /tmp/files/64MB_2
client              | 14:57.09: Ending run 2
client              | 14:57.09: Preparing run 3
client              | 14:57.09: Download file name is /tmp/files/64MB_3
client              | 14:57.09: Running garbage collector
client              | 14:57.09: Sleeping for 30.0 seconds
client              | 14:57.39: Starting
client              | 14:57.41: Finished
client              | 14:57.41: Collecting metrics from service
client              | 14:57.41: Deleting downloaded file /tmp/files/64MB_3
client              | 14:57.41: Ending run 3
client              | 14:57.41: Preparing run 4
client              | 14:57.41: Download file name is /tmp/files/64MB_4
client              | 14:57.41: Running garbage collector
client              | 14:57.41: Sleeping for 30.0 seconds
client              | 14:58.11: Starting
client              | 14:58.14: Finished
client              | 14:58.14: Collecting metrics from service
client              | 14:58.14: Deleting downloaded file /tmp/files/64MB_4
client              | 14:58.14: Ending run 4
client              | 14:58.14: Preparing run 5
client              | 14:58.14: Download file name is /tmp/files/64MB_5
client              | 14:58.14: Running garbage collector
client              | 14:58.14: Sleeping for 30.0 seconds
client              | 14:58.44: Starting
client              | 14:58.46: Finished
client              | 14:58.46: Collecting metrics from service
client              | 14:58.46: Deleting downloaded file /tmp/files/64MB_5
client              | 14:58.46: Ending run 5
client              | 14:58.46: Preparing run 6
client              | 14:58.46: Download file name is /tmp/files/64MB_6
client              | 14:58.46: Running garbage collector
client              | 14:58.46: Sleeping for 30.0 seconds
client              | 14:59.16: Starting
client              | 14:59.19: Finished
client              | 14:59.19: Collecting metrics from service
client              | 14:59.19: Deleting downloaded file /tmp/files/64MB_6
client              | 14:59.19: Ending run 6
client              | 14:59.19: Preparing run 7
client              | 14:59.19: Download file name is /tmp/files/64MB_7
client              | 14:59.19: Running garbage collector
client              | 14:59.19: Sleeping for 30.0 seconds
client              | 14:59.49: Starting
client              | 14:59.52: Finished
client              | 14:59.52: Collecting metrics from service
client              | 14:59.52: Deleting downloaded file /tmp/files/64MB_7
client              | 14:59.52: Ending run 7
client              | 14:59.52: Preparing run 8
client              | 14:59.52: Download file name is /tmp/files/64MB_8
client              | 14:59.52: Running garbage collector
client              | 14:59.52: Sleeping for 30.0 seconds
client              | 15:00.22: Starting
client              | 15:00.25: Finished
client              | 15:00.25: Collecting metrics from service
client              | 15:00.25: Deleting downloaded file /tmp/files/64MB_8
client              | 15:00.25: Ending run 8
client              | 15:00.25: Preparing run 9
client              | 15:00.25: Download file name is /tmp/files/64MB_9
client              | 15:00.25: Running garbage collector
client              | 15:00.25: Sleeping for 30.0 seconds
client              | 15:00.55: Starting
client              | 15:00.57: Finished
client              | 15:00.57: Collecting metrics from service
client              | 15:00.57: Deleting downloaded file /tmp/files/64MB_9
client              | 15:00.57: Ending run 9
client              | 15:00.57: Preparing run 10
client              | 15:00.57: Download file name is /tmp/files/64MB_10
client              | 15:00.57: Running garbage collector
client              | 15:00.57: Sleeping for 30.0 seconds
client              | 15:01.27: Starting
client              | 15:01.30: Finished
client              | 15:01.30: Collecting metrics from service
client              | 15:01.30: Deleting downloaded file /tmp/files/64MB_10
client              | 15:01.30: Ending run 10
client              | 15:01.30: Writing metrics file
client              | 15:01.30: Send finished download signal
client exited with code 0
Stopping ipfs    ... 
Stopping service ... 
Stopping ipfs    ... done
Stopping service ... done
Aborting on container exit...
Removing ipfs    ... 
Removing service ... 
Removing client  ... 
Removing service ... done
Removing client  ... done
Removing ipfs    ... done
WARNING! This will remove all local volumes not used by at least one container.
Are you sure you want to continue? [y/N] Deleted Volumes:
ea8dd825138da188b7a5e81f1b7827ada151dd1ed310fad392917ecb120d141d

Total reclaimed space: 673.8MB
