Time start: 2022-03-19 13:47:31
Time end: 2022-03-19 13:57:50
Duration: 0:10:19.376658

Platform: Linux-5.4.0-99-generic-x86_64-with-glibc2.29
Name: lfw-ds001-i046
Release: #112-Ubuntu SMP Thu Feb 3 13:50:55 UTC 2022

Compose file: transfer_ipfs_download_setup.yml
Script: performance/transfer_ipfs_download.py
Environment vars:
SCRIPT: performance/transfer_ipfs_download.py
PEER_ID: 12D3KooWF1CgtDHnYxoWSEqmvos5fi4cZ1U4RGL5Mmn3rkWU4GNH
BOOT_ADDRESS: 51.210.39.160
FILE_SIZE: 16384
RUN_COUNT: 10
INTERVAL_SECONDS: 30

WARNING! This will remove all stopped containers.
Are you sure you want to continue? [y/N] Total reclaimed space: 0B
Creating service ... 
Creating client  ... 
Creating ipfs    ... 
Creating service ... done
Creating client  ... done
Creating ipfs    ... done
Attaching to service, client, ipfs
ipfs                | Changing user to ipfs
ipfs                | ipfs version 0.7.0
ipfs                | Initializing IPFS with --empty-repo, --profile=badgerds
ipfs                | generating ED25519 keypair...done
ipfs                | peer identity: 12D3KooWQdmxiZMwXooqVqZ1mP3rWzh6qsow1LZnshbPsgh64ct1
ipfs                | initializing IPFS node at /data/ipfs
service             | ConnectionError: HTTPConnectionPool(host='127.0.0.1', port=5001): Max retries exceeded with url: /api/v0/version?stream-channels=true (Caused by NewConnectionError('<ipfshttpclient.requests_wrapper.HTTPConnection object at 0x7f5143c75f40>: Failed to establish a new connection: [Errno 111] Connection refused'))
ipfs                | Removing default bootstrap nodes...
ipfs                | removed /dnsaddr/bootstrap.libp2p.io/p2p/QmNnooDu7bfjPFoTZYxMNLWUQJyrVwtbZg5gBMjTezGAJN
ipfs                | removed /dnsaddr/bootstrap.libp2p.io/p2p/QmQCU2EcMqAqQPR2i9bChDtGNJchTbq5TbXJJ16u19uLTa
ipfs                | removed /dnsaddr/bootstrap.libp2p.io/p2p/QmbLHAnMoJPWSCR5Zhtx6BHJX9KiKNN6tpvbUcqanj75Nb
ipfs                | removed /dnsaddr/bootstrap.libp2p.io/p2p/QmcZf59bWwK5XFi76CZX8cbJ4BhTzzA3gU1ZjYZcYW3dwt
ipfs                | removed /ip4/104.131.131.82/tcp/4001/p2p/QmaCpDMGvV2BGHeYERUEnRQAwe3N8SzbUtfsmvsqQLuvuJ
ipfs                | removed /ip4/104.131.131.82/udp/4001/quic/p2p/QmaCpDMGvV2BGHeYERUEnRQAwe3N8SzbUtfsmvsqQLuvuJ
ipfs                | added /ip4/51.210.39.160/tcp/4001/p2p/12D3KooWF1CgtDHnYxoWSEqmvos5fi4cZ1U4RGL5Mmn3rkWU4GNH
ipfs                | Initializing daemon...
ipfs                | go-ipfs version: 0.7.0-ea77213
ipfs                | Repo version: 10
ipfs                | System version: amd64/linux
ipfs                | Golang version: go1.14.4
ipfs                | Swarm is limited to private network of peers with the swarm key
ipfs                | Swarm key fingerprint: c53fe9fc1c8eac4230853d5efb58f0a0
ipfs                | Swarm listening on /ip4/10.23.85.159/tcp/4001
ipfs                | Swarm listening on /ip4/127.0.0.1/tcp/4001
ipfs                | Swarm listening on /ip4/146.59.192.105/tcp/4001
ipfs                | Swarm listening on /ip4/172.17.0.1/tcp/4001
ipfs                | Swarm listening on /ip6/::1/tcp/4001
ipfs                | Swarm listening on /p2p-circuit
ipfs                | Swarm announcing /ip4/127.0.0.1/tcp/4001
ipfs                | Swarm announcing /ip4/146.59.192.105/tcp/4001
ipfs                | Swarm announcing /ip6/::1/tcp/4001
ipfs                | API server listening on /ip4/127.0.0.1/tcp/5001
ipfs                | WebUI: http://127.0.0.1:5001/webui
ipfs                | Gateway (readonly) server listening on /ip4/127.0.0.1/tcp/8080
ipfs                | Daemon is ready
service             | Connected to IPFS daemon...
service             | Connected to bootstrap peer...
service             | Received bootstrap peer id: 12D3KooWF1CgtDHnYxoWSEqmvos5fi4cZ1U4RGL5Mmn3rkWU4GNH
service             | /ip4/51.210.39.160/tcp/4001/p2p/12D3KooWF1CgtDHnYxoWSEqmvos5fi4cZ1U4RGL5Mmn3rkWU4GNH
service             | INFO:     Started server process [1]
service             | INFO:     Waiting for application startup.
service             | INFO:     Application startup complete.
service             | INFO:     Uvicorn running on http://127.0.0.1:8000 (Press CTRL+C to quit)
service             | INFO:     127.0.0.1:40902 - "GET /download/?file_path=%2Ftmp%2Ffiles%2F16KB_1 HTTP/1.1" 200 OK
service             | INFO:     127.0.0.1:40902 - "GET /metrics/ HTTP/1.1" 200 OK
service             | INFO:     127.0.0.1:40904 - "GET /download/?file_path=%2Ftmp%2Ffiles%2F16KB_2 HTTP/1.1" 200 OK
service             | INFO:     127.0.0.1:40904 - "GET /metrics/ HTTP/1.1" 200 OK
service             | INFO:     127.0.0.1:40908 - "GET /download/?file_path=%2Ftmp%2Ffiles%2F16KB_3 HTTP/1.1" 200 OK
service             | INFO:     127.0.0.1:40908 - "GET /metrics/ HTTP/1.1" 200 OK
service             | INFO:     127.0.0.1:40912 - "GET /download/?file_path=%2Ftmp%2Ffiles%2F16KB_4 HTTP/1.1" 200 OK
service             | INFO:     127.0.0.1:40912 - "GET /metrics/ HTTP/1.1" 200 OK
service             | INFO:     127.0.0.1:40916 - "GET /download/?file_path=%2Ftmp%2Ffiles%2F16KB_5 HTTP/1.1" 200 OK
service             | INFO:     127.0.0.1:40916 - "GET /metrics/ HTTP/1.1" 200 OK
service             | INFO:     127.0.0.1:40920 - "GET /download/?file_path=%2Ftmp%2Ffiles%2F16KB_6 HTTP/1.1" 200 OK
service             | INFO:     127.0.0.1:40920 - "GET /metrics/ HTTP/1.1" 200 OK
service             | INFO:     127.0.0.1:40924 - "GET /download/?file_path=%2Ftmp%2Ffiles%2F16KB_7 HTTP/1.1" 200 OK
service             | INFO:     127.0.0.1:40924 - "GET /metrics/ HTTP/1.1" 200 OK
service             | INFO:     127.0.0.1:40928 - "GET /download/?file_path=%2Ftmp%2Ffiles%2F16KB_8 HTTP/1.1" 200 OK
service             | INFO:     127.0.0.1:40928 - "GET /metrics/ HTTP/1.1" 200 OK
service             | INFO:     127.0.0.1:40932 - "GET /download/?file_path=%2Ftmp%2Ffiles%2F16KB_9 HTTP/1.1" 200 OK
service             | INFO:     127.0.0.1:40932 - "GET /metrics/ HTTP/1.1" 200 OK
service             | INFO:     127.0.0.1:40936 - "GET /download/?file_path=%2Ftmp%2Ffiles%2F16KB_10 HTTP/1.1" 200 OK
service             | INFO:     127.0.0.1:40936 - "GET /metrics/ HTTP/1.1" 200 OK
client              | 13:47.37: Connecting to download script runner
client              | 13:47.37: Waiting for finish upload signal
client              | 13:52.38: Starting 16KB benchmark
client              | 13:52.38: Creating client interface
client              | 13:52.38: Preparing run 1
client              | 13:52.38: Download file name is /tmp/files/16KB_1
client              | 13:52.38: Running garbage collector
client              | 13:52.38: Sleeping for 30.0 seconds
client              | 13:53.08: Starting
client              | 13:53.09: Finished
client              | 13:53.09: Collecting metrics from service
client              | 13:53.09: Deleting downloaded file /tmp/files/16KB_1
client              | 13:53.09: Ending run 1
client              | 13:53.09: Preparing run 2
client              | 13:53.09: Download file name is /tmp/files/16KB_2
client              | 13:53.09: Running garbage collector
client              | 13:53.09: Sleeping for 30.0 seconds
client              | 13:53.39: Starting
client              | 13:53.39: Finished
client              | 13:53.39: Collecting metrics from service
client              | 13:53.39: Deleting downloaded file /tmp/files/16KB_2
client              | 13:53.39: Ending run 2
client              | 13:53.39: Preparing run 3
client              | 13:53.39: Download file name is /tmp/files/16KB_3
client              | 13:53.39: Running garbage collector
client              | 13:53.39: Sleeping for 30.0 seconds
client              | 13:54.09: Starting
client              | 13:54.09: Finished
client              | 13:54.09: Collecting metrics from service
client              | 13:54.09: Deleting downloaded file /tmp/files/16KB_3
client              | 13:54.09: Ending run 3
client              | 13:54.09: Preparing run 4
client              | 13:54.09: Download file name is /tmp/files/16KB_4
client              | 13:54.09: Running garbage collector
client              | 13:54.09: Sleeping for 30.0 seconds
client              | 13:54.39: Starting
client              | 13:54.39: Finished
client              | 13:54.39: Collecting metrics from service
client              | 13:54.39: Deleting downloaded file /tmp/files/16KB_4
client              | 13:54.39: Ending run 4
client              | 13:54.39: Preparing run 5
client              | 13:54.39: Download file name is /tmp/files/16KB_5
client              | 13:54.39: Running garbage collector
client              | 13:54.39: Sleeping for 30.0 seconds
client              | 13:55.09: Starting
client              | 13:55.09: Finished
client              | 13:55.09: Collecting metrics from service
client              | 13:55.09: Deleting downloaded file /tmp/files/16KB_5
client              | 13:55.09: Ending run 5
client              | 13:55.09: Preparing run 6
client              | 13:55.09: Download file name is /tmp/files/16KB_6
client              | 13:55.09: Running garbage collector
client              | 13:55.09: Sleeping for 30.0 seconds
client              | 13:55.39: Starting
client              | 13:55.39: Finished
client              | 13:55.39: Collecting metrics from service
client              | 13:55.39: Deleting downloaded file /tmp/files/16KB_6
client              | 13:55.39: Ending run 6
client              | 13:55.39: Preparing run 7
client              | 13:55.39: Download file name is /tmp/files/16KB_7
client              | 13:55.39: Running garbage collector
client              | 13:55.39: Sleeping for 30.0 seconds
client              | 13:56.09: Starting
client              | 13:56.09: Finished
client              | 13:56.09: Collecting metrics from service
client              | 13:56.09: Deleting downloaded file /tmp/files/16KB_7
client              | 13:56.09: Ending run 7
client              | 13:56.09: Preparing run 8
client              | 13:56.09: Download file name is /tmp/files/16KB_8
client              | 13:56.09: Running garbage collector
client              | 13:56.09: Sleeping for 30.0 seconds
client              | 13:56.39: Starting
client              | 13:56.39: Finished
client              | 13:56.39: Collecting metrics from service
client              | 13:56.39: Deleting downloaded file /tmp/files/16KB_8
client              | 13:56.39: Ending run 8
client              | 13:56.39: Preparing run 9
client              | 13:56.39: Download file name is /tmp/files/16KB_9
client              | 13:56.39: Running garbage collector
client              | 13:56.39: Sleeping for 30.0 seconds
client              | 13:57.09: Starting
client              | 13:57.09: Finished
client              | 13:57.09: Collecting metrics from service
client              | 13:57.09: Deleting downloaded file /tmp/files/16KB_9
client              | 13:57.09: Ending run 9
client              | 13:57.09: Preparing run 10
client              | 13:57.09: Download file name is /tmp/files/16KB_10
client              | 13:57.09: Running garbage collector
client              | 13:57.09: Sleeping for 30.0 seconds
client              | 13:57.39: Starting
client              | 13:57.39: Finished
client              | 13:57.39: Collecting metrics from service
client              | 13:57.39: Deleting downloaded file /tmp/files/16KB_10
client              | 13:57.39: Ending run 10
client              | 13:57.39: Writing metrics file
client              | 13:57.39: Send finished download signal
client exited with code 0
Stopping ipfs    ... 
Stopping service ... 
Stopping ipfs    ... done
Stopping service ... done
Aborting on container exit...
Removing ipfs    ... 
Removing client  ... 
Removing service ... 
Removing ipfs    ... done
Removing client  ... done
Removing service ... done
WARNING! This will remove all local volumes not used by at least one container.
Are you sure you want to continue? [y/N] Deleted Volumes:
0a284d6c3f3f4cda377e0c174e5fc3565b062436bf746244dad5215e15d73bf3

Total reclaimed space: 449.2kB
