Time start: 2022-03-19 14:08:29
Time end: 2022-03-19 14:18:48
Duration: 0:10:19.552282

Platform: Linux-5.4.0-99-generic-x86_64-with-glibc2.29
Name: lfw-ds001-i046
Release: #112-Ubuntu SMP Thu Feb 3 13:50:55 UTC 2022

Compose file: transfer_ipfs_download_setup.yml
Script: performance/transfer_ipfs_download.py
Environment vars:
SCRIPT: performance/transfer_ipfs_download.py
PEER_ID: 12D3KooWA55cjp4jCEBNuDK1DT442yKqQBUuULRDy89LNu1VJ6xN
BOOT_ADDRESS: 51.210.39.160
FILE_SIZE: 262144
RUN_COUNT: 10
INTERVAL_SECONDS: 30

WARNING! This will remove all stopped containers.
Are you sure you want to continue? [y/N] Total reclaimed space: 0B
Creating client ... 
Creating ipfs   ... 
Creating service ... 
Creating service ... done
Creating ipfs    ... done
Creating client  ... done
Attaching to service, ipfs, client
ipfs                | Changing user to ipfs
ipfs                | ipfs version 0.7.0
ipfs                | Initializing IPFS with --empty-repo, --profile=badgerds
ipfs                | generating ED25519 keypair...done
ipfs                | peer identity: 12D3KooWGHU4Srk1MeJaFN9aJ93YKmMtYJkYECBs4wSK9ithmy3f
ipfs                | initializing IPFS node at /data/ipfs
ipfs                | Removing default bootstrap nodes...
service             | ConnectionError: HTTPConnectionPool(host='127.0.0.1', port=5001): Max retries exceeded with url: /api/v0/version?stream-channels=true (Caused by NewConnectionError('<ipfshttpclient.requests_wrapper.HTTPConnection object at 0x7f8057a15f40>: Failed to establish a new connection: [Errno 111] Connection refused'))
ipfs                | removed /dnsaddr/bootstrap.libp2p.io/p2p/QmNnooDu7bfjPFoTZYxMNLWUQJyrVwtbZg5gBMjTezGAJN
ipfs                | removed /dnsaddr/bootstrap.libp2p.io/p2p/QmQCU2EcMqAqQPR2i9bChDtGNJchTbq5TbXJJ16u19uLTa
ipfs                | removed /dnsaddr/bootstrap.libp2p.io/p2p/QmbLHAnMoJPWSCR5Zhtx6BHJX9KiKNN6tpvbUcqanj75Nb
ipfs                | removed /dnsaddr/bootstrap.libp2p.io/p2p/QmcZf59bWwK5XFi76CZX8cbJ4BhTzzA3gU1ZjYZcYW3dwt
ipfs                | removed /ip4/104.131.131.82/tcp/4001/p2p/QmaCpDMGvV2BGHeYERUEnRQAwe3N8SzbUtfsmvsqQLuvuJ
ipfs                | removed /ip4/104.131.131.82/udp/4001/quic/p2p/QmaCpDMGvV2BGHeYERUEnRQAwe3N8SzbUtfsmvsqQLuvuJ
ipfs                | added /ip4/51.210.39.160/tcp/4001/p2p/12D3KooWA55cjp4jCEBNuDK1DT442yKqQBUuULRDy89LNu1VJ6xN
ipfs                | Initializing daemon...
ipfs                | go-ipfs version: 0.7.0-ea77213
ipfs                | Repo version: 10
ipfs                | System version: amd64/linux
ipfs                | Golang version: go1.14.4
ipfs                | Swarm is limited to private network of peers with the swarm key
ipfs                | Swarm key fingerprint: c53fe9fc1c8eac4230853d5efb58f0a0
ipfs                | Swarm listening on /ip4/10.23.85.159/tcp/4001
ipfs                | Swarm listening on /ip4/127.0.0.1/tcp/4001
ipfs                | Swarm listening on /ip4/146.59.192.105/tcp/4001
ipfs                | Swarm listening on /ip4/172.17.0.1/tcp/4001
ipfs                | Swarm listening on /ip6/::1/tcp/4001
ipfs                | Swarm listening on /p2p-circuit
ipfs                | Swarm announcing /ip4/127.0.0.1/tcp/4001
ipfs                | Swarm announcing /ip4/146.59.192.105/tcp/4001
ipfs                | Swarm announcing /ip6/::1/tcp/4001
ipfs                | API server listening on /ip4/127.0.0.1/tcp/5001
ipfs                | WebUI: http://127.0.0.1:5001/webui
ipfs                | Gateway (readonly) server listening on /ip4/127.0.0.1/tcp/8080
ipfs                | Daemon is ready
service             | Connected to IPFS daemon...
service             | Connected to bootstrap peer...
service             | Received bootstrap peer id: 12D3KooWA55cjp4jCEBNuDK1DT442yKqQBUuULRDy89LNu1VJ6xN
service             | /ip4/51.210.39.160/tcp/4001/p2p/12D3KooWA55cjp4jCEBNuDK1DT442yKqQBUuULRDy89LNu1VJ6xN
service             | INFO:     Started server process [1]
service             | INFO:     Waiting for application startup.
service             | INFO:     Application startup complete.
service             | INFO:     Uvicorn running on http://127.0.0.1:8000 (Press CTRL+C to quit)
service             | INFO:     127.0.0.1:41014 - "GET /download/?file_path=%2Ftmp%2Ffiles%2F256KB_1 HTTP/1.1" 200 OK
service             | INFO:     127.0.0.1:41014 - "GET /metrics/ HTTP/1.1" 200 OK
service             | INFO:     127.0.0.1:41016 - "GET /download/?file_path=%2Ftmp%2Ffiles%2F256KB_2 HTTP/1.1" 200 OK
service             | INFO:     127.0.0.1:41016 - "GET /metrics/ HTTP/1.1" 200 OK
service             | INFO:     127.0.0.1:41020 - "GET /download/?file_path=%2Ftmp%2Ffiles%2F256KB_3 HTTP/1.1" 200 OK
service             | INFO:     127.0.0.1:41020 - "GET /metrics/ HTTP/1.1" 200 OK
service             | INFO:     127.0.0.1:41024 - "GET /download/?file_path=%2Ftmp%2Ffiles%2F256KB_4 HTTP/1.1" 200 OK
service             | INFO:     127.0.0.1:41024 - "GET /metrics/ HTTP/1.1" 200 OK
service             | INFO:     127.0.0.1:41028 - "GET /download/?file_path=%2Ftmp%2Ffiles%2F256KB_5 HTTP/1.1" 200 OK
service             | INFO:     127.0.0.1:41028 - "GET /metrics/ HTTP/1.1" 200 OK
service             | INFO:     127.0.0.1:41032 - "GET /download/?file_path=%2Ftmp%2Ffiles%2F256KB_6 HTTP/1.1" 200 OK
service             | INFO:     127.0.0.1:41032 - "GET /metrics/ HTTP/1.1" 200 OK
service             | INFO:     127.0.0.1:41036 - "GET /download/?file_path=%2Ftmp%2Ffiles%2F256KB_7 HTTP/1.1" 200 OK
service             | INFO:     127.0.0.1:41036 - "GET /metrics/ HTTP/1.1" 200 OK
service             | INFO:     127.0.0.1:41040 - "GET /download/?file_path=%2Ftmp%2Ffiles%2F256KB_8 HTTP/1.1" 200 OK
service             | INFO:     127.0.0.1:41040 - "GET /metrics/ HTTP/1.1" 200 OK
service             | INFO:     127.0.0.1:41044 - "GET /download/?file_path=%2Ftmp%2Ffiles%2F256KB_9 HTTP/1.1" 200 OK
service             | INFO:     127.0.0.1:41044 - "GET /metrics/ HTTP/1.1" 200 OK
service             | INFO:     127.0.0.1:41048 - "GET /download/?file_path=%2Ftmp%2Ffiles%2F256KB_10 HTTP/1.1" 200 OK
service             | INFO:     127.0.0.1:41048 - "GET /metrics/ HTTP/1.1" 200 OK
client              | 14:08.35: Connecting to download script runner
client              | 14:08.35: Waiting for finish upload signal
client              | 14:13.36: Starting 256KB benchmark
client              | 14:13.36: Creating client interface
client              | 14:13.36: Preparing run 1
client              | 14:13.36: Download file name is /tmp/files/256KB_1
client              | 14:13.36: Running garbage collector
client              | 14:13.36: Sleeping for 30.0 seconds
client              | 14:14.06: Starting
client              | 14:14.06: Finished
client              | 14:14.06: Collecting metrics from service
client              | 14:14.06: Deleting downloaded file /tmp/files/256KB_1
client              | 14:14.06: Ending run 1
client              | 14:14.06: Preparing run 2
client              | 14:14.06: Download file name is /tmp/files/256KB_2
client              | 14:14.06: Running garbage collector
client              | 14:14.06: Sleeping for 30.0 seconds
client              | 14:14.36: Starting
client              | 14:14.37: Finished
client              | 14:14.37: Collecting metrics from service
client              | 14:14.37: Deleting downloaded file /tmp/files/256KB_2
client              | 14:14.37: Ending run 2
client              | 14:14.37: Preparing run 3
client              | 14:14.37: Download file name is /tmp/files/256KB_3
client              | 14:14.37: Running garbage collector
client              | 14:14.37: Sleeping for 30.0 seconds
client              | 14:15.07: Starting
client              | 14:15.07: Finished
client              | 14:15.07: Collecting metrics from service
client              | 14:15.07: Deleting downloaded file /tmp/files/256KB_3
client              | 14:15.07: Ending run 3
client              | 14:15.07: Preparing run 4
client              | 14:15.07: Download file name is /tmp/files/256KB_4
client              | 14:15.07: Running garbage collector
client              | 14:15.07: Sleeping for 30.0 seconds
client              | 14:15.37: Starting
client              | 14:15.37: Finished
client              | 14:15.37: Collecting metrics from service
client              | 14:15.37: Deleting downloaded file /tmp/files/256KB_4
client              | 14:15.37: Ending run 4
client              | 14:15.37: Preparing run 5
client              | 14:15.37: Download file name is /tmp/files/256KB_5
client              | 14:15.37: Running garbage collector
client              | 14:15.37: Sleeping for 30.0 seconds
client              | 14:16.07: Starting
client              | 14:16.07: Finished
client              | 14:16.07: Collecting metrics from service
client              | 14:16.07: Deleting downloaded file /tmp/files/256KB_5
client              | 14:16.07: Ending run 5
client              | 14:16.07: Preparing run 6
client              | 14:16.07: Download file name is /tmp/files/256KB_6
client              | 14:16.07: Running garbage collector
client              | 14:16.07: Sleeping for 30.0 seconds
client              | 14:16.37: Starting
client              | 14:16.37: Finished
client              | 14:16.37: Collecting metrics from service
client              | 14:16.37: Deleting downloaded file /tmp/files/256KB_6
client              | 14:16.37: Ending run 6
client              | 14:16.37: Preparing run 7
client              | 14:16.37: Download file name is /tmp/files/256KB_7
client              | 14:16.37: Running garbage collector
client              | 14:16.37: Sleeping for 30.0 seconds
client              | 14:17.07: Starting
client              | 14:17.07: Finished
client              | 14:17.07: Collecting metrics from service
client              | 14:17.07: Deleting downloaded file /tmp/files/256KB_7
client              | 14:17.07: Ending run 7
client              | 14:17.07: Preparing run 8
client              | 14:17.07: Download file name is /tmp/files/256KB_8
client              | 14:17.07: Running garbage collector
client              | 14:17.07: Sleeping for 30.0 seconds
client              | 14:17.37: Starting
client              | 14:17.37: Finished
client              | 14:17.37: Collecting metrics from service
client              | 14:17.37: Deleting downloaded file /tmp/files/256KB_8
client              | 14:17.37: Ending run 8
client              | 14:17.37: Preparing run 9
client              | 14:17.37: Download file name is /tmp/files/256KB_9
client              | 14:17.37: Running garbage collector
client              | 14:17.37: Sleeping for 30.0 seconds
client              | 14:18.07: Starting
client              | 14:18.07: Finished
client              | 14:18.07: Collecting metrics from service
client              | 14:18.07: Deleting downloaded file /tmp/files/256KB_9
client              | 14:18.07: Ending run 9
client              | 14:18.07: Preparing run 10
client              | 14:18.07: Download file name is /tmp/files/256KB_10
client              | 14:18.07: Running garbage collector
client              | 14:18.07: Sleeping for 30.0 seconds
client              | 14:18.37: Starting
client              | 14:18.37: Finished
client              | 14:18.37: Collecting metrics from service
client              | 14:18.37: Deleting downloaded file /tmp/files/256KB_10
client              | 14:18.37: Ending run 10
client              | 14:18.37: Writing metrics file
client              | 14:18.37: Send finished download signal
client exited with code 0
Stopping service ... 
Stopping ipfs    ... 
Stopping ipfs    ... done
Stopping service ... done
Aborting on container exit...
Removing service ... 
Removing ipfs    ... 
Removing client  ... 
Removing ipfs    ... done
Removing client  ... done
Removing service ... done
WARNING! This will remove all local volumes not used by at least one container.
Are you sure you want to continue? [y/N] Deleted Volumes:
164d11a2e860e70494e7fdf29aef4daf25a9fccb188adbec4a4d1903b18feba7

Total reclaimed space: 2.743MB
