Time start: 2022-03-19 14:18:58
Time end: 2022-03-19 14:29:18
Duration: 0:10:20.369210

Platform: Linux-5.4.0-99-generic-x86_64-with-glibc2.29
Name: lfw-ds001-i046
Release: #112-Ubuntu SMP Thu Feb 3 13:50:55 UTC 2022

Compose file: transfer_ipfs_download_setup.yml
Script: performance/transfer_ipfs_download.py
Environment vars:
SCRIPT: performance/transfer_ipfs_download.py
PEER_ID: 12D3KooWL66toh1xBRToydttm688Nm1AbS5LFHT94GgXAvRphNM9
BOOT_ADDRESS: 51.210.39.160
FILE_SIZE: 1048576
RUN_COUNT: 10
INTERVAL_SECONDS: 30

WARNING! This will remove all stopped containers.
Are you sure you want to continue? [y/N] Total reclaimed space: 0B
Creating ipfs ... 
Creating client ... 
Creating service ... 
Creating client  ... done
Creating service ... done
Creating ipfs    ... done
Attaching to client, service, ipfs
ipfs                | Changing user to ipfs
ipfs                | ipfs version 0.7.0
ipfs                | Initializing IPFS with --empty-repo, --profile=badgerds
ipfs                | generating ED25519 keypair...done
ipfs                | peer identity: 12D3KooWSyMk6vp4t8HZiGtHJBcdjVKgirTywmbG2886SXR3VgtU
ipfs                | initializing IPFS node at /data/ipfs
ipfs                | Removing default bootstrap nodes...
ipfs                | removed /dnsaddr/bootstrap.libp2p.io/p2p/QmNnooDu7bfjPFoTZYxMNLWUQJyrVwtbZg5gBMjTezGAJN
ipfs                | removed /dnsaddr/bootstrap.libp2p.io/p2p/QmQCU2EcMqAqQPR2i9bChDtGNJchTbq5TbXJJ16u19uLTa
ipfs                | removed /dnsaddr/bootstrap.libp2p.io/p2p/QmbLHAnMoJPWSCR5Zhtx6BHJX9KiKNN6tpvbUcqanj75Nb
ipfs                | removed /dnsaddr/bootstrap.libp2p.io/p2p/QmcZf59bWwK5XFi76CZX8cbJ4BhTzzA3gU1ZjYZcYW3dwt
ipfs                | removed /ip4/104.131.131.82/tcp/4001/p2p/QmaCpDMGvV2BGHeYERUEnRQAwe3N8SzbUtfsmvsqQLuvuJ
ipfs                | removed /ip4/104.131.131.82/udp/4001/quic/p2p/QmaCpDMGvV2BGHeYERUEnRQAwe3N8SzbUtfsmvsqQLuvuJ
service             | ConnectionError: HTTPConnectionPool(host='127.0.0.1', port=5001): Max retries exceeded with url: /api/v0/version?stream-channels=true (Caused by NewConnectionError('<ipfshttpclient.requests_wrapper.HTTPConnection object at 0x7fc3bc78cf40>: Failed to establish a new connection: [Errno 111] Connection refused'))
ipfs                | added /ip4/51.210.39.160/tcp/4001/p2p/12D3KooWL66toh1xBRToydttm688Nm1AbS5LFHT94GgXAvRphNM9
ipfs                | Initializing daemon...
ipfs                | go-ipfs version: 0.7.0-ea77213
ipfs                | Repo version: 10
ipfs                | System version: amd64/linux
ipfs                | Golang version: go1.14.4
ipfs                | Swarm is limited to private network of peers with the swarm key
ipfs                | Swarm key fingerprint: c53fe9fc1c8eac4230853d5efb58f0a0
ipfs                | Swarm listening on /ip4/10.23.85.159/tcp/4001
ipfs                | Swarm listening on /ip4/127.0.0.1/tcp/4001
ipfs                | Swarm listening on /ip4/146.59.192.105/tcp/4001
ipfs                | Swarm listening on /ip4/172.17.0.1/tcp/4001
ipfs                | Swarm listening on /ip6/::1/tcp/4001
ipfs                | Swarm listening on /p2p-circuit
ipfs                | Swarm announcing /ip4/127.0.0.1/tcp/4001
ipfs                | Swarm announcing /ip4/146.59.192.105/tcp/4001
ipfs                | Swarm announcing /ip6/::1/tcp/4001
ipfs                | API server listening on /ip4/127.0.0.1/tcp/5001
ipfs                | WebUI: http://127.0.0.1:5001/webui
ipfs                | Gateway (readonly) server listening on /ip4/127.0.0.1/tcp/8080
ipfs                | Daemon is ready
service             | Connected to IPFS daemon...
service             | Connected to bootstrap peer...
service             | Received bootstrap peer id: 12D3KooWL66toh1xBRToydttm688Nm1AbS5LFHT94GgXAvRphNM9
service             | /ip4/51.210.39.160/tcp/4001/p2p/12D3KooWL66toh1xBRToydttm688Nm1AbS5LFHT94GgXAvRphNM9
service             | INFO:     Started server process [1]
service             | INFO:     Waiting for application startup.
service             | INFO:     Application startup complete.
service             | INFO:     Uvicorn running on http://127.0.0.1:8000 (Press CTRL+C to quit)
service             | INFO:     127.0.0.1:41072 - "GET /download/?file_path=%2Ftmp%2Ffiles%2F1MB_1 HTTP/1.1" 200 OK
service             | INFO:     127.0.0.1:41072 - "GET /metrics/ HTTP/1.1" 200 OK
service             | INFO:     127.0.0.1:41074 - "GET /download/?file_path=%2Ftmp%2Ffiles%2F1MB_2 HTTP/1.1" 200 OK
service             | INFO:     127.0.0.1:41074 - "GET /metrics/ HTTP/1.1" 200 OK
service             | INFO:     127.0.0.1:41078 - "GET /download/?file_path=%2Ftmp%2Ffiles%2F1MB_3 HTTP/1.1" 200 OK
service             | INFO:     127.0.0.1:41078 - "GET /metrics/ HTTP/1.1" 200 OK
service             | INFO:     127.0.0.1:41082 - "GET /download/?file_path=%2Ftmp%2Ffiles%2F1MB_4 HTTP/1.1" 200 OK
service             | INFO:     127.0.0.1:41082 - "GET /metrics/ HTTP/1.1" 200 OK
service             | INFO:     127.0.0.1:41086 - "GET /download/?file_path=%2Ftmp%2Ffiles%2F1MB_5 HTTP/1.1" 200 OK
service             | INFO:     127.0.0.1:41086 - "GET /metrics/ HTTP/1.1" 200 OK
service             | INFO:     127.0.0.1:41090 - "GET /download/?file_path=%2Ftmp%2Ffiles%2F1MB_6 HTTP/1.1" 200 OK
service             | INFO:     127.0.0.1:41090 - "GET /metrics/ HTTP/1.1" 200 OK
service             | INFO:     127.0.0.1:41094 - "GET /download/?file_path=%2Ftmp%2Ffiles%2F1MB_7 HTTP/1.1" 200 OK
service             | INFO:     127.0.0.1:41094 - "GET /metrics/ HTTP/1.1" 200 OK
service             | INFO:     127.0.0.1:41098 - "GET /download/?file_path=%2Ftmp%2Ffiles%2F1MB_8 HTTP/1.1" 200 OK
service             | INFO:     127.0.0.1:41098 - "GET /metrics/ HTTP/1.1" 200 OK
service             | INFO:     127.0.0.1:41102 - "GET /download/?file_path=%2Ftmp%2Ffiles%2F1MB_9 HTTP/1.1" 200 OK
service             | INFO:     127.0.0.1:41102 - "GET /metrics/ HTTP/1.1" 200 OK
service             | INFO:     127.0.0.1:41106 - "GET /download/?file_path=%2Ftmp%2Ffiles%2F1MB_10 HTTP/1.1" 200 OK
service             | INFO:     127.0.0.1:41106 - "GET /metrics/ HTTP/1.1" 200 OK
client              | 14:19.04: Connecting to download script runner
client              | 14:19.04: Waiting for finish upload signal
client              | 14:24.05: Starting 1MB benchmark
client              | 14:24.05: Creating client interface
client              | 14:24.05: Preparing run 1
client              | 14:24.05: Download file name is /tmp/files/1MB_1
client              | 14:24.05: Running garbage collector
client              | 14:24.05: Sleeping for 30.0 seconds
client              | 14:24.36: Starting
client              | 14:24.36: Finished
client              | 14:24.36: Collecting metrics from service
client              | 14:24.36: Deleting downloaded file /tmp/files/1MB_1
client              | 14:24.36: Ending run 1
client              | 14:24.36: Preparing run 2
client              | 14:24.36: Download file name is /tmp/files/1MB_2
client              | 14:24.36: Running garbage collector
client              | 14:24.36: Sleeping for 30.0 seconds
client              | 14:25.06: Starting
client              | 14:25.06: Finished
client              | 14:25.06: Collecting metrics from service
client              | 14:25.06: Deleting downloaded file /tmp/files/1MB_2
client              | 14:25.06: Ending run 2
client              | 14:25.06: Preparing run 3
client              | 14:25.06: Download file name is /tmp/files/1MB_3
client              | 14:25.06: Running garbage collector
client              | 14:25.06: Sleeping for 30.0 seconds
client              | 14:25.36: Starting
client              | 14:25.36: Finished
client              | 14:25.36: Collecting metrics from service
client              | 14:25.36: Deleting downloaded file /tmp/files/1MB_3
client              | 14:25.36: Ending run 3
client              | 14:25.36: Preparing run 4
client              | 14:25.36: Download file name is /tmp/files/1MB_4
client              | 14:25.36: Running garbage collector
client              | 14:25.36: Sleeping for 30.0 seconds
client              | 14:26.06: Starting
client              | 14:26.06: Finished
client              | 14:26.06: Collecting metrics from service
client              | 14:26.06: Deleting downloaded file /tmp/files/1MB_4
client              | 14:26.06: Ending run 4
client              | 14:26.06: Preparing run 5
client              | 14:26.06: Download file name is /tmp/files/1MB_5
client              | 14:26.06: Running garbage collector
client              | 14:26.06: Sleeping for 30.0 seconds
client              | 14:26.36: Starting
client              | 14:26.36: Finished
client              | 14:26.36: Collecting metrics from service
client              | 14:26.36: Deleting downloaded file /tmp/files/1MB_5
client              | 14:26.36: Ending run 5
client              | 14:26.36: Preparing run 6
client              | 14:26.36: Download file name is /tmp/files/1MB_6
client              | 14:26.36: Running garbage collector
client              | 14:26.36: Sleeping for 30.0 seconds
client              | 14:27.06: Starting
client              | 14:27.07: Finished
client              | 14:27.07: Collecting metrics from service
client              | 14:27.07: Deleting downloaded file /tmp/files/1MB_6
client              | 14:27.07: Ending run 6
client              | 14:27.07: Preparing run 7
client              | 14:27.07: Download file name is /tmp/files/1MB_7
client              | 14:27.07: Running garbage collector
client              | 14:27.07: Sleeping for 30.0 seconds
client              | 14:27.37: Starting
client              | 14:27.37: Finished
client              | 14:27.37: Collecting metrics from service
client              | 14:27.37: Deleting downloaded file /tmp/files/1MB_7
client              | 14:27.37: Ending run 7
client              | 14:27.37: Preparing run 8
client              | 14:27.37: Download file name is /tmp/files/1MB_8
client              | 14:27.37: Running garbage collector
client              | 14:27.37: Sleeping for 30.0 seconds
client              | 14:28.07: Starting
client              | 14:28.07: Finished
client              | 14:28.07: Collecting metrics from service
client              | 14:28.07: Deleting downloaded file /tmp/files/1MB_8
client              | 14:28.07: Ending run 8
client              | 14:28.07: Preparing run 9
client              | 14:28.07: Download file name is /tmp/files/1MB_9
client              | 14:28.07: Running garbage collector
client              | 14:28.07: Sleeping for 30.0 seconds
client              | 14:28.37: Starting
client              | 14:28.37: Finished
client              | 14:28.37: Collecting metrics from service
client              | 14:28.37: Deleting downloaded file /tmp/files/1MB_9
client              | 14:28.37: Ending run 9
client              | 14:28.37: Preparing run 10
client              | 14:28.37: Download file name is /tmp/files/1MB_10
client              | 14:28.37: Running garbage collector
client              | 14:28.37: Sleeping for 30.0 seconds
client              | 14:29.07: Starting
client              | 14:29.07: Finished
client              | 14:29.07: Collecting metrics from service
client              | 14:29.07: Deleting downloaded file /tmp/files/1MB_10
client              | 14:29.07: Ending run 10
client              | 14:29.07: Writing metrics file
client              | 14:29.07: Send finished download signal
client exited with code 0
Stopping service ... 
Stopping ipfs    ... 
Stopping ipfs    ... done
Stopping service ... done
Aborting on container exit...
Removing service ... 
Removing ipfs    ... 
Removing client  ... 
Removing ipfs    ... done
Removing client  ... done
Removing service ... done
WARNING! This will remove all local volumes not used by at least one container.
Are you sure you want to continue? [y/N] Deleted Volumes:
d3ea284b8c4f838f886ecde61f1c1d6165c6516bec2fad24842a685b08d301fe

Total reclaimed space: 10.65MB
