Time start: 2022-03-19 13:58:00
Time end: 2022-03-19 14:08:19
Duration: 0:10:19.378755

Platform: Linux-5.4.0-99-generic-x86_64-with-glibc2.29
Name: lfw-ds001-i046
Release: #112-Ubuntu SMP Thu Feb 3 13:50:55 UTC 2022

Compose file: transfer_ipfs_download_setup.yml
Script: performance/transfer_ipfs_download.py
Environment vars:
SCRIPT: performance/transfer_ipfs_download.py
PEER_ID: 12D3KooWHkKAhMLJ8ar2hrKartvJQHFePD9t1zvHCrLwNTydAXJv
BOOT_ADDRESS: 51.210.39.160
FILE_SIZE: 65536
RUN_COUNT: 10
INTERVAL_SECONDS: 30

WARNING! This will remove all stopped containers.
Are you sure you want to continue? [y/N] Total reclaimed space: 0B
Creating service ... 
Creating ipfs    ... 
Creating client  ... 
Creating service ... done
Creating ipfs    ... done
Creating client  ... done
Attaching to service, ipfs, client
ipfs                | Changing user to ipfs
ipfs                | ipfs version 0.7.0
ipfs                | Initializing IPFS with --empty-repo, --profile=badgerds
ipfs                | generating ED25519 keypair...done
ipfs                | peer identity: 12D3KooWGSRXtAX1GSvmLbxMccoCpQ1RmURKxrNNzsKWm2PvG4si
ipfs                | initializing IPFS node at /data/ipfs
service             | ConnectionError: HTTPConnectionPool(host='127.0.0.1', port=5001): Max retries exceeded with url: /api/v0/version?stream-channels=true (Caused by NewConnectionError('<ipfshttpclient.requests_wrapper.HTTPConnection object at 0x7f4a86393f40>: Failed to establish a new connection: [Errno 111] Connection refused'))
ipfs                | Removing default bootstrap nodes...
ipfs                | removed /dnsaddr/bootstrap.libp2p.io/p2p/QmNnooDu7bfjPFoTZYxMNLWUQJyrVwtbZg5gBMjTezGAJN
ipfs                | removed /dnsaddr/bootstrap.libp2p.io/p2p/QmQCU2EcMqAqQPR2i9bChDtGNJchTbq5TbXJJ16u19uLTa
ipfs                | removed /dnsaddr/bootstrap.libp2p.io/p2p/QmbLHAnMoJPWSCR5Zhtx6BHJX9KiKNN6tpvbUcqanj75Nb
ipfs                | removed /dnsaddr/bootstrap.libp2p.io/p2p/QmcZf59bWwK5XFi76CZX8cbJ4BhTzzA3gU1ZjYZcYW3dwt
ipfs                | removed /ip4/104.131.131.82/tcp/4001/p2p/QmaCpDMGvV2BGHeYERUEnRQAwe3N8SzbUtfsmvsqQLuvuJ
ipfs                | removed /ip4/104.131.131.82/udp/4001/quic/p2p/QmaCpDMGvV2BGHeYERUEnRQAwe3N8SzbUtfsmvsqQLuvuJ
ipfs                | added /ip4/51.210.39.160/tcp/4001/p2p/12D3KooWHkKAhMLJ8ar2hrKartvJQHFePD9t1zvHCrLwNTydAXJv
ipfs                | Initializing daemon...
ipfs                | go-ipfs version: 0.7.0-ea77213
ipfs                | Repo version: 10
ipfs                | System version: amd64/linux
ipfs                | Golang version: go1.14.4
ipfs                | Swarm is limited to private network of peers with the swarm key
ipfs                | Swarm key fingerprint: c53fe9fc1c8eac4230853d5efb58f0a0
ipfs                | Swarm listening on /ip4/10.23.85.159/tcp/4001
ipfs                | Swarm listening on /ip4/127.0.0.1/tcp/4001
ipfs                | Swarm listening on /ip4/146.59.192.105/tcp/4001
ipfs                | Swarm listening on /ip4/172.17.0.1/tcp/4001
ipfs                | Swarm listening on /ip6/::1/tcp/4001
ipfs                | Swarm listening on /p2p-circuit
ipfs                | Swarm announcing /ip4/127.0.0.1/tcp/4001
ipfs                | Swarm announcing /ip4/146.59.192.105/tcp/4001
ipfs                | Swarm announcing /ip6/::1/tcp/4001
ipfs                | API server listening on /ip4/127.0.0.1/tcp/5001
ipfs                | WebUI: http://127.0.0.1:5001/webui
ipfs                | Gateway (readonly) server listening on /ip4/127.0.0.1/tcp/8080
ipfs                | Daemon is ready
service             | Connected to IPFS daemon...
service             | Connected to bootstrap peer...
service             | Received bootstrap peer id: 12D3KooWHkKAhMLJ8ar2hrKartvJQHFePD9t1zvHCrLwNTydAXJv
service             | /ip4/51.210.39.160/tcp/4001/p2p/12D3KooWHkKAhMLJ8ar2hrKartvJQHFePD9t1zvHCrLwNTydAXJv
service             | INFO:     Started server process [1]
service             | INFO:     Waiting for application startup.
service             | INFO:     Application startup complete.
service             | INFO:     Uvicorn running on http://127.0.0.1:8000 (Press CTRL+C to quit)
service             | INFO:     127.0.0.1:40958 - "GET /download/?file_path=%2Ftmp%2Ffiles%2F64KB_1 HTTP/1.1" 200 OK
service             | INFO:     127.0.0.1:40958 - "GET /metrics/ HTTP/1.1" 200 OK
service             | INFO:     127.0.0.1:40960 - "GET /download/?file_path=%2Ftmp%2Ffiles%2F64KB_2 HTTP/1.1" 200 OK
service             | INFO:     127.0.0.1:40960 - "GET /metrics/ HTTP/1.1" 200 OK
service             | INFO:     127.0.0.1:40964 - "GET /download/?file_path=%2Ftmp%2Ffiles%2F64KB_3 HTTP/1.1" 200 OK
service             | INFO:     127.0.0.1:40964 - "GET /metrics/ HTTP/1.1" 200 OK
service             | INFO:     127.0.0.1:40968 - "GET /download/?file_path=%2Ftmp%2Ffiles%2F64KB_4 HTTP/1.1" 200 OK
service             | INFO:     127.0.0.1:40968 - "GET /metrics/ HTTP/1.1" 200 OK
service             | INFO:     127.0.0.1:40972 - "GET /download/?file_path=%2Ftmp%2Ffiles%2F64KB_5 HTTP/1.1" 200 OK
service             | INFO:     127.0.0.1:40972 - "GET /metrics/ HTTP/1.1" 200 OK
service             | INFO:     127.0.0.1:40976 - "GET /download/?file_path=%2Ftmp%2Ffiles%2F64KB_6 HTTP/1.1" 200 OK
service             | INFO:     127.0.0.1:40976 - "GET /metrics/ HTTP/1.1" 200 OK
service             | INFO:     127.0.0.1:40980 - "GET /download/?file_path=%2Ftmp%2Ffiles%2F64KB_7 HTTP/1.1" 200 OK
service             | INFO:     127.0.0.1:40980 - "GET /metrics/ HTTP/1.1" 200 OK
service             | INFO:     127.0.0.1:40984 - "GET /download/?file_path=%2Ftmp%2Ffiles%2F64KB_8 HTTP/1.1" 200 OK
service             | INFO:     127.0.0.1:40984 - "GET /metrics/ HTTP/1.1" 200 OK
service             | INFO:     127.0.0.1:40988 - "GET /download/?file_path=%2Ftmp%2Ffiles%2F64KB_9 HTTP/1.1" 200 OK
service             | INFO:     127.0.0.1:40988 - "GET /metrics/ HTTP/1.1" 200 OK
service             | INFO:     127.0.0.1:40992 - "GET /download/?file_path=%2Ftmp%2Ffiles%2F64KB_10 HTTP/1.1" 200 OK
service             | INFO:     127.0.0.1:40992 - "GET /metrics/ HTTP/1.1" 200 OK
client              | 13:58.07: Connecting to download script runner
client              | 13:58.07: Waiting for finish upload signal
client              | 14:03.08: Starting 64KB benchmark
client              | 14:03.08: Creating client interface
client              | 14:03.08: Preparing run 1
client              | 14:03.08: Download file name is /tmp/files/64KB_1
client              | 14:03.08: Running garbage collector
client              | 14:03.08: Sleeping for 30.0 seconds
client              | 14:03.38: Starting
client              | 14:03.38: Finished
client              | 14:03.38: Collecting metrics from service
client              | 14:03.38: Deleting downloaded file /tmp/files/64KB_1
client              | 14:03.38: Ending run 1
client              | 14:03.38: Preparing run 2
client              | 14:03.38: Download file name is /tmp/files/64KB_2
client              | 14:03.38: Running garbage collector
client              | 14:03.38: Sleeping for 30.0 seconds
client              | 14:04.08: Starting
client              | 14:04.08: Finished
client              | 14:04.08: Collecting metrics from service
client              | 14:04.08: Deleting downloaded file /tmp/files/64KB_2
client              | 14:04.08: Ending run 2
client              | 14:04.08: Preparing run 3
client              | 14:04.08: Download file name is /tmp/files/64KB_3
client              | 14:04.08: Running garbage collector
client              | 14:04.08: Sleeping for 30.0 seconds
client              | 14:04.38: Starting
client              | 14:04.38: Finished
client              | 14:04.38: Collecting metrics from service
client              | 14:04.38: Deleting downloaded file /tmp/files/64KB_3
client              | 14:04.38: Ending run 3
client              | 14:04.38: Preparing run 4
client              | 14:04.38: Download file name is /tmp/files/64KB_4
client              | 14:04.38: Running garbage collector
client              | 14:04.38: Sleeping for 30.0 seconds
client              | 14:05.08: Starting
client              | 14:05.08: Finished
client              | 14:05.08: Collecting metrics from service
client              | 14:05.08: Deleting downloaded file /tmp/files/64KB_4
client              | 14:05.08: Ending run 4
client              | 14:05.08: Preparing run 5
client              | 14:05.08: Download file name is /tmp/files/64KB_5
client              | 14:05.08: Running garbage collector
client              | 14:05.08: Sleeping for 30.0 seconds
client              | 14:05.38: Starting
client              | 14:05.38: Finished
client              | 14:05.38: Collecting metrics from service
client              | 14:05.38: Deleting downloaded file /tmp/files/64KB_5
client              | 14:05.38: Ending run 5
client              | 14:05.38: Preparing run 6
client              | 14:05.38: Download file name is /tmp/files/64KB_6
client              | 14:05.38: Running garbage collector
client              | 14:05.38: Sleeping for 30.0 seconds
client              | 14:06.08: Starting
client              | 14:06.08: Finished
client              | 14:06.08: Collecting metrics from service
client              | 14:06.08: Deleting downloaded file /tmp/files/64KB_6
client              | 14:06.08: Ending run 6
client              | 14:06.08: Preparing run 7
client              | 14:06.08: Download file name is /tmp/files/64KB_7
client              | 14:06.08: Running garbage collector
client              | 14:06.08: Sleeping for 30.0 seconds
client              | 14:06.38: Starting
client              | 14:06.38: Finished
client              | 14:06.38: Collecting metrics from service
client              | 14:06.38: Deleting downloaded file /tmp/files/64KB_7
client              | 14:06.38: Ending run 7
client              | 14:06.38: Preparing run 8
client              | 14:06.38: Download file name is /tmp/files/64KB_8
client              | 14:06.38: Running garbage collector
client              | 14:06.38: Sleeping for 30.0 seconds
client              | 14:07.08: Starting
client              | 14:07.08: Finished
client              | 14:07.08: Collecting metrics from service
client              | 14:07.08: Deleting downloaded file /tmp/files/64KB_8
client              | 14:07.08: Ending run 8
client              | 14:07.08: Preparing run 9
client              | 14:07.08: Download file name is /tmp/files/64KB_9
client              | 14:07.08: Running garbage collector
client              | 14:07.08: Sleeping for 30.0 seconds
client              | 14:07.38: Starting
client              | 14:07.38: Finished
client              | 14:07.38: Collecting metrics from service
client              | 14:07.38: Deleting downloaded file /tmp/files/64KB_9
client              | 14:07.38: Ending run 9
client              | 14:07.38: Preparing run 10
client              | 14:07.38: Download file name is /tmp/files/64KB_10
client              | 14:07.38: Running garbage collector
client              | 14:07.38: Sleeping for 30.0 seconds
client              | 14:08.08: Starting
client              | 14:08.09: Finished
client              | 14:08.09: Collecting metrics from service
client              | 14:08.09: Deleting downloaded file /tmp/files/64KB_10
client              | 14:08.09: Ending run 10
client              | 14:08.09: Writing metrics file
client              | 14:08.09: Send finished download signal
client exited with code 0
Stopping service ... 
Stopping ipfs    ... 
Stopping ipfs    ... done
Stopping service ... done
Aborting on container exit...
Removing client  ... 
Removing service ... 
Removing ipfs    ... 
Removing service ... done
Removing ipfs    ... done
Removing client  ... done
WARNING! This will remove all local volumes not used by at least one container.
Are you sure you want to continue? [y/N] Deleted Volumes:
9c45d9ffad0a14a304cc0998d0ecf01ad9581650310ff295b593f7be9f052d25

Total reclaimed space: 776.8kB
