Time start: 2022-04-19 11:11:27
Time end: 2022-04-19 11:19:22
Duration: 0:07:54.117891

Platform: Linux-5.4.0-99-generic-x86_64-with-glibc2.29
Name: lfw-ds001-i047
Release: #112-Ubuntu SMP Thu Feb 3 13:50:55 UTC 2022

Compose file: transfer_ipfs_upload_setup.yml
Script: performance/transfer_ipfs_upload.py
Environment vars:
SCRIPT: performance/transfer_ipfs_upload.py
FILE_SIZE: 268435456
RUN_COUNT: 6
INTERVAL_SECONDS: 30

WARNING! This will remove all stopped containers.
Are you sure you want to continue? [y/N] Total reclaimed space: 0B
Creating client ... 
Creating ipfs   ... 
Creating service ... 
Creating service ... done
Creating ipfs    ... done
Creating client  ... done
Attaching to service, ipfs, client
ipfs                | Changing user to ipfs
ipfs                | ipfs version 0.7.0
ipfs                | Initializing IPFS with --empty-repo, --profile=badgerds
ipfs                | generating ED25519 keypair...done
ipfs                | peer identity: 12D3KooWNVGfdsv8oxcgytzb1v5UFb1NzP7djNisY8rUKAYLXbjb
ipfs                | initializing IPFS node at /data/ipfs
ipfs                | Removing default bootstrap nodes...
ipfs                | removed /dnsaddr/bootstrap.libp2p.io/p2p/QmNnooDu7bfjPFoTZYxMNLWUQJyrVwtbZg5gBMjTezGAJN
ipfs                | removed /dnsaddr/bootstrap.libp2p.io/p2p/QmQCU2EcMqAqQPR2i9bChDtGNJchTbq5TbXJJ16u19uLTa
ipfs                | removed /dnsaddr/bootstrap.libp2p.io/p2p/QmbLHAnMoJPWSCR5Zhtx6BHJX9KiKNN6tpvbUcqanj75Nb
ipfs                | removed /dnsaddr/bootstrap.libp2p.io/p2p/QmcZf59bWwK5XFi76CZX8cbJ4BhTzzA3gU1ZjYZcYW3dwt
ipfs                | removed /ip4/104.131.131.82/tcp/4001/p2p/QmaCpDMGvV2BGHeYERUEnRQAwe3N8SzbUtfsmvsqQLuvuJ
ipfs                | removed /ip4/104.131.131.82/udp/4001/quic/p2p/QmaCpDMGvV2BGHeYERUEnRQAwe3N8SzbUtfsmvsqQLuvuJ
service             | ConnectionError: HTTPConnectionPool(host='127.0.0.1', port=5001): Max retries exceeded with url: /api/v0/version?stream-channels=true (Caused by NewConnectionError('<ipfshttpclient.requests_wrapper.HTTPConnection object at 0x7f2a95dfa160>: Failed to establish a new connection: [Errno 111] Connection refused'))
ipfs                | Initializing daemon...
ipfs                | go-ipfs version: 0.7.0-ea77213
ipfs                | Repo version: 10
ipfs                | System version: amd64/linux
ipfs                | Golang version: go1.14.4
ipfs                | Swarm is limited to private network of peers with the swarm key
ipfs                | Swarm key fingerprint: c53fe9fc1c8eac4230853d5efb58f0a0
ipfs                | Swarm listening on /ip4/10.23.89.104/tcp/4001
ipfs                | Swarm listening on /ip4/127.0.0.1/tcp/4001
ipfs                | Swarm listening on /ip4/146.59.206.127/tcp/4001
ipfs                | Swarm listening on /ip4/172.17.0.1/tcp/4001
ipfs                | Swarm listening on /ip6/::1/tcp/4001
ipfs                | Swarm listening on /p2p-circuit
ipfs                | Swarm announcing /ip4/127.0.0.1/tcp/4001
ipfs                | Swarm announcing /ip4/146.59.206.127/tcp/4001
ipfs                | Swarm announcing /ip6/::1/tcp/4001
ipfs                | API server listening on /ip4/127.0.0.1/tcp/5001
ipfs                | WebUI: http://127.0.0.1:5001/webui
ipfs                | Gateway (readonly) server listening on /ip4/127.0.0.1/tcp/8080
ipfs                | Daemon is ready
service             | Connected to IPFS daemon...
service             | Connected to bootstrap peer...New bootstrapping peer joined
service             | 
service             | Send my peer ID: 12D3KooWNVGfdsv8oxcgytzb1v5UFb1NzP7djNisY8rUKAYLXbjb
service             | Received bootstrap peer id: 12D3KooWNVGfdsv8oxcgytzb1v5UFb1NzP7djNisY8rUKAYLXbjb
service             | I am the bootstrap peer
service             | Could not publish files...
service             | failed to find any peer in table
service             | INFO:     Started server process [1]
service             | INFO:     Waiting for application startup.
service             | INFO:     Application startup complete.
service             | INFO:     Uvicorn running on http://127.0.0.1:8000 (Press CTRL+C to quit)
service             | New bootstrapping peer joined
service             | Send my peer ID: 12D3KooWNVGfdsv8oxcgytzb1v5UFb1NzP7djNisY8rUKAYLXbjb
service             | INFO:     127.0.0.1:47816 - "PUT /upload/?file_path=%2Ftmp%2Ffiles%2F256MB_1 HTTP/1.1" 200 OK
service             | INFO:     127.0.0.1:47816 - "GET /metrics/ HTTP/1.1" 200 OK
service             | INFO:     127.0.0.1:47818 - "PUT /upload/?file_path=%2Ftmp%2Ffiles%2F256MB_2 HTTP/1.1" 200 OK
service             | INFO:     127.0.0.1:47818 - "GET /metrics/ HTTP/1.1" 200 OK
service             | INFO:     127.0.0.1:47824 - "PUT /upload/?file_path=%2Ftmp%2Ffiles%2F256MB_3 HTTP/1.1" 200 OK
service             | INFO:     127.0.0.1:47824 - "GET /metrics/ HTTP/1.1" 200 OK
service             | INFO:     127.0.0.1:47828 - "PUT /upload/?file_path=%2Ftmp%2Ffiles%2F256MB_4 HTTP/1.1" 200 OK
service             | INFO:     127.0.0.1:47828 - "GET /metrics/ HTTP/1.1" 200 OK
service             | INFO:     127.0.0.1:47832 - "PUT /upload/?file_path=%2Ftmp%2Ffiles%2F256MB_5 HTTP/1.1" 200 OK
service             | INFO:     127.0.0.1:47832 - "GET /metrics/ HTTP/1.1" 200 OK
service             | INFO:     127.0.0.1:47836 - "PUT /upload/?file_path=%2Ftmp%2Ffiles%2F256MB_6 HTTP/1.1" 200 OK
service             | INFO:     127.0.0.1:47836 - "GET /metrics/ HTTP/1.1" 200 OK
client              | 11:11.33: Connecting to IPFS daemon
client              | 11:11.33: Connected to IPFS daemon, peer ID is 12D3KooWNVGfdsv8oxcgytzb1v5UFb1NzP7djNisY8rUKAYLXbjb
client              | 11:11.33: Connecting to upload script runner
client              | 11:11.33: Sending peer ID
client              | 11:11.33: Waiting for signal to start downloading
client              | 11:11.40: Starting 256MB benchmark
client              | 11:11.40: Creating client interface
client              | 11:11.40: Preparing run 1
client              | 11:11.40: Creating file /tmp/files/256MB_1
client              | 11:11.42: Running garbage collector
client              | 11:11.42: Sleeping for 30.0 seconds
client              | 11:12.12: Starting
client              | 11:12.14: Finished
client              | 11:12.14: Collecting metrics from service
client              | 11:12.14: Deleting created file /tmp/files/256MB_1
client              | 11:12.14: Ending run 1
client              | 11:12.14: Preparing run 2
client              | 11:12.14: Creating file /tmp/files/256MB_2
client              | 11:12.17: Running garbage collector
client              | 11:12.17: Sleeping for 30.0 seconds
client              | 11:12.47: Starting
client              | 11:12.49: Finished
client              | 11:12.49: Collecting metrics from service
client              | 11:12.49: Deleting created file /tmp/files/256MB_2
client              | 11:12.49: Ending run 2
client              | 11:12.49: Preparing run 3
client              | 11:12.49: Creating file /tmp/files/256MB_3
client              | 11:12.51: Running garbage collector
client              | 11:12.51: Sleeping for 30.0 seconds
client              | 11:13.21: Starting
client              | 11:13.23: Finished
client              | 11:13.23: Collecting metrics from service
client              | 11:13.23: Deleting created file /tmp/files/256MB_3
client              | 11:13.23: Ending run 3
client              | 11:13.23: Preparing run 4
client              | 11:13.23: Creating file /tmp/files/256MB_4
client              | 11:13.25: Running garbage collector
client              | 11:13.25: Sleeping for 30.0 seconds
client              | 11:13.55: Starting
client              | 11:13.58: Finished
client              | 11:13.58: Collecting metrics from service
client              | 11:13.58: Deleting created file /tmp/files/256MB_4
client              | 11:13.58: Ending run 4
client              | 11:13.58: Preparing run 5
client              | 11:13.58: Creating file /tmp/files/256MB_5
client              | 11:14.00: Running garbage collector
client              | 11:14.00: Sleeping for 30.0 seconds
client              | 11:14.30: Starting
client              | 11:14.32: Finished
client              | 11:14.32: Collecting metrics from service
client              | 11:14.32: Deleting created file /tmp/files/256MB_5
client              | 11:14.32: Ending run 5
client              | 11:14.32: Preparing run 6
client              | 11:14.32: Creating file /tmp/files/256MB_6
client              | 11:14.34: Running garbage collector
client              | 11:14.34: Sleeping for 30.0 seconds
client              | 11:15.04: Starting
client              | 11:15.06: Finished
client              | 11:15.06: Collecting metrics from service
client              | 11:15.06: Deleting created file /tmp/files/256MB_6
client              | 11:15.07: Ending run 6
client              | 11:15.07: Writing metrics file
client              | 11:15.07: Sending upload finished signal
client              | 11:15.07: Waiting for download finished signal
client exited with code 0
Stopping service ... 
Stopping ipfs    ... 
Stopping ipfs    ... done
Stopping service ... done
Aborting on container exit...
Removing service ... 
Removing ipfs    ... 
Removing client  ... 
Removing service ... done
Removing client  ... done
Removing ipfs    ... done
WARNING! This will remove all local volumes not used by at least one container.
Are you sure you want to continue? [y/N] Deleted Volumes:
698c1cbf8cf0077549f60e3c1f035f9465ed8326eceb96fdfaac53871d678505

Total reclaimed space: 1.617GB
