Time start: 2022-04-19 11:11:33
Time end: 2022-04-19 11:19:22
Duration: 0:07:48.320357

Platform: Linux-5.4.0-99-generic-x86_64-with-glibc2.29
Name: lfw-ds001-i046
Release: #112-Ubuntu SMP Thu Feb 3 13:50:55 UTC 2022

Compose file: transfer_ipfs_download_setup.yml
Script: performance/transfer_ipfs_download.py
Environment vars:
SCRIPT: performance/transfer_ipfs_download.py
PEER_ID: 12D3KooWNVGfdsv8oxcgytzb1v5UFb1NzP7djNisY8rUKAYLXbjb
BOOT_ADDRESS: 146.59.206.127
FILE_SIZE: 268435456
RUN_COUNT: 6
INTERVAL_SECONDS: 30

WARNING! This will remove all stopped containers.
Are you sure you want to continue? [y/N] Total reclaimed space: 0B
Creating client ... 
Creating service ... 
Creating ipfs    ... 
Creating service ... done
Creating client  ... done
Creating ipfs    ... done
Attaching to service, client, ipfs
ipfs                | Changing user to ipfs
ipfs                | ipfs version 0.7.0
ipfs                | Initializing IPFS with --empty-repo, --profile=badgerds
ipfs                | generating ED25519 keypair...done
ipfs                | peer identity: 12D3KooWLLX9JgC4V6tgzrnDv9dqYrTbotzCcWzhMWqV75RAub2Q
ipfs                | initializing IPFS node at /data/ipfs
ipfs                | Removing default bootstrap nodes...
ipfs                | removed /dnsaddr/bootstrap.libp2p.io/p2p/QmNnooDu7bfjPFoTZYxMNLWUQJyrVwtbZg5gBMjTezGAJN
ipfs                | removed /dnsaddr/bootstrap.libp2p.io/p2p/QmQCU2EcMqAqQPR2i9bChDtGNJchTbq5TbXJJ16u19uLTa
ipfs                | removed /dnsaddr/bootstrap.libp2p.io/p2p/QmbLHAnMoJPWSCR5Zhtx6BHJX9KiKNN6tpvbUcqanj75Nb
ipfs                | removed /dnsaddr/bootstrap.libp2p.io/p2p/QmcZf59bWwK5XFi76CZX8cbJ4BhTzzA3gU1ZjYZcYW3dwt
ipfs                | removed /ip4/104.131.131.82/tcp/4001/p2p/QmaCpDMGvV2BGHeYERUEnRQAwe3N8SzbUtfsmvsqQLuvuJ
ipfs                | removed /ip4/104.131.131.82/udp/4001/quic/p2p/QmaCpDMGvV2BGHeYERUEnRQAwe3N8SzbUtfsmvsqQLuvuJ
service             | ConnectionError: HTTPConnectionPool(host='127.0.0.1', port=5001): Max retries exceeded with url: /api/v0/version?stream-channels=true (Caused by NewConnectionError('<ipfshttpclient.requests_wrapper.HTTPConnection object at 0x7f8c6c8c1f40>: Failed to establish a new connection: [Errno 111] Connection refused'))
ipfs                | added /ip4/146.59.206.127/tcp/4001/p2p/12D3KooWNVGfdsv8oxcgytzb1v5UFb1NzP7djNisY8rUKAYLXbjb
ipfs                | Initializing daemon...
ipfs                | go-ipfs version: 0.7.0-ea77213
ipfs                | Repo version: 10
ipfs                | System version: amd64/linux
ipfs                | Golang version: go1.14.4
ipfs                | Swarm is limited to private network of peers with the swarm key
ipfs                | Swarm key fingerprint: c53fe9fc1c8eac4230853d5efb58f0a0
ipfs                | Swarm listening on /ip4/10.23.85.159/tcp/4001
ipfs                | Swarm listening on /ip4/127.0.0.1/tcp/4001
ipfs                | Swarm listening on /ip4/146.59.192.105/tcp/4001
ipfs                | Swarm listening on /ip4/172.17.0.1/tcp/4001
ipfs                | Swarm listening on /ip6/::1/tcp/4001
ipfs                | Swarm listening on /p2p-circuit
ipfs                | Swarm announcing /ip4/127.0.0.1/tcp/4001
ipfs                | Swarm announcing /ip4/146.59.192.105/tcp/4001
ipfs                | Swarm announcing /ip6/::1/tcp/4001
ipfs                | API server listening on /ip4/127.0.0.1/tcp/5001
ipfs                | WebUI: http://127.0.0.1:5001/webui
ipfs                | Gateway (readonly) server listening on /ip4/127.0.0.1/tcp/8080
ipfs                | Daemon is ready
service             | Connected to IPFS daemon...
service             | Connected to bootstrap peer...
service             | Received bootstrap peer id: 12D3KooWNVGfdsv8oxcgytzb1v5UFb1NzP7djNisY8rUKAYLXbjb
service             | /ip4/146.59.206.127/tcp/4001/p2p/12D3KooWNVGfdsv8oxcgytzb1v5UFb1NzP7djNisY8rUKAYLXbjb
service             | INFO:     Started server process [1]
service             | INFO:     Waiting for application startup.
service             | INFO:     Application startup complete.
service             | INFO:     Uvicorn running on http://127.0.0.1:8000 (Press CTRL+C to quit)
service             | INFO:     127.0.0.1:48244 - "GET /download/?file_path=%2Ftmp%2Ffiles%2F256MB_1 HTTP/1.1" 200 OK
service             | INFO:     127.0.0.1:48244 - "GET /metrics/ HTTP/1.1" 200 OK
service             | INFO:     127.0.0.1:48248 - "GET /download/?file_path=%2Ftmp%2Ffiles%2F256MB_2 HTTP/1.1" 200 OK
service             | INFO:     127.0.0.1:48248 - "GET /metrics/ HTTP/1.1" 200 OK
service             | INFO:     127.0.0.1:48252 - "GET /download/?file_path=%2Ftmp%2Ffiles%2F256MB_3 HTTP/1.1" 200 OK
service             | INFO:     127.0.0.1:48252 - "GET /metrics/ HTTP/1.1" 200 OK
service             | INFO:     127.0.0.1:48258 - "GET /download/?file_path=%2Ftmp%2Ffiles%2F256MB_4 HTTP/1.1" 200 OK
service             | INFO:     127.0.0.1:48258 - "GET /metrics/ HTTP/1.1" 200 OK
service             | INFO:     127.0.0.1:48264 - "GET /download/?file_path=%2Ftmp%2Ffiles%2F256MB_5 HTTP/1.1" 200 OK
service             | INFO:     127.0.0.1:48264 - "GET /metrics/ HTTP/1.1" 200 OK
service             | INFO:     127.0.0.1:48268 - "GET /download/?file_path=%2Ftmp%2Ffiles%2F256MB_6 HTTP/1.1" 200 OK
service             | INFO:     127.0.0.1:48268 - "GET /metrics/ HTTP/1.1" 200 OK
client              | 11:11.40: Connecting to download script runner
client              | 11:11.40: Waiting for finish upload signal
client              | 11:15.07: Starting 256MB benchmark
client              | 11:15.07: Creating client interface
client              | 11:15.07: Preparing run 1
client              | 11:15.07: Download file name is /tmp/files/256MB_1
client              | 11:15.07: Running garbage collector
client              | 11:15.07: Sleeping for 30.0 seconds
client              | 11:15.37: Starting
client              | 11:15.47: Finished
client              | 11:15.47: Collecting metrics from service
client              | 11:15.47: Deleting downloaded file /tmp/files/256MB_1
client              | 11:15.47: Ending run 1
client              | 11:15.47: Preparing run 2
client              | 11:15.47: Download file name is /tmp/files/256MB_2
client              | 11:15.47: Running garbage collector
client              | 11:15.47: Sleeping for 30.0 seconds
client              | 11:16.17: Starting
client              | 11:16.28: Finished
client              | 11:16.28: Collecting metrics from service
client              | 11:16.28: Deleting downloaded file /tmp/files/256MB_2
client              | 11:16.28: Ending run 2
client              | 11:16.28: Preparing run 3
client              | 11:16.28: Download file name is /tmp/files/256MB_3
client              | 11:16.28: Running garbage collector
client              | 11:16.28: Sleeping for 30.0 seconds
client              | 11:16.58: Starting
client              | 11:17.08: Finished
client              | 11:17.08: Collecting metrics from service
client              | 11:17.08: Deleting downloaded file /tmp/files/256MB_3
client              | 11:17.08: Ending run 3
client              | 11:17.08: Preparing run 4
client              | 11:17.08: Download file name is /tmp/files/256MB_4
client              | 11:17.08: Running garbage collector
client              | 11:17.08: Sleeping for 30.0 seconds
client              | 11:17.38: Starting
client              | 11:17.49: Finished
client              | 11:17.49: Collecting metrics from service
client              | 11:17.49: Deleting downloaded file /tmp/files/256MB_4
client              | 11:17.49: Ending run 4
client              | 11:17.49: Preparing run 5
client              | 11:17.49: Download file name is /tmp/files/256MB_5
client              | 11:17.49: Running garbage collector
client              | 11:17.49: Sleeping for 30.0 seconds
client              | 11:18.19: Starting
client              | 11:18.29: Finished
client              | 11:18.29: Collecting metrics from service
client              | 11:18.29: Deleting downloaded file /tmp/files/256MB_5
client              | 11:18.29: Ending run 5
client              | 11:18.29: Preparing run 6
client              | 11:18.29: Download file name is /tmp/files/256MB_6
client              | 11:18.29: Running garbage collector
client              | 11:18.29: Sleeping for 30.0 seconds
client              | 11:18.59: Starting
client              | 11:19.10: Finished
client              | 11:19.10: Collecting metrics from service
client              | 11:19.10: Deleting downloaded file /tmp/files/256MB_6
client              | 11:19.10: Ending run 6
client              | 11:19.10: Writing metrics file
client              | 11:19.10: Send finished download signal
client exited with code 0
Stopping ipfs    ... 
Stopping service ... 
Stopping ipfs    ... done
Stopping service ... done
Aborting on container exit...
Removing ipfs    ... 
Removing service ... 
Removing client  ... 
Removing ipfs    ... done
Removing service ... done
Removing client  ... done
WARNING! This will remove all local volumes not used by at least one container.
Are you sure you want to continue? [y/N] Deleted Volumes:
d15f451a528f9f8586e2a7262c575f238b2f6cbc05ae24fa7b8b74332167dffe

Total reclaimed space: 1.617GB
