Time start: 2022-04-19 10:51:49
Time end: 2022-04-19 10:58:10
Duration: 0:06:20.355124

Platform: Linux-5.4.0-99-generic-x86_64-with-glibc2.29
Name: lfw-ds001-i046
Release: #112-Ubuntu SMP Thu Feb 3 13:50:55 UTC 2022

Compose file: transfer_ipfs_download_setup.yml
Script: performance/transfer_ipfs_download.py
Environment vars:
SCRIPT: performance/transfer_ipfs_download.py
PEER_ID: 12D3KooWPmDFQfPaC3HyXb2gPficwWQwk6nfHS5CeKC8vX43eF9L
BOOT_ADDRESS: 146.59.206.127
FILE_SIZE: 4194304
RUN_COUNT: 6
INTERVAL_SECONDS: 30

WARNING! This will remove all stopped containers.
Are you sure you want to continue? [y/N] Total reclaimed space: 0B
Creating client ... 
Creating service ... 
Creating ipfs    ... 
Creating ipfs    ... done
Creating client  ... done
Creating service ... done
Attaching to ipfs, client, service
ipfs                | Changing user to ipfs
ipfs                | ipfs version 0.7.0
ipfs                | Initializing IPFS with --empty-repo, --profile=badgerds
ipfs                | generating ED25519 keypair...done
ipfs                | peer identity: 12D3KooWAdfCJU3NqZ2HzqByBW1GoYUzj9A9VnqUVs98PvhCqL4n
ipfs                | initializing IPFS node at /data/ipfs
ipfs                | Removing default bootstrap nodes...
ipfs                | removed /dnsaddr/bootstrap.libp2p.io/p2p/QmNnooDu7bfjPFoTZYxMNLWUQJyrVwtbZg5gBMjTezGAJN
ipfs                | removed /dnsaddr/bootstrap.libp2p.io/p2p/QmQCU2EcMqAqQPR2i9bChDtGNJchTbq5TbXJJ16u19uLTa
ipfs                | removed /dnsaddr/bootstrap.libp2p.io/p2p/QmbLHAnMoJPWSCR5Zhtx6BHJX9KiKNN6tpvbUcqanj75Nb
ipfs                | removed /dnsaddr/bootstrap.libp2p.io/p2p/QmcZf59bWwK5XFi76CZX8cbJ4BhTzzA3gU1ZjYZcYW3dwt
ipfs                | removed /ip4/104.131.131.82/tcp/4001/p2p/QmaCpDMGvV2BGHeYERUEnRQAwe3N8SzbUtfsmvsqQLuvuJ
ipfs                | removed /ip4/104.131.131.82/udp/4001/quic/p2p/QmaCpDMGvV2BGHeYERUEnRQAwe3N8SzbUtfsmvsqQLuvuJ
service             | ConnectionError: HTTPConnectionPool(host='127.0.0.1', port=5001): Max retries exceeded with url: /api/v0/version?stream-channels=true (Caused by NewConnectionError('<ipfshttpclient.requests_wrapper.HTTPConnection object at 0x7f7eed513f40>: Failed to establish a new connection: [Errno 111] Connection refused'))
ipfs                | added /ip4/146.59.206.127/tcp/4001/p2p/12D3KooWPmDFQfPaC3HyXb2gPficwWQwk6nfHS5CeKC8vX43eF9L
ipfs                | Initializing daemon...
ipfs                | go-ipfs version: 0.7.0-ea77213
ipfs                | Repo version: 10
ipfs                | System version: amd64/linux
ipfs                | Golang version: go1.14.4
ipfs                | Swarm is limited to private network of peers with the swarm key
ipfs                | Swarm key fingerprint: c53fe9fc1c8eac4230853d5efb58f0a0
ipfs                | Swarm listening on /ip4/10.23.85.159/tcp/4001
ipfs                | Swarm listening on /ip4/127.0.0.1/tcp/4001
ipfs                | Swarm listening on /ip4/146.59.192.105/tcp/4001
ipfs                | Swarm listening on /ip4/172.17.0.1/tcp/4001
ipfs                | Swarm listening on /ip6/::1/tcp/4001
ipfs                | Swarm listening on /p2p-circuit
ipfs                | Swarm announcing /ip4/127.0.0.1/tcp/4001
ipfs                | Swarm announcing /ip4/146.59.192.105/tcp/4001
ipfs                | Swarm announcing /ip6/::1/tcp/4001
ipfs                | API server listening on /ip4/127.0.0.1/tcp/5001
ipfs                | WebUI: http://127.0.0.1:5001/webui
ipfs                | Gateway (readonly) server listening on /ip4/127.0.0.1/tcp/8080
ipfs                | Daemon is ready
service             | Connected to IPFS daemon...
service             | Connected to bootstrap peer...
service             | Received bootstrap peer id: 12D3KooWPmDFQfPaC3HyXb2gPficwWQwk6nfHS5CeKC8vX43eF9L
service             | /ip4/146.59.206.127/tcp/4001/p2p/12D3KooWPmDFQfPaC3HyXb2gPficwWQwk6nfHS5CeKC8vX43eF9L
service             | INFO:     Started server process [1]
service             | INFO:     Waiting for application startup.
service             | INFO:     Application startup complete.
service             | INFO:     Uvicorn running on http://127.0.0.1:8000 (Press CTRL+C to quit)
service             | INFO:     127.0.0.1:48112 - "GET /download/?file_path=%2Ftmp%2Ffiles%2F4MB_1 HTTP/1.1" 200 OK
service             | INFO:     127.0.0.1:48112 - "GET /metrics/ HTTP/1.1" 200 OK
service             | INFO:     127.0.0.1:48114 - "GET /download/?file_path=%2Ftmp%2Ffiles%2F4MB_2 HTTP/1.1" 200 OK
service             | INFO:     127.0.0.1:48114 - "GET /metrics/ HTTP/1.1" 200 OK
service             | INFO:     127.0.0.1:48122 - "GET /download/?file_path=%2Ftmp%2Ffiles%2F4MB_3 HTTP/1.1" 200 OK
service             | INFO:     127.0.0.1:48122 - "GET /metrics/ HTTP/1.1" 200 OK
service             | INFO:     127.0.0.1:48128 - "GET /download/?file_path=%2Ftmp%2Ffiles%2F4MB_4 HTTP/1.1" 200 OK
service             | INFO:     127.0.0.1:48128 - "GET /metrics/ HTTP/1.1" 200 OK
service             | INFO:     127.0.0.1:48132 - "GET /download/?file_path=%2Ftmp%2Ffiles%2F4MB_5 HTTP/1.1" 200 OK
service             | INFO:     127.0.0.1:48132 - "GET /metrics/ HTTP/1.1" 200 OK
service             | INFO:     127.0.0.1:48136 - "GET /download/?file_path=%2Ftmp%2Ffiles%2F4MB_6 HTTP/1.1" 200 OK
service             | INFO:     127.0.0.1:48136 - "GET /metrics/ HTTP/1.1" 200 OK
client              | 10:51.56: Connecting to download script runner
client              | 10:51.56: Waiting for finish upload signal
client              | 10:54.57: Starting 4MB benchmark
client              | 10:54.57: Creating client interface
client              | 10:54.57: Preparing run 1
client              | 10:54.57: Download file name is /tmp/files/4MB_1
client              | 10:54.57: Running garbage collector
client              | 10:54.57: Sleeping for 30.0 seconds
client              | 10:55.27: Starting
client              | 10:55.28: Finished
client              | 10:55.28: Collecting metrics from service
client              | 10:55.28: Deleting downloaded file /tmp/files/4MB_1
client              | 10:55.28: Ending run 1
client              | 10:55.28: Preparing run 2
client              | 10:55.28: Download file name is /tmp/files/4MB_2
client              | 10:55.28: Running garbage collector
client              | 10:55.28: Sleeping for 30.0 seconds
client              | 10:55.58: Starting
client              | 10:55.58: Finished
client              | 10:55.58: Collecting metrics from service
client              | 10:55.58: Deleting downloaded file /tmp/files/4MB_2
client              | 10:55.58: Ending run 2
client              | 10:55.58: Preparing run 3
client              | 10:55.58: Download file name is /tmp/files/4MB_3
client              | 10:55.58: Running garbage collector
client              | 10:55.58: Sleeping for 30.0 seconds
client              | 10:56.28: Starting
client              | 10:56.28: Finished
client              | 10:56.28: Collecting metrics from service
client              | 10:56.28: Deleting downloaded file /tmp/files/4MB_3
client              | 10:56.28: Ending run 3
client              | 10:56.28: Preparing run 4
client              | 10:56.28: Download file name is /tmp/files/4MB_4
client              | 10:56.28: Running garbage collector
client              | 10:56.28: Sleeping for 30.0 seconds
client              | 10:56.58: Starting
client              | 10:56.58: Finished
client              | 10:56.58: Collecting metrics from service
client              | 10:56.58: Deleting downloaded file /tmp/files/4MB_4
client              | 10:56.58: Ending run 4
client              | 10:56.58: Preparing run 5
client              | 10:56.58: Download file name is /tmp/files/4MB_5
client              | 10:56.58: Running garbage collector
client              | 10:56.58: Sleeping for 30.0 seconds
client              | 10:57.28: Starting
client              | 10:57.29: Finished
client              | 10:57.29: Collecting metrics from service
client              | 10:57.29: Deleting downloaded file /tmp/files/4MB_5
client              | 10:57.29: Ending run 5
client              | 10:57.29: Preparing run 6
client              | 10:57.29: Download file name is /tmp/files/4MB_6
client              | 10:57.29: Running garbage collector
client              | 10:57.29: Sleeping for 30.0 seconds
client              | 10:57.59: Starting
client              | 10:57.59: Finished
client              | 10:57.59: Collecting metrics from service
client              | 10:57.59: Deleting downloaded file /tmp/files/4MB_6
client              | 10:57.59: Ending run 6
client              | 10:57.59: Writing metrics file
client              | 10:57.59: Send finished download signal
client exited with code 0
Stopping ipfs    ... 
Stopping service ... 
Stopping ipfs    ... done
Stopping service ... done
Aborting on container exit...
Removing ipfs    ... 
Removing service ... 
Removing client  ... 
Removing client  ... done
Removing ipfs    ... done
Removing service ... done
WARNING! This will remove all local volumes not used by at least one container.
Are you sure you want to continue? [y/N] Deleted Volumes:
00f1e6ccf7903ea97f4565b0e3ec671256dbdffd7c0fc3908c7d1ca4b3910f7c

Total reclaimed space: 25.36MB
