Time start: 2022-04-19 11:50:08
Time end: 2022-04-19 12:20:35
Duration: 0:30:27.053280

Platform: Linux-5.4.0-99-generic-x86_64-with-glibc2.29
Name: lfw-ds001-i047
Release: #112-Ubuntu SMP Thu Feb 3 13:50:55 UTC 2022

Compose file: transfer_ipfs_upload_setup.yml
Script: performance/transfer_ipfs_upload.py
Environment vars:
SCRIPT: performance/transfer_ipfs_upload.py
FILE_SIZE: 4294967296
RUN_COUNT: 6
INTERVAL_SECONDS: 30

WARNING! This will remove all stopped containers.
Are you sure you want to continue? [y/N] Total reclaimed space: 0B
Creating service ... 
Creating client  ... 
Creating ipfs    ... 
Creating client  ... done
Creating service ... done
Creating ipfs    ... done
Attaching to client, service, ipfs
ipfs                | Changing user to ipfs
ipfs                | ipfs version 0.7.0
ipfs                | Initializing IPFS with --empty-repo, --profile=badgerds
ipfs                | generating ED25519 keypair...done
ipfs                | peer identity: 12D3KooWSRKzns7nrXUmYs8kn2FJsFc9sAkbds1QyjgZEwEnWY7j
ipfs                | initializing IPFS node at /data/ipfs
ipfs                | Removing default bootstrap nodes...
ipfs                | removed /dnsaddr/bootstrap.libp2p.io/p2p/QmNnooDu7bfjPFoTZYxMNLWUQJyrVwtbZg5gBMjTezGAJN
ipfs                | removed /dnsaddr/bootstrap.libp2p.io/p2p/QmQCU2EcMqAqQPR2i9bChDtGNJchTbq5TbXJJ16u19uLTa
ipfs                | removed /dnsaddr/bootstrap.libp2p.io/p2p/QmbLHAnMoJPWSCR5Zhtx6BHJX9KiKNN6tpvbUcqanj75Nb
ipfs                | removed /dnsaddr/bootstrap.libp2p.io/p2p/QmcZf59bWwK5XFi76CZX8cbJ4BhTzzA3gU1ZjYZcYW3dwt
ipfs                | removed /ip4/104.131.131.82/tcp/4001/p2p/QmaCpDMGvV2BGHeYERUEnRQAwe3N8SzbUtfsmvsqQLuvuJ
ipfs                | removed /ip4/104.131.131.82/udp/4001/quic/p2p/QmaCpDMGvV2BGHeYERUEnRQAwe3N8SzbUtfsmvsqQLuvuJ
service             | ConnectionError: HTTPConnectionPool(host='127.0.0.1', port=5001): Max retries exceeded with url: /api/v0/version?stream-channels=true (Caused by NewConnectionError('<ipfshttpclient.requests_wrapper.HTTPConnection object at 0x7f9c590e9160>: Failed to establish a new connection: [Errno 111] Connection refused'))
ipfs                | Initializing daemon...
ipfs                | go-ipfs version: 0.7.0-ea77213
ipfs                | Repo version: 10
ipfs                | System version: amd64/linux
ipfs                | Golang version: go1.14.4
ipfs                | Swarm is limited to private network of peers with the swarm key
ipfs                | Swarm key fingerprint: c53fe9fc1c8eac4230853d5efb58f0a0
ipfs                | Swarm listening on /ip4/10.23.89.104/tcp/4001
ipfs                | Swarm listening on /ip4/127.0.0.1/tcp/4001
ipfs                | Swarm listening on /ip4/146.59.206.127/tcp/4001
ipfs                | Swarm listening on /ip4/172.17.0.1/tcp/4001
ipfs                | Swarm listening on /ip6/::1/tcp/4001
ipfs                | Swarm listening on /p2p-circuit
ipfs                | Swarm announcing /ip4/127.0.0.1/tcp/4001
ipfs                | Swarm announcing /ip4/146.59.206.127/tcp/4001
ipfs                | Swarm announcing /ip6/::1/tcp/4001
ipfs                | API server listening on /ip4/127.0.0.1/tcp/5001
ipfs                | WebUI: http://127.0.0.1:5001/webui
ipfs                | Gateway (readonly) server listening on /ip4/127.0.0.1/tcp/8080
ipfs                | Daemon is ready
service             | Connected to IPFS daemon...
service             | Connected to bootstrap peer...New bootstrapping peer joined
service             | 
service             | Received bootstrap peer id: 12D3KooWSRKzns7nrXUmYs8kn2FJsFc9sAkbds1QyjgZEwEnWY7jSend my peer ID: 12D3KooWSRKzns7nrXUmYs8kn2FJsFc9sAkbds1QyjgZEwEnWY7j
service             | 
service             | I am the bootstrap peer
service             | Could not publish files...
service             | failed to find any peer in table
service             | INFO:     Started server process [1]
service             | INFO:     Waiting for application startup.
service             | INFO:     Application startup complete.
service             | INFO:     Uvicorn running on http://127.0.0.1:8000 (Press CTRL+C to quit)
service             | New bootstrapping peer joined
service             | Send my peer ID: 12D3KooWSRKzns7nrXUmYs8kn2FJsFc9sAkbds1QyjgZEwEnWY7j
service             | INFO:     127.0.0.1:47924 - "PUT /upload/?file_path=%2Ftmp%2Ffiles%2F4096MB_1 HTTP/1.1" 200 OK
service             | INFO:     127.0.0.1:47924 - "GET /metrics/ HTTP/1.1" 200 OK
service             | INFO:     127.0.0.1:47928 - "PUT /upload/?file_path=%2Ftmp%2Ffiles%2F4096MB_2 HTTP/1.1" 200 OK
service             | INFO:     127.0.0.1:47928 - "GET /metrics/ HTTP/1.1" 200 OK
service             | INFO:     127.0.0.1:47932 - "PUT /upload/?file_path=%2Ftmp%2Ffiles%2F4096MB_3 HTTP/1.1" 200 OK
service             | INFO:     127.0.0.1:47932 - "GET /metrics/ HTTP/1.1" 200 OK
service             | INFO:     127.0.0.1:47936 - "PUT /upload/?file_path=%2Ftmp%2Ffiles%2F4096MB_4 HTTP/1.1" 200 OK
service             | INFO:     127.0.0.1:47936 - "GET /metrics/ HTTP/1.1" 200 OK
service             | INFO:     127.0.0.1:47940 - "PUT /upload/?file_path=%2Ftmp%2Ffiles%2F4096MB_5 HTTP/1.1" 200 OK
service             | INFO:     127.0.0.1:47940 - "GET /metrics/ HTTP/1.1" 200 OK
service             | INFO:     127.0.0.1:47942 - "PUT /upload/?file_path=%2Ftmp%2Ffiles%2F4096MB_6 HTTP/1.1" 200 OK
service             | INFO:     127.0.0.1:47942 - "GET /metrics/ HTTP/1.1" 200 OK
client              | 11:50.14: Connecting to IPFS daemon
client              | 11:50.14: Connected to IPFS daemon, peer ID is 12D3KooWSRKzns7nrXUmYs8kn2FJsFc9sAkbds1QyjgZEwEnWY7j
client              | 11:50.14: Connecting to upload script runner
client              | 11:50.14: Sending peer ID
client              | 11:50.14: Waiting for signal to start downloading
client              | 11:50.20: Starting 4096MB benchmark
client              | 11:50.20: Creating client interface
client              | 11:50.20: Preparing run 1
client              | 11:50.20: Creating file /tmp/files/4096MB_1
client              | 11:50.59: Running garbage collector
client              | 11:50.59: Sleeping for 30.0 seconds
client              | 11:51.29: Starting
client              | 11:52.02: Finished
client              | 11:52.02: Collecting metrics from service
client              | 11:52.02: Deleting created file /tmp/files/4096MB_1
client              | 11:52.02: Ending run 1
client              | 11:52.02: Preparing run 2
client              | 11:52.02: Creating file /tmp/files/4096MB_2
client              | 11:52.38: Running garbage collector
client              | 11:52.38: Sleeping for 30.0 seconds
client              | 11:53.08: Starting
client              | 11:53.39: Finished
client              | 11:53.39: Collecting metrics from service
client              | 11:53.39: Deleting created file /tmp/files/4096MB_2
client              | 11:53.40: Ending run 2
client              | 11:53.40: Preparing run 3
client              | 11:53.40: Creating file /tmp/files/4096MB_3
client              | 11:54.14: Running garbage collector
client              | 11:54.14: Sleeping for 30.0 seconds
client              | 11:54.44: Starting
client              | 11:55.18: Finished
client              | 11:55.18: Collecting metrics from service
client              | 11:55.18: Deleting created file /tmp/files/4096MB_3
client              | 11:55.19: Ending run 3
client              | 11:55.19: Preparing run 4
client              | 11:55.19: Creating file /tmp/files/4096MB_4
client              | 11:55.54: Running garbage collector
client              | 11:55.54: Sleeping for 30.0 seconds
client              | 11:56.24: Starting
client              | 11:56.58: Finished
client              | 11:56.58: Collecting metrics from service
client              | 11:56.58: Deleting created file /tmp/files/4096MB_4
client              | 11:56.58: Ending run 4
client              | 11:56.58: Preparing run 5
client              | 11:56.58: Creating file /tmp/files/4096MB_5
client              | 11:57.33: Running garbage collector
client              | 11:57.33: Sleeping for 30.0 seconds
client              | 11:58.03: Starting
client              | 11:58.37: Finished
client              | 11:58.37: Collecting metrics from service
client              | 11:58.37: Deleting created file /tmp/files/4096MB_5
client              | 11:58.38: Ending run 5
client              | 11:58.38: Preparing run 6
client              | 11:58.38: Creating file /tmp/files/4096MB_6
client              | 11:59.12: Running garbage collector
client              | 11:59.12: Sleeping for 30.0 seconds
client              | 11:59.42: Starting
client              | 12:00.17: Finished
client              | 12:00.17: Collecting metrics from service
client              | 12:00.17: Deleting created file /tmp/files/4096MB_6
client              | 12:00.18: Ending run 6
client              | 12:00.18: Writing metrics file
client              | 12:00.18: Sending upload finished signal
client              | 12:00.18: Waiting for download finished signal
client exited with code 0
Stopping ipfs    ... 
Stopping service ... 
Stopping ipfs    ... done
Stopping service ... done
Aborting on container exit...
Removing ipfs    ... 
Removing client  ... 
Removing service ... 
Removing ipfs    ... done
Removing client  ... done
Removing service ... done
WARNING! This will remove all local volumes not used by at least one container.
Are you sure you want to continue? [y/N] Deleted Volumes:
f8b1739b388f2301717e19856f26791a72bf95bf1052ffac4c97965c8e1e3ecb

Total reclaimed space: 25.86GB
