Time start: 2022-04-19 11:19:28
Time end: 2022-04-19 11:31:42
Duration: 0:12:13.919870

Platform: Linux-5.4.0-99-generic-x86_64-with-glibc2.29
Name: lfw-ds001-i046
Release: #112-Ubuntu SMP Thu Feb 3 13:50:55 UTC 2022

Compose file: transfer_ipfs_download_setup.yml
Script: performance/transfer_ipfs_download.py
Environment vars:
SCRIPT: performance/transfer_ipfs_download.py
PEER_ID: 12D3KooWGSubpBFNLirZ1CYyqUK9gxHDQ7iZL8cBRzhrSSfq6VuX
BOOT_ADDRESS: 146.59.206.127
FILE_SIZE: 1073741824
RUN_COUNT: 6
INTERVAL_SECONDS: 30

WARNING! This will remove all stopped containers.
Are you sure you want to continue? [y/N] Total reclaimed space: 0B
Creating client ... 
Creating service ... 
Creating ipfs    ... 
Creating client  ... done
Creating service ... done
Creating ipfs    ... done
Attaching to client, service, ipfs
ipfs                | Changing user to ipfs
ipfs                | ipfs version 0.7.0
ipfs                | Initializing IPFS with --empty-repo, --profile=badgerds
ipfs                | generating ED25519 keypair...done
ipfs                | peer identity: 12D3KooWQxgKPfMo76t5qCEMGMgsE5r4XCUEokLTeGiaVAh6zj9H
ipfs                | initializing IPFS node at /data/ipfs
ipfs                | Removing default bootstrap nodes...
service             | ConnectionError: HTTPConnectionPool(host='127.0.0.1', port=5001): Max retries exceeded with url: /api/v0/version?stream-channels=true (Caused by NewConnectionError('<ipfshttpclient.requests_wrapper.HTTPConnection object at 0x7f55b3260f40>: Failed to establish a new connection: [Errno 111] Connection refused'))
ipfs                | removed /dnsaddr/bootstrap.libp2p.io/p2p/QmNnooDu7bfjPFoTZYxMNLWUQJyrVwtbZg5gBMjTezGAJN
ipfs                | removed /dnsaddr/bootstrap.libp2p.io/p2p/QmQCU2EcMqAqQPR2i9bChDtGNJchTbq5TbXJJ16u19uLTa
ipfs                | removed /dnsaddr/bootstrap.libp2p.io/p2p/QmbLHAnMoJPWSCR5Zhtx6BHJX9KiKNN6tpvbUcqanj75Nb
ipfs                | removed /dnsaddr/bootstrap.libp2p.io/p2p/QmcZf59bWwK5XFi76CZX8cbJ4BhTzzA3gU1ZjYZcYW3dwt
ipfs                | removed /ip4/104.131.131.82/tcp/4001/p2p/QmaCpDMGvV2BGHeYERUEnRQAwe3N8SzbUtfsmvsqQLuvuJ
ipfs                | removed /ip4/104.131.131.82/udp/4001/quic/p2p/QmaCpDMGvV2BGHeYERUEnRQAwe3N8SzbUtfsmvsqQLuvuJ
ipfs                | added /ip4/146.59.206.127/tcp/4001/p2p/12D3KooWGSubpBFNLirZ1CYyqUK9gxHDQ7iZL8cBRzhrSSfq6VuX
ipfs                | Initializing daemon...
ipfs                | go-ipfs version: 0.7.0-ea77213
ipfs                | Repo version: 10
ipfs                | System version: amd64/linux
ipfs                | Golang version: go1.14.4
ipfs                | Swarm is limited to private network of peers with the swarm key
ipfs                | Swarm key fingerprint: c53fe9fc1c8eac4230853d5efb58f0a0
ipfs                | Swarm listening on /ip4/10.23.85.159/tcp/4001
ipfs                | Swarm listening on /ip4/127.0.0.1/tcp/4001
ipfs                | Swarm listening on /ip4/146.59.192.105/tcp/4001
ipfs                | Swarm listening on /ip4/172.17.0.1/tcp/4001
ipfs                | Swarm listening on /ip6/::1/tcp/4001
ipfs                | Swarm listening on /p2p-circuit
ipfs                | Swarm announcing /ip4/127.0.0.1/tcp/4001
ipfs                | Swarm announcing /ip4/146.59.192.105/tcp/4001
ipfs                | Swarm announcing /ip6/::1/tcp/4001
ipfs                | API server listening on /ip4/127.0.0.1/tcp/5001
ipfs                | WebUI: http://127.0.0.1:5001/webui
ipfs                | Gateway (readonly) server listening on /ip4/127.0.0.1/tcp/8080
ipfs                | Daemon is ready
service             | Connected to IPFS daemon...
service             | Connected to bootstrap peer...
service             | Received bootstrap peer id: 12D3KooWGSubpBFNLirZ1CYyqUK9gxHDQ7iZL8cBRzhrSSfq6VuX
service             | /ip4/146.59.206.127/tcp/4001/p2p/12D3KooWGSubpBFNLirZ1CYyqUK9gxHDQ7iZL8cBRzhrSSfq6VuX
service             | INFO:     Started server process [1]
service             | INFO:     Waiting for application startup.
service             | INFO:     Application startup complete.
service             | INFO:     Uvicorn running on http://127.0.0.1:8000 (Press CTRL+C to quit)
service             | INFO:     127.0.0.1:48290 - "GET /download/?file_path=%2Ftmp%2Ffiles%2F1024MB_1 HTTP/1.1" 200 OK
service             | INFO:     127.0.0.1:48290 - "GET /metrics/ HTTP/1.1" 200 OK
service             | INFO:     127.0.0.1:48292 - "GET /download/?file_path=%2Ftmp%2Ffiles%2F1024MB_2 HTTP/1.1" 200 OK
service             | INFO:     127.0.0.1:48292 - "GET /metrics/ HTTP/1.1" 200 OK
service             | INFO:     127.0.0.1:48296 - "GET /download/?file_path=%2Ftmp%2Ffiles%2F1024MB_3 HTTP/1.1" 200 OK
service             | INFO:     127.0.0.1:48296 - "GET /metrics/ HTTP/1.1" 200 OK
service             | INFO:     127.0.0.1:48300 - "GET /download/?file_path=%2Ftmp%2Ffiles%2F1024MB_4 HTTP/1.1" 200 OK
service             | INFO:     127.0.0.1:48300 - "GET /metrics/ HTTP/1.1" 200 OK
service             | INFO:     127.0.0.1:48306 - "GET /download/?file_path=%2Ftmp%2Ffiles%2F1024MB_5 HTTP/1.1" 200 OK
service             | INFO:     127.0.0.1:48306 - "GET /metrics/ HTTP/1.1" 200 OK
service             | INFO:     127.0.0.1:48310 - "GET /download/?file_path=%2Ftmp%2Ffiles%2F1024MB_6 HTTP/1.1" 200 OK
service             | INFO:     127.0.0.1:48310 - "GET /metrics/ HTTP/1.1" 200 OK
client              | 11:19.34: Connecting to download script runner
client              | 11:19.34: Waiting for finish upload signal
client              | 11:24.15: Starting 1024MB benchmark
client              | 11:24.15: Creating client interface
client              | 11:24.15: Preparing run 1
client              | 11:24.15: Download file name is /tmp/files/1024MB_1
client              | 11:24.15: Running garbage collector
client              | 11:24.16: Sleeping for 30.0 seconds
client              | 11:24.46: Starting
client              | 11:25.28: Finished
client              | 11:25.28: Collecting metrics from service
client              | 11:25.28: Deleting downloaded file /tmp/files/1024MB_1
client              | 11:25.29: Ending run 1
client              | 11:25.29: Preparing run 2
client              | 11:25.29: Download file name is /tmp/files/1024MB_2
client              | 11:25.29: Running garbage collector
client              | 11:25.29: Sleeping for 30.0 seconds
client              | 11:25.59: Starting
client              | 11:26.40: Finished
client              | 11:26.40: Collecting metrics from service
client              | 11:26.40: Deleting downloaded file /tmp/files/1024MB_2
client              | 11:26.41: Ending run 2
client              | 11:26.41: Preparing run 3
client              | 11:26.41: Download file name is /tmp/files/1024MB_3
client              | 11:26.41: Running garbage collector
client              | 11:26.41: Sleeping for 30.0 seconds
client              | 11:27.11: Starting
client              | 11:27.52: Finished
client              | 11:27.52: Collecting metrics from service
client              | 11:27.52: Deleting downloaded file /tmp/files/1024MB_3
client              | 11:27.52: Ending run 3
client              | 11:27.52: Preparing run 4
client              | 11:27.52: Download file name is /tmp/files/1024MB_4
client              | 11:27.52: Running garbage collector
client              | 11:27.52: Sleeping for 30.0 seconds
client              | 11:28.23: Starting
client              | 11:29.04: Finished
client              | 11:29.04: Collecting metrics from service
client              | 11:29.04: Deleting downloaded file /tmp/files/1024MB_4
client              | 11:29.05: Ending run 4
client              | 11:29.05: Preparing run 5
client              | 11:29.05: Download file name is /tmp/files/1024MB_5
client              | 11:29.05: Running garbage collector
client              | 11:29.05: Sleeping for 30.0 seconds
client              | 11:29.35: Starting
client              | 11:30.17: Finished
client              | 11:30.17: Collecting metrics from service
client              | 11:30.17: Deleting downloaded file /tmp/files/1024MB_5
client              | 11:30.18: Ending run 5
client              | 11:30.18: Preparing run 6
client              | 11:30.18: Download file name is /tmp/files/1024MB_6
client              | 11:30.18: Running garbage collector
client              | 11:30.18: Sleeping for 30.0 seconds
client              | 11:30.48: Starting
client              | 11:31.30: Finished
client              | 11:31.30: Collecting metrics from service
client              | 11:31.30: Deleting downloaded file /tmp/files/1024MB_6
client              | 11:31.30: Ending run 6
client              | 11:31.30: Writing metrics file
client              | 11:31.30: Send finished download signal
client exited with code 0
Stopping ipfs    ... 
Stopping service ... 
Stopping ipfs    ... done
Stopping service ... done
Aborting on container exit...
Removing ipfs    ... 
Removing service ... 
Removing client  ... 
Removing ipfs    ... done
Removing client  ... done
Removing service ... done
WARNING! This will remove all local volumes not used by at least one container.
Are you sure you want to continue? [y/N] Deleted Volumes:
4f90ab3811df51b7d8d1005a85d63c50512003f4509963742f4349ba28b9d712

Total reclaimed space: 6.468GB
