Time start: 2022-04-19 10:51:43
Time end: 2022-04-19 10:58:10
Duration: 0:06:26.376348

Platform: Linux-5.4.0-99-generic-x86_64-with-glibc2.29
Name: lfw-ds001-i047
Release: #112-Ubuntu SMP Thu Feb 3 13:50:55 UTC 2022

Compose file: transfer_ipfs_upload_setup.yml
Script: performance/transfer_ipfs_upload.py
Environment vars:
SCRIPT: performance/transfer_ipfs_upload.py
FILE_SIZE: 4194304
RUN_COUNT: 6
INTERVAL_SECONDS: 30

WARNING! This will remove all stopped containers.
Are you sure you want to continue? [y/N] Total reclaimed space: 0B
Creating client ... 
Creating service ... 
Creating ipfs    ... 
Creating service ... done
Creating client  ... done
Creating ipfs    ... done
Attaching to service, client, ipfs
ipfs                | Changing user to ipfs
ipfs                | ipfs version 0.7.0
ipfs                | Initializing IPFS with --empty-repo, --profile=badgerds
ipfs                | generating ED25519 keypair...done
ipfs                | peer identity: 12D3KooWPmDFQfPaC3HyXb2gPficwWQwk6nfHS5CeKC8vX43eF9L
ipfs                | initializing IPFS node at /data/ipfs
ipfs                | Removing default bootstrap nodes...
service             | ConnectionError: HTTPConnectionPool(host='127.0.0.1', port=5001): Max retries exceeded with url: /api/v0/version?stream-channels=true (Caused by NewConnectionError('<ipfshttpclient.requests_wrapper.HTTPConnection object at 0x7fa04044f160>: Failed to establish a new connection: [Errno 111] Connection refused'))
ipfs                | removed /dnsaddr/bootstrap.libp2p.io/p2p/QmNnooDu7bfjPFoTZYxMNLWUQJyrVwtbZg5gBMjTezGAJN
ipfs                | removed /dnsaddr/bootstrap.libp2p.io/p2p/QmQCU2EcMqAqQPR2i9bChDtGNJchTbq5TbXJJ16u19uLTa
ipfs                | removed /dnsaddr/bootstrap.libp2p.io/p2p/QmbLHAnMoJPWSCR5Zhtx6BHJX9KiKNN6tpvbUcqanj75Nb
ipfs                | removed /dnsaddr/bootstrap.libp2p.io/p2p/QmcZf59bWwK5XFi76CZX8cbJ4BhTzzA3gU1ZjYZcYW3dwt
ipfs                | removed /ip4/104.131.131.82/tcp/4001/p2p/QmaCpDMGvV2BGHeYERUEnRQAwe3N8SzbUtfsmvsqQLuvuJ
ipfs                | removed /ip4/104.131.131.82/udp/4001/quic/p2p/QmaCpDMGvV2BGHeYERUEnRQAwe3N8SzbUtfsmvsqQLuvuJ
ipfs                | Initializing daemon...
ipfs                | go-ipfs version: 0.7.0-ea77213
ipfs                | Repo version: 10
ipfs                | System version: amd64/linux
ipfs                | Golang version: go1.14.4
ipfs                | Swarm is limited to private network of peers with the swarm key
ipfs                | Swarm key fingerprint: c53fe9fc1c8eac4230853d5efb58f0a0
ipfs                | Swarm listening on /ip4/10.23.89.104/tcp/4001
ipfs                | Swarm listening on /ip4/127.0.0.1/tcp/4001
ipfs                | Swarm listening on /ip4/146.59.206.127/tcp/4001
ipfs                | Swarm listening on /ip4/172.17.0.1/tcp/4001
ipfs                | Swarm listening on /ip6/::1/tcp/4001
ipfs                | Swarm listening on /p2p-circuit
ipfs                | Swarm announcing /ip4/127.0.0.1/tcp/4001
ipfs                | Swarm announcing /ip4/146.59.206.127/tcp/4001
ipfs                | Swarm announcing /ip6/::1/tcp/4001
ipfs                | API server listening on /ip4/127.0.0.1/tcp/5001
ipfs                | WebUI: http://127.0.0.1:5001/webui
ipfs                | Gateway (readonly) server listening on /ip4/127.0.0.1/tcp/8080
ipfs                | Daemon is ready
service             | Connected to IPFS daemon...
service             | Connected to bootstrap peer...New bootstrapping peer joined
service             | 
service             | Received bootstrap peer id: 12D3KooWPmDFQfPaC3HyXb2gPficwWQwk6nfHS5CeKC8vX43eF9L
service             | I am the bootstrap peer
service             | Send my peer ID: 12D3KooWPmDFQfPaC3HyXb2gPficwWQwk6nfHS5CeKC8vX43eF9L
service             | Could not publish files...
service             | failed to find any peer in table
service             | INFO:     Started server process [1]
service             | INFO:     Waiting for application startup.
service             | INFO:     Application startup complete.
service             | INFO:     Uvicorn running on http://127.0.0.1:8000 (Press CTRL+C to quit)
service             | New bootstrapping peer joined
service             | Send my peer ID: 12D3KooWPmDFQfPaC3HyXb2gPficwWQwk6nfHS5CeKC8vX43eF9L
service             | INFO:     127.0.0.1:47700 - "PUT /upload/?file_path=%2Ftmp%2Ffiles%2F4MB_1 HTTP/1.1" 200 OK
service             | INFO:     127.0.0.1:47700 - "GET /metrics/ HTTP/1.1" 200 OK
service             | INFO:     127.0.0.1:47704 - "PUT /upload/?file_path=%2Ftmp%2Ffiles%2F4MB_2 HTTP/1.1" 200 OK
service             | INFO:     127.0.0.1:47704 - "GET /metrics/ HTTP/1.1" 200 OK
service             | INFO:     127.0.0.1:47708 - "PUT /upload/?file_path=%2Ftmp%2Ffiles%2F4MB_3 HTTP/1.1" 200 OK
service             | INFO:     127.0.0.1:47708 - "GET /metrics/ HTTP/1.1" 200 OK
service             | INFO:     127.0.0.1:47712 - "PUT /upload/?file_path=%2Ftmp%2Ffiles%2F4MB_4 HTTP/1.1" 200 OK
service             | INFO:     127.0.0.1:47712 - "GET /metrics/ HTTP/1.1" 200 OK
service             | INFO:     127.0.0.1:47718 - "PUT /upload/?file_path=%2Ftmp%2Ffiles%2F4MB_5 HTTP/1.1" 200 OK
service             | INFO:     127.0.0.1:47718 - "GET /metrics/ HTTP/1.1" 200 OK
service             | INFO:     127.0.0.1:47722 - "PUT /upload/?file_path=%2Ftmp%2Ffiles%2F4MB_6 HTTP/1.1" 200 OK
service             | INFO:     127.0.0.1:47722 - "GET /metrics/ HTTP/1.1" 200 OK
client              | 10:51.49: Connecting to IPFS daemon
client              | 10:51.49: Connected to IPFS daemon, peer ID is 12D3KooWPmDFQfPaC3HyXb2gPficwWQwk6nfHS5CeKC8vX43eF9L
client              | 10:51.49: Connecting to upload script runner
client              | 10:51.49: Sending peer ID
client              | 10:51.49: Waiting for signal to start downloading
client              | 10:51.56: Starting 4MB benchmark
client              | 10:51.56: Creating client interface
client              | 10:51.56: Preparing run 1
client              | 10:51.56: Creating file /tmp/files/4MB_1
client              | 10:51.56: Running garbage collector
client              | 10:51.56: Sleeping for 30.0 seconds
client              | 10:52.26: Starting
client              | 10:52.26: Finished
client              | 10:52.26: Collecting metrics from service
client              | 10:52.26: Deleting created file /tmp/files/4MB_1
client              | 10:52.26: Ending run 1
client              | 10:52.26: Preparing run 2
client              | 10:52.26: Creating file /tmp/files/4MB_2
client              | 10:52.26: Running garbage collector
client              | 10:52.26: Sleeping for 30.0 seconds
client              | 10:52.56: Starting
client              | 10:52.56: Finished
client              | 10:52.56: Collecting metrics from service
client              | 10:52.56: Deleting created file /tmp/files/4MB_2
client              | 10:52.56: Ending run 2
client              | 10:52.56: Preparing run 3
client              | 10:52.56: Creating file /tmp/files/4MB_3
client              | 10:52.56: Running garbage collector
client              | 10:52.56: Sleeping for 30.0 seconds
client              | 10:53.26: Starting
client              | 10:53.26: Finished
client              | 10:53.26: Collecting metrics from service
client              | 10:53.26: Deleting created file /tmp/files/4MB_3
client              | 10:53.26: Ending run 3
client              | 10:53.26: Preparing run 4
client              | 10:53.26: Creating file /tmp/files/4MB_4
client              | 10:53.27: Running garbage collector
client              | 10:53.27: Sleeping for 30.0 seconds
client              | 10:53.57: Starting
client              | 10:53.57: Finished
client              | 10:53.57: Collecting metrics from service
client              | 10:53.57: Deleting created file /tmp/files/4MB_4
client              | 10:53.57: Ending run 4
client              | 10:53.57: Preparing run 5
client              | 10:53.57: Creating file /tmp/files/4MB_5
client              | 10:53.57: Running garbage collector
client              | 10:53.57: Sleeping for 30.0 seconds
client              | 10:54.27: Starting
client              | 10:54.27: Finished
client              | 10:54.27: Collecting metrics from service
client              | 10:54.27: Deleting created file /tmp/files/4MB_5
client              | 10:54.27: Ending run 5
client              | 10:54.27: Preparing run 6
client              | 10:54.27: Creating file /tmp/files/4MB_6
client              | 10:54.27: Running garbage collector
client              | 10:54.27: Sleeping for 30.0 seconds
client              | 10:54.57: Starting
client              | 10:54.57: Finished
client              | 10:54.57: Collecting metrics from service
client              | 10:54.57: Deleting created file /tmp/files/4MB_6
client              | 10:54.57: Ending run 6
client              | 10:54.57: Writing metrics file
client              | 10:54.57: Sending upload finished signal
client              | 10:54.57: Waiting for download finished signal
client exited with code 0
Stopping ipfs    ... 
Stopping service ... 
Stopping ipfs    ... done
Stopping service ... done
Aborting on container exit...
Removing ipfs    ... 
Removing service ... 
Removing client  ... 
Removing ipfs    ... done
Removing service ... done
Removing client  ... done
WARNING! This will remove all local volumes not used by at least one container.
Are you sure you want to continue? [y/N] Deleted Volumes:
c66c504c420b8d9dbb5e193dcdcfe82554501d0f4760893c710912f6ebded4e3

Total reclaimed space: 25.65MB
