Time start: 2022-04-19 11:04:40
Time end: 2022-04-19 11:11:27
Duration: 0:06:47.339346

Platform: Linux-5.4.0-99-generic-x86_64-with-glibc2.29
Name: lfw-ds001-i047
Release: #112-Ubuntu SMP Thu Feb 3 13:50:55 UTC 2022

Compose file: transfer_ipfs_upload_setup.yml
Script: performance/transfer_ipfs_upload.py
Environment vars:
SCRIPT: performance/transfer_ipfs_upload.py
FILE_SIZE: 67108864
RUN_COUNT: 6
INTERVAL_SECONDS: 30

WARNING! This will remove all stopped containers.
Are you sure you want to continue? [y/N] Total reclaimed space: 0B
Creating client ... 
Creating ipfs   ... 
Creating service ... 
Creating service ... done
Creating ipfs    ... done
Creating client  ... done
Attaching to service, ipfs, client
ipfs                | Changing user to ipfs
ipfs                | ipfs version 0.7.0
ipfs                | Initializing IPFS with --empty-repo, --profile=badgerds
ipfs                | generating ED25519 keypair...done
ipfs                | peer identity: 12D3KooWMkz36N8RVohf9UA75DRm3t7q151JnaByBpyS47LgYQC9
ipfs                | initializing IPFS node at /data/ipfs
ipfs                | Removing default bootstrap nodes...
ipfs                | removed /dnsaddr/bootstrap.libp2p.io/p2p/QmNnooDu7bfjPFoTZYxMNLWUQJyrVwtbZg5gBMjTezGAJN
ipfs                | removed /dnsaddr/bootstrap.libp2p.io/p2p/QmQCU2EcMqAqQPR2i9bChDtGNJchTbq5TbXJJ16u19uLTa
ipfs                | removed /dnsaddr/bootstrap.libp2p.io/p2p/QmbLHAnMoJPWSCR5Zhtx6BHJX9KiKNN6tpvbUcqanj75Nb
ipfs                | removed /dnsaddr/bootstrap.libp2p.io/p2p/QmcZf59bWwK5XFi76CZX8cbJ4BhTzzA3gU1ZjYZcYW3dwt
ipfs                | removed /ip4/104.131.131.82/tcp/4001/p2p/QmaCpDMGvV2BGHeYERUEnRQAwe3N8SzbUtfsmvsqQLuvuJ
ipfs                | removed /ip4/104.131.131.82/udp/4001/quic/p2p/QmaCpDMGvV2BGHeYERUEnRQAwe3N8SzbUtfsmvsqQLuvuJ
service             | ConnectionError: HTTPConnectionPool(host='127.0.0.1', port=5001): Max retries exceeded with url: /api/v0/version?stream-channels=true (Caused by NewConnectionError('<ipfshttpclient.requests_wrapper.HTTPConnection object at 0x7ffa4bc03160>: Failed to establish a new connection: [Errno 111] Connection refused'))
ipfs                | Initializing daemon...
ipfs                | go-ipfs version: 0.7.0-ea77213
ipfs                | Repo version: 10
ipfs                | System version: amd64/linux
ipfs                | Golang version: go1.14.4
ipfs                | Swarm is limited to private network of peers with the swarm key
ipfs                | Swarm key fingerprint: c53fe9fc1c8eac4230853d5efb58f0a0
ipfs                | Swarm listening on /ip4/10.23.89.104/tcp/4001
ipfs                | Swarm listening on /ip4/127.0.0.1/tcp/4001
ipfs                | Swarm listening on /ip4/146.59.206.127/tcp/4001
ipfs                | Swarm listening on /ip4/172.17.0.1/tcp/4001
ipfs                | Swarm listening on /ip6/::1/tcp/4001
ipfs                | Swarm listening on /p2p-circuit
ipfs                | Swarm announcing /ip4/127.0.0.1/tcp/4001
ipfs                | Swarm announcing /ip4/146.59.206.127/tcp/4001
ipfs                | Swarm announcing /ip6/::1/tcp/4001
ipfs                | API server listening on /ip4/127.0.0.1/tcp/5001
ipfs                | WebUI: http://127.0.0.1:5001/webui
ipfs                | Gateway (readonly) server listening on /ip4/127.0.0.1/tcp/8080
ipfs                | Daemon is ready
service             | Connected to IPFS daemon...
service             | Connected to bootstrap peer...New bootstrapping peer joined
service             | 
service             | Send my peer ID: 12D3KooWMkz36N8RVohf9UA75DRm3t7q151JnaByBpyS47LgYQC9Received bootstrap peer id: 12D3KooWMkz36N8RVohf9UA75DRm3t7q151JnaByBpyS47LgYQC9
service             | I am the bootstrap peer
service             | 
service             | Could not publish files...
service             | failed to find any peer in table
service             | INFO:     Started server process [1]
service             | INFO:     Waiting for application startup.
service             | INFO:     Application startup complete.
service             | INFO:     Uvicorn running on http://127.0.0.1:8000 (Press CTRL+C to quit)
service             | New bootstrapping peer joined
service             | Send my peer ID: 12D3KooWMkz36N8RVohf9UA75DRm3t7q151JnaByBpyS47LgYQC9
service             | INFO:     127.0.0.1:47784 - "PUT /upload/?file_path=%2Ftmp%2Ffiles%2F64MB_1 HTTP/1.1" 200 OK
service             | INFO:     127.0.0.1:47784 - "GET /metrics/ HTTP/1.1" 200 OK
service             | INFO:     127.0.0.1:47786 - "PUT /upload/?file_path=%2Ftmp%2Ffiles%2F64MB_2 HTTP/1.1" 200 OK
service             | INFO:     127.0.0.1:47786 - "GET /metrics/ HTTP/1.1" 200 OK
service             | INFO:     127.0.0.1:47790 - "PUT /upload/?file_path=%2Ftmp%2Ffiles%2F64MB_3 HTTP/1.1" 200 OK
service             | INFO:     127.0.0.1:47790 - "GET /metrics/ HTTP/1.1" 200 OK
service             | INFO:     127.0.0.1:47792 - "PUT /upload/?file_path=%2Ftmp%2Ffiles%2F64MB_4 HTTP/1.1" 200 OK
service             | INFO:     127.0.0.1:47792 - "GET /metrics/ HTTP/1.1" 200 OK
service             | INFO:     127.0.0.1:47794 - "PUT /upload/?file_path=%2Ftmp%2Ffiles%2F64MB_5 HTTP/1.1" 200 OK
service             | INFO:     127.0.0.1:47794 - "GET /metrics/ HTTP/1.1" 200 OK
service             | INFO:     127.0.0.1:47798 - "PUT /upload/?file_path=%2Ftmp%2Ffiles%2F64MB_6 HTTP/1.1" 200 OK
service             | INFO:     127.0.0.1:47798 - "GET /metrics/ HTTP/1.1" 200 OK
client              | 11:04.46: Connecting to IPFS daemon
client              | 11:04.46: Connected to IPFS daemon, peer ID is 12D3KooWMkz36N8RVohf9UA75DRm3t7q151JnaByBpyS47LgYQC9
client              | 11:04.46: Connecting to upload script runner
client              | 11:04.46: Sending peer ID
client              | 11:04.46: Waiting for signal to start downloading
client              | 11:04.52: Starting 64MB benchmark
client              | 11:04.52: Creating client interface
client              | 11:04.52: Preparing run 1
client              | 11:04.52: Creating file /tmp/files/64MB_1
client              | 11:04.53: Running garbage collector
client              | 11:04.53: Sleeping for 30.0 seconds
client              | 11:05.23: Starting
client              | 11:05.24: Finished
client              | 11:05.24: Collecting metrics from service
client              | 11:05.24: Deleting created file /tmp/files/64MB_1
client              | 11:05.24: Ending run 1
client              | 11:05.24: Preparing run 2
client              | 11:05.24: Creating file /tmp/files/64MB_2
client              | 11:05.24: Running garbage collector
client              | 11:05.24: Sleeping for 30.0 seconds
client              | 11:05.54: Starting
client              | 11:05.55: Finished
client              | 11:05.55: Collecting metrics from service
client              | 11:05.55: Deleting created file /tmp/files/64MB_2
client              | 11:05.55: Ending run 2
client              | 11:05.55: Preparing run 3
client              | 11:05.55: Creating file /tmp/files/64MB_3
client              | 11:05.56: Running garbage collector
client              | 11:05.56: Sleeping for 30.0 seconds
client              | 11:06.26: Starting
client              | 11:06.26: Finished
client              | 11:06.26: Collecting metrics from service
client              | 11:06.26: Deleting created file /tmp/files/64MB_3
client              | 11:06.26: Ending run 3
client              | 11:06.26: Preparing run 4
client              | 11:06.26: Creating file /tmp/files/64MB_4
client              | 11:06.27: Running garbage collector
client              | 11:06.27: Sleeping for 30.0 seconds
client              | 11:06.57: Starting
client              | 11:06.57: Finished
client              | 11:06.57: Collecting metrics from service
client              | 11:06.57: Deleting created file /tmp/files/64MB_4
client              | 11:06.57: Ending run 4
client              | 11:06.57: Preparing run 5
client              | 11:06.57: Creating file /tmp/files/64MB_5
client              | 11:06.58: Running garbage collector
client              | 11:06.58: Sleeping for 30.0 seconds
client              | 11:07.28: Starting
client              | 11:07.29: Finished
client              | 11:07.29: Collecting metrics from service
client              | 11:07.29: Deleting created file /tmp/files/64MB_5
client              | 11:07.29: Ending run 5
client              | 11:07.29: Preparing run 6
client              | 11:07.29: Creating file /tmp/files/64MB_6
client              | 11:07.29: Running garbage collector
client              | 11:07.29: Sleeping for 30.0 seconds
client              | 11:07.59: Starting
client              | 11:08.00: Finished
client              | 11:08.00: Collecting metrics from service
client              | 11:08.00: Deleting created file /tmp/files/64MB_6
client              | 11:08.00: Ending run 6
client              | 11:08.00: Writing metrics file
client              | 11:08.00: Sending upload finished signal
client              | 11:08.00: Waiting for download finished signal
client exited with code 0
Stopping service ... 
Stopping ipfs    ... 
Stopping ipfs    ... done
Stopping service ... done
Aborting on container exit...
Removing service ... 
Removing client  ... 
Removing ipfs    ... 
Removing ipfs    ... done
Removing client  ... done
Removing service ... done
WARNING! This will remove all local volumes not used by at least one container.
Are you sure you want to continue? [y/N] Deleted Volumes:
1dd3b7b253ac480a25b94ad3462dffaee813fb138de31def2711f8cbdbbd3372

Total reclaimed space: 404.6MB
