Time start: 2022-04-19 14:22:33
Time end: 2022-04-19 14:28:52
Duration: 0:06:18.550195

Platform: Linux-5.4.0-99-generic-x86_64-with-glibc2.29
Name: lfw-ds001-i046
Release: #112-Ubuntu SMP Thu Feb 3 13:50:55 UTC 2022

Compose file: transfer_ipfs_download_setup.yml
Script: performance/transfer_ipfs_download.py
Environment vars:
SCRIPT: performance/transfer_ipfs_download.py
PEER_ID: 12D3KooWLcgQv7CZffLW5zSwgMSTaQwaFV3Wy4RBBZKREHQufJbn
BOOT_ADDRESS: 146.59.206.127
FILE_SIZE: 16384
RUN_COUNT: 6
INTERVAL_SECONDS: 30

WARNING! This will remove all stopped containers.
Are you sure you want to continue? [y/N] Total reclaimed space: 0B
Creating client ... 
Creating ipfs   ... 
Creating service ... 
Creating ipfs    ... done
Creating client  ... done
Creating service ... done
Attaching to ipfs, client, service
ipfs                | Changing user to ipfs
ipfs                | ipfs version 0.7.0
ipfs                | Initializing IPFS with --empty-repo, --profile=badgerds
ipfs                | generating ED25519 keypair...done
ipfs                | peer identity: 12D3KooWBy7wSyENnHejQTE7hveZL3YsKukQSU4p6PMiEjGRod68
ipfs                | initializing IPFS node at /data/ipfs
ipfs                | Removing default bootstrap nodes...
ipfs                | removed /dnsaddr/bootstrap.libp2p.io/p2p/QmNnooDu7bfjPFoTZYxMNLWUQJyrVwtbZg5gBMjTezGAJN
ipfs                | removed /dnsaddr/bootstrap.libp2p.io/p2p/QmQCU2EcMqAqQPR2i9bChDtGNJchTbq5TbXJJ16u19uLTa
ipfs                | removed /dnsaddr/bootstrap.libp2p.io/p2p/QmbLHAnMoJPWSCR5Zhtx6BHJX9KiKNN6tpvbUcqanj75Nb
ipfs                | removed /dnsaddr/bootstrap.libp2p.io/p2p/QmcZf59bWwK5XFi76CZX8cbJ4BhTzzA3gU1ZjYZcYW3dwt
ipfs                | removed /ip4/104.131.131.82/tcp/4001/p2p/QmaCpDMGvV2BGHeYERUEnRQAwe3N8SzbUtfsmvsqQLuvuJ
ipfs                | removed /ip4/104.131.131.82/udp/4001/quic/p2p/QmaCpDMGvV2BGHeYERUEnRQAwe3N8SzbUtfsmvsqQLuvuJ
service             | ConnectionError: HTTPConnectionPool(host='127.0.0.1', port=5001): Max retries exceeded with url: /api/v0/version?stream-channels=true (Caused by NewConnectionError('<ipfshttpclient.requests_wrapper.HTTPConnection object at 0x7f31415cff40>: Failed to establish a new connection: [Errno 111] Connection refused'))
ipfs                | added /ip4/146.59.206.127/tcp/4001/p2p/12D3KooWLcgQv7CZffLW5zSwgMSTaQwaFV3Wy4RBBZKREHQufJbn
ipfs                | Initializing daemon...
ipfs                | go-ipfs version: 0.7.0-ea77213
ipfs                | Repo version: 10
ipfs                | System version: amd64/linux
ipfs                | Golang version: go1.14.4
ipfs                | Swarm is limited to private network of peers with the swarm key
ipfs                | Swarm key fingerprint: c53fe9fc1c8eac4230853d5efb58f0a0
ipfs                | Swarm listening on /ip4/10.23.85.159/tcp/4001
ipfs                | Swarm listening on /ip4/127.0.0.1/tcp/4001
ipfs                | Swarm listening on /ip4/146.59.192.105/tcp/4001
ipfs                | Swarm listening on /ip4/172.17.0.1/tcp/4001
ipfs                | Swarm listening on /ip6/::1/tcp/4001
ipfs                | Swarm listening on /p2p-circuit
ipfs                | Swarm announcing /ip4/127.0.0.1/tcp/4001
ipfs                | Swarm announcing /ip4/146.59.192.105/tcp/4001
ipfs                | Swarm announcing /ip6/::1/tcp/4001
ipfs                | API server listening on /ip4/127.0.0.1/tcp/5001
ipfs                | WebUI: http://127.0.0.1:5001/webui
ipfs                | Gateway (readonly) server listening on /ip4/127.0.0.1/tcp/8080
ipfs                | Daemon is ready
service             | Connected to IPFS daemon...
service             | Connected to bootstrap peer...
service             | Received bootstrap peer id: 12D3KooWLcgQv7CZffLW5zSwgMSTaQwaFV3Wy4RBBZKREHQufJbn
service             | /ip4/146.59.206.127/tcp/4001/p2p/12D3KooWLcgQv7CZffLW5zSwgMSTaQwaFV3Wy4RBBZKREHQufJbn
service             | INFO:     Started server process [1]
service             | INFO:     Waiting for application startup.
service             | INFO:     Application startup complete.
service             | INFO:     Uvicorn running on http://127.0.0.1:8000 (Press CTRL+C to quit)
service             | INFO:     127.0.0.1:49002 - "GET /download/?file_path=%2Ftmp%2Ffiles%2F16KB_1 HTTP/1.1" 200 OK
service             | INFO:     127.0.0.1:49002 - "GET /metrics/ HTTP/1.1" 200 OK
service             | INFO:     127.0.0.1:49004 - "GET /download/?file_path=%2Ftmp%2Ffiles%2F16KB_2 HTTP/1.1" 200 OK
service             | INFO:     127.0.0.1:49004 - "GET /metrics/ HTTP/1.1" 200 OK
service             | INFO:     127.0.0.1:49012 - "GET /download/?file_path=%2Ftmp%2Ffiles%2F16KB_3 HTTP/1.1" 200 OK
service             | INFO:     127.0.0.1:49012 - "GET /metrics/ HTTP/1.1" 200 OK
service             | INFO:     127.0.0.1:49018 - "GET /download/?file_path=%2Ftmp%2Ffiles%2F16KB_4 HTTP/1.1" 200 OK
service             | INFO:     127.0.0.1:49018 - "GET /metrics/ HTTP/1.1" 200 OK
service             | INFO:     127.0.0.1:49024 - "GET /download/?file_path=%2Ftmp%2Ffiles%2F16KB_5 HTTP/1.1" 200 OK
service             | INFO:     127.0.0.1:49024 - "GET /metrics/ HTTP/1.1" 200 OK
service             | INFO:     127.0.0.1:49028 - "GET /download/?file_path=%2Ftmp%2Ffiles%2F16KB_6 HTTP/1.1" 200 OK
service             | INFO:     127.0.0.1:49028 - "GET /metrics/ HTTP/1.1" 200 OK
client              | 14:22.39: Connecting to download script runner
client              | 14:22.39: Waiting for finish upload signal
client              | 14:25.40: Starting 16KB benchmark
client              | 14:25.40: Creating client interface
client              | 14:25.40: Preparing run 1
client              | 14:25.40: Download file name is /tmp/files/16KB_1
client              | 14:25.40: Running garbage collector
client              | 14:25.40: Sleeping for 30.0 seconds
client              | 14:26.10: Starting
client              | 14:26.10: Finished
client              | 14:26.10: Collecting metrics from service
client              | 14:26.10: Deleting downloaded file /tmp/files/16KB_1
client              | 14:26.10: Ending run 1
client              | 14:26.10: Preparing run 2
client              | 14:26.10: Download file name is /tmp/files/16KB_2
client              | 14:26.10: Running garbage collector
client              | 14:26.10: Sleeping for 30.0 seconds
client              | 14:26.40: Starting
client              | 14:26.40: Finished
client              | 14:26.40: Collecting metrics from service
client              | 14:26.40: Deleting downloaded file /tmp/files/16KB_2
client              | 14:26.40: Ending run 2
client              | 14:26.40: Preparing run 3
client              | 14:26.40: Download file name is /tmp/files/16KB_3
client              | 14:26.40: Running garbage collector
client              | 14:26.40: Sleeping for 30.0 seconds
client              | 14:27.10: Starting
client              | 14:27.11: Finished
client              | 14:27.11: Collecting metrics from service
client              | 14:27.11: Deleting downloaded file /tmp/files/16KB_3
client              | 14:27.11: Ending run 3
client              | 14:27.11: Preparing run 4
client              | 14:27.11: Download file name is /tmp/files/16KB_4
client              | 14:27.11: Running garbage collector
client              | 14:27.11: Sleeping for 30.0 seconds
client              | 14:27.41: Starting
client              | 14:27.41: Finished
client              | 14:27.41: Collecting metrics from service
client              | 14:27.41: Deleting downloaded file /tmp/files/16KB_4
client              | 14:27.41: Ending run 4
client              | 14:27.41: Preparing run 5
client              | 14:27.41: Download file name is /tmp/files/16KB_5
client              | 14:27.41: Running garbage collector
client              | 14:27.41: Sleeping for 30.0 seconds
client              | 14:28.11: Starting
client              | 14:28.11: Finished
client              | 14:28.11: Collecting metrics from service
client              | 14:28.11: Deleting downloaded file /tmp/files/16KB_5
client              | 14:28.11: Ending run 5
client              | 14:28.11: Preparing run 6
client              | 14:28.11: Download file name is /tmp/files/16KB_6
client              | 14:28.11: Running garbage collector
client              | 14:28.11: Sleeping for 30.0 seconds
client              | 14:28.41: Starting
client              | 14:28.41: Finished
client              | 14:28.41: Collecting metrics from service
client              | 14:28.41: Deleting downloaded file /tmp/files/16KB_6
client              | 14:28.41: Ending run 6
client              | 14:28.41: Writing metrics file
client              | 14:28.41: Send finished download signal
client exited with code 0
Stopping service ... 
Stopping ipfs    ... 
Stopping ipfs    ... done
Stopping service ... done
Aborting on container exit...
Removing service ... 
Removing ipfs    ... 
Removing client  ... 
Removing ipfs    ... done
Removing client  ... done
Removing service ... done
WARNING! This will remove all local volumes not used by at least one container.
Are you sure you want to continue? [y/N] Deleted Volumes:
e064940b595454319be76525d5972cf6a4b1d4c6c429d3ad70ffba07268daa20

Total reclaimed space: 293.9kB
