Time start: 2022-04-19 12:20:35
Time end: 2022-04-19 13:02:56
Duration: 0:42:21.342817

Platform: Linux-5.4.0-99-generic-x86_64-with-glibc2.29
Name: lfw-ds001-i047
Release: #112-Ubuntu SMP Thu Feb 3 13:50:55 UTC 2022

Compose file: transfer_ipfs_upload_setup.yml
Script: performance/transfer_ipfs_upload.py
Environment vars:
SCRIPT: performance/transfer_ipfs_upload.py
FILE_SIZE: 6442450944
RUN_COUNT: 6
INTERVAL_SECONDS: 30

WARNING! This will remove all stopped containers.
Are you sure you want to continue? [y/N] Total reclaimed space: 0B
Creating service ... 
Creating ipfs    ... 
Creating client  ... 
Creating service ... done
Creating ipfs    ... done
Creating client  ... done
Attaching to service, ipfs, client
ipfs                | Changing user to ipfs
ipfs                | ipfs version 0.7.0
ipfs                | Initializing IPFS with --empty-repo, --profile=badgerds
ipfs                | generating ED25519 keypair...done
ipfs                | peer identity: 12D3KooWFaJBguw3u24QCpfwk7F6Yx5H3NvBSCqF7nTsSvhDTAAx
ipfs                | initializing IPFS node at /data/ipfs
ipfs                | Removing default bootstrap nodes...
ipfs                | removed /dnsaddr/bootstrap.libp2p.io/p2p/QmNnooDu7bfjPFoTZYxMNLWUQJyrVwtbZg5gBMjTezGAJN
ipfs                | removed /dnsaddr/bootstrap.libp2p.io/p2p/QmQCU2EcMqAqQPR2i9bChDtGNJchTbq5TbXJJ16u19uLTa
ipfs                | removed /dnsaddr/bootstrap.libp2p.io/p2p/QmbLHAnMoJPWSCR5Zhtx6BHJX9KiKNN6tpvbUcqanj75Nb
ipfs                | removed /dnsaddr/bootstrap.libp2p.io/p2p/QmcZf59bWwK5XFi76CZX8cbJ4BhTzzA3gU1ZjYZcYW3dwt
ipfs                | removed /ip4/104.131.131.82/tcp/4001/p2p/QmaCpDMGvV2BGHeYERUEnRQAwe3N8SzbUtfsmvsqQLuvuJ
ipfs                | removed /ip4/104.131.131.82/udp/4001/quic/p2p/QmaCpDMGvV2BGHeYERUEnRQAwe3N8SzbUtfsmvsqQLuvuJ
ipfs                | Initializing daemon...
ipfs                | go-ipfs version: 0.7.0-ea77213
ipfs                | Repo version: 10
ipfs                | System version: amd64/linux
ipfs                | Golang version: go1.14.4
service             | ConnectionError: HTTPConnectionPool(host='127.0.0.1', port=5001): Max retries exceeded with url: /api/v0/version?stream-channels=true (Caused by NewConnectionError('<ipfshttpclient.requests_wrapper.HTTPConnection object at 0x7fd3607af160>: Failed to establish a new connection: [Errno 111] Connection refused'))
ipfs                | Swarm is limited to private network of peers with the swarm key
ipfs                | Swarm key fingerprint: c53fe9fc1c8eac4230853d5efb58f0a0
ipfs                | Swarm listening on /ip4/10.23.89.104/tcp/4001
ipfs                | Swarm listening on /ip4/127.0.0.1/tcp/4001
ipfs                | Swarm listening on /ip4/146.59.206.127/tcp/4001
ipfs                | Swarm listening on /ip4/172.17.0.1/tcp/4001
ipfs                | Swarm listening on /ip6/::1/tcp/4001
ipfs                | Swarm listening on /p2p-circuit
ipfs                | Swarm announcing /ip4/127.0.0.1/tcp/4001
ipfs                | Swarm announcing /ip4/146.59.206.127/tcp/4001
ipfs                | Swarm announcing /ip6/::1/tcp/4001
ipfs                | API server listening on /ip4/127.0.0.1/tcp/5001
ipfs                | WebUI: http://127.0.0.1:5001/webui
ipfs                | Gateway (readonly) server listening on /ip4/127.0.0.1/tcp/8080
ipfs                | Daemon is ready
service             | Connected to IPFS daemon...
service             | Connected to bootstrap peer...
service             | New bootstrapping peer joined
service             | Received bootstrap peer id: 12D3KooWFaJBguw3u24QCpfwk7F6Yx5H3NvBSCqF7nTsSvhDTAAx
service             | I am the bootstrap peer
service             | Send my peer ID: 12D3KooWFaJBguw3u24QCpfwk7F6Yx5H3NvBSCqF7nTsSvhDTAAx
service             | Could not publish files...
service             | failed to find any peer in table
service             | INFO:     Started server process [1]
service             | INFO:     Waiting for application startup.
service             | INFO:     Application startup complete.
service             | INFO:     Uvicorn running on http://127.0.0.1:8000 (Press CTRL+C to quit)
service             | New bootstrapping peer joined
service             | Send my peer ID: 12D3KooWFaJBguw3u24QCpfwk7F6Yx5H3NvBSCqF7nTsSvhDTAAx
service             | INFO:     127.0.0.1:47960 - "PUT /upload/?file_path=%2Ftmp%2Ffiles%2F6144MB_1 HTTP/1.1" 200 OK
service             | INFO:     127.0.0.1:47960 - "GET /metrics/ HTTP/1.1" 200 OK
service             | INFO:     127.0.0.1:47964 - "PUT /upload/?file_path=%2Ftmp%2Ffiles%2F6144MB_2 HTTP/1.1" 200 OK
service             | INFO:     127.0.0.1:47964 - "GET /metrics/ HTTP/1.1" 200 OK
service             | INFO:     127.0.0.1:47976 - "PUT /upload/?file_path=%2Ftmp%2Ffiles%2F6144MB_3 HTTP/1.1" 200 OK
service             | INFO:     127.0.0.1:47976 - "GET /metrics/ HTTP/1.1" 200 OK
service             | INFO:     127.0.0.1:47978 - "PUT /upload/?file_path=%2Ftmp%2Ffiles%2F6144MB_4 HTTP/1.1" 200 OK
service             | INFO:     127.0.0.1:47978 - "GET /metrics/ HTTP/1.1" 200 OK
service             | INFO:     127.0.0.1:47980 - "PUT /upload/?file_path=%2Ftmp%2Ffiles%2F6144MB_5 HTTP/1.1" 200 OK
service             | INFO:     127.0.0.1:47980 - "GET /metrics/ HTTP/1.1" 200 OK
service             | INFO:     127.0.0.1:47982 - "PUT /upload/?file_path=%2Ftmp%2Ffiles%2F6144MB_6 HTTP/1.1" 200 OK
service             | INFO:     127.0.0.1:47982 - "GET /metrics/ HTTP/1.1" 200 OK
client              | 12:20.41: Connecting to IPFS daemon
client              | 12:20.41: Connected to IPFS daemon, peer ID is 12D3KooWFaJBguw3u24QCpfwk7F6Yx5H3NvBSCqF7nTsSvhDTAAx
client              | 12:20.41: Connecting to upload script runner
client              | 12:20.41: Sending peer ID
client              | 12:20.41: Waiting for signal to start downloading
client              | 12:20.48: Starting 6144MB benchmark
client              | 12:20.48: Creating client interface
client              | 12:20.48: Preparing run 1
client              | 12:20.48: Creating file /tmp/files/6144MB_1
client              | 12:21.46: Running garbage collector
client              | 12:21.46: Sleeping for 30.0 seconds
client              | 12:22.16: Starting
client              | 12:23.07: Finished
client              | 12:23.07: Collecting metrics from service
client              | 12:23.07: Deleting created file /tmp/files/6144MB_1
client              | 12:23.07: Ending run 1
client              | 12:23.07: Preparing run 2
client              | 12:23.07: Creating file /tmp/files/6144MB_2
client              | 12:23.59: Running garbage collector
client              | 12:23.59: Sleeping for 30.0 seconds
client              | 12:24.29: Starting
client              | 12:25.19: Finished
client              | 12:25.19: Collecting metrics from service
client              | 12:25.19: Deleting created file /tmp/files/6144MB_2
client              | 12:25.20: Ending run 2
client              | 12:25.20: Preparing run 3
client              | 12:25.20: Creating file /tmp/files/6144MB_3
client              | 12:26.12: Running garbage collector
client              | 12:26.12: Sleeping for 30.0 seconds
client              | 12:26.42: Starting
client              | 12:27.33: Finished
client              | 12:27.33: Collecting metrics from service
client              | 12:27.33: Deleting created file /tmp/files/6144MB_3
client              | 12:27.34: Ending run 3
client              | 12:27.34: Preparing run 4
client              | 12:27.34: Creating file /tmp/files/6144MB_4
client              | 12:28.26: Running garbage collector
client              | 12:28.26: Sleeping for 30.0 seconds
client              | 12:28.56: Starting
client              | 12:29.48: Finished
client              | 12:29.48: Collecting metrics from service
client              | 12:29.48: Deleting created file /tmp/files/6144MB_4
client              | 12:29.49: Ending run 4
client              | 12:29.49: Preparing run 5
client              | 12:29.49: Creating file /tmp/files/6144MB_5
client              | 12:30.44: Running garbage collector
client              | 12:30.44: Sleeping for 30.0 seconds
client              | 12:31.14: Starting
client              | 12:32.06: Finished
client              | 12:32.06: Collecting metrics from service
client              | 12:32.06: Deleting created file /tmp/files/6144MB_5
client              | 12:32.07: Ending run 5
client              | 12:32.07: Preparing run 6
client              | 12:32.07: Creating file /tmp/files/6144MB_6
client              | 12:33.01: Running garbage collector
client              | 12:33.01: Sleeping for 30.0 seconds
client              | 12:33.31: Starting
client              | 12:34.23: Finished
client              | 12:34.23: Collecting metrics from service
client              | 12:34.23: Deleting created file /tmp/files/6144MB_6
client              | 12:34.23: Ending run 6
client              | 12:34.23: Writing metrics file
client              | 12:34.23: Sending upload finished signal
client              | 12:34.23: Waiting for download finished signal
client exited with code 0
Stopping ipfs    ... 
Stopping service ... 
Stopping ipfs    ... done
Stopping service ... done
Aborting on container exit...
Removing client  ... 
Removing ipfs    ... 
Removing service ... 
Removing ipfs    ... done
Removing client  ... done
Removing service ... done
WARNING! This will remove all local volumes not used by at least one container.
Are you sure you want to continue? [y/N] Deleted Volumes:
c0fc885f4faa177ea60a51f2e94f533f15a3f8b9519d57048508032aaafc18a5

Total reclaimed space: 38.79GB
