Time start: 2022-04-19 11:19:22
Time end: 2022-04-19 11:31:42
Duration: 0:12:19.925073

Platform: Linux-5.4.0-99-generic-x86_64-with-glibc2.29
Name: lfw-ds001-i047
Release: #112-Ubuntu SMP Thu Feb 3 13:50:55 UTC 2022

Compose file: transfer_ipfs_upload_setup.yml
Script: performance/transfer_ipfs_upload.py
Environment vars:
SCRIPT: performance/transfer_ipfs_upload.py
FILE_SIZE: 1073741824
RUN_COUNT: 6
INTERVAL_SECONDS: 30

WARNING! This will remove all stopped containers.
Are you sure you want to continue? [y/N] Total reclaimed space: 0B
Creating client ... 
Creating ipfs   ... 
Creating service ... 
Creating client  ... done
Creating service ... done
Creating ipfs    ... done
Attaching to client, service, ipfs
ipfs                | Changing user to ipfs
ipfs                | ipfs version 0.7.0
ipfs                | Initializing IPFS with --empty-repo, --profile=badgerds
ipfs                | generating ED25519 keypair...done
ipfs                | peer identity: 12D3KooWGSubpBFNLirZ1CYyqUK9gxHDQ7iZL8cBRzhrSSfq6VuX
ipfs                | initializing IPFS node at /data/ipfs
ipfs                | Removing default bootstrap nodes...
ipfs                | removed /dnsaddr/bootstrap.libp2p.io/p2p/QmNnooDu7bfjPFoTZYxMNLWUQJyrVwtbZg5gBMjTezGAJN
ipfs                | removed /dnsaddr/bootstrap.libp2p.io/p2p/QmQCU2EcMqAqQPR2i9bChDtGNJchTbq5TbXJJ16u19uLTa
ipfs                | removed /dnsaddr/bootstrap.libp2p.io/p2p/QmbLHAnMoJPWSCR5Zhtx6BHJX9KiKNN6tpvbUcqanj75Nb
ipfs                | removed /dnsaddr/bootstrap.libp2p.io/p2p/QmcZf59bWwK5XFi76CZX8cbJ4BhTzzA3gU1ZjYZcYW3dwt
ipfs                | removed /ip4/104.131.131.82/tcp/4001/p2p/QmaCpDMGvV2BGHeYERUEnRQAwe3N8SzbUtfsmvsqQLuvuJ
ipfs                | removed /ip4/104.131.131.82/udp/4001/quic/p2p/QmaCpDMGvV2BGHeYERUEnRQAwe3N8SzbUtfsmvsqQLuvuJ
service             | ConnectionError: HTTPConnectionPool(host='127.0.0.1', port=5001): Max retries exceeded with url: /api/v0/version?stream-channels=true (Caused by NewConnectionError('<ipfshttpclient.requests_wrapper.HTTPConnection object at 0x7fbbeec30160>: Failed to establish a new connection: [Errno 111] Connection refused'))
ipfs                | Initializing daemon...
ipfs                | go-ipfs version: 0.7.0-ea77213
ipfs                | Repo version: 10
ipfs                | System version: amd64/linux
ipfs                | Golang version: go1.14.4
ipfs                | Swarm is limited to private network of peers with the swarm key
ipfs                | Swarm key fingerprint: c53fe9fc1c8eac4230853d5efb58f0a0
ipfs                | Swarm listening on /ip4/10.23.89.104/tcp/4001
ipfs                | Swarm listening on /ip4/127.0.0.1/tcp/4001
ipfs                | Swarm listening on /ip4/146.59.206.127/tcp/4001
ipfs                | Swarm listening on /ip4/172.17.0.1/tcp/4001
ipfs                | Swarm listening on /ip6/::1/tcp/4001
ipfs                | Swarm listening on /p2p-circuit
ipfs                | Swarm announcing /ip4/127.0.0.1/tcp/4001
ipfs                | Swarm announcing /ip4/146.59.206.127/tcp/4001
ipfs                | Swarm announcing /ip6/::1/tcp/4001
ipfs                | API server listening on /ip4/127.0.0.1/tcp/5001
ipfs                | WebUI: http://127.0.0.1:5001/webui
ipfs                | Gateway (readonly) server listening on /ip4/127.0.0.1/tcp/8080
ipfs                | Daemon is ready
service             | Connected to IPFS daemon...
service             | Connected to bootstrap peer...New bootstrapping peer joined
service             | 
service             | Received bootstrap peer id: 12D3KooWGSubpBFNLirZ1CYyqUK9gxHDQ7iZL8cBRzhrSSfq6VuX
service             | I am the bootstrap peerSend my peer ID: 12D3KooWGSubpBFNLirZ1CYyqUK9gxHDQ7iZL8cBRzhrSSfq6VuX
service             | 
service             | Could not publish files...
service             | failed to find any peer in table
service             | INFO:     Started server process [1]
service             | INFO:     Waiting for application startup.
service             | INFO:     Application startup complete.
service             | INFO:     Uvicorn running on http://127.0.0.1:8000 (Press CTRL+C to quit)
service             | New bootstrapping peer joined
service             | Send my peer ID: 12D3KooWGSubpBFNLirZ1CYyqUK9gxHDQ7iZL8cBRzhrSSfq6VuX
service             | INFO:     127.0.0.1:47856 - "PUT /upload/?file_path=%2Ftmp%2Ffiles%2F1024MB_1 HTTP/1.1" 200 OK
service             | INFO:     127.0.0.1:47856 - "GET /metrics/ HTTP/1.1" 200 OK
service             | INFO:     127.0.0.1:47860 - "PUT /upload/?file_path=%2Ftmp%2Ffiles%2F1024MB_2 HTTP/1.1" 200 OK
service             | INFO:     127.0.0.1:47860 - "GET /metrics/ HTTP/1.1" 200 OK
service             | INFO:     127.0.0.1:47862 - "PUT /upload/?file_path=%2Ftmp%2Ffiles%2F1024MB_3 HTTP/1.1" 200 OK
service             | INFO:     127.0.0.1:47862 - "GET /metrics/ HTTP/1.1" 200 OK
service             | INFO:     127.0.0.1:47866 - "PUT /upload/?file_path=%2Ftmp%2Ffiles%2F1024MB_4 HTTP/1.1" 200 OK
service             | INFO:     127.0.0.1:47866 - "GET /metrics/ HTTP/1.1" 200 OK
service             | INFO:     127.0.0.1:47868 - "PUT /upload/?file_path=%2Ftmp%2Ffiles%2F1024MB_5 HTTP/1.1" 200 OK
service             | INFO:     127.0.0.1:47868 - "GET /metrics/ HTTP/1.1" 200 OK
service             | INFO:     127.0.0.1:47872 - "PUT /upload/?file_path=%2Ftmp%2Ffiles%2F1024MB_6 HTTP/1.1" 200 OK
service             | INFO:     127.0.0.1:47872 - "GET /metrics/ HTTP/1.1" 200 OK
client              | 11:19.28: Connecting to IPFS daemon
client              | 11:19.28: Connected to IPFS daemon, peer ID is 12D3KooWGSubpBFNLirZ1CYyqUK9gxHDQ7iZL8cBRzhrSSfq6VuX
client              | 11:19.28: Connecting to upload script runner
client              | 11:19.28: Sending peer ID
client              | 11:19.28: Waiting for signal to start downloading
client              | 11:19.34: Starting 1024MB benchmark
client              | 11:19.34: Creating client interface
client              | 11:19.34: Preparing run 1
client              | 11:19.34: Creating file /tmp/files/1024MB_1
client              | 11:19.43: Running garbage collector
client              | 11:19.43: Sleeping for 30.0 seconds
client              | 11:20.13: Starting
client              | 11:20.21: Finished
client              | 11:20.21: Collecting metrics from service
client              | 11:20.21: Deleting created file /tmp/files/1024MB_1
client              | 11:20.21: Ending run 1
client              | 11:20.21: Preparing run 2
client              | 11:20.21: Creating file /tmp/files/1024MB_2
client              | 11:20.30: Running garbage collector
client              | 11:20.30: Sleeping for 30.0 seconds
client              | 11:21.00: Starting
client              | 11:21.08: Finished
client              | 11:21.08: Collecting metrics from service
client              | 11:21.08: Deleting created file /tmp/files/1024MB_2
client              | 11:21.08: Ending run 2
client              | 11:21.08: Preparing run 3
client              | 11:21.08: Creating file /tmp/files/1024MB_3
client              | 11:21.17: Running garbage collector
client              | 11:21.17: Sleeping for 30.0 seconds
client              | 11:21.47: Starting
client              | 11:21.55: Finished
client              | 11:21.55: Collecting metrics from service
client              | 11:21.55: Deleting created file /tmp/files/1024MB_3
client              | 11:21.55: Ending run 3
client              | 11:21.55: Preparing run 4
client              | 11:21.55: Creating file /tmp/files/1024MB_4
client              | 11:22.04: Running garbage collector
client              | 11:22.04: Sleeping for 30.0 seconds
client              | 11:22.34: Starting
client              | 11:22.42: Finished
client              | 11:22.42: Collecting metrics from service
client              | 11:22.42: Deleting created file /tmp/files/1024MB_4
client              | 11:22.42: Ending run 4
client              | 11:22.42: Preparing run 5
client              | 11:22.42: Creating file /tmp/files/1024MB_5
client              | 11:22.51: Running garbage collector
client              | 11:22.51: Sleeping for 30.0 seconds
client              | 11:23.21: Starting
client              | 11:23.29: Finished
client              | 11:23.29: Collecting metrics from service
client              | 11:23.29: Deleting created file /tmp/files/1024MB_5
client              | 11:23.29: Ending run 5
client              | 11:23.29: Preparing run 6
client              | 11:23.29: Creating file /tmp/files/1024MB_6
client              | 11:23.38: Running garbage collector
client              | 11:23.38: Sleeping for 30.0 seconds
client              | 11:24.08: Starting
client              | 11:24.15: Finished
client              | 11:24.15: Collecting metrics from service
client              | 11:24.15: Deleting created file /tmp/files/1024MB_6
client              | 11:24.15: Ending run 6
client              | 11:24.15: Writing metrics file
client              | 11:24.15: Sending upload finished signal
client              | 11:24.15: Waiting for download finished signal
client exited with code 0
Stopping service ... 
Stopping ipfs    ... 
Stopping ipfs    ... done
Stopping service ... done
Aborting on container exit...
Removing service ... 
Removing ipfs    ... 
Removing client  ... 
Removing client  ... done
Removing service ... done
Removing ipfs    ... done
WARNING! This will remove all local volumes not used by at least one container.
Are you sure you want to continue? [y/N] Deleted Volumes:
b6b9ee650bd5bbc62c56a735ea07ba79e3300b010c902b520351c4dc7413aa5d

Total reclaimed space: 6.467GB
