Time start: 2022-04-19 10:58:10
Time end: 2022-04-19 11:04:40
Duration: 0:06:30.292972

Platform: Linux-5.4.0-99-generic-x86_64-with-glibc2.29
Name: lfw-ds001-i047
Release: #112-Ubuntu SMP Thu Feb 3 13:50:55 UTC 2022

Compose file: transfer_ipfs_upload_setup.yml
Script: performance/transfer_ipfs_upload.py
Environment vars:
SCRIPT: performance/transfer_ipfs_upload.py
FILE_SIZE: 16777216
RUN_COUNT: 6
INTERVAL_SECONDS: 30

WARNING! This will remove all stopped containers.
Are you sure you want to continue? [y/N] Total reclaimed space: 0B
Creating client ... 
Creating service ... 
Creating ipfs    ... 
Creating service ... done
Creating client  ... done
Creating ipfs    ... done
Attaching to service, client, ipfs
ipfs                | Changing user to ipfs
ipfs                | ipfs version 0.7.0
ipfs                | Initializing IPFS with --empty-repo, --profile=badgerds
ipfs                | generating ED25519 keypair...done
ipfs                | peer identity: 12D3KooWNqrAVHdA1LcSNU8evvCU6R1q4GUgYXR5WQt1xzaFWeSV
ipfs                | initializing IPFS node at /data/ipfs
ipfs                | Removing default bootstrap nodes...
ipfs                | removed /dnsaddr/bootstrap.libp2p.io/p2p/QmNnooDu7bfjPFoTZYxMNLWUQJyrVwtbZg5gBMjTezGAJN
ipfs                | removed /dnsaddr/bootstrap.libp2p.io/p2p/QmQCU2EcMqAqQPR2i9bChDtGNJchTbq5TbXJJ16u19uLTa
ipfs                | removed /dnsaddr/bootstrap.libp2p.io/p2p/QmbLHAnMoJPWSCR5Zhtx6BHJX9KiKNN6tpvbUcqanj75Nb
ipfs                | removed /dnsaddr/bootstrap.libp2p.io/p2p/QmcZf59bWwK5XFi76CZX8cbJ4BhTzzA3gU1ZjYZcYW3dwt
ipfs                | removed /ip4/104.131.131.82/tcp/4001/p2p/QmaCpDMGvV2BGHeYERUEnRQAwe3N8SzbUtfsmvsqQLuvuJ
ipfs                | removed /ip4/104.131.131.82/udp/4001/quic/p2p/QmaCpDMGvV2BGHeYERUEnRQAwe3N8SzbUtfsmvsqQLuvuJ
service             | ConnectionError: HTTPConnectionPool(host='127.0.0.1', port=5001): Max retries exceeded with url: /api/v0/version?stream-channels=true (Caused by NewConnectionError('<ipfshttpclient.requests_wrapper.HTTPConnection object at 0x7fad35cde160>: Failed to establish a new connection: [Errno 111] Connection refused'))
ipfs                | Initializing daemon...
ipfs                | go-ipfs version: 0.7.0-ea77213
ipfs                | Repo version: 10
ipfs                | System version: amd64/linux
ipfs                | Golang version: go1.14.4
ipfs                | Swarm is limited to private network of peers with the swarm key
ipfs                | Swarm key fingerprint: c53fe9fc1c8eac4230853d5efb58f0a0
ipfs                | Swarm listening on /ip4/10.23.89.104/tcp/4001
ipfs                | Swarm listening on /ip4/127.0.0.1/tcp/4001
ipfs                | Swarm listening on /ip4/146.59.206.127/tcp/4001
ipfs                | Swarm listening on /ip4/172.17.0.1/tcp/4001
ipfs                | Swarm listening on /ip6/::1/tcp/4001
ipfs                | Swarm listening on /p2p-circuit
ipfs                | Swarm announcing /ip4/127.0.0.1/tcp/4001
ipfs                | Swarm announcing /ip4/146.59.206.127/tcp/4001
ipfs                | Swarm announcing /ip6/::1/tcp/4001
ipfs                | API server listening on /ip4/127.0.0.1/tcp/5001
ipfs                | WebUI: http://127.0.0.1:5001/webui
ipfs                | Gateway (readonly) server listening on /ip4/127.0.0.1/tcp/8080
ipfs                | Daemon is ready
service             | Connected to IPFS daemon...
service             | Could not contact peer to acquire bootstrap peer ID
service             | [Errno 111] Connection refused
service             | Connected to bootstrap peer...New bootstrapping peer joined
service             | 
service             | Send my peer ID: 12D3KooWNqrAVHdA1LcSNU8evvCU6R1q4GUgYXR5WQt1xzaFWeSV
service             | Received bootstrap peer id: 12D3KooWNqrAVHdA1LcSNU8evvCU6R1q4GUgYXR5WQt1xzaFWeSV
service             | I am the bootstrap peer
service             | Could not publish files...
service             | failed to find any peer in table
service             | INFO:     Started server process [1]
service             | INFO:     Waiting for application startup.
service             | INFO:     Application startup complete.
service             | INFO:     Uvicorn running on http://127.0.0.1:8000 (Press CTRL+C to quit)
service             | New bootstrapping peer joined
service             | Send my peer ID: 12D3KooWNqrAVHdA1LcSNU8evvCU6R1q4GUgYXR5WQt1xzaFWeSV
service             | INFO:     127.0.0.1:47744 - "PUT /upload/?file_path=%2Ftmp%2Ffiles%2F16MB_1 HTTP/1.1" 200 OK
service             | INFO:     127.0.0.1:47744 - "GET /metrics/ HTTP/1.1" 200 OK
service             | INFO:     127.0.0.1:47746 - "PUT /upload/?file_path=%2Ftmp%2Ffiles%2F16MB_2 HTTP/1.1" 200 OK
service             | INFO:     127.0.0.1:47746 - "GET /metrics/ HTTP/1.1" 200 OK
service             | INFO:     127.0.0.1:47752 - "PUT /upload/?file_path=%2Ftmp%2Ffiles%2F16MB_3 HTTP/1.1" 200 OK
service             | INFO:     127.0.0.1:47752 - "GET /metrics/ HTTP/1.1" 200 OK
service             | INFO:     127.0.0.1:47756 - "PUT /upload/?file_path=%2Ftmp%2Ffiles%2F16MB_4 HTTP/1.1" 200 OK
service             | INFO:     127.0.0.1:47756 - "GET /metrics/ HTTP/1.1" 200 OK
service             | INFO:     127.0.0.1:47758 - "PUT /upload/?file_path=%2Ftmp%2Ffiles%2F16MB_5 HTTP/1.1" 200 OK
service             | INFO:     127.0.0.1:47758 - "GET /metrics/ HTTP/1.1" 200 OK
service             | INFO:     127.0.0.1:47764 - "PUT /upload/?file_path=%2Ftmp%2Ffiles%2F16MB_6 HTTP/1.1" 200 OK
service             | INFO:     127.0.0.1:47764 - "GET /metrics/ HTTP/1.1" 200 OK
client              | 10:58.16: Connecting to IPFS daemon
client              | 10:58.16: Connected to IPFS daemon, peer ID is 12D3KooWNqrAVHdA1LcSNU8evvCU6R1q4GUgYXR5WQt1xzaFWeSV
client              | 10:58.16: Connecting to upload script runner
client              | 10:58.16: Sending peer ID
client              | 10:58.16: Waiting for signal to start downloading
client              | 10:58.22: Starting 16MB benchmark
client              | 10:58.22: Creating client interface
client              | 10:58.22: Preparing run 1
client              | 10:58.22: Creating file /tmp/files/16MB_1
client              | 10:58.22: Running garbage collector
client              | 10:58.22: Sleeping for 30.0 seconds
client              | 10:58.52: Starting
client              | 10:58.53: Finished
client              | 10:58.53: Collecting metrics from service
client              | 10:58.53: Deleting created file /tmp/files/16MB_1
client              | 10:58.53: Ending run 1
client              | 10:58.53: Preparing run 2
client              | 10:58.53: Creating file /tmp/files/16MB_2
client              | 10:58.53: Running garbage collector
client              | 10:58.53: Sleeping for 30.0 seconds
client              | 10:59.23: Starting
client              | 10:59.23: Finished
client              | 10:59.23: Collecting metrics from service
client              | 10:59.23: Deleting created file /tmp/files/16MB_2
client              | 10:59.23: Ending run 2
client              | 10:59.23: Preparing run 3
client              | 10:59.23: Creating file /tmp/files/16MB_3
client              | 10:59.23: Running garbage collector
client              | 10:59.23: Sleeping for 30.0 seconds
client              | 10:59.53: Starting
client              | 10:59.53: Finished
client              | 10:59.53: Collecting metrics from service
client              | 10:59.53: Deleting created file /tmp/files/16MB_3
client              | 10:59.53: Ending run 3
client              | 10:59.53: Preparing run 4
client              | 10:59.53: Creating file /tmp/files/16MB_4
client              | 10:59.53: Running garbage collector
client              | 10:59.53: Sleeping for 30.0 seconds
client              | 11:00.24: Starting
client              | 11:00.24: Finished
client              | 11:00.24: Collecting metrics from service
client              | 11:00.24: Deleting created file /tmp/files/16MB_4
client              | 11:00.24: Ending run 4
client              | 11:00.24: Preparing run 5
client              | 11:00.24: Creating file /tmp/files/16MB_5
client              | 11:00.24: Running garbage collector
client              | 11:00.24: Sleeping for 30.0 seconds
client              | 11:00.54: Starting
client              | 11:00.54: Finished
client              | 11:00.54: Collecting metrics from service
client              | 11:00.54: Deleting created file /tmp/files/16MB_5
client              | 11:00.54: Ending run 5
client              | 11:00.54: Preparing run 6
client              | 11:00.54: Creating file /tmp/files/16MB_6
client              | 11:00.54: Running garbage collector
client              | 11:00.54: Sleeping for 30.0 seconds
client              | 11:01.24: Starting
client              | 11:01.25: Finished
client              | 11:01.25: Collecting metrics from service
client              | 11:01.25: Deleting created file /tmp/files/16MB_6
client              | 11:01.25: Ending run 6
client              | 11:01.25: Writing metrics file
client              | 11:01.25: Sending upload finished signal
client              | 11:01.25: Waiting for download finished signal
client exited with code 0
Stopping ipfs    ... 
Stopping service ... 
Stopping ipfs    ... done
Stopping service ... done
Aborting on container exit...
Removing ipfs    ... 
Removing client  ... 
Removing service ... 
Removing ipfs    ... done
Removing service ... done
Removing client  ... done
WARNING! This will remove all local volumes not used by at least one container.
Are you sure you want to continue? [y/N] Deleted Volumes:
0c0d20a140ff0b81d993f7935f1ad4330dd07b976529402f86ffa70cd07659c6

Total reclaimed space: 101.4MB
