Time start: 2022-04-19 10:58:16
Time end: 2022-04-19 11:04:40
Duration: 0:06:24.235586

Platform: Linux-5.4.0-99-generic-x86_64-with-glibc2.29
Name: lfw-ds001-i046
Release: #112-Ubuntu SMP Thu Feb 3 13:50:55 UTC 2022

Compose file: transfer_ipfs_download_setup.yml
Script: performance/transfer_ipfs_download.py
Environment vars:
SCRIPT: performance/transfer_ipfs_download.py
PEER_ID: 12D3KooWNqrAVHdA1LcSNU8evvCU6R1q4GUgYXR5WQt1xzaFWeSV
BOOT_ADDRESS: 146.59.206.127
FILE_SIZE: 16777216
RUN_COUNT: 6
INTERVAL_SECONDS: 30

WARNING! This will remove all stopped containers.
Are you sure you want to continue? [y/N] Total reclaimed space: 0B
Creating ipfs ... 
Creating client ... 
Creating service ... 
Creating service ... done
Creating ipfs    ... done
Creating client  ... done
Attaching to service, ipfs, client
ipfs                | Changing user to ipfs
ipfs                | ipfs version 0.7.0
ipfs                | Initializing IPFS with --empty-repo, --profile=badgerds
ipfs                | generating ED25519 keypair...done
ipfs                | peer identity: 12D3KooWHPmLYsKyYQ9HZTXTdWnaZ7wVXpVukXkBqSUSPPDLguKM
ipfs                | initializing IPFS node at /data/ipfs
service             | ConnectionError: HTTPConnectionPool(host='127.0.0.1', port=5001): Max retries exceeded with url: /api/v0/version?stream-channels=true (Caused by NewConnectionError('<ipfshttpclient.requests_wrapper.HTTPConnection object at 0x7f5d75ab6f40>: Failed to establish a new connection: [Errno 111] Connection refused'))
ipfs                | Removing default bootstrap nodes...
ipfs                | removed /dnsaddr/bootstrap.libp2p.io/p2p/QmNnooDu7bfjPFoTZYxMNLWUQJyrVwtbZg5gBMjTezGAJN
ipfs                | removed /dnsaddr/bootstrap.libp2p.io/p2p/QmQCU2EcMqAqQPR2i9bChDtGNJchTbq5TbXJJ16u19uLTa
ipfs                | removed /dnsaddr/bootstrap.libp2p.io/p2p/QmbLHAnMoJPWSCR5Zhtx6BHJX9KiKNN6tpvbUcqanj75Nb
ipfs                | removed /dnsaddr/bootstrap.libp2p.io/p2p/QmcZf59bWwK5XFi76CZX8cbJ4BhTzzA3gU1ZjYZcYW3dwt
ipfs                | removed /ip4/104.131.131.82/tcp/4001/p2p/QmaCpDMGvV2BGHeYERUEnRQAwe3N8SzbUtfsmvsqQLuvuJ
ipfs                | removed /ip4/104.131.131.82/udp/4001/quic/p2p/QmaCpDMGvV2BGHeYERUEnRQAwe3N8SzbUtfsmvsqQLuvuJ
ipfs                | added /ip4/146.59.206.127/tcp/4001/p2p/12D3KooWNqrAVHdA1LcSNU8evvCU6R1q4GUgYXR5WQt1xzaFWeSV
ipfs                | Initializing daemon...
ipfs                | go-ipfs version: 0.7.0-ea77213
ipfs                | Repo version: 10
ipfs                | System version: amd64/linux
ipfs                | Golang version: go1.14.4
ipfs                | Swarm is limited to private network of peers with the swarm key
ipfs                | Swarm key fingerprint: c53fe9fc1c8eac4230853d5efb58f0a0
ipfs                | Swarm listening on /ip4/10.23.85.159/tcp/4001
ipfs                | Swarm listening on /ip4/127.0.0.1/tcp/4001
ipfs                | Swarm listening on /ip4/146.59.192.105/tcp/4001
ipfs                | Swarm listening on /ip4/172.17.0.1/tcp/4001
ipfs                | Swarm listening on /ip6/::1/tcp/4001
ipfs                | Swarm listening on /p2p-circuit
ipfs                | Swarm announcing /ip4/127.0.0.1/tcp/4001
ipfs                | Swarm announcing /ip4/146.59.192.105/tcp/4001
ipfs                | Swarm announcing /ip6/::1/tcp/4001
ipfs                | API server listening on /ip4/127.0.0.1/tcp/5001
ipfs                | WebUI: http://127.0.0.1:5001/webui
ipfs                | Gateway (readonly) server listening on /ip4/127.0.0.1/tcp/8080
ipfs                | Daemon is ready
service             | Connected to IPFS daemon...
service             | Connected to bootstrap peer...
service             | Received bootstrap peer id: 12D3KooWNqrAVHdA1LcSNU8evvCU6R1q4GUgYXR5WQt1xzaFWeSV
service             | /ip4/146.59.206.127/tcp/4001/p2p/12D3KooWNqrAVHdA1LcSNU8evvCU6R1q4GUgYXR5WQt1xzaFWeSV
service             | INFO:     Started server process [1]
service             | INFO:     Waiting for application startup.
service             | INFO:     Application startup complete.
service             | INFO:     Uvicorn running on http://127.0.0.1:8000 (Press CTRL+C to quit)
service             | INFO:     127.0.0.1:48156 - "GET /download/?file_path=%2Ftmp%2Ffiles%2F16MB_1 HTTP/1.1" 200 OK
service             | INFO:     127.0.0.1:48156 - "GET /metrics/ HTTP/1.1" 200 OK
service             | INFO:     127.0.0.1:48158 - "GET /download/?file_path=%2Ftmp%2Ffiles%2F16MB_2 HTTP/1.1" 200 OK
service             | INFO:     127.0.0.1:48158 - "GET /metrics/ HTTP/1.1" 200 OK
service             | INFO:     127.0.0.1:48164 - "GET /download/?file_path=%2Ftmp%2Ffiles%2F16MB_3 HTTP/1.1" 200 OK
service             | INFO:     127.0.0.1:48164 - "GET /metrics/ HTTP/1.1" 200 OK
service             | INFO:     127.0.0.1:48170 - "GET /download/?file_path=%2Ftmp%2Ffiles%2F16MB_4 HTTP/1.1" 200 OK
service             | INFO:     127.0.0.1:48170 - "GET /metrics/ HTTP/1.1" 200 OK
service             | INFO:     127.0.0.1:48174 - "GET /download/?file_path=%2Ftmp%2Ffiles%2F16MB_5 HTTP/1.1" 200 OK
service             | INFO:     127.0.0.1:48174 - "GET /metrics/ HTTP/1.1" 200 OK
service             | INFO:     127.0.0.1:48178 - "GET /download/?file_path=%2Ftmp%2Ffiles%2F16MB_6 HTTP/1.1" 200 OK
service             | INFO:     127.0.0.1:48178 - "GET /metrics/ HTTP/1.1" 200 OK
client              | 10:58.22: Connecting to download script runner
client              | 10:58.22: Waiting for finish upload signal
client              | 11:01.25: Starting 16MB benchmark
client              | 11:01.25: Creating client interface
client              | 11:01.25: Preparing run 1
client              | 11:01.25: Download file name is /tmp/files/16MB_1
client              | 11:01.25: Running garbage collector
client              | 11:01.25: Sleeping for 30.0 seconds
client              | 11:01.55: Starting
client              | 11:01.55: Finished
client              | 11:01.55: Collecting metrics from service
client              | 11:01.55: Deleting downloaded file /tmp/files/16MB_1
client              | 11:01.55: Ending run 1
client              | 11:01.55: Preparing run 2
client              | 11:01.55: Download file name is /tmp/files/16MB_2
client              | 11:01.55: Running garbage collector
client              | 11:01.55: Sleeping for 30.0 seconds
client              | 11:02.25: Starting
client              | 11:02.26: Finished
client              | 11:02.26: Collecting metrics from service
client              | 11:02.26: Deleting downloaded file /tmp/files/16MB_2
client              | 11:02.26: Ending run 2
client              | 11:02.26: Preparing run 3
client              | 11:02.26: Download file name is /tmp/files/16MB_3
client              | 11:02.26: Running garbage collector
client              | 11:02.26: Sleeping for 30.0 seconds
client              | 11:02.56: Starting
client              | 11:02.57: Finished
client              | 11:02.57: Collecting metrics from service
client              | 11:02.57: Deleting downloaded file /tmp/files/16MB_3
client              | 11:02.57: Ending run 3
client              | 11:02.57: Preparing run 4
client              | 11:02.57: Download file name is /tmp/files/16MB_4
client              | 11:02.57: Running garbage collector
client              | 11:02.57: Sleeping for 30.0 seconds
client              | 11:03.27: Starting
client              | 11:03.28: Finished
client              | 11:03.28: Collecting metrics from service
client              | 11:03.28: Deleting downloaded file /tmp/files/16MB_4
client              | 11:03.28: Ending run 4
client              | 11:03.28: Preparing run 5
client              | 11:03.28: Download file name is /tmp/files/16MB_5
client              | 11:03.28: Running garbage collector
client              | 11:03.28: Sleeping for 30.0 seconds
client              | 11:03.58: Starting
client              | 11:03.58: Finished
client              | 11:03.58: Collecting metrics from service
client              | 11:03.58: Deleting downloaded file /tmp/files/16MB_5
client              | 11:03.58: Ending run 5
client              | 11:03.58: Preparing run 6
client              | 11:03.58: Download file name is /tmp/files/16MB_6
client              | 11:03.58: Running garbage collector
client              | 11:03.58: Sleeping for 30.0 seconds
client              | 11:04.28: Starting
client              | 11:04.29: Finished
client              | 11:04.29: Collecting metrics from service
client              | 11:04.29: Deleting downloaded file /tmp/files/16MB_6
client              | 11:04.29: Ending run 6
client              | 11:04.29: Writing metrics file
client              | 11:04.29: Send finished download signal
client exited with code 0
Stopping service ... 
Stopping ipfs    ... 
Stopping ipfs    ... done
Stopping service ... done
Aborting on container exit...
Removing service ... 
Removing ipfs    ... 
Removing client  ... 
Removing ipfs    ... done
Removing service ... done
Removing client  ... done
WARNING! This will remove all local volumes not used by at least one container.
Are you sure you want to continue? [y/N] Deleted Volumes:
8e625780e43064b486fa7f3e04391985e4e7f89daf4c2b2b7bb572782450a912

Total reclaimed space: 101.1MB
