Time start: 2022-03-19 15:15:27
Time end: 2022-03-19 15:25:55
Duration: 0:10:27.746591

Platform: Linux-5.4.0-99-generic-x86_64-with-glibc2.29
Name: lfw-ds001-i048
Release: #112-Ubuntu SMP Thu Feb 3 13:50:55 UTC 2022

Compose file: transfer_ipfs_download_setup.yml
Script: performance/transfer_ipfs_download.py
Environment vars:
SCRIPT: performance/transfer_ipfs_download.py
PEER_ID: 12D3KooWFDG83MCrDrtDeQn8WyLEVcShwDha167MkBdYG4VQP7g6
BOOT_ADDRESS: 146.59.206.127
FILE_SIZE: 16777216
RUN_COUNT: 10
INTERVAL_SECONDS: 30

WARNING! This will remove all stopped containers.
Are you sure you want to continue? [y/N] Total reclaimed space: 0B
Creating client ... 
Creating ipfs   ... 
Creating service ... 
Creating service ... done
Creating ipfs    ... done
Creating client  ... done
Attaching to service, ipfs, client
ipfs                | Changing user to ipfs
ipfs                | ipfs version 0.7.0
ipfs                | Initializing IPFS with --empty-repo, --profile=badgerds
ipfs                | generating ED25519 keypair...done
ipfs                | peer identity: 12D3KooWNjbXjnxyJNz55jSUGiZfiLho4jV5npAZQRR8BRBzjGA3
ipfs                | initializing IPFS node at /data/ipfs
ipfs                | Removing default bootstrap nodes...
ipfs                | removed /dnsaddr/bootstrap.libp2p.io/p2p/QmNnooDu7bfjPFoTZYxMNLWUQJyrVwtbZg5gBMjTezGAJN
ipfs                | removed /dnsaddr/bootstrap.libp2p.io/p2p/QmQCU2EcMqAqQPR2i9bChDtGNJchTbq5TbXJJ16u19uLTa
ipfs                | removed /dnsaddr/bootstrap.libp2p.io/p2p/QmbLHAnMoJPWSCR5Zhtx6BHJX9KiKNN6tpvbUcqanj75Nb
ipfs                | removed /dnsaddr/bootstrap.libp2p.io/p2p/QmcZf59bWwK5XFi76CZX8cbJ4BhTzzA3gU1ZjYZcYW3dwt
ipfs                | removed /ip4/104.131.131.82/tcp/4001/p2p/QmaCpDMGvV2BGHeYERUEnRQAwe3N8SzbUtfsmvsqQLuvuJ
ipfs                | removed /ip4/104.131.131.82/udp/4001/quic/p2p/QmaCpDMGvV2BGHeYERUEnRQAwe3N8SzbUtfsmvsqQLuvuJ
ipfs                | added /ip4/146.59.206.127/tcp/4001/p2p/12D3KooWFDG83MCrDrtDeQn8WyLEVcShwDha167MkBdYG4VQP7g6
ipfs                | Initializing daemon...
ipfs                | go-ipfs version: 0.7.0-ea77213
ipfs                | Repo version: 10
ipfs                | System version: amd64/linux
ipfs                | Golang version: go1.14.4
ipfs                | Swarm is limited to private network of peers with the swarm key
ipfs                | Swarm key fingerprint: c53fe9fc1c8eac4230853d5efb58f0a0
ipfs                | Swarm listening on /ip4/10.23.85.210/tcp/4001
ipfs                | Swarm listening on /ip4/127.0.0.1/tcp/4001
ipfs                | Swarm listening on /ip4/152.228.166.247/tcp/4001
ipfs                | Swarm listening on /ip4/172.17.0.1/tcp/4001
ipfs                | Swarm listening on /ip6/::1/tcp/4001
ipfs                | Swarm listening on /p2p-circuit
ipfs                | Swarm announcing /ip4/127.0.0.1/tcp/4001
ipfs                | Swarm announcing /ip4/152.228.166.247/tcp/4001
ipfs                | Swarm announcing /ip6/::1/tcp/4001
ipfs                | API server listening on /ip4/127.0.0.1/tcp/5001
ipfs                | WebUI: http://127.0.0.1:5001/webui
ipfs                | Gateway (readonly) server listening on /ip4/127.0.0.1/tcp/8080
ipfs                | Daemon is ready
service             | Connected to IPFS daemon...
service             | Connected to bootstrap peer...
service             | Received bootstrap peer id: 12D3KooWFDG83MCrDrtDeQn8WyLEVcShwDha167MkBdYG4VQP7g6
service             | /ip4/146.59.206.127/tcp/4001/p2p/12D3KooWFDG83MCrDrtDeQn8WyLEVcShwDha167MkBdYG4VQP7g6
service             | INFO:     Started server process [1]
service             | INFO:     Waiting for application startup.
service             | INFO:     Application startup complete.
service             | INFO:     Uvicorn running on http://127.0.0.1:8000 (Press CTRL+C to quit)
service             | INFO:     127.0.0.1:49942 - "GET /download/?file_path=%2Ftmp%2Ffiles%2F16MB_1 HTTP/1.1" 200 OK
service             | INFO:     127.0.0.1:49942 - "GET /metrics/ HTTP/1.1" 200 OK
service             | INFO:     127.0.0.1:49944 - "GET /download/?file_path=%2Ftmp%2Ffiles%2F16MB_2 HTTP/1.1" 200 OK
service             | INFO:     127.0.0.1:49944 - "GET /metrics/ HTTP/1.1" 200 OK
service             | INFO:     127.0.0.1:49948 - "GET /download/?file_path=%2Ftmp%2Ffiles%2F16MB_3 HTTP/1.1" 200 OK
service             | INFO:     127.0.0.1:49948 - "GET /metrics/ HTTP/1.1" 200 OK
service             | INFO:     127.0.0.1:49952 - "GET /download/?file_path=%2Ftmp%2Ffiles%2F16MB_4 HTTP/1.1" 200 OK
service             | INFO:     127.0.0.1:49952 - "GET /metrics/ HTTP/1.1" 200 OK
service             | INFO:     127.0.0.1:49956 - "GET /download/?file_path=%2Ftmp%2Ffiles%2F16MB_5 HTTP/1.1" 200 OK
service             | INFO:     127.0.0.1:49956 - "GET /metrics/ HTTP/1.1" 200 OK
service             | INFO:     127.0.0.1:49962 - "GET /download/?file_path=%2Ftmp%2Ffiles%2F16MB_6 HTTP/1.1" 200 OK
service             | INFO:     127.0.0.1:49962 - "GET /metrics/ HTTP/1.1" 200 OK
service             | INFO:     127.0.0.1:49966 - "GET /download/?file_path=%2Ftmp%2Ffiles%2F16MB_7 HTTP/1.1" 200 OK
service             | INFO:     127.0.0.1:49966 - "GET /metrics/ HTTP/1.1" 200 OK
service             | INFO:     127.0.0.1:49972 - "GET /download/?file_path=%2Ftmp%2Ffiles%2F16MB_8 HTTP/1.1" 200 OK
service             | INFO:     127.0.0.1:49972 - "GET /metrics/ HTTP/1.1" 200 OK
service             | INFO:     127.0.0.1:49978 - "GET /download/?file_path=%2Ftmp%2Ffiles%2F16MB_9 HTTP/1.1" 200 OK
service             | INFO:     127.0.0.1:49978 - "GET /metrics/ HTTP/1.1" 200 OK
service             | INFO:     127.0.0.1:49982 - "GET /download/?file_path=%2Ftmp%2Ffiles%2F16MB_10 HTTP/1.1" 200 OK
service             | INFO:     127.0.0.1:49982 - "GET /metrics/ HTTP/1.1" 200 OK
client              | 15:15.33: Connecting to download script runner
client              | 15:15.33: Waiting for finish upload signal
client              | 15:20.37: Starting 16MB benchmark
client              | 15:20.37: Creating client interface
client              | 15:20.37: Preparing run 1
client              | 15:20.37: Download file name is /tmp/files/16MB_1
client              | 15:20.37: Running garbage collector
client              | 15:20.37: Sleeping for 30.0 seconds
client              | 15:21.07: Starting
client              | 15:21.08: Finished
client              | 15:21.08: Collecting metrics from service
client              | 15:21.08: Deleting downloaded file /tmp/files/16MB_1
client              | 15:21.08: Ending run 1
client              | 15:21.08: Preparing run 2
client              | 15:21.08: Download file name is /tmp/files/16MB_2
client              | 15:21.08: Running garbage collector
client              | 15:21.08: Sleeping for 30.0 seconds
client              | 15:21.38: Starting
client              | 15:21.39: Finished
client              | 15:21.39: Collecting metrics from service
client              | 15:21.39: Deleting downloaded file /tmp/files/16MB_2
client              | 15:21.39: Ending run 2
client              | 15:21.39: Preparing run 3
client              | 15:21.39: Download file name is /tmp/files/16MB_3
client              | 15:21.39: Running garbage collector
client              | 15:21.39: Sleeping for 30.0 seconds
client              | 15:22.09: Starting
client              | 15:22.09: Finished
client              | 15:22.09: Collecting metrics from service
client              | 15:22.09: Deleting downloaded file /tmp/files/16MB_3
client              | 15:22.09: Ending run 3
client              | 15:22.09: Preparing run 4
client              | 15:22.09: Download file name is /tmp/files/16MB_4
client              | 15:22.09: Running garbage collector
client              | 15:22.09: Sleeping for 30.0 seconds
client              | 15:22.39: Starting
client              | 15:22.40: Finished
client              | 15:22.40: Collecting metrics from service
client              | 15:22.40: Deleting downloaded file /tmp/files/16MB_4
client              | 15:22.40: Ending run 4
client              | 15:22.40: Preparing run 5
client              | 15:22.40: Download file name is /tmp/files/16MB_5
client              | 15:22.40: Running garbage collector
client              | 15:22.40: Sleeping for 30.0 seconds
client              | 15:23.10: Starting
client              | 15:23.11: Finished
client              | 15:23.11: Collecting metrics from service
client              | 15:23.11: Deleting downloaded file /tmp/files/16MB_5
client              | 15:23.11: Ending run 5
client              | 15:23.11: Preparing run 6
client              | 15:23.11: Download file name is /tmp/files/16MB_6
client              | 15:23.11: Running garbage collector
client              | 15:23.11: Sleeping for 30.0 seconds
client              | 15:23.41: Starting
client              | 15:23.41: Finished
client              | 15:23.41: Collecting metrics from service
client              | 15:23.41: Deleting downloaded file /tmp/files/16MB_6
client              | 15:23.41: Ending run 6
client              | 15:23.41: Preparing run 7
client              | 15:23.41: Download file name is /tmp/files/16MB_7
client              | 15:23.41: Running garbage collector
client              | 15:23.41: Sleeping for 30.0 seconds
client              | 15:24.11: Starting
client              | 15:24.12: Finished
client              | 15:24.12: Collecting metrics from service
client              | 15:24.12: Deleting downloaded file /tmp/files/16MB_7
client              | 15:24.12: Ending run 7
client              | 15:24.12: Preparing run 8
client              | 15:24.12: Download file name is /tmp/files/16MB_8
client              | 15:24.12: Running garbage collector
client              | 15:24.12: Sleeping for 30.0 seconds
client              | 15:24.42: Starting
client              | 15:24.43: Finished
client              | 15:24.43: Collecting metrics from service
client              | 15:24.43: Deleting downloaded file /tmp/files/16MB_8
client              | 15:24.43: Ending run 8
client              | 15:24.43: Preparing run 9
client              | 15:24.43: Download file name is /tmp/files/16MB_9
client              | 15:24.43: Running garbage collector
client              | 15:24.43: Sleeping for 30.0 seconds
client              | 15:25.13: Starting
client              | 15:25.13: Finished
client              | 15:25.13: Collecting metrics from service
client              | 15:25.13: Deleting downloaded file /tmp/files/16MB_9
client              | 15:25.13: Ending run 9
client              | 15:25.13: Preparing run 10
client              | 15:25.13: Download file name is /tmp/files/16MB_10
client              | 15:25.13: Running garbage collector
client              | 15:25.13: Sleeping for 30.0 seconds
client              | 15:25.43: Starting
client              | 15:25.44: Finished
client              | 15:25.44: Collecting metrics from service
client              | 15:25.44: Deleting downloaded file /tmp/files/16MB_10
client              | 15:25.44: Ending run 10
client              | 15:25.44: Writing metrics file
client              | 15:25.44: Send finished download signal
client exited with code 0
Stopping ipfs    ... 
Stopping service ... 
Stopping ipfs    ... done
Stopping service ... done
Aborting on container exit...
Removing ipfs    ... 
Removing service ... 
Removing client  ... 
Removing ipfs    ... done
Removing service ... done
Removing client  ... done
WARNING! This will remove all local volumes not used by at least one container.
Are you sure you want to continue? [y/N] Deleted Volumes:
aefcac7e19af7697c6cd072d7c3bef88abf95a10cb3a2b6096b39d44cd4f4acb

Total reclaimed space: 168.5MB
