Time start: 2022-03-19 14:33:37
Time end: 2022-03-19 14:44:02
Duration: 0:10:25.312265

Platform: Linux-5.4.0-99-generic-x86_64-with-glibc2.29
Name: lfw-ds001-i047
Release: #112-Ubuntu SMP Thu Feb 3 13:50:55 UTC 2022

Compose file: transfer_ipfs_upload_setup.yml
Script: performance/transfer_ipfs_upload.py
Environment vars:
SCRIPT: performance/transfer_ipfs_upload.py
FILE_SIZE: 65536
RUN_COUNT: 10
INTERVAL_SECONDS: 30

WARNING! This will remove all stopped containers.
Are you sure you want to continue? [y/N] Total reclaimed space: 0B
Creating client ... 
Creating ipfs   ... 
Creating service ... 
Creating client  ... done
Creating service ... done
Creating ipfs    ... done
Attaching to client, service, ipfs
ipfs                | Changing user to ipfs
ipfs                | ipfs version 0.7.0
ipfs                | Initializing IPFS with --empty-repo, --profile=badgerds
ipfs                | generating ED25519 keypair...done
ipfs                | peer identity: 12D3KooWKT9h7BDgQfbw8vR4k4UBd9jeDh1NNzSKX6LzwVXtYrgf
ipfs                | initializing IPFS node at /data/ipfs
ipfs                | Removing default bootstrap nodes...
ipfs                | removed /dnsaddr/bootstrap.libp2p.io/p2p/QmNnooDu7bfjPFoTZYxMNLWUQJyrVwtbZg5gBMjTezGAJN
ipfs                | removed /dnsaddr/bootstrap.libp2p.io/p2p/QmQCU2EcMqAqQPR2i9bChDtGNJchTbq5TbXJJ16u19uLTa
ipfs                | removed /dnsaddr/bootstrap.libp2p.io/p2p/QmbLHAnMoJPWSCR5Zhtx6BHJX9KiKNN6tpvbUcqanj75Nb
ipfs                | removed /dnsaddr/bootstrap.libp2p.io/p2p/QmcZf59bWwK5XFi76CZX8cbJ4BhTzzA3gU1ZjYZcYW3dwt
ipfs                | removed /ip4/104.131.131.82/tcp/4001/p2p/QmaCpDMGvV2BGHeYERUEnRQAwe3N8SzbUtfsmvsqQLuvuJ
ipfs                | removed /ip4/104.131.131.82/udp/4001/quic/p2p/QmaCpDMGvV2BGHeYERUEnRQAwe3N8SzbUtfsmvsqQLuvuJ
ipfs                | Initializing daemon...
ipfs                | go-ipfs version: 0.7.0-ea77213
ipfs                | Repo version: 10
ipfs                | System version: amd64/linux
ipfs                | Golang version: go1.14.4
ipfs                | Swarm is limited to private network of peers with the swarm key
ipfs                | Swarm key fingerprint: c53fe9fc1c8eac4230853d5efb58f0a0
ipfs                | Swarm listening on /ip4/10.23.89.104/tcp/4001
ipfs                | Swarm listening on /ip4/127.0.0.1/tcp/4001
ipfs                | Swarm listening on /ip4/146.59.206.127/tcp/4001
ipfs                | Swarm listening on /ip4/172.17.0.1/tcp/4001
ipfs                | Swarm listening on /ip6/::1/tcp/4001
ipfs                | Swarm listening on /p2p-circuit
ipfs                | Swarm announcing /ip4/127.0.0.1/tcp/4001
ipfs                | Swarm announcing /ip4/146.59.206.127/tcp/4001
ipfs                | Swarm announcing /ip6/::1/tcp/4001
ipfs                | API server listening on /ip4/127.0.0.1/tcp/5001
ipfs                | WebUI: http://127.0.0.1:5001/webui
ipfs                | Gateway (readonly) server listening on /ip4/127.0.0.1/tcp/8080
ipfs                | Daemon is ready
service             | Connected to IPFS daemon...
service             | Connected to bootstrap peer...New bootstrapping peer joined
service             | 
service             | Received bootstrap peer id: 12D3KooWKT9h7BDgQfbw8vR4k4UBd9jeDh1NNzSKX6LzwVXtYrgfSend my peer ID: 12D3KooWKT9h7BDgQfbw8vR4k4UBd9jeDh1NNzSKX6LzwVXtYrgf
service             | 
service             | I am the bootstrap peer
service             | Could not publish files...
service             | failed to find any peer in table
service             | INFO:     Started server process [1]
service             | INFO:     Waiting for application startup.
service             | INFO:     Application startup complete.
service             | INFO:     Uvicorn running on http://127.0.0.1:8000 (Press CTRL+C to quit)
service             | New bootstrapping peer joined
service             | Send my peer ID: 12D3KooWKT9h7BDgQfbw8vR4k4UBd9jeDh1NNzSKX6LzwVXtYrgf
service             | INFO:     127.0.0.1:58774 - "PUT /upload/?file_path=%2Ftmp%2Ffiles%2F64KB_1 HTTP/1.1" 200 OK
service             | INFO:     127.0.0.1:58774 - "GET /metrics/ HTTP/1.1" 200 OK
service             | INFO:     127.0.0.1:58778 - "PUT /upload/?file_path=%2Ftmp%2Ffiles%2F64KB_2 HTTP/1.1" 200 OK
service             | INFO:     127.0.0.1:58778 - "GET /metrics/ HTTP/1.1" 200 OK
service             | INFO:     127.0.0.1:58782 - "PUT /upload/?file_path=%2Ftmp%2Ffiles%2F64KB_3 HTTP/1.1" 200 OK
service             | INFO:     127.0.0.1:58782 - "GET /metrics/ HTTP/1.1" 200 OK
service             | INFO:     127.0.0.1:58788 - "PUT /upload/?file_path=%2Ftmp%2Ffiles%2F64KB_4 HTTP/1.1" 200 OK
service             | INFO:     127.0.0.1:58788 - "GET /metrics/ HTTP/1.1" 200 OK
service             | INFO:     127.0.0.1:58796 - "PUT /upload/?file_path=%2Ftmp%2Ffiles%2F64KB_5 HTTP/1.1" 200 OK
service             | INFO:     127.0.0.1:58796 - "GET /metrics/ HTTP/1.1" 200 OK
service             | INFO:     127.0.0.1:58804 - "PUT /upload/?file_path=%2Ftmp%2Ffiles%2F64KB_6 HTTP/1.1" 200 OK
service             | INFO:     127.0.0.1:58804 - "GET /metrics/ HTTP/1.1" 200 OK
service             | INFO:     127.0.0.1:58810 - "PUT /upload/?file_path=%2Ftmp%2Ffiles%2F64KB_7 HTTP/1.1" 200 OK
service             | INFO:     127.0.0.1:58810 - "GET /metrics/ HTTP/1.1" 200 OK
service             | INFO:     127.0.0.1:58816 - "PUT /upload/?file_path=%2Ftmp%2Ffiles%2F64KB_8 HTTP/1.1" 200 OK
service             | INFO:     127.0.0.1:58816 - "GET /metrics/ HTTP/1.1" 200 OK
service             | INFO:     127.0.0.1:58822 - "PUT /upload/?file_path=%2Ftmp%2Ffiles%2F64KB_9 HTTP/1.1" 200 OK
service             | INFO:     127.0.0.1:58822 - "GET /metrics/ HTTP/1.1" 200 OK
service             | INFO:     127.0.0.1:58826 - "PUT /upload/?file_path=%2Ftmp%2Ffiles%2F64KB_10 HTTP/1.1" 200 OK
service             | INFO:     127.0.0.1:58826 - "GET /metrics/ HTTP/1.1" 200 OK
client              | 14:33.43: Connecting to IPFS daemon
client              | 14:33.43: Connected to IPFS daemon, peer ID is 12D3KooWKT9h7BDgQfbw8vR4k4UBd9jeDh1NNzSKX6LzwVXtYrgf
client              | 14:33.43: Connecting to upload script runner
client              | 14:33.43: Sending peer ID
client              | 14:33.43: Waiting for signal to start downloading
client              | 14:33.49: Starting 64KB benchmark
client              | 14:33.49: Creating client interface
client              | 14:33.49: Preparing run 1
client              | 14:33.49: Creating file /tmp/files/64KB_1
client              | 14:33.49: Running garbage collector
client              | 14:33.49: Sleeping for 30.0 seconds
client              | 14:34.19: Starting
client              | 14:34.19: Finished
client              | 14:34.19: Collecting metrics from service
client              | 14:34.19: Deleting created file /tmp/files/64KB_1
client              | 14:34.19: Ending run 1
client              | 14:34.19: Preparing run 2
client              | 14:34.19: Creating file /tmp/files/64KB_2
client              | 14:34.19: Running garbage collector
client              | 14:34.19: Sleeping for 30.0 seconds
client              | 14:34.49: Starting
client              | 14:34.49: Finished
client              | 14:34.49: Collecting metrics from service
client              | 14:34.49: Deleting created file /tmp/files/64KB_2
client              | 14:34.49: Ending run 2
client              | 14:34.49: Preparing run 3
client              | 14:34.49: Creating file /tmp/files/64KB_3
client              | 14:34.49: Running garbage collector
client              | 14:34.49: Sleeping for 30.0 seconds
client              | 14:35.19: Starting
client              | 14:35.19: Finished
client              | 14:35.19: Collecting metrics from service
client              | 14:35.19: Deleting created file /tmp/files/64KB_3
client              | 14:35.19: Ending run 3
client              | 14:35.19: Preparing run 4
client              | 14:35.19: Creating file /tmp/files/64KB_4
client              | 14:35.19: Running garbage collector
client              | 14:35.19: Sleeping for 30.0 seconds
client              | 14:35.49: Starting
client              | 14:35.50: Finished
client              | 14:35.50: Collecting metrics from service
client              | 14:35.50: Deleting created file /tmp/files/64KB_4
client              | 14:35.50: Ending run 4
client              | 14:35.50: Preparing run 5
client              | 14:35.50: Creating file /tmp/files/64KB_5
client              | 14:35.50: Running garbage collector
client              | 14:35.50: Sleeping for 30.0 seconds
client              | 14:36.20: Starting
client              | 14:36.20: Finished
client              | 14:36.20: Collecting metrics from service
client              | 14:36.20: Deleting created file /tmp/files/64KB_5
client              | 14:36.20: Ending run 5
client              | 14:36.20: Preparing run 6
client              | 14:36.20: Creating file /tmp/files/64KB_6
client              | 14:36.20: Running garbage collector
client              | 14:36.20: Sleeping for 30.0 seconds
client              | 14:36.50: Starting
client              | 14:36.50: Finished
client              | 14:36.50: Collecting metrics from service
client              | 14:36.50: Deleting created file /tmp/files/64KB_6
client              | 14:36.50: Ending run 6
client              | 14:36.50: Preparing run 7
client              | 14:36.50: Creating file /tmp/files/64KB_7
client              | 14:36.50: Running garbage collector
client              | 14:36.50: Sleeping for 30.0 seconds
client              | 14:37.20: Starting
client              | 14:37.20: Finished
client              | 14:37.20: Collecting metrics from service
client              | 14:37.20: Deleting created file /tmp/files/64KB_7
client              | 14:37.20: Ending run 7
client              | 14:37.20: Preparing run 8
client              | 14:37.20: Creating file /tmp/files/64KB_8
client              | 14:37.20: Running garbage collector
client              | 14:37.20: Sleeping for 30.0 seconds
client              | 14:37.50: Starting
client              | 14:37.50: Finished
client              | 14:37.50: Collecting metrics from service
client              | 14:37.50: Deleting created file /tmp/files/64KB_8
client              | 14:37.50: Ending run 8
client              | 14:37.50: Preparing run 9
client              | 14:37.50: Creating file /tmp/files/64KB_9
client              | 14:37.50: Running garbage collector
client              | 14:37.50: Sleeping for 30.0 seconds
client              | 14:38.20: Starting
client              | 14:38.20: Finished
client              | 14:38.20: Collecting metrics from service
client              | 14:38.20: Deleting created file /tmp/files/64KB_9
client              | 14:38.20: Ending run 9
client              | 14:38.20: Preparing run 10
client              | 14:38.20: Creating file /tmp/files/64KB_10
client              | 14:38.20: Running garbage collector
client              | 14:38.20: Sleeping for 30.0 seconds
client              | 14:38.50: Starting
client              | 14:38.50: Finished
client              | 14:38.50: Collecting metrics from service
client              | 14:38.50: Deleting created file /tmp/files/64KB_10
client              | 14:38.50: Ending run 10
client              | 14:38.50: Writing metrics file
client              | 14:38.50: Sending upload finished signal
client              | 14:38.50: Waiting for download finished signal
client exited with code 0
Stopping ipfs    ... 
Stopping service ... 
Stopping ipfs    ... done
Stopping service ... done
Aborting on container exit...
Removing ipfs    ... 
Removing service ... 
Removing client  ... 
Removing ipfs    ... done
Removing service ... done
Removing client  ... done
WARNING! This will remove all local volumes not used by at least one container.
Are you sure you want to continue? [y/N] Deleted Volumes:
e6e53d88a77a7fb713b254d391ddea8b90f20d5a2188ab268a0f2932a85ad763

Total reclaimed space: 1.279MB
