Time start: 2022-03-19 14:44:08
Time end: 2022-03-19 14:54:28
Duration: 0:10:19.283871

Platform: Linux-5.4.0-99-generic-x86_64-with-glibc2.29
Name: lfw-ds001-i048
Release: #112-Ubuntu SMP Thu Feb 3 13:50:55 UTC 2022

Compose file: transfer_ipfs_download_setup.yml
Script: performance/transfer_ipfs_download.py
Environment vars:
SCRIPT: performance/transfer_ipfs_download.py
PEER_ID: 12D3KooWBRDCrqUPBVeN4cV1ytndsVXSJ5QSs8mqwirYExKvRWca
BOOT_ADDRESS: 146.59.206.127
FILE_SIZE: 262144
RUN_COUNT: 10
INTERVAL_SECONDS: 30

WARNING! This will remove all stopped containers.
Are you sure you want to continue? [y/N] Total reclaimed space: 0B
Creating ipfs ... 
Creating client ... 
Creating service ... 
Creating ipfs    ... done
Creating service ... done
Creating client  ... done
Attaching to ipfs, service, client
ipfs                | Changing user to ipfs
ipfs                | ipfs version 0.7.0
ipfs                | Initializing IPFS with --empty-repo, --profile=badgerds
ipfs                | generating ED25519 keypair...done
ipfs                | peer identity: 12D3KooWQD1y7qs2CVFHxxKVs8xNjssr2zW5K9oR9f7YXjSwHcj5
ipfs                | initializing IPFS node at /data/ipfs
ipfs                | Removing default bootstrap nodes...
ipfs                | removed /dnsaddr/bootstrap.libp2p.io/p2p/QmNnooDu7bfjPFoTZYxMNLWUQJyrVwtbZg5gBMjTezGAJN
ipfs                | removed /dnsaddr/bootstrap.libp2p.io/p2p/QmQCU2EcMqAqQPR2i9bChDtGNJchTbq5TbXJJ16u19uLTa
ipfs                | removed /dnsaddr/bootstrap.libp2p.io/p2p/QmbLHAnMoJPWSCR5Zhtx6BHJX9KiKNN6tpvbUcqanj75Nb
ipfs                | removed /dnsaddr/bootstrap.libp2p.io/p2p/QmcZf59bWwK5XFi76CZX8cbJ4BhTzzA3gU1ZjYZcYW3dwt
ipfs                | removed /ip4/104.131.131.82/tcp/4001/p2p/QmaCpDMGvV2BGHeYERUEnRQAwe3N8SzbUtfsmvsqQLuvuJ
ipfs                | removed /ip4/104.131.131.82/udp/4001/quic/p2p/QmaCpDMGvV2BGHeYERUEnRQAwe3N8SzbUtfsmvsqQLuvuJ
ipfs                | added /ip4/146.59.206.127/tcp/4001/p2p/12D3KooWBRDCrqUPBVeN4cV1ytndsVXSJ5QSs8mqwirYExKvRWca
ipfs                | Initializing daemon...
ipfs                | go-ipfs version: 0.7.0-ea77213
ipfs                | Repo version: 10
ipfs                | System version: amd64/linux
ipfs                | Golang version: go1.14.4
ipfs                | Swarm is limited to private network of peers with the swarm key
ipfs                | Swarm key fingerprint: c53fe9fc1c8eac4230853d5efb58f0a0
ipfs                | Swarm listening on /ip4/10.23.85.210/tcp/4001
ipfs                | Swarm listening on /ip4/127.0.0.1/tcp/4001
ipfs                | Swarm listening on /ip4/152.228.166.247/tcp/4001
ipfs                | Swarm listening on /ip4/172.17.0.1/tcp/4001
ipfs                | Swarm listening on /ip6/::1/tcp/4001
ipfs                | Swarm listening on /p2p-circuit
ipfs                | Swarm announcing /ip4/127.0.0.1/tcp/4001
ipfs                | Swarm announcing /ip4/152.228.166.247/tcp/4001
ipfs                | Swarm announcing /ip6/::1/tcp/4001
ipfs                | API server listening on /ip4/127.0.0.1/tcp/5001
ipfs                | WebUI: http://127.0.0.1:5001/webui
ipfs                | Gateway (readonly) server listening on /ip4/127.0.0.1/tcp/8080
ipfs                | Daemon is ready
service             | Connected to IPFS daemon...
service             | Connected to bootstrap peer...
service             | Received bootstrap peer id: 12D3KooWBRDCrqUPBVeN4cV1ytndsVXSJ5QSs8mqwirYExKvRWca
service             | /ip4/146.59.206.127/tcp/4001/p2p/12D3KooWBRDCrqUPBVeN4cV1ytndsVXSJ5QSs8mqwirYExKvRWca
service             | INFO:     Started server process [1]
service             | INFO:     Waiting for application startup.
service             | INFO:     Application startup complete.
service             | INFO:     Uvicorn running on http://127.0.0.1:8000 (Press CTRL+C to quit)
service             | INFO:     127.0.0.1:49760 - "GET /download/?file_path=%2Ftmp%2Ffiles%2F256KB_1 HTTP/1.1" 200 OK
service             | INFO:     127.0.0.1:49760 - "GET /metrics/ HTTP/1.1" 200 OK
service             | INFO:     127.0.0.1:49762 - "GET /download/?file_path=%2Ftmp%2Ffiles%2F256KB_2 HTTP/1.1" 200 OK
service             | INFO:     127.0.0.1:49762 - "GET /metrics/ HTTP/1.1" 200 OK
service             | INFO:     127.0.0.1:49766 - "GET /download/?file_path=%2Ftmp%2Ffiles%2F256KB_3 HTTP/1.1" 200 OK
service             | INFO:     127.0.0.1:49766 - "GET /metrics/ HTTP/1.1" 200 OK
service             | INFO:     127.0.0.1:49770 - "GET /download/?file_path=%2Ftmp%2Ffiles%2F256KB_4 HTTP/1.1" 200 OK
service             | INFO:     127.0.0.1:49770 - "GET /metrics/ HTTP/1.1" 200 OK
service             | INFO:     127.0.0.1:49774 - "GET /download/?file_path=%2Ftmp%2Ffiles%2F256KB_5 HTTP/1.1" 200 OK
service             | INFO:     127.0.0.1:49774 - "GET /metrics/ HTTP/1.1" 200 OK
service             | INFO:     127.0.0.1:49778 - "GET /download/?file_path=%2Ftmp%2Ffiles%2F256KB_6 HTTP/1.1" 200 OK
service             | INFO:     127.0.0.1:49778 - "GET /metrics/ HTTP/1.1" 200 OK
service             | INFO:     127.0.0.1:49782 - "GET /download/?file_path=%2Ftmp%2Ffiles%2F256KB_7 HTTP/1.1" 200 OK
service             | INFO:     127.0.0.1:49782 - "GET /metrics/ HTTP/1.1" 200 OK
service             | INFO:     127.0.0.1:49788 - "GET /download/?file_path=%2Ftmp%2Ffiles%2F256KB_8 HTTP/1.1" 200 OK
service             | INFO:     127.0.0.1:49788 - "GET /metrics/ HTTP/1.1" 200 OK
service             | INFO:     127.0.0.1:49792 - "GET /download/?file_path=%2Ftmp%2Ffiles%2F256KB_9 HTTP/1.1" 200 OK
service             | INFO:     127.0.0.1:49792 - "GET /metrics/ HTTP/1.1" 200 OK
service             | INFO:     127.0.0.1:49796 - "GET /download/?file_path=%2Ftmp%2Ffiles%2F256KB_10 HTTP/1.1" 200 OK
service             | INFO:     127.0.0.1:49796 - "GET /metrics/ HTTP/1.1" 200 OK
client              | 14:44.14: Connecting to download script runner
client              | 14:44.14: Waiting for finish upload signal
client              | 14:49.16: Starting 256KB benchmark
client              | 14:49.16: Creating client interface
client              | 14:49.16: Preparing run 1
client              | 14:49.16: Download file name is /tmp/files/256KB_1
client              | 14:49.16: Running garbage collector
client              | 14:49.16: Sleeping for 30.0 seconds
client              | 14:49.46: Starting
client              | 14:49.46: Finished
client              | 14:49.46: Collecting metrics from service
client              | 14:49.46: Deleting downloaded file /tmp/files/256KB_1
client              | 14:49.46: Ending run 1
client              | 14:49.46: Preparing run 2
client              | 14:49.46: Download file name is /tmp/files/256KB_2
client              | 14:49.46: Running garbage collector
client              | 14:49.46: Sleeping for 30.0 seconds
client              | 14:50.16: Starting
client              | 14:50.16: Finished
client              | 14:50.16: Collecting metrics from service
client              | 14:50.16: Deleting downloaded file /tmp/files/256KB_2
client              | 14:50.16: Ending run 2
client              | 14:50.16: Preparing run 3
client              | 14:50.16: Download file name is /tmp/files/256KB_3
client              | 14:50.16: Running garbage collector
client              | 14:50.16: Sleeping for 30.0 seconds
client              | 14:50.46: Starting
client              | 14:50.46: Finished
client              | 14:50.46: Collecting metrics from service
client              | 14:50.46: Deleting downloaded file /tmp/files/256KB_3
client              | 14:50.46: Ending run 3
client              | 14:50.46: Preparing run 4
client              | 14:50.46: Download file name is /tmp/files/256KB_4
client              | 14:50.46: Running garbage collector
client              | 14:50.46: Sleeping for 30.0 seconds
client              | 14:51.16: Starting
client              | 14:51.16: Finished
client              | 14:51.16: Collecting metrics from service
client              | 14:51.16: Deleting downloaded file /tmp/files/256KB_4
client              | 14:51.16: Ending run 4
client              | 14:51.16: Preparing run 5
client              | 14:51.16: Download file name is /tmp/files/256KB_5
client              | 14:51.16: Running garbage collector
client              | 14:51.16: Sleeping for 30.0 seconds
client              | 14:51.46: Starting
client              | 14:51.46: Finished
client              | 14:51.46: Collecting metrics from service
client              | 14:51.46: Deleting downloaded file /tmp/files/256KB_5
client              | 14:51.46: Ending run 5
client              | 14:51.46: Preparing run 6
client              | 14:51.46: Download file name is /tmp/files/256KB_6
client              | 14:51.46: Running garbage collector
client              | 14:51.46: Sleeping for 30.0 seconds
client              | 14:52.16: Starting
client              | 14:52.16: Finished
client              | 14:52.16: Collecting metrics from service
client              | 14:52.16: Deleting downloaded file /tmp/files/256KB_6
client              | 14:52.16: Ending run 6
client              | 14:52.16: Preparing run 7
client              | 14:52.16: Download file name is /tmp/files/256KB_7
client              | 14:52.16: Running garbage collector
client              | 14:52.16: Sleeping for 30.0 seconds
client              | 14:52.46: Starting
client              | 14:52.46: Finished
client              | 14:52.46: Collecting metrics from service
client              | 14:52.46: Deleting downloaded file /tmp/files/256KB_7
client              | 14:52.46: Ending run 7
client              | 14:52.46: Preparing run 8
client              | 14:52.46: Download file name is /tmp/files/256KB_8
client              | 14:52.46: Running garbage collector
client              | 14:52.46: Sleeping for 30.0 seconds
client              | 14:53.16: Starting
client              | 14:53.16: Finished
client              | 14:53.16: Collecting metrics from service
client              | 14:53.16: Deleting downloaded file /tmp/files/256KB_8
client              | 14:53.16: Ending run 8
client              | 14:53.16: Preparing run 9
client              | 14:53.16: Download file name is /tmp/files/256KB_9
client              | 14:53.16: Running garbage collector
client              | 14:53.16: Sleeping for 30.0 seconds
client              | 14:53.47: Starting
client              | 14:53.47: Finished
client              | 14:53.47: Collecting metrics from service
client              | 14:53.47: Deleting downloaded file /tmp/files/256KB_9
client              | 14:53.47: Ending run 9
client              | 14:53.47: Preparing run 10
client              | 14:53.47: Download file name is /tmp/files/256KB_10
client              | 14:53.47: Running garbage collector
client              | 14:53.47: Sleeping for 30.0 seconds
client              | 14:54.17: Starting
client              | 14:54.17: Finished
client              | 14:54.17: Collecting metrics from service
client              | 14:54.17: Deleting downloaded file /tmp/files/256KB_10
client              | 14:54.17: Ending run 10
client              | 14:54.17: Writing metrics file
client              | 14:54.17: Send finished download signal
client exited with code 0
Stopping service ... 
Stopping ipfs    ... 
Stopping ipfs    ... done
Stopping service ... done
Aborting on container exit...
Removing client  ... 
Removing service ... 
Removing ipfs    ... 
Removing client  ... done
Removing service ... done
Removing ipfs    ... done
WARNING! This will remove all local volumes not used by at least one container.
Are you sure you want to continue? [y/N] Deleted Volumes:
7c20bfab3bd28510fe154f5f369449cf87715e3b1bd976fc9f114f663e4b550a

Total reclaimed space: 2.743MB
