Time start: 2022-03-19 14:12:53
Time end: 2022-03-19 14:23:11
Duration: 0:10:18.903884

Platform: Linux-5.4.0-99-generic-x86_64-with-glibc2.29
Name: lfw-ds001-i048
Release: #112-Ubuntu SMP Thu Feb 3 13:50:55 UTC 2022

Compose file: transfer_ipfs_download_setup.yml
Script: performance/transfer_ipfs_download.py
Environment vars:
SCRIPT: performance/transfer_ipfs_download.py
PEER_ID: 12D3KooWQA351QUr27VqySztrDWcBSzqJSEcBfrHNMPs32kSK6Yf
BOOT_ADDRESS: 146.59.206.127
FILE_SIZE: 4096
RUN_COUNT: 10
INTERVAL_SECONDS: 30

WARNING! This will remove all stopped containers.
Are you sure you want to continue? [y/N] Total reclaimed space: 0B
Creating service ... 
Creating ipfs    ... 
Creating client  ... 
Creating ipfs    ... done
Creating service ... done
Creating client  ... done
Attaching to ipfs, service, client
ipfs                | Changing user to ipfs
ipfs                | ipfs version 0.7.0
ipfs                | Initializing IPFS with --empty-repo, --profile=badgerds
ipfs                | generating ED25519 keypair...done
ipfs                | peer identity: 12D3KooWBVE1HAb2anuqMWX7aTXx4UZ3tpE8UWjGREPbeKeuEk6f
ipfs                | initializing IPFS node at /data/ipfs
ipfs                | Removing default bootstrap nodes...
ipfs                | removed /dnsaddr/bootstrap.libp2p.io/p2p/QmNnooDu7bfjPFoTZYxMNLWUQJyrVwtbZg5gBMjTezGAJN
ipfs                | removed /dnsaddr/bootstrap.libp2p.io/p2p/QmQCU2EcMqAqQPR2i9bChDtGNJchTbq5TbXJJ16u19uLTa
ipfs                | removed /dnsaddr/bootstrap.libp2p.io/p2p/QmbLHAnMoJPWSCR5Zhtx6BHJX9KiKNN6tpvbUcqanj75Nb
ipfs                | removed /dnsaddr/bootstrap.libp2p.io/p2p/QmcZf59bWwK5XFi76CZX8cbJ4BhTzzA3gU1ZjYZcYW3dwt
ipfs                | removed /ip4/104.131.131.82/tcp/4001/p2p/QmaCpDMGvV2BGHeYERUEnRQAwe3N8SzbUtfsmvsqQLuvuJ
ipfs                | removed /ip4/104.131.131.82/udp/4001/quic/p2p/QmaCpDMGvV2BGHeYERUEnRQAwe3N8SzbUtfsmvsqQLuvuJ
ipfs                | added /ip4/146.59.206.127/tcp/4001/p2p/12D3KooWQA351QUr27VqySztrDWcBSzqJSEcBfrHNMPs32kSK6Yf
ipfs                | Initializing daemon...
ipfs                | go-ipfs version: 0.7.0-ea77213
ipfs                | Repo version: 10
ipfs                | System version: amd64/linux
ipfs                | Golang version: go1.14.4
ipfs                | Swarm is limited to private network of peers with the swarm key
ipfs                | Swarm key fingerprint: c53fe9fc1c8eac4230853d5efb58f0a0
ipfs                | Swarm listening on /ip4/10.23.85.210/tcp/4001
ipfs                | Swarm listening on /ip4/127.0.0.1/tcp/4001
ipfs                | Swarm listening on /ip4/152.228.166.247/tcp/4001
ipfs                | Swarm listening on /ip4/172.17.0.1/tcp/4001
ipfs                | Swarm listening on /ip6/::1/tcp/4001
ipfs                | Swarm listening on /p2p-circuit
ipfs                | Swarm announcing /ip4/127.0.0.1/tcp/4001
ipfs                | Swarm announcing /ip4/152.228.166.247/tcp/4001
ipfs                | Swarm announcing /ip6/::1/tcp/4001
ipfs                | API server listening on /ip4/127.0.0.1/tcp/5001
ipfs                | WebUI: http://127.0.0.1:5001/webui
ipfs                | Gateway (readonly) server listening on /ip4/127.0.0.1/tcp/8080
ipfs                | Daemon is ready
service             | Connected to IPFS daemon...
service             | Connected to bootstrap peer...
service             | Received bootstrap peer id: 12D3KooWQA351QUr27VqySztrDWcBSzqJSEcBfrHNMPs32kSK6Yf
service             | /ip4/146.59.206.127/tcp/4001/p2p/12D3KooWQA351QUr27VqySztrDWcBSzqJSEcBfrHNMPs32kSK6Yf
service             | INFO:     Started server process [1]
service             | INFO:     Waiting for application startup.
service             | INFO:     Application startup complete.
service             | INFO:     Uvicorn running on http://127.0.0.1:8000 (Press CTRL+C to quit)
service             | INFO:     127.0.0.1:49590 - "GET /download/?file_path=%2Ftmp%2Ffiles%2F4KB_1 HTTP/1.1" 200 OK
service             | INFO:     127.0.0.1:49590 - "GET /metrics/ HTTP/1.1" 200 OK
service             | INFO:     127.0.0.1:49592 - "GET /download/?file_path=%2Ftmp%2Ffiles%2F4KB_2 HTTP/1.1" 200 OK
service             | INFO:     127.0.0.1:49592 - "GET /metrics/ HTTP/1.1" 200 OK
service             | INFO:     127.0.0.1:49596 - "GET /download/?file_path=%2Ftmp%2Ffiles%2F4KB_3 HTTP/1.1" 200 OK
service             | INFO:     127.0.0.1:49596 - "GET /metrics/ HTTP/1.1" 200 OK
service             | INFO:     127.0.0.1:49600 - "GET /download/?file_path=%2Ftmp%2Ffiles%2F4KB_4 HTTP/1.1" 200 OK
service             | INFO:     127.0.0.1:49600 - "GET /metrics/ HTTP/1.1" 200 OK
service             | INFO:     127.0.0.1:49604 - "GET /download/?file_path=%2Ftmp%2Ffiles%2F4KB_5 HTTP/1.1" 200 OK
service             | INFO:     127.0.0.1:49604 - "GET /metrics/ HTTP/1.1" 200 OK
service             | INFO:     127.0.0.1:49608 - "GET /download/?file_path=%2Ftmp%2Ffiles%2F4KB_6 HTTP/1.1" 200 OK
service             | INFO:     127.0.0.1:49608 - "GET /metrics/ HTTP/1.1" 200 OK
service             | INFO:     127.0.0.1:49612 - "GET /download/?file_path=%2Ftmp%2Ffiles%2F4KB_7 HTTP/1.1" 200 OK
service             | INFO:     127.0.0.1:49612 - "GET /metrics/ HTTP/1.1" 200 OK
service             | INFO:     127.0.0.1:49618 - "GET /download/?file_path=%2Ftmp%2Ffiles%2F4KB_8 HTTP/1.1" 200 OK
service             | INFO:     127.0.0.1:49618 - "GET /metrics/ HTTP/1.1" 200 OK
service             | INFO:     127.0.0.1:49622 - "GET /download/?file_path=%2Ftmp%2Ffiles%2F4KB_9 HTTP/1.1" 200 OK
service             | INFO:     127.0.0.1:49622 - "GET /metrics/ HTTP/1.1" 200 OK
service             | INFO:     127.0.0.1:49626 - "GET /download/?file_path=%2Ftmp%2Ffiles%2F4KB_10 HTTP/1.1" 200 OK
service             | INFO:     127.0.0.1:49626 - "GET /metrics/ HTTP/1.1" 200 OK
client              | 14:12.59: Connecting to download script runner
client              | 14:12.59: Waiting for finish upload signal
client              | 14:18.00: Starting 4KB benchmark
client              | 14:18.00: Creating client interface
client              | 14:18.00: Preparing run 1
client              | 14:18.00: Download file name is /tmp/files/4KB_1
client              | 14:18.00: Running garbage collector
client              | 14:18.00: Sleeping for 30.0 seconds
client              | 14:18.30: Starting
client              | 14:18.30: Finished
client              | 14:18.30: Collecting metrics from service
client              | 14:18.30: Deleting downloaded file /tmp/files/4KB_1
client              | 14:18.30: Ending run 1
client              | 14:18.30: Preparing run 2
client              | 14:18.30: Download file name is /tmp/files/4KB_2
client              | 14:18.30: Running garbage collector
client              | 14:18.30: Sleeping for 30.0 seconds
client              | 14:19.00: Starting
client              | 14:19.00: Finished
client              | 14:19.00: Collecting metrics from service
client              | 14:19.00: Deleting downloaded file /tmp/files/4KB_2
client              | 14:19.00: Ending run 2
client              | 14:19.00: Preparing run 3
client              | 14:19.00: Download file name is /tmp/files/4KB_3
client              | 14:19.00: Running garbage collector
client              | 14:19.00: Sleeping for 30.0 seconds
client              | 14:19.30: Starting
client              | 14:19.30: Finished
client              | 14:19.30: Collecting metrics from service
client              | 14:19.30: Deleting downloaded file /tmp/files/4KB_3
client              | 14:19.30: Ending run 3
client              | 14:19.30: Preparing run 4
client              | 14:19.30: Download file name is /tmp/files/4KB_4
client              | 14:19.30: Running garbage collector
client              | 14:19.30: Sleeping for 30.0 seconds
client              | 14:20.00: Starting
client              | 14:20.00: Finished
client              | 14:20.00: Collecting metrics from service
client              | 14:20.00: Deleting downloaded file /tmp/files/4KB_4
client              | 14:20.00: Ending run 4
client              | 14:20.00: Preparing run 5
client              | 14:20.00: Download file name is /tmp/files/4KB_5
client              | 14:20.00: Running garbage collector
client              | 14:20.00: Sleeping for 30.0 seconds
client              | 14:20.30: Starting
client              | 14:20.30: Finished
client              | 14:20.30: Collecting metrics from service
client              | 14:20.30: Deleting downloaded file /tmp/files/4KB_5
client              | 14:20.30: Ending run 5
client              | 14:20.30: Preparing run 6
client              | 14:20.30: Download file name is /tmp/files/4KB_6
client              | 14:20.30: Running garbage collector
client              | 14:20.30: Sleeping for 30.0 seconds
client              | 14:21.00: Starting
client              | 14:21.00: Finished
client              | 14:21.00: Collecting metrics from service
client              | 14:21.00: Deleting downloaded file /tmp/files/4KB_6
client              | 14:21.00: Ending run 6
client              | 14:21.00: Preparing run 7
client              | 14:21.00: Download file name is /tmp/files/4KB_7
client              | 14:21.00: Running garbage collector
client              | 14:21.00: Sleeping for 30.0 seconds
client              | 14:21.30: Starting
client              | 14:21.30: Finished
client              | 14:21.30: Collecting metrics from service
client              | 14:21.30: Deleting downloaded file /tmp/files/4KB_7
client              | 14:21.30: Ending run 7
client              | 14:21.30: Preparing run 8
client              | 14:21.30: Download file name is /tmp/files/4KB_8
client              | 14:21.30: Running garbage collector
client              | 14:21.30: Sleeping for 30.0 seconds
client              | 14:22.00: Starting
client              | 14:22.00: Finished
client              | 14:22.00: Collecting metrics from service
client              | 14:22.00: Deleting downloaded file /tmp/files/4KB_8
client              | 14:22.00: Ending run 8
client              | 14:22.00: Preparing run 9
client              | 14:22.00: Download file name is /tmp/files/4KB_9
client              | 14:22.00: Running garbage collector
client              | 14:22.00: Sleeping for 30.0 seconds
client              | 14:22.30: Starting
client              | 14:22.31: Finished
client              | 14:22.31: Collecting metrics from service
client              | 14:22.31: Deleting downloaded file /tmp/files/4KB_9
client              | 14:22.31: Ending run 9
client              | 14:22.31: Preparing run 10
client              | 14:22.31: Download file name is /tmp/files/4KB_10
client              | 14:22.31: Running garbage collector
client              | 14:22.31: Sleeping for 30.0 seconds
client              | 14:23.01: Starting
client              | 14:23.01: Finished
client              | 14:23.01: Collecting metrics from service
client              | 14:23.01: Deleting downloaded file /tmp/files/4KB_10
client              | 14:23.01: Ending run 10
client              | 14:23.01: Writing metrics file
client              | 14:23.01: Send finished download signal
client exited with code 0
Stopping service ... 
Stopping ipfs    ... 
Stopping ipfs    ... done
Stopping service ... done
Aborting on container exit...
Removing service ... 
Removing client  ... 
Removing ipfs    ... 
Removing ipfs    ... done
Removing service ... done
Removing client  ... done
WARNING! This will remove all local volumes not used by at least one container.
Are you sure you want to continue? [y/N] Deleted Volumes:
20436bd355e3be342c5233a55e7151e2e5e1f585079650192a0cd22dbb638c7f

Total reclaimed space: 203.4kB
