Time start: 2022-03-19 14:23:12
Time end: 2022-03-19 14:33:37
Duration: 0:10:25.455980

Platform: Linux-5.4.0-99-generic-x86_64-with-glibc2.29
Name: lfw-ds001-i047
Release: #112-Ubuntu SMP Thu Feb 3 13:50:55 UTC 2022

Compose file: transfer_ipfs_upload_setup.yml
Script: performance/transfer_ipfs_upload.py
Environment vars:
SCRIPT: performance/transfer_ipfs_upload.py
FILE_SIZE: 16384
RUN_COUNT: 10
INTERVAL_SECONDS: 30

WARNING! This will remove all stopped containers.
Are you sure you want to continue? [y/N] Total reclaimed space: 0B
Creating ipfs ... 
Creating service ... 
Creating client  ... 
Creating client  ... done
Creating service ... done
Creating ipfs    ... done
Attaching to client, service, ipfs
ipfs                | Changing user to ipfs
ipfs                | ipfs version 0.7.0
ipfs                | Initializing IPFS with --empty-repo, --profile=badgerds
ipfs                | generating ED25519 keypair...done
ipfs                | peer identity: 12D3KooWPy9CCp1VxhiqxkqkVbPsmPytYRVrLSj8xQFWSuPHhLAt
ipfs                | initializing IPFS node at /data/ipfs
ipfs                | Removing default bootstrap nodes...
ipfs                | removed /dnsaddr/bootstrap.libp2p.io/p2p/QmNnooDu7bfjPFoTZYxMNLWUQJyrVwtbZg5gBMjTezGAJN
ipfs                | removed /dnsaddr/bootstrap.libp2p.io/p2p/QmQCU2EcMqAqQPR2i9bChDtGNJchTbq5TbXJJ16u19uLTa
ipfs                | removed /dnsaddr/bootstrap.libp2p.io/p2p/QmbLHAnMoJPWSCR5Zhtx6BHJX9KiKNN6tpvbUcqanj75Nb
ipfs                | removed /dnsaddr/bootstrap.libp2p.io/p2p/QmcZf59bWwK5XFi76CZX8cbJ4BhTzzA3gU1ZjYZcYW3dwt
ipfs                | removed /ip4/104.131.131.82/tcp/4001/p2p/QmaCpDMGvV2BGHeYERUEnRQAwe3N8SzbUtfsmvsqQLuvuJ
ipfs                | removed /ip4/104.131.131.82/udp/4001/quic/p2p/QmaCpDMGvV2BGHeYERUEnRQAwe3N8SzbUtfsmvsqQLuvuJ
ipfs                | Initializing daemon...
ipfs                | go-ipfs version: 0.7.0-ea77213
ipfs                | Repo version: 10
ipfs                | System version: amd64/linux
ipfs                | Golang version: go1.14.4
ipfs                | Swarm is limited to private network of peers with the swarm key
ipfs                | Swarm key fingerprint: c53fe9fc1c8eac4230853d5efb58f0a0
ipfs                | Swarm listening on /ip4/10.23.89.104/tcp/4001
ipfs                | Swarm listening on /ip4/127.0.0.1/tcp/4001
ipfs                | Swarm listening on /ip4/146.59.206.127/tcp/4001
ipfs                | Swarm listening on /ip4/172.17.0.1/tcp/4001
ipfs                | Swarm listening on /ip6/::1/tcp/4001
ipfs                | Swarm listening on /p2p-circuit
ipfs                | Swarm announcing /ip4/127.0.0.1/tcp/4001
ipfs                | Swarm announcing /ip4/146.59.206.127/tcp/4001
ipfs                | Swarm announcing /ip6/::1/tcp/4001
ipfs                | API server listening on /ip4/127.0.0.1/tcp/5001
ipfs                | WebUI: http://127.0.0.1:5001/webui
ipfs                | Gateway (readonly) server listening on /ip4/127.0.0.1/tcp/8080
ipfs                | Daemon is ready
service             | Connected to IPFS daemon...
service             | Connected to bootstrap peer...
service             | New bootstrapping peer joined
service             | Received bootstrap peer id: 12D3KooWPy9CCp1VxhiqxkqkVbPsmPytYRVrLSj8xQFWSuPHhLAtSend my peer ID: 12D3KooWPy9CCp1VxhiqxkqkVbPsmPytYRVrLSj8xQFWSuPHhLAt
service             | 
service             | I am the bootstrap peer
service             | Could not publish files...
service             | failed to find any peer in table
service             | INFO:     Started server process [1]
service             | INFO:     Waiting for application startup.
service             | INFO:     Application startup complete.
service             | INFO:     Uvicorn running on http://127.0.0.1:8000 (Press CTRL+C to quit)
service             | New bootstrapping peer joined
service             | Send my peer ID: 12D3KooWPy9CCp1VxhiqxkqkVbPsmPytYRVrLSj8xQFWSuPHhLAt
service             | INFO:     127.0.0.1:58714 - "PUT /upload/?file_path=%2Ftmp%2Ffiles%2F16KB_1 HTTP/1.1" 200 OK
service             | INFO:     127.0.0.1:58714 - "GET /metrics/ HTTP/1.1" 200 OK
service             | INFO:     127.0.0.1:58716 - "PUT /upload/?file_path=%2Ftmp%2Ffiles%2F16KB_2 HTTP/1.1" 200 OK
service             | INFO:     127.0.0.1:58716 - "GET /metrics/ HTTP/1.1" 200 OK
service             | INFO:     127.0.0.1:58726 - "PUT /upload/?file_path=%2Ftmp%2Ffiles%2F16KB_3 HTTP/1.1" 200 OK
service             | INFO:     127.0.0.1:58726 - "GET /metrics/ HTTP/1.1" 200 OK
service             | INFO:     127.0.0.1:58728 - "PUT /upload/?file_path=%2Ftmp%2Ffiles%2F16KB_4 HTTP/1.1" 200 OK
service             | INFO:     127.0.0.1:58728 - "GET /metrics/ HTTP/1.1" 200 OK
service             | INFO:     127.0.0.1:58732 - "PUT /upload/?file_path=%2Ftmp%2Ffiles%2F16KB_5 HTTP/1.1" 200 OK
service             | INFO:     127.0.0.1:58732 - "GET /metrics/ HTTP/1.1" 200 OK
service             | INFO:     127.0.0.1:58738 - "PUT /upload/?file_path=%2Ftmp%2Ffiles%2F16KB_6 HTTP/1.1" 200 OK
service             | INFO:     127.0.0.1:58738 - "GET /metrics/ HTTP/1.1" 200 OK
service             | INFO:     127.0.0.1:58742 - "PUT /upload/?file_path=%2Ftmp%2Ffiles%2F16KB_7 HTTP/1.1" 200 OK
service             | INFO:     127.0.0.1:58742 - "GET /metrics/ HTTP/1.1" 200 OK
service             | INFO:     127.0.0.1:58748 - "PUT /upload/?file_path=%2Ftmp%2Ffiles%2F16KB_8 HTTP/1.1" 200 OK
service             | INFO:     127.0.0.1:58748 - "GET /metrics/ HTTP/1.1" 200 OK
service             | INFO:     127.0.0.1:58756 - "PUT /upload/?file_path=%2Ftmp%2Ffiles%2F16KB_9 HTTP/1.1" 200 OK
service             | INFO:     127.0.0.1:58756 - "GET /metrics/ HTTP/1.1" 200 OK
service             | INFO:     127.0.0.1:58758 - "PUT /upload/?file_path=%2Ftmp%2Ffiles%2F16KB_10 HTTP/1.1" 200 OK
service             | INFO:     127.0.0.1:58758 - "GET /metrics/ HTTP/1.1" 200 OK
client              | 14:23.17: Connecting to IPFS daemon
client              | 14:23.17: Connected to IPFS daemon, peer ID is 12D3KooWPy9CCp1VxhiqxkqkVbPsmPytYRVrLSj8xQFWSuPHhLAt
client              | 14:23.17: Connecting to upload script runner
client              | 14:23.17: Sending peer ID
client              | 14:23.17: Waiting for signal to start downloading
client              | 14:23.23: Starting 16KB benchmark
client              | 14:23.23: Creating client interface
client              | 14:23.23: Preparing run 1
client              | 14:23.23: Creating file /tmp/files/16KB_1
client              | 14:23.23: Running garbage collector
client              | 14:23.23: Sleeping for 30.0 seconds
client              | 14:23.54: Starting
client              | 14:23.54: Finished
client              | 14:23.54: Collecting metrics from service
client              | 14:23.54: Deleting created file /tmp/files/16KB_1
client              | 14:23.54: Ending run 1
client              | 14:23.54: Preparing run 2
client              | 14:23.54: Creating file /tmp/files/16KB_2
client              | 14:23.54: Running garbage collector
client              | 14:23.54: Sleeping for 30.0 seconds
client              | 14:24.24: Starting
client              | 14:24.24: Finished
client              | 14:24.24: Collecting metrics from service
client              | 14:24.24: Deleting created file /tmp/files/16KB_2
client              | 14:24.24: Ending run 2
client              | 14:24.24: Preparing run 3
client              | 14:24.24: Creating file /tmp/files/16KB_3
client              | 14:24.24: Running garbage collector
client              | 14:24.24: Sleeping for 30.0 seconds
client              | 14:24.54: Starting
client              | 14:24.54: Finished
client              | 14:24.54: Collecting metrics from service
client              | 14:24.54: Deleting created file /tmp/files/16KB_3
client              | 14:24.54: Ending run 3
client              | 14:24.54: Preparing run 4
client              | 14:24.54: Creating file /tmp/files/16KB_4
client              | 14:24.54: Running garbage collector
client              | 14:24.54: Sleeping for 30.0 seconds
client              | 14:25.24: Starting
client              | 14:25.24: Finished
client              | 14:25.24: Collecting metrics from service
client              | 14:25.24: Deleting created file /tmp/files/16KB_4
client              | 14:25.24: Ending run 4
client              | 14:25.24: Preparing run 5
client              | 14:25.24: Creating file /tmp/files/16KB_5
client              | 14:25.24: Running garbage collector
client              | 14:25.24: Sleeping for 30.0 seconds
client              | 14:25.54: Starting
client              | 14:25.54: Finished
client              | 14:25.54: Collecting metrics from service
client              | 14:25.54: Deleting created file /tmp/files/16KB_5
client              | 14:25.54: Ending run 5
client              | 14:25.54: Preparing run 6
client              | 14:25.54: Creating file /tmp/files/16KB_6
client              | 14:25.54: Running garbage collector
client              | 14:25.54: Sleeping for 30.0 seconds
client              | 14:26.24: Starting
client              | 14:26.24: Finished
client              | 14:26.24: Collecting metrics from service
client              | 14:26.24: Deleting created file /tmp/files/16KB_6
client              | 14:26.24: Ending run 6
client              | 14:26.24: Preparing run 7
client              | 14:26.24: Creating file /tmp/files/16KB_7
client              | 14:26.24: Running garbage collector
client              | 14:26.24: Sleeping for 30.0 seconds
client              | 14:26.54: Starting
client              | 14:26.54: Finished
client              | 14:26.54: Collecting metrics from service
client              | 14:26.54: Deleting created file /tmp/files/16KB_7
client              | 14:26.54: Ending run 7
client              | 14:26.54: Preparing run 8
client              | 14:26.54: Creating file /tmp/files/16KB_8
client              | 14:26.54: Running garbage collector
client              | 14:26.54: Sleeping for 30.0 seconds
client              | 14:27.24: Starting
client              | 14:27.24: Finished
client              | 14:27.24: Collecting metrics from service
client              | 14:27.24: Deleting created file /tmp/files/16KB_8
client              | 14:27.24: Ending run 8
client              | 14:27.24: Preparing run 9
client              | 14:27.24: Creating file /tmp/files/16KB_9
client              | 14:27.24: Running garbage collector
client              | 14:27.24: Sleeping for 30.0 seconds
client              | 14:27.54: Starting
client              | 14:27.54: Finished
client              | 14:27.54: Collecting metrics from service
client              | 14:27.54: Deleting created file /tmp/files/16KB_9
client              | 14:27.54: Ending run 9
client              | 14:27.54: Preparing run 10
client              | 14:27.54: Creating file /tmp/files/16KB_10
client              | 14:27.54: Running garbage collector
client              | 14:27.54: Sleeping for 30.0 seconds
client              | 14:28.24: Starting
client              | 14:28.25: Finished
client              | 14:28.25: Collecting metrics from service
client              | 14:28.25: Deleting created file /tmp/files/16KB_10
client              | 14:28.25: Ending run 10
client              | 14:28.25: Writing metrics file
client              | 14:28.25: Sending upload finished signal
client              | 14:28.25: Waiting for download finished signal
client exited with code 0
Stopping service ... 
Stopping ipfs    ... 
Stopping ipfs    ... done
Stopping service ... done
Aborting on container exit...
Removing service ... 
Removing client  ... 
Removing ipfs    ... 
Removing service ... done
Removing client  ... done
Removing ipfs    ... done
WARNING! This will remove all local volumes not used by at least one container.
Are you sure you want to continue? [y/N] Deleted Volumes:
c74fc91990dcb78c2912d07c09f3c01560185d7e63fb1a7bdc40eea7ac833122

Total reclaimed space: 950.8kB
