Time start: 2022-04-17 14:47:07
Time end: 2022-04-17 16:19:52
Duration: 1:32:44.615193

Platform: Linux-5.4.0-99-generic-x86_64-with-glibc2.29
Name: lfw-ds001-i048
Release: #112-Ubuntu SMP Thu Feb 3 13:50:55 UTC 2022

Compose file: transfer_ipfs_download_setup.yml
Script: performance/transfer_ipfs_download.py
Environment vars:
SCRIPT: performance/transfer_ipfs_download.py
PEER_ID: 12D3KooWN2ZJrnmhiTHgrfayUELVzxobcsGLkCUfpVwYDHxsG3nr
BOOT_ADDRESS: 146.59.206.127
FILE_SIZE: 8589934592
RUN_COUNT: 10
INTERVAL_SECONDS: 30

WARNING! This will remove all stopped containers.
Are you sure you want to continue? [y/N] Total reclaimed space: 0B
Creating ipfs ... 
Creating service ... 
Creating client  ... 
Creating ipfs    ... done
Creating client  ... done
Creating service ... done
Attaching to ipfs, client, service
ipfs                | Changing user to ipfs
ipfs                | ipfs version 0.7.0
ipfs                | Initializing IPFS with --empty-repo, --profile=badgerds
ipfs                | generating ED25519 keypair...done
ipfs                | peer identity: 12D3KooWKngFdzQspEvsiwiyf1NCR7Fn3hVmw1mZ6R4euqcstY7S
ipfs                | initializing IPFS node at /data/ipfs
service             | ConnectionError: HTTPConnectionPool(host='127.0.0.1', port=5001): Max retries exceeded with url: /api/v0/version?stream-channels=true (Caused by NewConnectionError('<ipfshttpclient.requests_wrapper.HTTPConnection object at 0x7f0ad5869160>: Failed to establish a new connection: [Errno 111] Connection refused'))
ipfs                | Removing default bootstrap nodes...
ipfs                | removed /dnsaddr/bootstrap.libp2p.io/p2p/QmNnooDu7bfjPFoTZYxMNLWUQJyrVwtbZg5gBMjTezGAJN
ipfs                | removed /dnsaddr/bootstrap.libp2p.io/p2p/QmQCU2EcMqAqQPR2i9bChDtGNJchTbq5TbXJJ16u19uLTa
ipfs                | removed /dnsaddr/bootstrap.libp2p.io/p2p/QmbLHAnMoJPWSCR5Zhtx6BHJX9KiKNN6tpvbUcqanj75Nb
ipfs                | removed /dnsaddr/bootstrap.libp2p.io/p2p/QmcZf59bWwK5XFi76CZX8cbJ4BhTzzA3gU1ZjYZcYW3dwt
ipfs                | removed /ip4/104.131.131.82/tcp/4001/p2p/QmaCpDMGvV2BGHeYERUEnRQAwe3N8SzbUtfsmvsqQLuvuJ
ipfs                | removed /ip4/104.131.131.82/udp/4001/quic/p2p/QmaCpDMGvV2BGHeYERUEnRQAwe3N8SzbUtfsmvsqQLuvuJ
ipfs                | added /ip4/146.59.206.127/tcp/4001/p2p/12D3KooWN2ZJrnmhiTHgrfayUELVzxobcsGLkCUfpVwYDHxsG3nr
ipfs                | Initializing daemon...
ipfs                | go-ipfs version: 0.7.0-ea77213
ipfs                | Repo version: 10
ipfs                | System version: amd64/linux
ipfs                | Golang version: go1.14.4
ipfs                | Swarm is limited to private network of peers with the swarm key
ipfs                | Swarm key fingerprint: c53fe9fc1c8eac4230853d5efb58f0a0
ipfs                | Swarm listening on /ip4/10.23.85.210/tcp/4001
ipfs                | Swarm listening on /ip4/127.0.0.1/tcp/4001
ipfs                | Swarm listening on /ip4/152.228.166.247/tcp/4001
ipfs                | Swarm listening on /ip4/172.17.0.1/tcp/4001
ipfs                | Swarm listening on /ip6/::1/tcp/4001
ipfs                | Swarm listening on /p2p-circuit
ipfs                | Swarm announcing /ip4/127.0.0.1/tcp/4001
ipfs                | Swarm announcing /ip4/152.228.166.247/tcp/4001
ipfs                | Swarm announcing /ip6/::1/tcp/4001
ipfs                | API server listening on /ip4/127.0.0.1/tcp/5001
ipfs                | WebUI: http://127.0.0.1:5001/webui
ipfs                | Gateway (readonly) server listening on /ip4/127.0.0.1/tcp/8080
ipfs                | Daemon is ready
service             | Connected to IPFS daemon...
service             | Connected to bootstrap peer...
service             | Received bootstrap peer id: 12D3KooWN2ZJrnmhiTHgrfayUELVzxobcsGLkCUfpVwYDHxsG3nr
service             | /ip4/146.59.206.127/tcp/4001/p2p/12D3KooWN2ZJrnmhiTHgrfayUELVzxobcsGLkCUfpVwYDHxsG3nr
service             | INFO:     Started server process [1]
service             | INFO:     Waiting for application startup.
service             | INFO:     Application startup complete.
service             | INFO:     Uvicorn running on http://127.0.0.1:8000 (Press CTRL+C to quit)
service             | INFO:     127.0.0.1:39018 - "GET /download/?file_path=%2Ftmp%2Ffiles%2F8192MB_1 HTTP/1.1" 200 OK
service             | INFO:     127.0.0.1:39018 - "GET /metrics/ HTTP/1.1" 200 OK
service             | INFO:     127.0.0.1:39022 - "GET /download/?file_path=%2Ftmp%2Ffiles%2F8192MB_2 HTTP/1.1" 200 OK
service             | INFO:     127.0.0.1:39022 - "GET /metrics/ HTTP/1.1" 200 OK
service             | INFO:     127.0.0.1:39026 - "GET /download/?file_path=%2Ftmp%2Ffiles%2F8192MB_3 HTTP/1.1" 200 OK
service             | INFO:     127.0.0.1:39026 - "GET /metrics/ HTTP/1.1" 200 OK
service             | INFO:     127.0.0.1:39030 - "GET /download/?file_path=%2Ftmp%2Ffiles%2F8192MB_4 HTTP/1.1" 200 OK
service             | INFO:     127.0.0.1:39030 - "GET /metrics/ HTTP/1.1" 200 OK
service             | INFO:     127.0.0.1:39036 - "GET /download/?file_path=%2Ftmp%2Ffiles%2F8192MB_5 HTTP/1.1" 200 OK
service             | INFO:     127.0.0.1:39036 - "GET /metrics/ HTTP/1.1" 200 OK
service             | INFO:     127.0.0.1:39040 - "GET /download/?file_path=%2Ftmp%2Ffiles%2F8192MB_6 HTTP/1.1" 200 OK
service             | INFO:     127.0.0.1:39040 - "GET /metrics/ HTTP/1.1" 200 OK
service             | INFO:     127.0.0.1:39046 - "GET /download/?file_path=%2Ftmp%2Ffiles%2F8192MB_7 HTTP/1.1" 200 OK
service             | INFO:     127.0.0.1:39046 - "GET /metrics/ HTTP/1.1" 200 OK
service             | INFO:     127.0.0.1:39058 - "GET /download/?file_path=%2Ftmp%2Ffiles%2F8192MB_8 HTTP/1.1" 200 OK
service             | INFO:     127.0.0.1:39058 - "GET /metrics/ HTTP/1.1" 200 OK
service             | INFO:     127.0.0.1:39062 - "GET /download/?file_path=%2Ftmp%2Ffiles%2F8192MB_9 HTTP/1.1" 200 OK
service             | INFO:     127.0.0.1:39062 - "GET /metrics/ HTTP/1.1" 200 OK
service             | INFO:     127.0.0.1:39068 - "GET /download/?file_path=%2Ftmp%2Ffiles%2F8192MB_10 HTTP/1.1" 200 OK
service             | INFO:     127.0.0.1:39068 - "GET /metrics/ HTTP/1.1" 200 OK
client              | 14:47.14: Connecting to download script runner
client              | 14:47.14: Waiting for finish upload signal
client              | 15:15.44: Starting 8192MB benchmark
client              | 15:15.44: Creating client interface
client              | 15:15.44: Preparing run 1
client              | 15:15.44: Download file name is /tmp/files/8192MB_1
client              | 15:15.44: Running garbage collector
client              | 15:15.44: Sleeping for 30.0 seconds
client              | 15:16.14: Starting
client              | 15:27.01: Finished
client              | 15:27.01: Collecting metrics from service
client              | 15:27.01: Deleting downloaded file /tmp/files/8192MB_1
client              | 15:27.02: Ending run 1
client              | 15:27.02: Preparing run 2
client              | 15:27.02: Download file name is /tmp/files/8192MB_2
client              | 15:27.02: Running garbage collector
client              | 15:27.02: Sleeping for 30.0 seconds
client              | 15:27.32: Starting
client              | 15:32.55: Finished
client              | 15:32.55: Collecting metrics from service
client              | 15:32.55: Deleting downloaded file /tmp/files/8192MB_2
client              | 15:32.55: Ending run 2
client              | 15:32.55: Preparing run 3
client              | 15:32.55: Download file name is /tmp/files/8192MB_3
client              | 15:32.55: Running garbage collector
client              | 15:32.55: Sleeping for 30.0 seconds
client              | 15:33.25: Starting
client              | 15:38.44: Finished
client              | 15:38.44: Collecting metrics from service
client              | 15:38.44: Deleting downloaded file /tmp/files/8192MB_3
client              | 15:38.45: Ending run 3
client              | 15:38.45: Preparing run 4
client              | 15:38.45: Download file name is /tmp/files/8192MB_4
client              | 15:38.45: Running garbage collector
client              | 15:38.45: Sleeping for 30.0 seconds
client              | 15:39.15: Starting
client              | 15:44.31: Finished
client              | 15:44.31: Collecting metrics from service
client              | 15:44.31: Deleting downloaded file /tmp/files/8192MB_4
client              | 15:44.32: Ending run 4
client              | 15:44.32: Preparing run 5
client              | 15:44.32: Download file name is /tmp/files/8192MB_5
client              | 15:44.32: Running garbage collector
client              | 15:44.32: Sleeping for 30.0 seconds
client              | 15:45.02: Starting
client              | 15:50.23: Finished
client              | 15:50.23: Collecting metrics from service
client              | 15:50.23: Deleting downloaded file /tmp/files/8192MB_5
client              | 15:50.23: Ending run 5
client              | 15:50.23: Preparing run 6
client              | 15:50.23: Download file name is /tmp/files/8192MB_6
client              | 15:50.23: Running garbage collector
client              | 15:50.23: Sleeping for 30.0 seconds
client              | 15:50.53: Starting
client              | 15:56.13: Finished
client              | 15:56.13: Collecting metrics from service
client              | 15:56.13: Deleting downloaded file /tmp/files/8192MB_6
client              | 15:56.13: Ending run 6
client              | 15:56.13: Preparing run 7
client              | 15:56.13: Download file name is /tmp/files/8192MB_7
client              | 15:56.13: Running garbage collector
client              | 15:56.13: Sleeping for 30.0 seconds
client              | 15:56.43: Starting
client              | 16:02.02: Finished
client              | 16:02.02: Collecting metrics from service
client              | 16:02.02: Deleting downloaded file /tmp/files/8192MB_7
client              | 16:02.03: Ending run 7
client              | 16:02.03: Preparing run 8
client              | 16:02.03: Download file name is /tmp/files/8192MB_8
client              | 16:02.03: Running garbage collector
client              | 16:02.03: Sleeping for 30.0 seconds
client              | 16:02.33: Starting
client              | 16:07.53: Finished
client              | 16:07.53: Collecting metrics from service
client              | 16:07.53: Deleting downloaded file /tmp/files/8192MB_8
client              | 16:07.53: Ending run 8
client              | 16:07.53: Preparing run 9
client              | 16:07.53: Download file name is /tmp/files/8192MB_9
client              | 16:07.53: Running garbage collector
client              | 16:07.53: Sleeping for 30.0 seconds
client              | 16:08.23: Starting
client              | 16:13.44: Finished
client              | 16:13.44: Collecting metrics from service
client              | 16:13.44: Deleting downloaded file /tmp/files/8192MB_9
client              | 16:13.45: Ending run 9
client              | 16:13.45: Preparing run 10
client              | 16:13.45: Download file name is /tmp/files/8192MB_10
client              | 16:13.45: Running garbage collector
client              | 16:13.45: Sleeping for 30.0 seconds
client              | 16:14.15: Starting
client              | 16:19.37: Finished
client              | 16:19.37: Collecting metrics from service
client              | 16:19.37: Deleting downloaded file /tmp/files/8192MB_10
client              | 16:19.37: Ending run 10
client              | 16:19.37: Writing metrics file
client              | 16:19.37: Send finished download signal
client exited with code 0
Stopping service ... 
Stopping ipfs    ... 
Stopping ipfs    ... done
Stopping service ... done
Aborting on container exit...
Removing client  ... 
Removing service ... 
Removing ipfs    ... 
Removing service ... done
Removing client  ... done
Removing ipfs    ... done
WARNING! This will remove all local volumes not used by at least one container.
Are you sure you want to continue? [y/N] Deleted Volumes:
f9995bd55be4a580691a2b38a17d3dbe82cc20815e7ac0d007b2f9ed63ca9ca8

Total reclaimed space: 86.22GB
