Time start: 2022-03-19 14:23:17
Time end: 2022-03-19 14:33:37
Duration: 0:10:19.456730

Platform: Linux-5.4.0-99-generic-x86_64-with-glibc2.29
Name: lfw-ds001-i048
Release: #112-Ubuntu SMP Thu Feb 3 13:50:55 UTC 2022

Compose file: transfer_ipfs_download_setup.yml
Script: performance/transfer_ipfs_download.py
Environment vars:
SCRIPT: performance/transfer_ipfs_download.py
PEER_ID: 12D3KooWPy9CCp1VxhiqxkqkVbPsmPytYRVrLSj8xQFWSuPHhLAt
BOOT_ADDRESS: 146.59.206.127
FILE_SIZE: 16384
RUN_COUNT: 10
INTERVAL_SECONDS: 30

WARNING! This will remove all stopped containers.
Are you sure you want to continue? [y/N] Total reclaimed space: 0B
Creating service ... 
Creating ipfs    ... 
Creating client  ... 
Creating ipfs    ... done
Creating client  ... done
Creating service ... done
Attaching to ipfs, client, service
ipfs                | Changing user to ipfs
ipfs                | ipfs version 0.7.0
ipfs                | Initializing IPFS with --empty-repo, --profile=badgerds
ipfs                | generating ED25519 keypair...done
ipfs                | peer identity: 12D3KooWF4ytXcyZ2qTWwLhYL6d3cBRXSEethS4nTsnN5puWXqDS
ipfs                | initializing IPFS node at /data/ipfs
ipfs                | Removing default bootstrap nodes...
ipfs                | removed /dnsaddr/bootstrap.libp2p.io/p2p/QmNnooDu7bfjPFoTZYxMNLWUQJyrVwtbZg5gBMjTezGAJN
ipfs                | removed /dnsaddr/bootstrap.libp2p.io/p2p/QmQCU2EcMqAqQPR2i9bChDtGNJchTbq5TbXJJ16u19uLTa
ipfs                | removed /dnsaddr/bootstrap.libp2p.io/p2p/QmbLHAnMoJPWSCR5Zhtx6BHJX9KiKNN6tpvbUcqanj75Nb
ipfs                | removed /dnsaddr/bootstrap.libp2p.io/p2p/QmcZf59bWwK5XFi76CZX8cbJ4BhTzzA3gU1ZjYZcYW3dwt
ipfs                | removed /ip4/104.131.131.82/tcp/4001/p2p/QmaCpDMGvV2BGHeYERUEnRQAwe3N8SzbUtfsmvsqQLuvuJ
ipfs                | removed /ip4/104.131.131.82/udp/4001/quic/p2p/QmaCpDMGvV2BGHeYERUEnRQAwe3N8SzbUtfsmvsqQLuvuJ
ipfs                | added /ip4/146.59.206.127/tcp/4001/p2p/12D3KooWPy9CCp1VxhiqxkqkVbPsmPytYRVrLSj8xQFWSuPHhLAt
ipfs                | Initializing daemon...
ipfs                | go-ipfs version: 0.7.0-ea77213
ipfs                | Repo version: 10
ipfs                | System version: amd64/linux
ipfs                | Golang version: go1.14.4
ipfs                | Swarm is limited to private network of peers with the swarm key
ipfs                | Swarm key fingerprint: c53fe9fc1c8eac4230853d5efb58f0a0
ipfs                | Swarm listening on /ip4/10.23.85.210/tcp/4001
ipfs                | Swarm listening on /ip4/127.0.0.1/tcp/4001
ipfs                | Swarm listening on /ip4/152.228.166.247/tcp/4001
ipfs                | Swarm listening on /ip4/172.17.0.1/tcp/4001
ipfs                | Swarm listening on /ip6/::1/tcp/4001
ipfs                | Swarm listening on /p2p-circuit
ipfs                | Swarm announcing /ip4/127.0.0.1/tcp/4001
ipfs                | Swarm announcing /ip4/152.228.166.247/tcp/4001
ipfs                | Swarm announcing /ip6/::1/tcp/4001
ipfs                | API server listening on /ip4/127.0.0.1/tcp/5001
ipfs                | WebUI: http://127.0.0.1:5001/webui
ipfs                | Gateway (readonly) server listening on /ip4/127.0.0.1/tcp/8080
ipfs                | Daemon is ready
service             | Connected to IPFS daemon...
service             | Connected to bootstrap peer...
service             | Received bootstrap peer id: 12D3KooWPy9CCp1VxhiqxkqkVbPsmPytYRVrLSj8xQFWSuPHhLAt
service             | /ip4/146.59.206.127/tcp/4001/p2p/12D3KooWPy9CCp1VxhiqxkqkVbPsmPytYRVrLSj8xQFWSuPHhLAt
service             | INFO:     Started server process [1]
service             | INFO:     Waiting for application startup.
service             | INFO:     Application startup complete.
service             | INFO:     Uvicorn running on http://127.0.0.1:8000 (Press CTRL+C to quit)
service             | INFO:     127.0.0.1:49646 - "GET /download/?file_path=%2Ftmp%2Ffiles%2F16KB_1 HTTP/1.1" 200 OK
service             | INFO:     127.0.0.1:49646 - "GET /metrics/ HTTP/1.1" 200 OK
service             | INFO:     127.0.0.1:49648 - "GET /download/?file_path=%2Ftmp%2Ffiles%2F16KB_2 HTTP/1.1" 200 OK
service             | INFO:     127.0.0.1:49648 - "GET /metrics/ HTTP/1.1" 200 OK
service             | INFO:     127.0.0.1:49652 - "GET /download/?file_path=%2Ftmp%2Ffiles%2F16KB_3 HTTP/1.1" 200 OK
service             | INFO:     127.0.0.1:49652 - "GET /metrics/ HTTP/1.1" 200 OK
service             | INFO:     127.0.0.1:49656 - "GET /download/?file_path=%2Ftmp%2Ffiles%2F16KB_4 HTTP/1.1" 200 OK
service             | INFO:     127.0.0.1:49656 - "GET /metrics/ HTTP/1.1" 200 OK
service             | INFO:     127.0.0.1:49662 - "GET /download/?file_path=%2Ftmp%2Ffiles%2F16KB_5 HTTP/1.1" 200 OK
service             | INFO:     127.0.0.1:49662 - "GET /metrics/ HTTP/1.1" 200 OK
service             | INFO:     127.0.0.1:49666 - "GET /download/?file_path=%2Ftmp%2Ffiles%2F16KB_6 HTTP/1.1" 200 OK
service             | INFO:     127.0.0.1:49666 - "GET /metrics/ HTTP/1.1" 200 OK
service             | INFO:     127.0.0.1:49670 - "GET /download/?file_path=%2Ftmp%2Ffiles%2F16KB_7 HTTP/1.1" 200 OK
service             | INFO:     127.0.0.1:49670 - "GET /metrics/ HTTP/1.1" 200 OK
service             | INFO:     127.0.0.1:49676 - "GET /download/?file_path=%2Ftmp%2Ffiles%2F16KB_8 HTTP/1.1" 200 OK
service             | INFO:     127.0.0.1:49676 - "GET /metrics/ HTTP/1.1" 200 OK
service             | INFO:     127.0.0.1:49680 - "GET /download/?file_path=%2Ftmp%2Ffiles%2F16KB_9 HTTP/1.1" 200 OK
service             | INFO:     127.0.0.1:49680 - "GET /metrics/ HTTP/1.1" 200 OK
service             | INFO:     127.0.0.1:49684 - "GET /download/?file_path=%2Ftmp%2Ffiles%2F16KB_10 HTTP/1.1" 200 OK
service             | INFO:     127.0.0.1:49684 - "GET /metrics/ HTTP/1.1" 200 OK
client              | 14:23.23: Connecting to download script runner
client              | 14:23.23: Waiting for finish upload signal
client              | 14:28.25: Starting 16KB benchmark
client              | 14:28.25: Creating client interface
client              | 14:28.25: Preparing run 1
client              | 14:28.25: Download file name is /tmp/files/16KB_1
client              | 14:28.25: Running garbage collector
client              | 14:28.25: Sleeping for 30.0 seconds
client              | 14:28.55: Starting
client              | 14:28.55: Finished
client              | 14:28.55: Collecting metrics from service
client              | 14:28.55: Deleting downloaded file /tmp/files/16KB_1
client              | 14:28.55: Ending run 1
client              | 14:28.55: Preparing run 2
client              | 14:28.55: Download file name is /tmp/files/16KB_2
client              | 14:28.55: Running garbage collector
client              | 14:28.55: Sleeping for 30.0 seconds
client              | 14:29.25: Starting
client              | 14:29.25: Finished
client              | 14:29.25: Collecting metrics from service
client              | 14:29.25: Deleting downloaded file /tmp/files/16KB_2
client              | 14:29.25: Ending run 2
client              | 14:29.25: Preparing run 3
client              | 14:29.25: Download file name is /tmp/files/16KB_3
client              | 14:29.25: Running garbage collector
client              | 14:29.25: Sleeping for 30.0 seconds
client              | 14:29.55: Starting
client              | 14:29.55: Finished
client              | 14:29.55: Collecting metrics from service
client              | 14:29.55: Deleting downloaded file /tmp/files/16KB_3
client              | 14:29.55: Ending run 3
client              | 14:29.55: Preparing run 4
client              | 14:29.55: Download file name is /tmp/files/16KB_4
client              | 14:29.55: Running garbage collector
client              | 14:29.55: Sleeping for 30.0 seconds
client              | 14:30.25: Starting
client              | 14:30.25: Finished
client              | 14:30.25: Collecting metrics from service
client              | 14:30.25: Deleting downloaded file /tmp/files/16KB_4
client              | 14:30.25: Ending run 4
client              | 14:30.25: Preparing run 5
client              | 14:30.25: Download file name is /tmp/files/16KB_5
client              | 14:30.25: Running garbage collector
client              | 14:30.25: Sleeping for 30.0 seconds
client              | 14:30.56: Starting
client              | 14:30.56: Finished
client              | 14:30.56: Collecting metrics from service
client              | 14:30.56: Deleting downloaded file /tmp/files/16KB_5
client              | 14:30.56: Ending run 5
client              | 14:30.56: Preparing run 6
client              | 14:30.56: Download file name is /tmp/files/16KB_6
client              | 14:30.56: Running garbage collector
client              | 14:30.56: Sleeping for 30.0 seconds
client              | 14:31.26: Starting
client              | 14:31.26: Finished
client              | 14:31.26: Collecting metrics from service
client              | 14:31.26: Deleting downloaded file /tmp/files/16KB_6
client              | 14:31.26: Ending run 6
client              | 14:31.26: Preparing run 7
client              | 14:31.26: Download file name is /tmp/files/16KB_7
client              | 14:31.26: Running garbage collector
client              | 14:31.26: Sleeping for 30.0 seconds
client              | 14:31.56: Starting
client              | 14:31.56: Finished
client              | 14:31.56: Collecting metrics from service
client              | 14:31.56: Deleting downloaded file /tmp/files/16KB_7
client              | 14:31.56: Ending run 7
client              | 14:31.56: Preparing run 8
client              | 14:31.56: Download file name is /tmp/files/16KB_8
client              | 14:31.56: Running garbage collector
client              | 14:31.56: Sleeping for 30.0 seconds
client              | 14:32.26: Starting
client              | 14:32.26: Finished
client              | 14:32.26: Collecting metrics from service
client              | 14:32.26: Deleting downloaded file /tmp/files/16KB_8
client              | 14:32.26: Ending run 8
client              | 14:32.26: Preparing run 9
client              | 14:32.26: Download file name is /tmp/files/16KB_9
client              | 14:32.26: Running garbage collector
client              | 14:32.26: Sleeping for 30.0 seconds
client              | 14:32.56: Starting
client              | 14:32.56: Finished
client              | 14:32.56: Collecting metrics from service
client              | 14:32.56: Deleting downloaded file /tmp/files/16KB_9
client              | 14:32.56: Ending run 9
client              | 14:32.56: Preparing run 10
client              | 14:32.56: Download file name is /tmp/files/16KB_10
client              | 14:32.56: Running garbage collector
client              | 14:32.56: Sleeping for 30.0 seconds
client              | 14:33.26: Starting
client              | 14:33.26: Finished
client              | 14:33.26: Collecting metrics from service
client              | 14:33.26: Deleting downloaded file /tmp/files/16KB_10
client              | 14:33.26: Ending run 10
client              | 14:33.26: Writing metrics file
client              | 14:33.26: Send finished download signal
client exited with code 0
Stopping service ... 
Stopping ipfs    ... 
Stopping ipfs    ... done
Stopping service ... done
Aborting on container exit...
Removing service ... 
Removing client  ... 
Removing ipfs    ... 
Removing ipfs    ... done
Removing service ... done
Removing client  ... done
WARNING! This will remove all local volumes not used by at least one container.
Are you sure you want to continue? [y/N] Deleted Volumes:
a93e1f0ac5ac15d57b2025dc6a9d3c042ea72ecf3539129bb2d921c2090c81ee

Total reclaimed space: 449.2kB
