Time start: 2022-03-19 14:33:43
Time end: 2022-03-19 14:44:02
Duration: 0:10:19.375248

Platform: Linux-5.4.0-99-generic-x86_64-with-glibc2.29
Name: lfw-ds001-i048
Release: #112-Ubuntu SMP Thu Feb 3 13:50:55 UTC 2022

Compose file: transfer_ipfs_download_setup.yml
Script: performance/transfer_ipfs_download.py
Environment vars:
SCRIPT: performance/transfer_ipfs_download.py
PEER_ID: 12D3KooWKT9h7BDgQfbw8vR4k4UBd9jeDh1NNzSKX6LzwVXtYrgf
BOOT_ADDRESS: 146.59.206.127
FILE_SIZE: 65536
RUN_COUNT: 10
INTERVAL_SECONDS: 30

WARNING! This will remove all stopped containers.
Are you sure you want to continue? [y/N] Total reclaimed space: 0B
Creating service ... 
Creating ipfs    ... 
Creating client  ... 
Creating ipfs    ... done
Creating client  ... done
Creating service ... done
Attaching to ipfs, client, service
ipfs                | Changing user to ipfs
ipfs                | ipfs version 0.7.0
ipfs                | Initializing IPFS with --empty-repo, --profile=badgerds
ipfs                | generating ED25519 keypair...done
ipfs                | peer identity: 12D3KooWGun8sEg7LuPu2stVpVr6boniipU6RcqvYGgD2pAMP78P
ipfs                | initializing IPFS node at /data/ipfs
ipfs                | Removing default bootstrap nodes...
ipfs                | removed /dnsaddr/bootstrap.libp2p.io/p2p/QmNnooDu7bfjPFoTZYxMNLWUQJyrVwtbZg5gBMjTezGAJN
ipfs                | removed /dnsaddr/bootstrap.libp2p.io/p2p/QmQCU2EcMqAqQPR2i9bChDtGNJchTbq5TbXJJ16u19uLTa
ipfs                | removed /dnsaddr/bootstrap.libp2p.io/p2p/QmbLHAnMoJPWSCR5Zhtx6BHJX9KiKNN6tpvbUcqanj75Nb
ipfs                | removed /dnsaddr/bootstrap.libp2p.io/p2p/QmcZf59bWwK5XFi76CZX8cbJ4BhTzzA3gU1ZjYZcYW3dwt
ipfs                | removed /ip4/104.131.131.82/tcp/4001/p2p/QmaCpDMGvV2BGHeYERUEnRQAwe3N8SzbUtfsmvsqQLuvuJ
ipfs                | removed /ip4/104.131.131.82/udp/4001/quic/p2p/QmaCpDMGvV2BGHeYERUEnRQAwe3N8SzbUtfsmvsqQLuvuJ
ipfs                | added /ip4/146.59.206.127/tcp/4001/p2p/12D3KooWKT9h7BDgQfbw8vR4k4UBd9jeDh1NNzSKX6LzwVXtYrgf
ipfs                | Initializing daemon...
ipfs                | go-ipfs version: 0.7.0-ea77213
ipfs                | Repo version: 10
ipfs                | System version: amd64/linux
ipfs                | Golang version: go1.14.4
ipfs                | Swarm is limited to private network of peers with the swarm key
ipfs                | Swarm key fingerprint: c53fe9fc1c8eac4230853d5efb58f0a0
ipfs                | Swarm listening on /ip4/10.23.85.210/tcp/4001
ipfs                | Swarm listening on /ip4/127.0.0.1/tcp/4001
ipfs                | Swarm listening on /ip4/152.228.166.247/tcp/4001
ipfs                | Swarm listening on /ip4/172.17.0.1/tcp/4001
ipfs                | Swarm listening on /ip6/::1/tcp/4001
ipfs                | Swarm listening on /p2p-circuit
ipfs                | Swarm announcing /ip4/127.0.0.1/tcp/4001
ipfs                | Swarm announcing /ip4/152.228.166.247/tcp/4001
ipfs                | Swarm announcing /ip6/::1/tcp/4001
ipfs                | API server listening on /ip4/127.0.0.1/tcp/5001
ipfs                | WebUI: http://127.0.0.1:5001/webui
ipfs                | Gateway (readonly) server listening on /ip4/127.0.0.1/tcp/8080
ipfs                | Daemon is ready
service             | Connected to IPFS daemon...
service             | Connected to bootstrap peer...
service             | Received bootstrap peer id: 12D3KooWKT9h7BDgQfbw8vR4k4UBd9jeDh1NNzSKX6LzwVXtYrgf
service             | /ip4/146.59.206.127/tcp/4001/p2p/12D3KooWKT9h7BDgQfbw8vR4k4UBd9jeDh1NNzSKX6LzwVXtYrgf
service             | INFO:     Started server process [1]
service             | INFO:     Waiting for application startup.
service             | INFO:     Application startup complete.
service             | INFO:     Uvicorn running on http://127.0.0.1:8000 (Press CTRL+C to quit)
service             | INFO:     127.0.0.1:49704 - "GET /download/?file_path=%2Ftmp%2Ffiles%2F64KB_1 HTTP/1.1" 200 OK
service             | INFO:     127.0.0.1:49704 - "GET /metrics/ HTTP/1.1" 200 OK
service             | INFO:     127.0.0.1:49706 - "GET /download/?file_path=%2Ftmp%2Ffiles%2F64KB_2 HTTP/1.1" 200 OK
service             | INFO:     127.0.0.1:49706 - "GET /metrics/ HTTP/1.1" 200 OK
service             | INFO:     127.0.0.1:49710 - "GET /download/?file_path=%2Ftmp%2Ffiles%2F64KB_3 HTTP/1.1" 200 OK
service             | INFO:     127.0.0.1:49710 - "GET /metrics/ HTTP/1.1" 200 OK
service             | INFO:     127.0.0.1:49714 - "GET /download/?file_path=%2Ftmp%2Ffiles%2F64KB_4 HTTP/1.1" 200 OK
service             | INFO:     127.0.0.1:49714 - "GET /metrics/ HTTP/1.1" 200 OK
service             | INFO:     127.0.0.1:49720 - "GET /download/?file_path=%2Ftmp%2Ffiles%2F64KB_5 HTTP/1.1" 200 OK
service             | INFO:     127.0.0.1:49720 - "GET /metrics/ HTTP/1.1" 200 OK
service             | INFO:     127.0.0.1:49724 - "GET /download/?file_path=%2Ftmp%2Ffiles%2F64KB_6 HTTP/1.1" 200 OK
service             | INFO:     127.0.0.1:49724 - "GET /metrics/ HTTP/1.1" 200 OK
service             | INFO:     127.0.0.1:49728 - "GET /download/?file_path=%2Ftmp%2Ffiles%2F64KB_7 HTTP/1.1" 200 OK
service             | INFO:     127.0.0.1:49728 - "GET /metrics/ HTTP/1.1" 200 OK
service             | INFO:     127.0.0.1:49732 - "GET /download/?file_path=%2Ftmp%2Ffiles%2F64KB_8 HTTP/1.1" 200 OK
service             | INFO:     127.0.0.1:49732 - "GET /metrics/ HTTP/1.1" 200 OK
service             | INFO:     127.0.0.1:49736 - "GET /download/?file_path=%2Ftmp%2Ffiles%2F64KB_9 HTTP/1.1" 200 OK
service             | INFO:     127.0.0.1:49736 - "GET /metrics/ HTTP/1.1" 200 OK
service             | INFO:     127.0.0.1:49740 - "GET /download/?file_path=%2Ftmp%2Ffiles%2F64KB_10 HTTP/1.1" 200 OK
service             | INFO:     127.0.0.1:49740 - "GET /metrics/ HTTP/1.1" 200 OK
client              | 14:33.49: Connecting to download script runner
client              | 14:33.49: Waiting for finish upload signal
client              | 14:38.50: Starting 64KB benchmark
client              | 14:38.50: Creating client interface
client              | 14:38.50: Preparing run 1
client              | 14:38.50: Download file name is /tmp/files/64KB_1
client              | 14:38.50: Running garbage collector
client              | 14:38.50: Sleeping for 30.0 seconds
client              | 14:39.20: Starting
client              | 14:39.21: Finished
client              | 14:39.21: Collecting metrics from service
client              | 14:39.21: Deleting downloaded file /tmp/files/64KB_1
client              | 14:39.21: Ending run 1
client              | 14:39.21: Preparing run 2
client              | 14:39.21: Download file name is /tmp/files/64KB_2
client              | 14:39.21: Running garbage collector
client              | 14:39.21: Sleeping for 30.0 seconds
client              | 14:39.51: Starting
client              | 14:39.51: Finished
client              | 14:39.51: Collecting metrics from service
client              | 14:39.51: Deleting downloaded file /tmp/files/64KB_2
client              | 14:39.51: Ending run 2
client              | 14:39.51: Preparing run 3
client              | 14:39.51: Download file name is /tmp/files/64KB_3
client              | 14:39.51: Running garbage collector
client              | 14:39.51: Sleeping for 30.0 seconds
client              | 14:40.21: Starting
client              | 14:40.21: Finished
client              | 14:40.21: Collecting metrics from service
client              | 14:40.21: Deleting downloaded file /tmp/files/64KB_3
client              | 14:40.21: Ending run 3
client              | 14:40.21: Preparing run 4
client              | 14:40.21: Download file name is /tmp/files/64KB_4
client              | 14:40.21: Running garbage collector
client              | 14:40.21: Sleeping for 30.0 seconds
client              | 14:40.51: Starting
client              | 14:40.51: Finished
client              | 14:40.51: Collecting metrics from service
client              | 14:40.51: Deleting downloaded file /tmp/files/64KB_4
client              | 14:40.51: Ending run 4
client              | 14:40.51: Preparing run 5
client              | 14:40.51: Download file name is /tmp/files/64KB_5
client              | 14:40.51: Running garbage collector
client              | 14:40.51: Sleeping for 30.0 seconds
client              | 14:41.21: Starting
client              | 14:41.21: Finished
client              | 14:41.21: Collecting metrics from service
client              | 14:41.21: Deleting downloaded file /tmp/files/64KB_5
client              | 14:41.21: Ending run 5
client              | 14:41.21: Preparing run 6
client              | 14:41.21: Download file name is /tmp/files/64KB_6
client              | 14:41.21: Running garbage collector
client              | 14:41.21: Sleeping for 30.0 seconds
client              | 14:41.51: Starting
client              | 14:41.51: Finished
client              | 14:41.51: Collecting metrics from service
client              | 14:41.51: Deleting downloaded file /tmp/files/64KB_6
client              | 14:41.51: Ending run 6
client              | 14:41.51: Preparing run 7
client              | 14:41.51: Download file name is /tmp/files/64KB_7
client              | 14:41.51: Running garbage collector
client              | 14:41.51: Sleeping for 30.0 seconds
client              | 14:42.21: Starting
client              | 14:42.21: Finished
client              | 14:42.21: Collecting metrics from service
client              | 14:42.21: Deleting downloaded file /tmp/files/64KB_7
client              | 14:42.21: Ending run 7
client              | 14:42.21: Preparing run 8
client              | 14:42.21: Download file name is /tmp/files/64KB_8
client              | 14:42.21: Running garbage collector
client              | 14:42.21: Sleeping for 30.0 seconds
client              | 14:42.51: Starting
client              | 14:42.51: Finished
client              | 14:42.51: Collecting metrics from service
client              | 14:42.51: Deleting downloaded file /tmp/files/64KB_8
client              | 14:42.51: Ending run 8
client              | 14:42.51: Preparing run 9
client              | 14:42.51: Download file name is /tmp/files/64KB_9
client              | 14:42.51: Running garbage collector
client              | 14:42.51: Sleeping for 30.0 seconds
client              | 14:43.21: Starting
client              | 14:43.21: Finished
client              | 14:43.21: Collecting metrics from service
client              | 14:43.21: Deleting downloaded file /tmp/files/64KB_9
client              | 14:43.21: Ending run 9
client              | 14:43.21: Preparing run 10
client              | 14:43.21: Download file name is /tmp/files/64KB_10
client              | 14:43.21: Running garbage collector
client              | 14:43.21: Sleeping for 30.0 seconds
client              | 14:43.51: Starting
client              | 14:43.51: Finished
client              | 14:43.51: Collecting metrics from service
client              | 14:43.51: Deleting downloaded file /tmp/files/64KB_10
client              | 14:43.51: Ending run 10
client              | 14:43.51: Writing metrics file
client              | 14:43.51: Send finished download signal
client exited with code 0
Stopping ipfs    ... 
Stopping service ... 
Stopping ipfs    ... done
Stopping service ... done
Aborting on container exit...
Removing client  ... 
Removing ipfs    ... 
Removing service ... 
Removing ipfs    ... done
Removing service ... done
Removing client  ... done
WARNING! This will remove all local volumes not used by at least one container.
Are you sure you want to continue? [y/N] Deleted Volumes:
21a327a7f7474adff335ae93cbc26d8cff2171c199a8aa81f1722dbcb1453933

Total reclaimed space: 776.9kB
