Time start: 2022-03-19 17:25:06
Time end: 2022-03-19 18:30:48
Duration: 1:05:42.223113

Platform: Linux-5.4.0-99-generic-x86_64-with-glibc2.29
Name: lfw-ds001-i047
Release: #112-Ubuntu SMP Thu Feb 3 13:50:55 UTC 2022

Compose file: transfer_ipfs_upload_setup.yml
Script: performance/transfer_ipfs_upload.py
Environment vars:
SCRIPT: performance/transfer_ipfs_upload.py
FILE_SIZE: 6442450944
RUN_COUNT: 10
INTERVAL_SECONDS: 30

WARNING! This will remove all stopped containers.
Are you sure you want to continue? [y/N] Total reclaimed space: 0B
Creating service ... 
Creating ipfs    ... 
Creating client  ... 
Creating service ... done
Creating ipfs    ... done
Creating client  ... done
Attaching to service, ipfs, client
ipfs                | Changing user to ipfs
ipfs                | ipfs version 0.7.0
ipfs                | Initializing IPFS with --empty-repo, --profile=badgerds
ipfs                | generating ED25519 keypair...done
ipfs                | peer identity: 12D3KooWP9dQqGf6cPwaBwV7YHPPCy64chBvKQ91jxMkCqer9YxE
ipfs                | initializing IPFS node at /data/ipfs
ipfs                | Removing default bootstrap nodes...
ipfs                | removed /dnsaddr/bootstrap.libp2p.io/p2p/QmNnooDu7bfjPFoTZYxMNLWUQJyrVwtbZg5gBMjTezGAJN
ipfs                | removed /dnsaddr/bootstrap.libp2p.io/p2p/QmQCU2EcMqAqQPR2i9bChDtGNJchTbq5TbXJJ16u19uLTa
ipfs                | removed /dnsaddr/bootstrap.libp2p.io/p2p/QmbLHAnMoJPWSCR5Zhtx6BHJX9KiKNN6tpvbUcqanj75Nb
ipfs                | removed /dnsaddr/bootstrap.libp2p.io/p2p/QmcZf59bWwK5XFi76CZX8cbJ4BhTzzA3gU1ZjYZcYW3dwt
ipfs                | removed /ip4/104.131.131.82/tcp/4001/p2p/QmaCpDMGvV2BGHeYERUEnRQAwe3N8SzbUtfsmvsqQLuvuJ
ipfs                | removed /ip4/104.131.131.82/udp/4001/quic/p2p/QmaCpDMGvV2BGHeYERUEnRQAwe3N8SzbUtfsmvsqQLuvuJ
ipfs                | Initializing daemon...
ipfs                | go-ipfs version: 0.7.0-ea77213
ipfs                | Repo version: 10
ipfs                | System version: amd64/linux
ipfs                | Golang version: go1.14.4
ipfs                | Swarm is limited to private network of peers with the swarm key
ipfs                | Swarm key fingerprint: c53fe9fc1c8eac4230853d5efb58f0a0
ipfs                | Swarm listening on /ip4/10.23.89.104/tcp/4001
ipfs                | Swarm listening on /ip4/127.0.0.1/tcp/4001
ipfs                | Swarm listening on /ip4/146.59.206.127/tcp/4001
ipfs                | Swarm listening on /ip4/172.17.0.1/tcp/4001
ipfs                | Swarm listening on /ip6/::1/tcp/4001
ipfs                | Swarm listening on /p2p-circuit
ipfs                | Swarm announcing /ip4/127.0.0.1/tcp/4001
ipfs                | Swarm announcing /ip4/146.59.206.127/tcp/4001
ipfs                | Swarm announcing /ip6/::1/tcp/4001
ipfs                | API server listening on /ip4/127.0.0.1/tcp/5001
ipfs                | WebUI: http://127.0.0.1:5001/webui
ipfs                | Gateway (readonly) server listening on /ip4/127.0.0.1/tcp/8080
ipfs                | Daemon is ready
service             | Connected to IPFS daemon...
service             | Could not contact peer to acquire bootstrap peer ID
service             | [Errno 111] Connection refused
service             | Connected to bootstrap peer...New bootstrapping peer joined
service             | Send my peer ID: 12D3KooWP9dQqGf6cPwaBwV7YHPPCy64chBvKQ91jxMkCqer9YxE
service             | 
service             | Received bootstrap peer id: 12D3KooWP9dQqGf6cPwaBwV7YHPPCy64chBvKQ91jxMkCqer9YxE
service             | I am the bootstrap peer
service             | Could not publish files...
service             | failed to find any peer in table
service             | INFO:     Started server process [1]
service             | INFO:     Waiting for application startup.
service             | INFO:     Application startup complete.
service             | INFO:     Uvicorn running on http://127.0.0.1:8000 (Press CTRL+C to quit)
service             | New bootstrapping peer joined
service             | Send my peer ID: 12D3KooWP9dQqGf6cPwaBwV7YHPPCy64chBvKQ91jxMkCqer9YxE
service             | INFO:     127.0.0.1:59278 - "PUT /upload/?file_path=%2Ftmp%2Ffiles%2F6144MB_1 HTTP/1.1" 200 OK
service             | INFO:     127.0.0.1:59278 - "GET /metrics/ HTTP/1.1" 200 OK
service             | INFO:     127.0.0.1:59284 - "PUT /upload/?file_path=%2Ftmp%2Ffiles%2F6144MB_2 HTTP/1.1" 200 OK
service             | INFO:     127.0.0.1:59284 - "GET /metrics/ HTTP/1.1" 200 OK
service             | INFO:     127.0.0.1:59288 - "PUT /upload/?file_path=%2Ftmp%2Ffiles%2F6144MB_3 HTTP/1.1" 200 OK
service             | INFO:     127.0.0.1:59288 - "GET /metrics/ HTTP/1.1" 200 OK
service             | INFO:     127.0.0.1:59290 - "PUT /upload/?file_path=%2Ftmp%2Ffiles%2F6144MB_4 HTTP/1.1" 200 OK
service             | INFO:     127.0.0.1:59290 - "GET /metrics/ HTTP/1.1" 200 OK
service             | INFO:     127.0.0.1:59292 - "PUT /upload/?file_path=%2Ftmp%2Ffiles%2F6144MB_5 HTTP/1.1" 200 OK
service             | INFO:     127.0.0.1:59292 - "GET /metrics/ HTTP/1.1" 200 OK
service             | INFO:     127.0.0.1:59294 - "PUT /upload/?file_path=%2Ftmp%2Ffiles%2F6144MB_6 HTTP/1.1" 200 OK
service             | INFO:     127.0.0.1:59294 - "GET /metrics/ HTTP/1.1" 200 OK
service             | INFO:     127.0.0.1:59296 - "PUT /upload/?file_path=%2Ftmp%2Ffiles%2F6144MB_7 HTTP/1.1" 200 OK
service             | INFO:     127.0.0.1:59296 - "GET /metrics/ HTTP/1.1" 200 OK
service             | INFO:     127.0.0.1:59300 - "PUT /upload/?file_path=%2Ftmp%2Ffiles%2F6144MB_8 HTTP/1.1" 200 OK
service             | INFO:     127.0.0.1:59300 - "GET /metrics/ HTTP/1.1" 200 OK
service             | INFO:     127.0.0.1:59304 - "PUT /upload/?file_path=%2Ftmp%2Ffiles%2F6144MB_9 HTTP/1.1" 200 OK
service             | INFO:     127.0.0.1:59304 - "GET /metrics/ HTTP/1.1" 200 OK
service             | INFO:     127.0.0.1:59308 - "PUT /upload/?file_path=%2Ftmp%2Ffiles%2F6144MB_10 HTTP/1.1" 200 OK
service             | INFO:     127.0.0.1:59308 - "GET /metrics/ HTTP/1.1" 200 OK
client              | 17:25.12: Connecting to IPFS daemon
client              | 17:25.12: Connected to IPFS daemon, peer ID is 12D3KooWP9dQqGf6cPwaBwV7YHPPCy64chBvKQ91jxMkCqer9YxE
client              | 17:25.12: Connecting to upload script runner
client              | 17:25.12: Sending peer ID
client              | 17:25.12: Waiting for signal to start downloading
client              | 17:25.18: Starting 6144MB benchmark
client              | 17:25.18: Creating client interface
client              | 17:25.18: Preparing run 1
client              | 17:25.18: Creating file /tmp/files/6144MB_1
client              | 17:26.12: Running garbage collector
client              | 17:26.12: Sleeping for 30.0 seconds
client              | 17:26.42: Starting
client              | 17:27.23: Finished
client              | 17:27.23: Collecting metrics from service
client              | 17:27.23: Deleting created file /tmp/files/6144MB_1
client              | 17:27.24: Ending run 1
client              | 17:27.24: Preparing run 2
client              | 17:27.24: Creating file /tmp/files/6144MB_2
client              | 17:28.14: Running garbage collector
client              | 17:28.14: Sleeping for 30.0 seconds
client              | 17:28.44: Starting
client              | 17:29.27: Finished
client              | 17:29.27: Collecting metrics from service
client              | 17:29.27: Deleting created file /tmp/files/6144MB_2
client              | 17:29.27: Ending run 2
client              | 17:29.27: Preparing run 3
client              | 17:29.27: Creating file /tmp/files/6144MB_3
client              | 17:30.18: Running garbage collector
client              | 17:30.18: Sleeping for 30.0 seconds
client              | 17:30.48: Starting
client              | 17:31.30: Finished
client              | 17:31.30: Collecting metrics from service
client              | 17:31.30: Deleting created file /tmp/files/6144MB_3
client              | 17:31.30: Ending run 3
client              | 17:31.30: Preparing run 4
client              | 17:31.30: Creating file /tmp/files/6144MB_4
client              | 17:32.20: Running garbage collector
client              | 17:32.20: Sleeping for 30.0 seconds
client              | 17:32.50: Starting
client              | 17:33.31: Finished
client              | 17:33.31: Collecting metrics from service
client              | 17:33.31: Deleting created file /tmp/files/6144MB_4
client              | 17:33.32: Ending run 4
client              | 17:33.32: Preparing run 5
client              | 17:33.32: Creating file /tmp/files/6144MB_5
client              | 17:34.22: Running garbage collector
client              | 17:34.22: Sleeping for 30.0 seconds
client              | 17:34.52: Starting
client              | 17:35.34: Finished
client              | 17:35.34: Collecting metrics from service
client              | 17:35.34: Deleting created file /tmp/files/6144MB_5
client              | 17:35.35: Ending run 5
client              | 17:35.35: Preparing run 6
client              | 17:35.35: Creating file /tmp/files/6144MB_6
client              | 17:36.25: Running garbage collector
client              | 17:36.25: Sleeping for 30.0 seconds
client              | 17:36.55: Starting
client              | 17:37.38: Finished
client              | 17:37.38: Collecting metrics from service
client              | 17:37.38: Deleting created file /tmp/files/6144MB_6
client              | 17:37.39: Ending run 6
client              | 17:37.39: Preparing run 7
client              | 17:37.39: Creating file /tmp/files/6144MB_7
client              | 17:38.29: Running garbage collector
client              | 17:38.29: Sleeping for 30.0 seconds
client              | 17:38.59: Starting
client              | 17:39.43: Finished
client              | 17:39.43: Collecting metrics from service
client              | 17:39.43: Deleting created file /tmp/files/6144MB_7
client              | 17:39.43: Ending run 7
client              | 17:39.43: Preparing run 8
client              | 17:39.43: Creating file /tmp/files/6144MB_8
client              | 17:40.36: Running garbage collector
client              | 17:40.36: Sleeping for 30.0 seconds
client              | 17:41.06: Starting
client              | 17:41.50: Finished
client              | 17:41.50: Collecting metrics from service
client              | 17:41.50: Deleting created file /tmp/files/6144MB_8
client              | 17:41.51: Ending run 8
client              | 17:41.51: Preparing run 9
client              | 17:41.51: Creating file /tmp/files/6144MB_9
client              | 17:42.42: Running garbage collector
client              | 17:42.42: Sleeping for 30.0 seconds
client              | 17:43.12: Starting
client              | 17:43.55: Finished
client              | 17:43.55: Collecting metrics from service
client              | 17:43.55: Deleting created file /tmp/files/6144MB_9
client              | 17:43.56: Ending run 9
client              | 17:43.56: Preparing run 10
client              | 17:43.56: Creating file /tmp/files/6144MB_10
client              | 17:44.45: Running garbage collector
client              | 17:44.45: Sleeping for 30.0 seconds
client              | 17:45.15: Starting
client              | 17:45.58: Finished
client              | 17:45.58: Collecting metrics from service
client              | 17:45.58: Deleting created file /tmp/files/6144MB_10
client              | 17:45.58: Ending run 10
client              | 17:45.58: Writing metrics file
client              | 17:45.58: Sending upload finished signal
client              | 17:45.58: Waiting for download finished signal
client exited with code 0
Stopping ipfs    ... 
Stopping service ... 
Stopping ipfs    ... done
Stopping service ... done
Aborting on container exit...
Removing ipfs    ... 
Removing client  ... 
Removing service ... 
Removing ipfs    ... done
Removing client  ... done
Removing service ... done
WARNING! This will remove all local volumes not used by at least one container.
Are you sure you want to continue? [y/N] Deleted Volumes:
dd2df31414bca85b7c25cf3c65507468daff1c72d92b693d7c5b09edf6b66e27

Total reclaimed space: 64.65GB
