Time start: 2022-03-19 15:05:00
Time end: 2022-03-19 15:15:21
Duration: 0:10:21.448610

Platform: Linux-5.4.0-99-generic-x86_64-with-glibc2.29
Name: lfw-ds001-i048
Release: #112-Ubuntu SMP Thu Feb 3 13:50:55 UTC 2022

Compose file: transfer_ipfs_download_setup.yml
Script: performance/transfer_ipfs_download.py
Environment vars:
SCRIPT: performance/transfer_ipfs_download.py
PEER_ID: 12D3KooWKnHcHMpbdDrLAWwd2o1xz8w5aXd13GZBrERXF6bMGYKL
BOOT_ADDRESS: 146.59.206.127
FILE_SIZE: 4194304
RUN_COUNT: 10
INTERVAL_SECONDS: 30

WARNING! This will remove all stopped containers.
Are you sure you want to continue? [y/N] Total reclaimed space: 0B
Creating service ... 
Creating client  ... 
Creating ipfs    ... 
Creating ipfs    ... done
Creating service ... done
Creating client  ... done
Attaching to ipfs, service, client
ipfs                | Changing user to ipfs
ipfs                | ipfs version 0.7.0
ipfs                | Initializing IPFS with --empty-repo, --profile=badgerds
ipfs                | generating ED25519 keypair...done
ipfs                | peer identity: 12D3KooWQzXg7YGuX5wgrFJCyMP5rQMFBEtE5BC4hh9DPGN2Q5Dr
ipfs                | initializing IPFS node at /data/ipfs
ipfs                | Removing default bootstrap nodes...
ipfs                | removed /dnsaddr/bootstrap.libp2p.io/p2p/QmNnooDu7bfjPFoTZYxMNLWUQJyrVwtbZg5gBMjTezGAJN
ipfs                | removed /dnsaddr/bootstrap.libp2p.io/p2p/QmQCU2EcMqAqQPR2i9bChDtGNJchTbq5TbXJJ16u19uLTa
ipfs                | removed /dnsaddr/bootstrap.libp2p.io/p2p/QmbLHAnMoJPWSCR5Zhtx6BHJX9KiKNN6tpvbUcqanj75Nb
ipfs                | removed /dnsaddr/bootstrap.libp2p.io/p2p/QmcZf59bWwK5XFi76CZX8cbJ4BhTzzA3gU1ZjYZcYW3dwt
ipfs                | removed /ip4/104.131.131.82/tcp/4001/p2p/QmaCpDMGvV2BGHeYERUEnRQAwe3N8SzbUtfsmvsqQLuvuJ
ipfs                | removed /ip4/104.131.131.82/udp/4001/quic/p2p/QmaCpDMGvV2BGHeYERUEnRQAwe3N8SzbUtfsmvsqQLuvuJ
ipfs                | added /ip4/146.59.206.127/tcp/4001/p2p/12D3KooWKnHcHMpbdDrLAWwd2o1xz8w5aXd13GZBrERXF6bMGYKL
ipfs                | Initializing daemon...
ipfs                | go-ipfs version: 0.7.0-ea77213
ipfs                | Repo version: 10
ipfs                | System version: amd64/linux
ipfs                | Golang version: go1.14.4
ipfs                | Swarm is limited to private network of peers with the swarm key
ipfs                | Swarm key fingerprint: c53fe9fc1c8eac4230853d5efb58f0a0
ipfs                | Swarm listening on /ip4/10.23.85.210/tcp/4001
ipfs                | Swarm listening on /ip4/127.0.0.1/tcp/4001
ipfs                | Swarm listening on /ip4/152.228.166.247/tcp/4001
ipfs                | Swarm listening on /ip4/172.17.0.1/tcp/4001
ipfs                | Swarm listening on /ip6/::1/tcp/4001
ipfs                | Swarm listening on /p2p-circuit
ipfs                | Swarm announcing /ip4/127.0.0.1/tcp/4001
ipfs                | Swarm announcing /ip4/152.228.166.247/tcp/4001
ipfs                | Swarm announcing /ip6/::1/tcp/4001
ipfs                | API server listening on /ip4/127.0.0.1/tcp/5001
ipfs                | WebUI: http://127.0.0.1:5001/webui
ipfs                | Gateway (readonly) server listening on /ip4/127.0.0.1/tcp/8080
ipfs                | Daemon is ready
service             | Connected to IPFS daemon...
service             | Connected to bootstrap peer...
service             | Received bootstrap peer id: 12D3KooWKnHcHMpbdDrLAWwd2o1xz8w5aXd13GZBrERXF6bMGYKL
service             | /ip4/146.59.206.127/tcp/4001/p2p/12D3KooWKnHcHMpbdDrLAWwd2o1xz8w5aXd13GZBrERXF6bMGYKL
service             | INFO:     Started server process [1]
service             | INFO:     Waiting for application startup.
service             | INFO:     Application startup complete.
service             | INFO:     Uvicorn running on http://127.0.0.1:8000 (Press CTRL+C to quit)
service             | INFO:     127.0.0.1:49876 - "GET /download/?file_path=%2Ftmp%2Ffiles%2F4MB_1 HTTP/1.1" 200 OK
service             | INFO:     127.0.0.1:49876 - "GET /metrics/ HTTP/1.1" 200 OK
service             | INFO:     127.0.0.1:49878 - "GET /download/?file_path=%2Ftmp%2Ffiles%2F4MB_2 HTTP/1.1" 200 OK
service             | INFO:     127.0.0.1:49878 - "GET /metrics/ HTTP/1.1" 200 OK
service             | INFO:     127.0.0.1:49884 - "GET /download/?file_path=%2Ftmp%2Ffiles%2F4MB_3 HTTP/1.1" 200 OK
service             | INFO:     127.0.0.1:49884 - "GET /metrics/ HTTP/1.1" 200 OK
service             | INFO:     127.0.0.1:49888 - "GET /download/?file_path=%2Ftmp%2Ffiles%2F4MB_4 HTTP/1.1" 200 OK
service             | INFO:     127.0.0.1:49888 - "GET /metrics/ HTTP/1.1" 200 OK
service             | INFO:     127.0.0.1:49892 - "GET /download/?file_path=%2Ftmp%2Ffiles%2F4MB_5 HTTP/1.1" 200 OK
service             | INFO:     127.0.0.1:49892 - "GET /metrics/ HTTP/1.1" 200 OK
service             | INFO:     127.0.0.1:49898 - "GET /download/?file_path=%2Ftmp%2Ffiles%2F4MB_6 HTTP/1.1" 200 OK
service             | INFO:     127.0.0.1:49898 - "GET /metrics/ HTTP/1.1" 200 OK
service             | INFO:     127.0.0.1:49902 - "GET /download/?file_path=%2Ftmp%2Ffiles%2F4MB_7 HTTP/1.1" 200 OK
service             | INFO:     127.0.0.1:49902 - "GET /metrics/ HTTP/1.1" 200 OK
service             | INFO:     127.0.0.1:49906 - "GET /download/?file_path=%2Ftmp%2Ffiles%2F4MB_8 HTTP/1.1" 200 OK
service             | INFO:     127.0.0.1:49906 - "GET /metrics/ HTTP/1.1" 200 OK
service             | INFO:     127.0.0.1:49912 - "GET /download/?file_path=%2Ftmp%2Ffiles%2F4MB_9 HTTP/1.1" 200 OK
service             | INFO:     127.0.0.1:49912 - "GET /metrics/ HTTP/1.1" 200 OK
service             | INFO:     127.0.0.1:49918 - "GET /download/?file_path=%2Ftmp%2Ffiles%2F4MB_10 HTTP/1.1" 200 OK
service             | INFO:     127.0.0.1:49918 - "GET /metrics/ HTTP/1.1" 200 OK
client              | 15:05.06: Connecting to download script runner
client              | 15:05.06: Waiting for finish upload signal
client              | 15:10.08: Starting 4MB benchmark
client              | 15:10.08: Creating client interface
client              | 15:10.08: Preparing run 1
client              | 15:10.08: Download file name is /tmp/files/4MB_1
client              | 15:10.08: Running garbage collector
client              | 15:10.08: Sleeping for 30.0 seconds
client              | 15:10.38: Starting
client              | 15:10.38: Finished
client              | 15:10.38: Collecting metrics from service
client              | 15:10.38: Deleting downloaded file /tmp/files/4MB_1
client              | 15:10.38: Ending run 1
client              | 15:10.38: Preparing run 2
client              | 15:10.38: Download file name is /tmp/files/4MB_2
client              | 15:10.38: Running garbage collector
client              | 15:10.38: Sleeping for 30.0 seconds
client              | 15:11.08: Starting
client              | 15:11.08: Finished
client              | 15:11.08: Collecting metrics from service
client              | 15:11.08: Deleting downloaded file /tmp/files/4MB_2
client              | 15:11.08: Ending run 2
client              | 15:11.08: Preparing run 3
client              | 15:11.08: Download file name is /tmp/files/4MB_3
client              | 15:11.08: Running garbage collector
client              | 15:11.08: Sleeping for 30.0 seconds
client              | 15:11.38: Starting
client              | 15:11.39: Finished
client              | 15:11.39: Collecting metrics from service
client              | 15:11.39: Deleting downloaded file /tmp/files/4MB_3
client              | 15:11.39: Ending run 3
client              | 15:11.39: Preparing run 4
client              | 15:11.39: Download file name is /tmp/files/4MB_4
client              | 15:11.39: Running garbage collector
client              | 15:11.39: Sleeping for 30.0 seconds
client              | 15:12.09: Starting
client              | 15:12.09: Finished
client              | 15:12.09: Collecting metrics from service
client              | 15:12.09: Deleting downloaded file /tmp/files/4MB_4
client              | 15:12.09: Ending run 4
client              | 15:12.09: Preparing run 5
client              | 15:12.09: Download file name is /tmp/files/4MB_5
client              | 15:12.09: Running garbage collector
client              | 15:12.09: Sleeping for 30.0 seconds
client              | 15:12.39: Starting
client              | 15:12.39: Finished
client              | 15:12.39: Collecting metrics from service
client              | 15:12.39: Deleting downloaded file /tmp/files/4MB_5
client              | 15:12.39: Ending run 5
client              | 15:12.39: Preparing run 6
client              | 15:12.39: Download file name is /tmp/files/4MB_6
client              | 15:12.39: Running garbage collector
client              | 15:12.39: Sleeping for 30.0 seconds
client              | 15:13.09: Starting
client              | 15:13.09: Finished
client              | 15:13.09: Collecting metrics from service
client              | 15:13.09: Deleting downloaded file /tmp/files/4MB_6
client              | 15:13.09: Ending run 6
client              | 15:13.09: Preparing run 7
client              | 15:13.09: Download file name is /tmp/files/4MB_7
client              | 15:13.09: Running garbage collector
client              | 15:13.09: Sleeping for 30.0 seconds
client              | 15:13.39: Starting
client              | 15:13.40: Finished
client              | 15:13.40: Collecting metrics from service
client              | 15:13.40: Deleting downloaded file /tmp/files/4MB_7
client              | 15:13.40: Ending run 7
client              | 15:13.40: Preparing run 8
client              | 15:13.40: Download file name is /tmp/files/4MB_8
client              | 15:13.40: Running garbage collector
client              | 15:13.40: Sleeping for 30.0 seconds
client              | 15:14.10: Starting
client              | 15:14.10: Finished
client              | 15:14.10: Collecting metrics from service
client              | 15:14.10: Deleting downloaded file /tmp/files/4MB_8
client              | 15:14.10: Ending run 8
client              | 15:14.10: Preparing run 9
client              | 15:14.10: Download file name is /tmp/files/4MB_9
client              | 15:14.10: Running garbage collector
client              | 15:14.10: Sleeping for 30.0 seconds
client              | 15:14.40: Starting
client              | 15:14.40: Finished
client              | 15:14.40: Collecting metrics from service
client              | 15:14.40: Deleting downloaded file /tmp/files/4MB_9
client              | 15:14.40: Ending run 9
client              | 15:14.40: Preparing run 10
client              | 15:14.40: Download file name is /tmp/files/4MB_10
client              | 15:14.40: Running garbage collector
client              | 15:14.40: Sleeping for 30.0 seconds
client              | 15:15.10: Starting
client              | 15:15.10: Finished
client              | 15:15.10: Collecting metrics from service
client              | 15:15.10: Deleting downloaded file /tmp/files/4MB_10
client              | 15:15.10: Ending run 10
client              | 15:15.10: Writing metrics file
client              | 15:15.10: Send finished download signal
client exited with code 0
Stopping ipfs    ... 
Stopping service ... 
Stopping ipfs    ... done
Stopping service ... done
Aborting on container exit...
Removing ipfs    ... 
Removing client  ... 
Removing service ... 
Removing ipfs    ... done
Removing service ... done
Removing client  ... done
WARNING! This will remove all local volumes not used by at least one container.
Are you sure you want to continue? [y/N] Deleted Volumes:
5827b2a2802ddfb01196ffe0f3762cdd3b16d48a91fe0469b8ce1d9c186b47d0

Total reclaimed space: 42.22MB
