Time start: 2022-03-19 15:37:00
Time end: 2022-03-19 15:49:38
Duration: 0:12:37.798412

Platform: Linux-5.4.0-99-generic-x86_64-with-glibc2.29
Name: lfw-ds001-i048
Release: #112-Ubuntu SMP Thu Feb 3 13:50:55 UTC 2022

Compose file: transfer_ipfs_download_setup.yml
Script: performance/transfer_ipfs_download.py
Environment vars:
SCRIPT: performance/transfer_ipfs_download.py
PEER_ID: 12D3KooW9zekVLEjnsWatn6Hv5N9KeNxik7movxdDb4pDmC3aEfZ
BOOT_ADDRESS: 146.59.206.127
FILE_SIZE: 268435456
RUN_COUNT: 10
INTERVAL_SECONDS: 30

WARNING! This will remove all stopped containers.
Are you sure you want to continue? [y/N] Total reclaimed space: 0B
Creating client ... 
Creating ipfs   ... 
Creating service ... 
Creating service ... done
Creating ipfs    ... done
Creating client  ... done
Attaching to service, ipfs, client
ipfs                | Changing user to ipfs
ipfs                | ipfs version 0.7.0
ipfs                | Initializing IPFS with --empty-repo, --profile=badgerds
ipfs                | generating ED25519 keypair...done
ipfs                | peer identity: 12D3KooWDzXpnw7JfkJnUebFHp2jrJHUgFJ6qc615cfCcRhHVcDa
ipfs                | initializing IPFS node at /data/ipfs
ipfs                | Removing default bootstrap nodes...
ipfs                | removed /dnsaddr/bootstrap.libp2p.io/p2p/QmNnooDu7bfjPFoTZYxMNLWUQJyrVwtbZg5gBMjTezGAJN
ipfs                | removed /dnsaddr/bootstrap.libp2p.io/p2p/QmQCU2EcMqAqQPR2i9bChDtGNJchTbq5TbXJJ16u19uLTa
ipfs                | removed /dnsaddr/bootstrap.libp2p.io/p2p/QmbLHAnMoJPWSCR5Zhtx6BHJX9KiKNN6tpvbUcqanj75Nb
ipfs                | removed /dnsaddr/bootstrap.libp2p.io/p2p/QmcZf59bWwK5XFi76CZX8cbJ4BhTzzA3gU1ZjYZcYW3dwt
ipfs                | removed /ip4/104.131.131.82/tcp/4001/p2p/QmaCpDMGvV2BGHeYERUEnRQAwe3N8SzbUtfsmvsqQLuvuJ
ipfs                | removed /ip4/104.131.131.82/udp/4001/quic/p2p/QmaCpDMGvV2BGHeYERUEnRQAwe3N8SzbUtfsmvsqQLuvuJ
ipfs                | added /ip4/146.59.206.127/tcp/4001/p2p/12D3KooW9zekVLEjnsWatn6Hv5N9KeNxik7movxdDb4pDmC3aEfZ
ipfs                | Initializing daemon...
ipfs                | go-ipfs version: 0.7.0-ea77213
ipfs                | Repo version: 10
ipfs                | System version: amd64/linux
ipfs                | Golang version: go1.14.4
service             | ConnectionError: HTTPConnectionPool(host='127.0.0.1', port=5001): Max retries exceeded with url: /api/v0/version?stream-channels=true (Caused by NewConnectionError('<ipfshttpclient.requests_wrapper.HTTPConnection object at 0x7f22fa066160>: Failed to establish a new connection: [Errno 111] Connection refused'))
ipfs                | Swarm is limited to private network of peers with the swarm key
ipfs                | Swarm key fingerprint: c53fe9fc1c8eac4230853d5efb58f0a0
ipfs                | Swarm listening on /ip4/10.23.85.210/tcp/4001
ipfs                | Swarm listening on /ip4/127.0.0.1/tcp/4001
ipfs                | Swarm listening on /ip4/152.228.166.247/tcp/4001
ipfs                | Swarm listening on /ip4/172.17.0.1/tcp/4001
ipfs                | Swarm listening on /ip6/::1/tcp/4001
ipfs                | Swarm listening on /p2p-circuit
ipfs                | Swarm announcing /ip4/127.0.0.1/tcp/4001
ipfs                | Swarm announcing /ip4/152.228.166.247/tcp/4001
ipfs                | Swarm announcing /ip6/::1/tcp/4001
ipfs                | API server listening on /ip4/127.0.0.1/tcp/5001
ipfs                | WebUI: http://127.0.0.1:5001/webui
ipfs                | Gateway (readonly) server listening on /ip4/127.0.0.1/tcp/8080
ipfs                | Daemon is ready
service             | Connected to IPFS daemon...
service             | Connected to bootstrap peer...
service             | Received bootstrap peer id: 12D3KooW9zekVLEjnsWatn6Hv5N9KeNxik7movxdDb4pDmC3aEfZ
service             | /ip4/146.59.206.127/tcp/4001/p2p/12D3KooW9zekVLEjnsWatn6Hv5N9KeNxik7movxdDb4pDmC3aEfZ
service             | INFO:     Started server process [1]
service             | INFO:     Waiting for application startup.
service             | INFO:     Application startup complete.
service             | INFO:     Uvicorn running on http://127.0.0.1:8000 (Press CTRL+C to quit)
service             | INFO:     127.0.0.1:50066 - "GET /download/?file_path=%2Ftmp%2Ffiles%2F256MB_1 HTTP/1.1" 200 OK
service             | INFO:     127.0.0.1:50066 - "GET /metrics/ HTTP/1.1" 200 OK
service             | INFO:     127.0.0.1:50068 - "GET /download/?file_path=%2Ftmp%2Ffiles%2F256MB_2 HTTP/1.1" 200 OK
service             | INFO:     127.0.0.1:50068 - "GET /metrics/ HTTP/1.1" 200 OK
service             | INFO:     127.0.0.1:50072 - "GET /download/?file_path=%2Ftmp%2Ffiles%2F256MB_3 HTTP/1.1" 200 OK
service             | INFO:     127.0.0.1:50072 - "GET /metrics/ HTTP/1.1" 200 OK
service             | INFO:     127.0.0.1:50076 - "GET /download/?file_path=%2Ftmp%2Ffiles%2F256MB_4 HTTP/1.1" 200 OK
service             | INFO:     127.0.0.1:50076 - "GET /metrics/ HTTP/1.1" 200 OK
service             | INFO:     127.0.0.1:50080 - "GET /download/?file_path=%2Ftmp%2Ffiles%2F256MB_5 HTTP/1.1" 200 OK
service             | INFO:     127.0.0.1:50080 - "GET /metrics/ HTTP/1.1" 200 OK
service             | INFO:     127.0.0.1:50084 - "GET /download/?file_path=%2Ftmp%2Ffiles%2F256MB_6 HTTP/1.1" 200 OK
service             | INFO:     127.0.0.1:50084 - "GET /metrics/ HTTP/1.1" 200 OK
service             | INFO:     127.0.0.1:50088 - "GET /download/?file_path=%2Ftmp%2Ffiles%2F256MB_7 HTTP/1.1" 200 OK
service             | INFO:     127.0.0.1:50088 - "GET /metrics/ HTTP/1.1" 200 OK
service             | INFO:     127.0.0.1:50092 - "GET /download/?file_path=%2Ftmp%2Ffiles%2F256MB_8 HTTP/1.1" 200 OK
service             | INFO:     127.0.0.1:50092 - "GET /metrics/ HTTP/1.1" 200 OK
service             | INFO:     127.0.0.1:50096 - "GET /download/?file_path=%2Ftmp%2Ffiles%2F256MB_9 HTTP/1.1" 200 OK
service             | INFO:     127.0.0.1:50096 - "GET /metrics/ HTTP/1.1" 200 OK
service             | INFO:     127.0.0.1:50100 - "GET /download/?file_path=%2Ftmp%2Ffiles%2F256MB_10 HTTP/1.1" 200 OK
service             | INFO:     127.0.0.1:50100 - "GET /metrics/ HTTP/1.1" 200 OK
client              | 15:37.06: Connecting to download script runner
client              | 15:37.06: Waiting for finish upload signal
client              | 15:42.47: Starting 256MB benchmark
client              | 15:42.47: Creating client interface
client              | 15:42.47: Preparing run 1
client              | 15:42.47: Download file name is /tmp/files/256MB_1
client              | 15:42.47: Running garbage collector
client              | 15:42.47: Sleeping for 30.0 seconds
client              | 15:43.17: Starting
client              | 15:43.27: Finished
client              | 15:43.27: Collecting metrics from service
client              | 15:43.27: Deleting downloaded file /tmp/files/256MB_1
client              | 15:43.27: Ending run 1
client              | 15:43.27: Preparing run 2
client              | 15:43.27: Download file name is /tmp/files/256MB_2
client              | 15:43.27: Running garbage collector
client              | 15:43.27: Sleeping for 30.0 seconds
client              | 15:43.57: Starting
client              | 15:44.07: Finished
client              | 15:44.07: Collecting metrics from service
client              | 15:44.07: Deleting downloaded file /tmp/files/256MB_2
client              | 15:44.07: Ending run 2
client              | 15:44.07: Preparing run 3
client              | 15:44.07: Download file name is /tmp/files/256MB_3
client              | 15:44.07: Running garbage collector
client              | 15:44.07: Sleeping for 30.0 seconds
client              | 15:44.37: Starting
client              | 15:44.47: Finished
client              | 15:44.47: Collecting metrics from service
client              | 15:44.47: Deleting downloaded file /tmp/files/256MB_3
client              | 15:44.47: Ending run 3
client              | 15:44.47: Preparing run 4
client              | 15:44.47: Download file name is /tmp/files/256MB_4
client              | 15:44.47: Running garbage collector
client              | 15:44.47: Sleeping for 30.0 seconds
client              | 15:45.17: Starting
client              | 15:45.27: Finished
client              | 15:45.27: Collecting metrics from service
client              | 15:45.27: Deleting downloaded file /tmp/files/256MB_4
client              | 15:45.27: Ending run 4
client              | 15:45.27: Preparing run 5
client              | 15:45.27: Download file name is /tmp/files/256MB_5
client              | 15:45.27: Running garbage collector
client              | 15:45.27: Sleeping for 30.0 seconds
client              | 15:45.57: Starting
client              | 15:46.07: Finished
client              | 15:46.07: Collecting metrics from service
client              | 15:46.07: Deleting downloaded file /tmp/files/256MB_5
client              | 15:46.07: Ending run 5
client              | 15:46.07: Preparing run 6
client              | 15:46.07: Download file name is /tmp/files/256MB_6
client              | 15:46.07: Running garbage collector
client              | 15:46.07: Sleeping for 30.0 seconds
client              | 15:46.37: Starting
client              | 15:46.47: Finished
client              | 15:46.47: Collecting metrics from service
client              | 15:46.47: Deleting downloaded file /tmp/files/256MB_6
client              | 15:46.47: Ending run 6
client              | 15:46.47: Preparing run 7
client              | 15:46.47: Download file name is /tmp/files/256MB_7
client              | 15:46.47: Running garbage collector
client              | 15:46.47: Sleeping for 30.0 seconds
client              | 15:47.17: Starting
client              | 15:47.26: Finished
client              | 15:47.26: Collecting metrics from service
client              | 15:47.26: Deleting downloaded file /tmp/files/256MB_7
client              | 15:47.27: Ending run 7
client              | 15:47.27: Preparing run 8
client              | 15:47.27: Download file name is /tmp/files/256MB_8
client              | 15:47.27: Running garbage collector
client              | 15:47.27: Sleeping for 30.0 seconds
client              | 15:47.57: Starting
client              | 15:48.07: Finished
client              | 15:48.07: Collecting metrics from service
client              | 15:48.07: Deleting downloaded file /tmp/files/256MB_8
client              | 15:48.07: Ending run 8
client              | 15:48.07: Preparing run 9
client              | 15:48.07: Download file name is /tmp/files/256MB_9
client              | 15:48.07: Running garbage collector
client              | 15:48.07: Sleeping for 30.0 seconds
client              | 15:48.37: Starting
client              | 15:48.47: Finished
client              | 15:48.47: Collecting metrics from service
client              | 15:48.47: Deleting downloaded file /tmp/files/256MB_9
client              | 15:48.47: Ending run 9
client              | 15:48.47: Preparing run 10
client              | 15:48.47: Download file name is /tmp/files/256MB_10
client              | 15:48.47: Running garbage collector
client              | 15:48.47: Sleeping for 30.0 seconds
client              | 15:49.17: Starting
client              | 15:49.27: Finished
client              | 15:49.27: Collecting metrics from service
client              | 15:49.27: Deleting downloaded file /tmp/files/256MB_10
client              | 15:49.27: Ending run 10
client              | 15:49.27: Writing metrics file
client              | 15:49.27: Send finished download signal
client exited with code 0
Stopping service ... 
Stopping ipfs    ... 
Stopping ipfs    ... done
Stopping service ... done
Aborting on container exit...
Removing client  ... 
Removing service ... 
Removing ipfs    ... 
Removing ipfs    ... done
Removing service ... done
Removing client  ... done
WARNING! This will remove all local volumes not used by at least one container.
Are you sure you want to continue? [y/N] Deleted Volumes:
a48a763f3150d7a1ae426d42c3d4de014f1c3e76c4d80c41aa573b4f111035d2

Total reclaimed space: 2.695GB
