Time start: 2022-03-19 15:49:44
Time end: 2022-03-19 16:09:11
Duration: 0:19:27.012703

Platform: Linux-5.4.0-99-generic-x86_64-with-glibc2.29
Name: lfw-ds001-i048
Release: #112-Ubuntu SMP Thu Feb 3 13:50:55 UTC 2022

Compose file: transfer_ipfs_download_setup.yml
Script: performance/transfer_ipfs_download.py
Environment vars:
SCRIPT: performance/transfer_ipfs_download.py
PEER_ID: 12D3KooWNKW6kXGp21pSz2VAk9egK27MGsDi3owbcZFffG78bKtU
BOOT_ADDRESS: 146.59.206.127
FILE_SIZE: 1073741824
RUN_COUNT: 10
INTERVAL_SECONDS: 30

WARNING! This will remove all stopped containers.
Are you sure you want to continue? [y/N] Total reclaimed space: 0B
Creating ipfs ... 
Creating client ... 
Creating service ... 
Creating ipfs    ... done
Creating client  ... done
Creating service ... done
Attaching to ipfs, client, service
ipfs                | Changing user to ipfs
ipfs                | ipfs version 0.7.0
ipfs                | Initializing IPFS with --empty-repo, --profile=badgerds
ipfs                | generating ED25519 keypair...done
ipfs                | peer identity: 12D3KooWQ42pV6KaQDtzsADJvb9tREYY4AUN1qCfesMUGDJ4ZUof
ipfs                | initializing IPFS node at /data/ipfs
ipfs                | Removing default bootstrap nodes...
ipfs                | removed /dnsaddr/bootstrap.libp2p.io/p2p/QmNnooDu7bfjPFoTZYxMNLWUQJyrVwtbZg5gBMjTezGAJN
ipfs                | removed /dnsaddr/bootstrap.libp2p.io/p2p/QmQCU2EcMqAqQPR2i9bChDtGNJchTbq5TbXJJ16u19uLTa
ipfs                | removed /dnsaddr/bootstrap.libp2p.io/p2p/QmbLHAnMoJPWSCR5Zhtx6BHJX9KiKNN6tpvbUcqanj75Nb
ipfs                | removed /dnsaddr/bootstrap.libp2p.io/p2p/QmcZf59bWwK5XFi76CZX8cbJ4BhTzzA3gU1ZjYZcYW3dwt
ipfs                | removed /ip4/104.131.131.82/tcp/4001/p2p/QmaCpDMGvV2BGHeYERUEnRQAwe3N8SzbUtfsmvsqQLuvuJ
ipfs                | removed /ip4/104.131.131.82/udp/4001/quic/p2p/QmaCpDMGvV2BGHeYERUEnRQAwe3N8SzbUtfsmvsqQLuvuJ
ipfs                | added /ip4/146.59.206.127/tcp/4001/p2p/12D3KooWNKW6kXGp21pSz2VAk9egK27MGsDi3owbcZFffG78bKtU
ipfs                | Initializing daemon...
ipfs                | go-ipfs version: 0.7.0-ea77213
ipfs                | Repo version: 10
ipfs                | System version: amd64/linux
ipfs                | Golang version: go1.14.4
ipfs                | Swarm is limited to private network of peers with the swarm key
ipfs                | Swarm key fingerprint: c53fe9fc1c8eac4230853d5efb58f0a0
ipfs                | Swarm listening on /ip4/10.23.85.210/tcp/4001
ipfs                | Swarm listening on /ip4/127.0.0.1/tcp/4001
ipfs                | Swarm listening on /ip4/152.228.166.247/tcp/4001
ipfs                | Swarm listening on /ip4/172.17.0.1/tcp/4001
ipfs                | Swarm listening on /ip6/::1/tcp/4001
ipfs                | Swarm listening on /p2p-circuit
ipfs                | Swarm announcing /ip4/127.0.0.1/tcp/4001
ipfs                | Swarm announcing /ip4/152.228.166.247/tcp/4001
ipfs                | Swarm announcing /ip6/::1/tcp/4001
ipfs                | API server listening on /ip4/127.0.0.1/tcp/5001
ipfs                | WebUI: http://127.0.0.1:5001/webui
ipfs                | Gateway (readonly) server listening on /ip4/127.0.0.1/tcp/8080
ipfs                | Daemon is ready
service             | Connected to IPFS daemon...
service             | Connected to bootstrap peer...
service             | Received bootstrap peer id: 12D3KooWNKW6kXGp21pSz2VAk9egK27MGsDi3owbcZFffG78bKtU
service             | /ip4/146.59.206.127/tcp/4001/p2p/12D3KooWNKW6kXGp21pSz2VAk9egK27MGsDi3owbcZFffG78bKtU
service             | INFO:     Started server process [1]
service             | INFO:     Waiting for application startup.
service             | INFO:     Application startup complete.
service             | INFO:     Uvicorn running on http://127.0.0.1:8000 (Press CTRL+C to quit)
service             | INFO:     127.0.0.1:50120 - "GET /download/?file_path=%2Ftmp%2Ffiles%2F1024MB_1 HTTP/1.1" 200 OK
service             | INFO:     127.0.0.1:50120 - "GET /metrics/ HTTP/1.1" 200 OK
service             | INFO:     127.0.0.1:50122 - "GET /download/?file_path=%2Ftmp%2Ffiles%2F1024MB_2 HTTP/1.1" 200 OK
service             | INFO:     127.0.0.1:50122 - "GET /metrics/ HTTP/1.1" 200 OK
service             | INFO:     127.0.0.1:50126 - "GET /download/?file_path=%2Ftmp%2Ffiles%2F1024MB_3 HTTP/1.1" 200 OK
service             | INFO:     127.0.0.1:50126 - "GET /metrics/ HTTP/1.1" 200 OK
service             | INFO:     127.0.0.1:50130 - "GET /download/?file_path=%2Ftmp%2Ffiles%2F1024MB_4 HTTP/1.1" 200 OK
service             | INFO:     127.0.0.1:50130 - "GET /metrics/ HTTP/1.1" 200 OK
service             | INFO:     127.0.0.1:50134 - "GET /download/?file_path=%2Ftmp%2Ffiles%2F1024MB_5 HTTP/1.1" 200 OK
service             | INFO:     127.0.0.1:50134 - "GET /metrics/ HTTP/1.1" 200 OK
service             | INFO:     127.0.0.1:50138 - "GET /download/?file_path=%2Ftmp%2Ffiles%2F1024MB_6 HTTP/1.1" 200 OK
service             | INFO:     127.0.0.1:50138 - "GET /metrics/ HTTP/1.1" 200 OK
service             | INFO:     127.0.0.1:50142 - "GET /download/?file_path=%2Ftmp%2Ffiles%2F1024MB_7 HTTP/1.1" 200 OK
service             | INFO:     127.0.0.1:50142 - "GET /metrics/ HTTP/1.1" 200 OK
service             | INFO:     127.0.0.1:50146 - "GET /download/?file_path=%2Ftmp%2Ffiles%2F1024MB_8 HTTP/1.1" 200 OK
service             | INFO:     127.0.0.1:50146 - "GET /metrics/ HTTP/1.1" 200 OK
service             | INFO:     127.0.0.1:50152 - "GET /download/?file_path=%2Ftmp%2Ffiles%2F1024MB_9 HTTP/1.1" 200 OK
service             | INFO:     127.0.0.1:50152 - "GET /metrics/ HTTP/1.1" 200 OK
service             | INFO:     127.0.0.1:50158 - "GET /download/?file_path=%2Ftmp%2Ffiles%2F1024MB_10 HTTP/1.1" 200 OK
service             | INFO:     127.0.0.1:50158 - "GET /metrics/ HTTP/1.1" 200 OK
client              | 15:49.50: Connecting to download script runner
client              | 15:49.50: Waiting for finish upload signal
client              | 15:57.23: Starting 1024MB benchmark
client              | 15:57.23: Creating client interface
client              | 15:57.23: Preparing run 1
client              | 15:57.23: Download file name is /tmp/files/1024MB_1
client              | 15:57.23: Running garbage collector
client              | 15:57.23: Sleeping for 30.0 seconds
client              | 15:57.53: Starting
client              | 15:58.32: Finished
client              | 15:58.32: Collecting metrics from service
client              | 15:58.32: Deleting downloaded file /tmp/files/1024MB_1
client              | 15:58.32: Ending run 1
client              | 15:58.32: Preparing run 2
client              | 15:58.32: Download file name is /tmp/files/1024MB_2
client              | 15:58.32: Running garbage collector
client              | 15:58.32: Sleeping for 30.0 seconds
client              | 15:59.02: Starting
client              | 15:59.42: Finished
client              | 15:59.42: Collecting metrics from service
client              | 15:59.42: Deleting downloaded file /tmp/files/1024MB_2
client              | 15:59.42: Ending run 2
client              | 15:59.42: Preparing run 3
client              | 15:59.42: Download file name is /tmp/files/1024MB_3
client              | 15:59.42: Running garbage collector
client              | 15:59.42: Sleeping for 30.0 seconds
client              | 16:00.12: Starting
client              | 16:00.52: Finished
client              | 16:00.52: Collecting metrics from service
client              | 16:00.52: Deleting downloaded file /tmp/files/1024MB_3
client              | 16:00.52: Ending run 3
client              | 16:00.52: Preparing run 4
client              | 16:00.52: Download file name is /tmp/files/1024MB_4
client              | 16:00.52: Running garbage collector
client              | 16:00.52: Sleeping for 30.0 seconds
client              | 16:01.22: Starting
client              | 16:02.01: Finished
client              | 16:02.01: Collecting metrics from service
client              | 16:02.01: Deleting downloaded file /tmp/files/1024MB_4
client              | 16:02.01: Ending run 4
client              | 16:02.01: Preparing run 5
client              | 16:02.01: Download file name is /tmp/files/1024MB_5
client              | 16:02.01: Running garbage collector
client              | 16:02.01: Sleeping for 30.0 seconds
client              | 16:02.31: Starting
client              | 16:03.10: Finished
client              | 16:03.10: Collecting metrics from service
client              | 16:03.10: Deleting downloaded file /tmp/files/1024MB_5
client              | 16:03.11: Ending run 5
client              | 16:03.11: Preparing run 6
client              | 16:03.11: Download file name is /tmp/files/1024MB_6
client              | 16:03.11: Running garbage collector
client              | 16:03.11: Sleeping for 30.0 seconds
client              | 16:03.41: Starting
client              | 16:04.20: Finished
client              | 16:04.20: Collecting metrics from service
client              | 16:04.20: Deleting downloaded file /tmp/files/1024MB_6
client              | 16:04.20: Ending run 6
client              | 16:04.20: Preparing run 7
client              | 16:04.20: Download file name is /tmp/files/1024MB_7
client              | 16:04.20: Running garbage collector
client              | 16:04.20: Sleeping for 30.0 seconds
client              | 16:04.51: Starting
client              | 16:05.30: Finished
client              | 16:05.30: Collecting metrics from service
client              | 16:05.30: Deleting downloaded file /tmp/files/1024MB_7
client              | 16:05.30: Ending run 7
client              | 16:05.30: Preparing run 8
client              | 16:05.30: Download file name is /tmp/files/1024MB_8
client              | 16:05.30: Running garbage collector
client              | 16:05.30: Sleeping for 30.0 seconds
client              | 16:06.00: Starting
client              | 16:06.40: Finished
client              | 16:06.40: Collecting metrics from service
client              | 16:06.40: Deleting downloaded file /tmp/files/1024MB_8
client              | 16:06.40: Ending run 8
client              | 16:06.40: Preparing run 9
client              | 16:06.40: Download file name is /tmp/files/1024MB_9
client              | 16:06.40: Running garbage collector
client              | 16:06.40: Sleeping for 30.0 seconds
client              | 16:07.10: Starting
client              | 16:07.49: Finished
client              | 16:07.49: Collecting metrics from service
client              | 16:07.49: Deleting downloaded file /tmp/files/1024MB_9
client              | 16:07.49: Ending run 9
client              | 16:07.49: Preparing run 10
client              | 16:07.49: Download file name is /tmp/files/1024MB_10
client              | 16:07.49: Running garbage collector
client              | 16:07.49: Sleeping for 30.0 seconds
client              | 16:08.19: Starting
client              | 16:08.59: Finished
client              | 16:08.59: Collecting metrics from service
client              | 16:08.59: Deleting downloaded file /tmp/files/1024MB_10
client              | 16:08.59: Ending run 10
client              | 16:08.59: Writing metrics file
client              | 16:08.59: Send finished download signal
client exited with code 0
Stopping service ... 
Stopping ipfs    ... 
Stopping ipfs    ... done
Stopping service ... done
Aborting on container exit...
Removing client  ... 
Removing service ... 
Removing ipfs    ... 
Removing ipfs    ... done
Removing client  ... done
Removing service ... done
WARNING! This will remove all local volumes not used by at least one container.
Are you sure you want to continue? [y/N] Deleted Volumes:
4ac34b54e6976067da04a49bb7e0307cddba76193d3ca39599fb3fc0bd1ce942

Total reclaimed space: 10.78GB
