Time start: 2022-03-19 14:12:47
Time end: 2022-03-19 14:23:12
Duration: 0:10:25.013267

Platform: Linux-5.4.0-99-generic-x86_64-with-glibc2.29
Name: lfw-ds001-i047
Release: #112-Ubuntu SMP Thu Feb 3 13:50:55 UTC 2022

Compose file: transfer_ipfs_upload_setup.yml
Script: performance/transfer_ipfs_upload.py
Environment vars:
SCRIPT: performance/transfer_ipfs_upload.py
FILE_SIZE: 4096
RUN_COUNT: 10
INTERVAL_SECONDS: 30

WARNING! This will remove all stopped containers.
Are you sure you want to continue? [y/N] Total reclaimed space: 0B
Creating ipfs ... 
Creating service ... 
Creating client  ... 
Creating service ... done
Creating client  ... done
Creating ipfs    ... done
Attaching to service, client, ipfs
ipfs                | Changing user to ipfs
ipfs                | ipfs version 0.7.0
ipfs                | Initializing IPFS with --empty-repo, --profile=badgerds
ipfs                | generating ED25519 keypair...done
ipfs                | peer identity: 12D3KooWQA351QUr27VqySztrDWcBSzqJSEcBfrHNMPs32kSK6Yf
ipfs                | initializing IPFS node at /data/ipfs
ipfs                | Removing default bootstrap nodes...
ipfs                | removed /dnsaddr/bootstrap.libp2p.io/p2p/QmNnooDu7bfjPFoTZYxMNLWUQJyrVwtbZg5gBMjTezGAJN
ipfs                | removed /dnsaddr/bootstrap.libp2p.io/p2p/QmQCU2EcMqAqQPR2i9bChDtGNJchTbq5TbXJJ16u19uLTa
ipfs                | removed /dnsaddr/bootstrap.libp2p.io/p2p/QmbLHAnMoJPWSCR5Zhtx6BHJX9KiKNN6tpvbUcqanj75Nb
ipfs                | removed /dnsaddr/bootstrap.libp2p.io/p2p/QmcZf59bWwK5XFi76CZX8cbJ4BhTzzA3gU1ZjYZcYW3dwt
ipfs                | removed /ip4/104.131.131.82/tcp/4001/p2p/QmaCpDMGvV2BGHeYERUEnRQAwe3N8SzbUtfsmvsqQLuvuJ
ipfs                | removed /ip4/104.131.131.82/udp/4001/quic/p2p/QmaCpDMGvV2BGHeYERUEnRQAwe3N8SzbUtfsmvsqQLuvuJ
ipfs                | Initializing daemon...
ipfs                | go-ipfs version: 0.7.0-ea77213
ipfs                | Repo version: 10
ipfs                | System version: amd64/linux
ipfs                | Golang version: go1.14.4
ipfs                | Swarm is limited to private network of peers with the swarm key
ipfs                | Swarm key fingerprint: c53fe9fc1c8eac4230853d5efb58f0a0
ipfs                | Swarm listening on /ip4/10.23.89.104/tcp/4001
ipfs                | Swarm listening on /ip4/127.0.0.1/tcp/4001
ipfs                | Swarm listening on /ip4/146.59.206.127/tcp/4001
ipfs                | Swarm listening on /ip4/172.17.0.1/tcp/4001
ipfs                | Swarm listening on /ip6/::1/tcp/4001
ipfs                | Swarm listening on /p2p-circuit
ipfs                | Swarm announcing /ip4/127.0.0.1/tcp/4001
ipfs                | Swarm announcing /ip4/146.59.206.127/tcp/4001
ipfs                | Swarm announcing /ip6/::1/tcp/4001
ipfs                | API server listening on /ip4/127.0.0.1/tcp/5001
ipfs                | WebUI: http://127.0.0.1:5001/webui
ipfs                | Gateway (readonly) server listening on /ip4/127.0.0.1/tcp/8080
ipfs                | Daemon is ready
service             | Connected to IPFS daemon...
service             | Connected to bootstrap peer...New bootstrapping peer joined
service             | 
service             | Received bootstrap peer id: 12D3KooWQA351QUr27VqySztrDWcBSzqJSEcBfrHNMPs32kSK6YfSend my peer ID: 12D3KooWQA351QUr27VqySztrDWcBSzqJSEcBfrHNMPs32kSK6Yf
service             | 
service             | I am the bootstrap peer
service             | Could not publish files...
service             | failed to find any peer in table
service             | INFO:     Started server process [1]
service             | INFO:     Waiting for application startup.
service             | INFO:     Application startup complete.
service             | INFO:     Uvicorn running on http://127.0.0.1:8000 (Press CTRL+C to quit)
service             | New bootstrapping peer joined
service             | Send my peer ID: 12D3KooWQA351QUr27VqySztrDWcBSzqJSEcBfrHNMPs32kSK6Yf
service             | INFO:     127.0.0.1:58658 - "PUT /upload/?file_path=%2Ftmp%2Ffiles%2F4KB_1 HTTP/1.1" 200 OK
service             | INFO:     127.0.0.1:58658 - "GET /metrics/ HTTP/1.1" 200 OK
service             | INFO:     127.0.0.1:58662 - "PUT /upload/?file_path=%2Ftmp%2Ffiles%2F4KB_2 HTTP/1.1" 200 OK
service             | INFO:     127.0.0.1:58662 - "GET /metrics/ HTTP/1.1" 200 OK
service             | INFO:     127.0.0.1:58666 - "PUT /upload/?file_path=%2Ftmp%2Ffiles%2F4KB_3 HTTP/1.1" 200 OK
service             | INFO:     127.0.0.1:58666 - "GET /metrics/ HTTP/1.1" 200 OK
service             | INFO:     127.0.0.1:58670 - "PUT /upload/?file_path=%2Ftmp%2Ffiles%2F4KB_4 HTTP/1.1" 200 OK
service             | INFO:     127.0.0.1:58670 - "GET /metrics/ HTTP/1.1" 200 OK
service             | INFO:     127.0.0.1:58674 - "PUT /upload/?file_path=%2Ftmp%2Ffiles%2F4KB_5 HTTP/1.1" 200 OK
service             | INFO:     127.0.0.1:58674 - "GET /metrics/ HTTP/1.1" 200 OK
service             | INFO:     127.0.0.1:58680 - "PUT /upload/?file_path=%2Ftmp%2Ffiles%2F4KB_6 HTTP/1.1" 200 OK
service             | INFO:     127.0.0.1:58680 - "GET /metrics/ HTTP/1.1" 200 OK
service             | INFO:     127.0.0.1:58684 - "PUT /upload/?file_path=%2Ftmp%2Ffiles%2F4KB_7 HTTP/1.1" 200 OK
service             | INFO:     127.0.0.1:58684 - "GET /metrics/ HTTP/1.1" 200 OK
service             | INFO:     127.0.0.1:58690 - "PUT /upload/?file_path=%2Ftmp%2Ffiles%2F4KB_8 HTTP/1.1" 200 OK
service             | INFO:     127.0.0.1:58690 - "GET /metrics/ HTTP/1.1" 200 OK
service             | INFO:     127.0.0.1:58694 - "PUT /upload/?file_path=%2Ftmp%2Ffiles%2F4KB_9 HTTP/1.1" 200 OK
service             | INFO:     127.0.0.1:58694 - "GET /metrics/ HTTP/1.1" 200 OK
service             | INFO:     127.0.0.1:58698 - "PUT /upload/?file_path=%2Ftmp%2Ffiles%2F4KB_10 HTTP/1.1" 200 OK
service             | INFO:     127.0.0.1:58698 - "GET /metrics/ HTTP/1.1" 200 OK
client              | 14:12.53: Connecting to IPFS daemon
client              | 14:12.53: Connected to IPFS daemon, peer ID is 12D3KooWQA351QUr27VqySztrDWcBSzqJSEcBfrHNMPs32kSK6Yf
client              | 14:12.53: Connecting to upload script runner
client              | 14:12.53: Sending peer ID
client              | 14:12.53: Waiting for signal to start downloading
client              | 14:12.59: Starting 4KB benchmark
client              | 14:12.59: Creating client interface
client              | 14:12.59: Preparing run 1
client              | 14:12.59: Creating file /tmp/files/4KB_1
client              | 14:12.59: Running garbage collector
client              | 14:12.59: Sleeping for 30.0 seconds
client              | 14:13.29: Starting
client              | 14:13.29: Finished
client              | 14:13.29: Collecting metrics from service
client              | 14:13.29: Deleting created file /tmp/files/4KB_1
client              | 14:13.29: Ending run 1
client              | 14:13.29: Preparing run 2
client              | 14:13.29: Creating file /tmp/files/4KB_2
client              | 14:13.29: Running garbage collector
client              | 14:13.29: Sleeping for 30.0 seconds
client              | 14:13.59: Starting
client              | 14:13.59: Finished
client              | 14:13.59: Collecting metrics from service
client              | 14:13.59: Deleting created file /tmp/files/4KB_2
client              | 14:13.59: Ending run 2
client              | 14:13.59: Preparing run 3
client              | 14:13.59: Creating file /tmp/files/4KB_3
client              | 14:13.59: Running garbage collector
client              | 14:13.59: Sleeping for 30.0 seconds
client              | 14:14.29: Starting
client              | 14:14.29: Finished
client              | 14:14.29: Collecting metrics from service
client              | 14:14.29: Deleting created file /tmp/files/4KB_3
client              | 14:14.29: Ending run 3
client              | 14:14.29: Preparing run 4
client              | 14:14.29: Creating file /tmp/files/4KB_4
client              | 14:14.29: Running garbage collector
client              | 14:14.29: Sleeping for 30.0 seconds
client              | 14:14.59: Starting
client              | 14:14.59: Finished
client              | 14:14.59: Collecting metrics from service
client              | 14:14.59: Deleting created file /tmp/files/4KB_4
client              | 14:14.59: Ending run 4
client              | 14:14.59: Preparing run 5
client              | 14:14.59: Creating file /tmp/files/4KB_5
client              | 14:14.59: Running garbage collector
client              | 14:14.59: Sleeping for 30.0 seconds
client              | 14:15.29: Starting
client              | 14:15.29: Finished
client              | 14:15.29: Collecting metrics from service
client              | 14:15.29: Deleting created file /tmp/files/4KB_5
client              | 14:15.29: Ending run 5
client              | 14:15.29: Preparing run 6
client              | 14:15.29: Creating file /tmp/files/4KB_6
client              | 14:15.29: Running garbage collector
client              | 14:15.29: Sleeping for 30.0 seconds
client              | 14:15.59: Starting
client              | 14:15.59: Finished
client              | 14:15.59: Collecting metrics from service
client              | 14:15.59: Deleting created file /tmp/files/4KB_6
client              | 14:15.59: Ending run 6
client              | 14:15.59: Preparing run 7
client              | 14:15.59: Creating file /tmp/files/4KB_7
client              | 14:15.59: Running garbage collector
client              | 14:15.59: Sleeping for 30.0 seconds
client              | 14:16.29: Starting
client              | 14:16.29: Finished
client              | 14:16.29: Collecting metrics from service
client              | 14:16.29: Deleting created file /tmp/files/4KB_7
client              | 14:16.29: Ending run 7
client              | 14:16.29: Preparing run 8
client              | 14:16.29: Creating file /tmp/files/4KB_8
client              | 14:16.29: Running garbage collector
client              | 14:16.29: Sleeping for 30.0 seconds
client              | 14:16.59: Starting
client              | 14:16.59: Finished
client              | 14:16.59: Collecting metrics from service
client              | 14:16.59: Deleting created file /tmp/files/4KB_8
client              | 14:16.59: Ending run 8
client              | 14:16.59: Preparing run 9
client              | 14:16.59: Creating file /tmp/files/4KB_9
client              | 14:16.59: Running garbage collector
client              | 14:16.59: Sleeping for 30.0 seconds
client              | 14:17.29: Starting
client              | 14:17.30: Finished
client              | 14:17.30: Collecting metrics from service
client              | 14:17.30: Deleting created file /tmp/files/4KB_9
client              | 14:17.30: Ending run 9
client              | 14:17.30: Preparing run 10
client              | 14:17.30: Creating file /tmp/files/4KB_10
client              | 14:17.30: Running garbage collector
client              | 14:17.30: Sleeping for 30.0 seconds
client              | 14:18.00: Starting
client              | 14:18.00: Finished
client              | 14:18.00: Collecting metrics from service
client              | 14:18.00: Deleting created file /tmp/files/4KB_10
client              | 14:18.00: Ending run 10
client              | 14:18.00: Writing metrics file
client              | 14:18.00: Sending upload finished signal
client              | 14:18.00: Waiting for download finished signal
client exited with code 0
Stopping ipfs    ... 
Stopping service ... 
Stopping ipfs    ... done
Stopping service ... done
Aborting on container exit...
Removing ipfs    ... 
Removing service ... 
Removing client  ... 
Removing client  ... done
Removing ipfs    ... done
Removing service ... done
WARNING! This will remove all local volumes not used by at least one container.
Are you sure you want to continue? [y/N] Deleted Volumes:
456a8c5767794382cc79eeea4721ed2a789ffdff8db731740c6bb36f5581fb41

Total reclaimed space: 704.7kB
