Time start: 2022-03-19 16:09:17
Time end: 2022-03-19 16:37:56
Duration: 0:28:39.289545

Platform: Linux-5.4.0-99-generic-x86_64-with-glibc2.29
Name: lfw-ds001-i048
Release: #112-Ubuntu SMP Thu Feb 3 13:50:55 UTC 2022

Compose file: transfer_ipfs_download_setup.yml
Script: performance/transfer_ipfs_download.py
Environment vars:
SCRIPT: performance/transfer_ipfs_download.py
PEER_ID: 12D3KooWBXbfzwPuEHPJdJJSZYGVeRf5XAhtZrCRzsb83KvcNdbM
BOOT_ADDRESS: 146.59.206.127
FILE_SIZE: 2147483648
RUN_COUNT: 10
INTERVAL_SECONDS: 30

WARNING! This will remove all stopped containers.
Are you sure you want to continue? [y/N] Total reclaimed space: 0B
Creating ipfs ... 
Creating service ... 
Creating client  ... 
Creating client  ... done
Creating service ... done
Creating ipfs    ... done
Attaching to client, service, ipfs
ipfs                | Changing user to ipfs
ipfs                | ipfs version 0.7.0
ipfs                | Initializing IPFS with --empty-repo, --profile=badgerds
ipfs                | generating ED25519 keypair...done
ipfs                | peer identity: 12D3KooWMjLjBxu1p8cJkJFBgvurM4x8jpX1GyyFhbdhmjQsCCoB
ipfs                | initializing IPFS node at /data/ipfs
ipfs                | Removing default bootstrap nodes...
ipfs                | removed /dnsaddr/bootstrap.libp2p.io/p2p/QmNnooDu7bfjPFoTZYxMNLWUQJyrVwtbZg5gBMjTezGAJN
ipfs                | removed /dnsaddr/bootstrap.libp2p.io/p2p/QmQCU2EcMqAqQPR2i9bChDtGNJchTbq5TbXJJ16u19uLTa
ipfs                | removed /dnsaddr/bootstrap.libp2p.io/p2p/QmbLHAnMoJPWSCR5Zhtx6BHJX9KiKNN6tpvbUcqanj75Nb
ipfs                | removed /dnsaddr/bootstrap.libp2p.io/p2p/QmcZf59bWwK5XFi76CZX8cbJ4BhTzzA3gU1ZjYZcYW3dwt
ipfs                | removed /ip4/104.131.131.82/tcp/4001/p2p/QmaCpDMGvV2BGHeYERUEnRQAwe3N8SzbUtfsmvsqQLuvuJ
ipfs                | removed /ip4/104.131.131.82/udp/4001/quic/p2p/QmaCpDMGvV2BGHeYERUEnRQAwe3N8SzbUtfsmvsqQLuvuJ
ipfs                | added /ip4/146.59.206.127/tcp/4001/p2p/12D3KooWBXbfzwPuEHPJdJJSZYGVeRf5XAhtZrCRzsb83KvcNdbM
ipfs                | Initializing daemon...
ipfs                | go-ipfs version: 0.7.0-ea77213
ipfs                | Repo version: 10
ipfs                | System version: amd64/linux
ipfs                | Golang version: go1.14.4
ipfs                | Swarm is limited to private network of peers with the swarm key
ipfs                | Swarm key fingerprint: c53fe9fc1c8eac4230853d5efb58f0a0
ipfs                | Swarm listening on /ip4/10.23.85.210/tcp/4001
ipfs                | Swarm listening on /ip4/127.0.0.1/tcp/4001
ipfs                | Swarm listening on /ip4/152.228.166.247/tcp/4001
ipfs                | Swarm listening on /ip4/172.17.0.1/tcp/4001
ipfs                | Swarm listening on /ip6/::1/tcp/4001
ipfs                | Swarm listening on /p2p-circuit
ipfs                | Swarm announcing /ip4/127.0.0.1/tcp/4001
ipfs                | Swarm announcing /ip4/152.228.166.247/tcp/4001
ipfs                | Swarm announcing /ip6/::1/tcp/4001
ipfs                | API server listening on /ip4/127.0.0.1/tcp/5001
ipfs                | WebUI: http://127.0.0.1:5001/webui
ipfs                | Gateway (readonly) server listening on /ip4/127.0.0.1/tcp/8080
ipfs                | Daemon is ready
service             | Connected to IPFS daemon...
service             | Connected to bootstrap peer...
service             | Received bootstrap peer id: 12D3KooWBXbfzwPuEHPJdJJSZYGVeRf5XAhtZrCRzsb83KvcNdbM
service             | /ip4/146.59.206.127/tcp/4001/p2p/12D3KooWBXbfzwPuEHPJdJJSZYGVeRf5XAhtZrCRzsb83KvcNdbM
service             | INFO:     Started server process [1]
service             | INFO:     Waiting for application startup.
service             | INFO:     Application startup complete.
service             | INFO:     Uvicorn running on http://127.0.0.1:8000 (Press CTRL+C to quit)
service             | INFO:     127.0.0.1:50178 - "GET /download/?file_path=%2Ftmp%2Ffiles%2F2048MB_1 HTTP/1.1" 200 OK
service             | INFO:     127.0.0.1:50178 - "GET /metrics/ HTTP/1.1" 200 OK
service             | INFO:     127.0.0.1:50180 - "GET /download/?file_path=%2Ftmp%2Ffiles%2F2048MB_2 HTTP/1.1" 200 OK
service             | INFO:     127.0.0.1:50180 - "GET /metrics/ HTTP/1.1" 200 OK
service             | INFO:     127.0.0.1:50186 - "GET /download/?file_path=%2Ftmp%2Ffiles%2F2048MB_3 HTTP/1.1" 200 OK
service             | INFO:     127.0.0.1:50186 - "GET /metrics/ HTTP/1.1" 200 OK
service             | INFO:     127.0.0.1:50190 - "GET /download/?file_path=%2Ftmp%2Ffiles%2F2048MB_4 HTTP/1.1" 200 OK
service             | INFO:     127.0.0.1:50190 - "GET /metrics/ HTTP/1.1" 200 OK
service             | INFO:     127.0.0.1:50194 - "GET /download/?file_path=%2Ftmp%2Ffiles%2F2048MB_5 HTTP/1.1" 200 OK
service             | INFO:     127.0.0.1:50194 - "GET /metrics/ HTTP/1.1" 200 OK
service             | INFO:     127.0.0.1:50198 - "GET /download/?file_path=%2Ftmp%2Ffiles%2F2048MB_6 HTTP/1.1" 200 OK
service             | INFO:     127.0.0.1:50198 - "GET /metrics/ HTTP/1.1" 200 OK
service             | INFO:     127.0.0.1:50202 - "GET /download/?file_path=%2Ftmp%2Ffiles%2F2048MB_7 HTTP/1.1" 200 OK
service             | INFO:     127.0.0.1:50202 - "GET /metrics/ HTTP/1.1" 200 OK
service             | INFO:     127.0.0.1:50206 - "GET /download/?file_path=%2Ftmp%2Ffiles%2F2048MB_8 HTTP/1.1" 200 OK
service             | INFO:     127.0.0.1:50206 - "GET /metrics/ HTTP/1.1" 200 OK
service             | INFO:     127.0.0.1:50210 - "GET /download/?file_path=%2Ftmp%2Ffiles%2F2048MB_9 HTTP/1.1" 200 OK
service             | INFO:     127.0.0.1:50210 - "GET /metrics/ HTTP/1.1" 200 OK
service             | INFO:     127.0.0.1:50214 - "GET /download/?file_path=%2Ftmp%2Ffiles%2F2048MB_10 HTTP/1.1" 200 OK
service             | INFO:     127.0.0.1:50214 - "GET /metrics/ HTTP/1.1" 200 OK
client              | 16:09.23: Connecting to download script runner
client              | 16:09.23: Waiting for finish upload signal
client              | 16:19.30: Starting 2048MB benchmark
client              | 16:19.30: Creating client interface
client              | 16:19.30: Preparing run 1
client              | 16:19.30: Download file name is /tmp/files/2048MB_1
client              | 16:19.30: Running garbage collector
client              | 16:19.30: Sleeping for 30.0 seconds
client              | 16:20.00: Starting
client              | 16:21.19: Finished
client              | 16:21.19: Collecting metrics from service
client              | 16:21.19: Deleting downloaded file /tmp/files/2048MB_1
client              | 16:21.20: Ending run 1
client              | 16:21.20: Preparing run 2
client              | 16:21.20: Download file name is /tmp/files/2048MB_2
client              | 16:21.20: Running garbage collector
client              | 16:21.20: Sleeping for 30.0 seconds
client              | 16:21.50: Starting
client              | 16:23.08: Finished
client              | 16:23.08: Collecting metrics from service
client              | 16:23.08: Deleting downloaded file /tmp/files/2048MB_2
client              | 16:23.08: Ending run 2
client              | 16:23.08: Preparing run 3
client              | 16:23.08: Download file name is /tmp/files/2048MB_3
client              | 16:23.08: Running garbage collector
client              | 16:23.08: Sleeping for 30.0 seconds
client              | 16:23.38: Starting
client              | 16:24.57: Finished
client              | 16:24.57: Collecting metrics from service
client              | 16:24.57: Deleting downloaded file /tmp/files/2048MB_3
client              | 16:24.57: Ending run 3
client              | 16:24.57: Preparing run 4
client              | 16:24.57: Download file name is /tmp/files/2048MB_4
client              | 16:24.57: Running garbage collector
client              | 16:24.57: Sleeping for 30.0 seconds
client              | 16:25.27: Starting
client              | 16:26.46: Finished
client              | 16:26.46: Collecting metrics from service
client              | 16:26.46: Deleting downloaded file /tmp/files/2048MB_4
client              | 16:26.46: Ending run 4
client              | 16:26.46: Preparing run 5
client              | 16:26.46: Download file name is /tmp/files/2048MB_5
client              | 16:26.46: Running garbage collector
client              | 16:26.46: Sleeping for 30.0 seconds
client              | 16:27.16: Starting
client              | 16:28.35: Finished
client              | 16:28.35: Collecting metrics from service
client              | 16:28.35: Deleting downloaded file /tmp/files/2048MB_5
client              | 16:28.36: Ending run 5
client              | 16:28.36: Preparing run 6
client              | 16:28.36: Download file name is /tmp/files/2048MB_6
client              | 16:28.36: Running garbage collector
client              | 16:28.36: Sleeping for 30.0 seconds
client              | 16:29.06: Starting
client              | 16:30.25: Finished
client              | 16:30.25: Collecting metrics from service
client              | 16:30.25: Deleting downloaded file /tmp/files/2048MB_6
client              | 16:30.25: Ending run 6
client              | 16:30.25: Preparing run 7
client              | 16:30.25: Download file name is /tmp/files/2048MB_7
client              | 16:30.25: Running garbage collector
client              | 16:30.25: Sleeping for 30.0 seconds
client              | 16:30.55: Starting
client              | 16:32.15: Finished
client              | 16:32.15: Collecting metrics from service
client              | 16:32.15: Deleting downloaded file /tmp/files/2048MB_7
client              | 16:32.15: Ending run 7
client              | 16:32.15: Preparing run 8
client              | 16:32.15: Download file name is /tmp/files/2048MB_8
client              | 16:32.15: Running garbage collector
client              | 16:32.15: Sleeping for 30.0 seconds
client              | 16:32.45: Starting
client              | 16:34.05: Finished
client              | 16:34.05: Collecting metrics from service
client              | 16:34.05: Deleting downloaded file /tmp/files/2048MB_8
client              | 16:34.05: Ending run 8
client              | 16:34.05: Preparing run 9
client              | 16:34.05: Download file name is /tmp/files/2048MB_9
client              | 16:34.05: Running garbage collector
client              | 16:34.05: Sleeping for 30.0 seconds
client              | 16:34.35: Starting
client              | 16:35.54: Finished
client              | 16:35.54: Collecting metrics from service
client              | 16:35.54: Deleting downloaded file /tmp/files/2048MB_9
client              | 16:35.54: Ending run 9
client              | 16:35.54: Preparing run 10
client              | 16:35.54: Download file name is /tmp/files/2048MB_10
client              | 16:35.54: Running garbage collector
client              | 16:35.54: Sleeping for 30.0 seconds
client              | 16:36.24: Starting
client              | 16:37.43: Finished
client              | 16:37.43: Collecting metrics from service
client              | 16:37.43: Deleting downloaded file /tmp/files/2048MB_10
client              | 16:37.43: Ending run 10
client              | 16:37.43: Writing metrics file
client              | 16:37.43: Send finished download signal
client exited with code 0
Stopping service ... 
Stopping ipfs    ... 
Stopping ipfs    ... done
Stopping service ... done
Aborting on container exit...
Removing client  ... 
Removing service ... 
Removing ipfs    ... 
Removing service ... done
Removing ipfs    ... done
Removing client  ... done
WARNING! This will remove all local volumes not used by at least one container.
Are you sure you want to continue? [y/N] Deleted Volumes:
55d90d6d43458e87d0307e8f78ae705c2e6ecddc40dc01c22748b9d5be544aba

Total reclaimed space: 21.55GB
