Time start: 2022-04-22 18:28:26
Time end: 2022-04-22 18:30:28
Duration: 0:02:02.182674

Platform: Linux-5.4.0-99-generic-x86_64-with-glibc2.29
Name: lfw-ds001-i048
Release: #112-Ubuntu SMP Thu Feb 3 13:50:55 UTC 2022

Compose file: transfer_ftp_client_setup.yml
Script: performance/transfer_ftp_download.py
Environment vars:
SCRIPT: performance/transfer_ftp_download.py
FTP_SERVER_ADDRESS: 146.59.192.105
FILE_SIZE: 4194304
RUN_COUNT: 4
INTERVAL_SECONDS: 30

WARNING! This will remove all stopped containers.
Are you sure you want to continue? [y/N] Total reclaimed space: 0B
Creating client ... 
Creating client ... done
Attaching to client
client              | 18:28.27: Connected to FTP server at 146.59.192.105
client              | 18:28.27: Preparing run 1
client              | 18:28.27: Download file name is 4MB_1
client              | 18:28.27: Output location is /tmp/files/4MB_1
client              | 18:28.27: Running garbage collector
client              | 18:28.27: Sleeping for 30.0 seconds
client              | 18:28.57: Starting
client              | 18:28.57: Finished
client              | 18:28.57: Deleting downloaded file /tmp/files/4MB_1
client              | 18:28.57: Ending run 1
client              | 18:28.57: Preparing run 2
client              | 18:28.57: Download file name is 4MB_2
client              | 18:28.57: Output location is /tmp/files/4MB_2
client              | 18:28.57: Running garbage collector
client              | 18:28.57: Sleeping for 30.0 seconds
client              | 18:29.27: Starting
client              | 18:29.27: Finished
client              | 18:29.27: Deleting downloaded file /tmp/files/4MB_2
client              | 18:29.27: Ending run 2
client              | 18:29.27: Preparing run 3
client              | 18:29.27: Download file name is 4MB_3
client              | 18:29.27: Output location is /tmp/files/4MB_3
client              | 18:29.27: Running garbage collector
client              | 18:29.27: Sleeping for 30.0 seconds
client              | 18:29.57: Starting
client              | 18:29.57: Finished
client              | 18:29.57: Deleting downloaded file /tmp/files/4MB_3
client              | 18:29.57: Ending run 3
client              | 18:29.57: Preparing run 4
client              | 18:29.57: Download file name is 4MB_4
client              | 18:29.57: Output location is /tmp/files/4MB_4
client              | 18:29.57: Running garbage collector
client              | 18:29.57: Sleeping for 30.0 seconds
client              | 18:30.28: Starting
client              | 18:30.28: Finished
client              | 18:30.28: Deleting downloaded file /tmp/files/4MB_4
client              | 18:30.28: Ending run 4
client              | 18:30.28: Writing metrics file
client exited with code 0
Aborting on container exit...
Removing client ... 
Removing client ... done
WARNING! This will remove all local volumes not used by at least one container.
Are you sure you want to continue? [y/N] Total reclaimed space: 0B
