Time start: 2022-04-22 18:35:08
Time end: 2022-04-22 18:37:23
Duration: 0:02:14.349272

Platform: Linux-5.4.0-99-generic-x86_64-with-glibc2.29
Name: lfw-ds001-i048
Release: #112-Ubuntu SMP Thu Feb 3 13:50:55 UTC 2022

Compose file: transfer_ftp_client_setup.yml
Script: performance/transfer_ftp_upload.py
Environment vars:
SCRIPT: performance/transfer_ftp_upload.py
FTP_SERVER_ADDRESS: 146.59.192.105
FILE_SIZE: 67108864
RUN_COUNT: 4
INTERVAL_SECONDS: 30

WARNING! This will remove all stopped containers.
Are you sure you want to continue? [y/N] Total reclaimed space: 0B
Creating client ... 
Creating client ... done
Attaching to client
client              | 18:35.09: Connected to FTP server at 146.59.192.105
client              | 18:35.09: Preparing run 1
client              | 18:35.09: Creating file /tmp/files/64MB_1
client              | 18:35.10: Upload file name is 64MB_1
client              | 18:35.10: Running garbage collector
client              | 18:35.10: Sleeping for 30.0 seconds
client              | 18:35.40: Starting
client              | 18:35.42: Finished
client              | 18:35.42: Deleting created file /tmp/files/64MB_1
client              | 18:35.42: Ending run 1
client              | 18:35.42: Preparing run 2
client              | 18:35.42: Creating file /tmp/files/64MB_2
client              | 18:35.43: Upload file name is 64MB_2
client              | 18:35.43: Running garbage collector
client              | 18:35.43: Sleeping for 30.0 seconds
client              | 18:36.13: Starting
client              | 18:36.15: Finished
client              | 18:36.15: Deleting created file /tmp/files/64MB_2
client              | 18:36.15: Ending run 2
client              | 18:36.15: Preparing run 3
client              | 18:36.15: Creating file /tmp/files/64MB_3
client              | 18:36.16: Upload file name is 64MB_3
client              | 18:36.16: Running garbage collector
client              | 18:36.16: Sleeping for 30.0 seconds
client              | 18:36.46: Starting
client              | 18:36.49: Finished
client              | 18:36.49: Deleting created file /tmp/files/64MB_3
client              | 18:36.49: Ending run 3
client              | 18:36.49: Preparing run 4
client              | 18:36.49: Creating file /tmp/files/64MB_4
client              | 18:36.49: Upload file name is 64MB_4
client              | 18:36.49: Running garbage collector
client              | 18:36.49: Sleeping for 30.0 seconds
client              | 18:37.19: Starting
client              | 18:37.22: Finished
client              | 18:37.22: Deleting created file /tmp/files/64MB_4
client              | 18:37.22: Ending run 4
client              | 18:37.22: Writing metrics file
client exited with code 0
Aborting on container exit...
Removing client ... 
Removing client ... done
WARNING! This will remove all local volumes not used by at least one container.
Are you sure you want to continue? [y/N] Total reclaimed space: 0B
