Time start: 2022-04-22 18:39:49
Time end: 2022-04-22 18:42:40
Duration: 0:02:51.582079

Platform: Linux-5.4.0-99-generic-x86_64-with-glibc2.29
Name: lfw-ds001-i048
Release: #112-Ubuntu SMP Thu Feb 3 13:50:55 UTC 2022

Compose file: transfer_ftp_client_setup.yml
Script: performance/transfer_ftp_upload.py
Environment vars:
SCRIPT: performance/transfer_ftp_upload.py
FTP_SERVER_ADDRESS: 146.59.192.105
FILE_SIZE: 268435456
RUN_COUNT: 4
INTERVAL_SECONDS: 30

WARNING! This will remove all stopped containers.
Are you sure you want to continue? [y/N] Total reclaimed space: 0B
Creating client ... 
Creating client ... done
Attaching to client
client              | 18:39.50: Connected to FTP server at 146.59.192.105
client              | 18:39.50: Preparing run 1
client              | 18:39.50: Creating file /tmp/files/256MB_1
client              | 18:39.51: Upload file name is 256MB_1
client              | 18:39.51: Running garbage collector
client              | 18:39.51: Sleeping for 30.0 seconds
client              | 18:40.22: Starting
client              | 18:40.31: Finished
client              | 18:40.31: Deleting created file /tmp/files/256MB_1
client              | 18:40.31: Ending run 1
client              | 18:40.31: Preparing run 2
client              | 18:40.31: Creating file /tmp/files/256MB_2
client              | 18:40.33: Upload file name is 256MB_2
client              | 18:40.33: Running garbage collector
client              | 18:40.33: Sleeping for 30.0 seconds
client              | 18:41.03: Starting
client              | 18:41.12: Finished
client              | 18:41.12: Deleting created file /tmp/files/256MB_2
client              | 18:41.12: Ending run 2
client              | 18:41.12: Preparing run 3
client              | 18:41.12: Creating file /tmp/files/256MB_3
client              | 18:41.14: Upload file name is 256MB_3
client              | 18:41.14: Running garbage collector
client              | 18:41.14: Sleeping for 30.0 seconds
client              | 18:41.44: Starting
client              | 18:41.56: Finished
client              | 18:41.56: Deleting created file /tmp/files/256MB_3
client              | 18:41.56: Ending run 3
client              | 18:41.56: Preparing run 4
client              | 18:41.56: Creating file /tmp/files/256MB_4
client              | 18:41.58: Upload file name is 256MB_4
client              | 18:41.58: Running garbage collector
client              | 18:41.58: Sleeping for 30.0 seconds
client              | 18:42.28: Starting
client              | 18:42.40: Finished
client              | 18:42.40: Deleting created file /tmp/files/256MB_4
client              | 18:42.40: Ending run 4
client              | 18:42.40: Writing metrics file
client exited with code 0
Aborting on container exit...
Removing client ... 
Removing client ... done
WARNING! This will remove all local volumes not used by at least one container.
Are you sure you want to continue? [y/N] Total reclaimed space: 0B
