Time start: 2022-04-22 18:57:06
Time end: 2022-04-22 19:06:14
Duration: 0:09:08.304096

Platform: Linux-5.4.0-99-generic-x86_64-with-glibc2.29
Name: lfw-ds001-i048
Release: #112-Ubuntu SMP Thu Feb 3 13:50:55 UTC 2022

Compose file: transfer_ftp_client_setup.yml
Script: performance/transfer_ftp_upload.py
Environment vars:
SCRIPT: performance/transfer_ftp_upload.py
FTP_SERVER_ADDRESS: 146.59.192.105
FILE_SIZE: 2147483648
RUN_COUNT: 4
INTERVAL_SECONDS: 30

WARNING! This will remove all stopped containers.
Are you sure you want to continue? [y/N] Total reclaimed space: 0B
Creating client ... 
Creating client ... done
Attaching to client
client              | 18:57.07: Connected to FTP server at 146.59.192.105
client              | 18:57.07: Preparing run 1
client              | 18:57.07: Creating file /tmp/files/2048MB_1
client              | 18:57.21: Upload file name is 2048MB_1
client              | 18:57.21: Running garbage collector
client              | 18:57.21: Sleeping for 30.0 seconds
client              | 18:57.51: Starting
client              | 18:59.03: Finished
client              | 18:59.03: Deleting created file /tmp/files/2048MB_1
client              | 18:59.03: Ending run 1
client              | 18:59.03: Preparing run 2
client              | 18:59.03: Creating file /tmp/files/2048MB_2
client              | 18:59.18: Upload file name is 2048MB_2
client              | 18:59.18: Running garbage collector
client              | 18:59.18: Sleeping for 30.0 seconds
client              | 18:59.48: Starting
client              | 19:01.00: Finished
client              | 19:01.00: Deleting created file /tmp/files/2048MB_2
client              | 19:01.00: Ending run 2
client              | 19:01.00: Preparing run 3
client              | 19:01.00: Creating file /tmp/files/2048MB_3
client              | 19:01.15: Upload file name is 2048MB_3
client              | 19:01.15: Running garbage collector
client              | 19:01.15: Sleeping for 30.0 seconds
client              | 19:01.45: Starting
client              | 19:04.17: Finished
client              | 19:04.17: Deleting created file /tmp/files/2048MB_3
client              | 19:04.17: Ending run 3
client              | 19:04.17: Preparing run 4
client              | 19:04.17: Creating file /tmp/files/2048MB_4
client              | 19:04.31: Upload file name is 2048MB_4
client              | 19:04.31: Running garbage collector
client              | 19:04.31: Sleeping for 30.0 seconds
client              | 19:05.01: Starting
client              | 19:06.13: Finished
client              | 19:06.13: Deleting created file /tmp/files/2048MB_4
client              | 19:06.13: Ending run 4
client              | 19:06.13: Writing metrics file
client exited with code 0
Aborting on container exit...
Removing client ... 
Removing client ... done
WARNING! This will remove all local volumes not used by at least one container.
Are you sure you want to continue? [y/N] Total reclaimed space: 0B
