Time start: 2022-03-16 13:27:22
Time end: 2022-03-16 13:37:41
Duration: 0:10:19.057359

Platform: Linux-5.4.0-99-generic-x86_64-with-glibc2.29
Name: lfw-ds001-i048
Release: #112-Ubuntu SMP Thu Feb 3 13:50:55 UTC 2022

Compose file: transfer_ipfs_download_setup.yml
Script: performance/transfer_ipfs_download.py
Environment vars:
SCRIPT: performance/transfer_ipfs_download.py
PEER_ID: 12D3KooWL86E2r4YEDeVR4bXpz8xScDY3Xejt7MWpbD6DA1BJfdt
BOOT_ADDRESS: 146.59.192.105
FILE_SIZE: 65536
RUN_COUNT: 10
INTERVAL_SECONDS: 30

WARNING! This will remove all stopped containers.
Are you sure you want to continue? [y/N] Total reclaimed space: 0B
Creating service ... 
Creating ipfs    ... 
Creating client  ... 
Creating client  ... done
Creating ipfs    ... done
Creating service ... done
Attaching to client, ipfs, service
ipfs                | Changing user to ipfs
ipfs                | ipfs version 0.7.0
ipfs                | Initializing IPFS with --empty-repo, --profile=badgerds
ipfs                | generating ED25519 keypair...done
ipfs                | peer identity: 12D3KooWJvQxTeGpabAAJDxm4qC3UQ6WCBR37p5EUstMsGe1i4jE
ipfs                | initializing IPFS node at /data/ipfs
ipfs                | Removing default bootstrap nodes...
ipfs                | removed /dnsaddr/bootstrap.libp2p.io/p2p/QmNnooDu7bfjPFoTZYxMNLWUQJyrVwtbZg5gBMjTezGAJN
ipfs                | removed /dnsaddr/bootstrap.libp2p.io/p2p/QmQCU2EcMqAqQPR2i9bChDtGNJchTbq5TbXJJ16u19uLTa
ipfs                | removed /dnsaddr/bootstrap.libp2p.io/p2p/QmbLHAnMoJPWSCR5Zhtx6BHJX9KiKNN6tpvbUcqanj75Nb
ipfs                | removed /dnsaddr/bootstrap.libp2p.io/p2p/QmcZf59bWwK5XFi76CZX8cbJ4BhTzzA3gU1ZjYZcYW3dwt
ipfs                | removed /ip4/104.131.131.82/tcp/4001/p2p/QmaCpDMGvV2BGHeYERUEnRQAwe3N8SzbUtfsmvsqQLuvuJ
ipfs                | removed /ip4/104.131.131.82/udp/4001/quic/p2p/QmaCpDMGvV2BGHeYERUEnRQAwe3N8SzbUtfsmvsqQLuvuJ
ipfs                | added /ip4/146.59.192.105/tcp/4001/p2p/12D3KooWL86E2r4YEDeVR4bXpz8xScDY3Xejt7MWpbD6DA1BJfdt
ipfs                | Initializing daemon...
ipfs                | go-ipfs version: 0.7.0-ea77213
ipfs                | Repo version: 10
ipfs                | System version: amd64/linux
ipfs                | Golang version: go1.14.4
ipfs                | Swarm is limited to private network of peers with the swarm key
ipfs                | Swarm key fingerprint: c53fe9fc1c8eac4230853d5efb58f0a0
ipfs                | Swarm listening on /ip4/10.23.85.210/tcp/4001
ipfs                | Swarm listening on /ip4/127.0.0.1/tcp/4001
ipfs                | Swarm listening on /ip4/152.228.166.247/tcp/4001
ipfs                | Swarm listening on /ip4/172.17.0.1/tcp/4001
ipfs                | Swarm listening on /ip6/::1/tcp/4001
ipfs                | Swarm listening on /p2p-circuit
ipfs                | Swarm announcing /ip4/127.0.0.1/tcp/4001
ipfs                | Swarm announcing /ip4/152.228.166.247/tcp/4001
ipfs                | Swarm announcing /ip6/::1/tcp/4001
ipfs                | API server listening on /ip4/127.0.0.1/tcp/5001
ipfs                | WebUI: http://127.0.0.1:5001/webui
ipfs                | Gateway (readonly) server listening on /ip4/127.0.0.1/tcp/8080
ipfs                | Daemon is ready
service             | Connected to IPFS daemon...
service             | Connected to bootstrap peer...
service             | Received bootstrap peer id: 12D3KooWL86E2r4YEDeVR4bXpz8xScDY3Xejt7MWpbD6DA1BJfdt
service             | /ip4/146.59.192.105/tcp/4001/p2p/12D3KooWL86E2r4YEDeVR4bXpz8xScDY3Xejt7MWpbD6DA1BJfdt
service             | INFO:     Started server process [1]
service             | INFO:     Waiting for application startup.
service             | INFO:     Application startup complete.
service             | INFO:     Uvicorn running on http://127.0.0.1:8000 (Press CTRL+C to quit)
service             | INFO:     127.0.0.1:44666 - "GET /download/?file_path=%2Ftmp%2Ffiles%2F64KB_1 HTTP/1.1" 200 OK
service             | INFO:     127.0.0.1:44666 - "GET /metrics/ HTTP/1.1" 200 OK
service             | INFO:     127.0.0.1:44668 - "GET /download/?file_path=%2Ftmp%2Ffiles%2F64KB_2 HTTP/1.1" 200 OK
service             | INFO:     127.0.0.1:44668 - "GET /metrics/ HTTP/1.1" 200 OK
service             | INFO:     127.0.0.1:44672 - "GET /download/?file_path=%2Ftmp%2Ffiles%2F64KB_3 HTTP/1.1" 200 OK
service             | INFO:     127.0.0.1:44672 - "GET /metrics/ HTTP/1.1" 200 OK
service             | INFO:     127.0.0.1:44676 - "GET /download/?file_path=%2Ftmp%2Ffiles%2F64KB_4 HTTP/1.1" 200 OK
service             | INFO:     127.0.0.1:44676 - "GET /metrics/ HTTP/1.1" 200 OK
service             | INFO:     127.0.0.1:44680 - "GET /download/?file_path=%2Ftmp%2Ffiles%2F64KB_5 HTTP/1.1" 200 OK
service             | INFO:     127.0.0.1:44680 - "GET /metrics/ HTTP/1.1" 200 OK
service             | INFO:     127.0.0.1:44686 - "GET /download/?file_path=%2Ftmp%2Ffiles%2F64KB_6 HTTP/1.1" 200 OK
service             | INFO:     127.0.0.1:44686 - "GET /metrics/ HTTP/1.1" 200 OK
service             | INFO:     127.0.0.1:44690 - "GET /download/?file_path=%2Ftmp%2Ffiles%2F64KB_7 HTTP/1.1" 200 OK
service             | INFO:     127.0.0.1:44690 - "GET /metrics/ HTTP/1.1" 200 OK
service             | INFO:     127.0.0.1:44696 - "GET /download/?file_path=%2Ftmp%2Ffiles%2F64KB_8 HTTP/1.1" 200 OK
service             | INFO:     127.0.0.1:44696 - "GET /metrics/ HTTP/1.1" 200 OK
service             | INFO:     127.0.0.1:44700 - "GET /download/?file_path=%2Ftmp%2Ffiles%2F64KB_9 HTTP/1.1" 200 OK
service             | INFO:     127.0.0.1:44700 - "GET /metrics/ HTTP/1.1" 200 OK
service             | INFO:     127.0.0.1:44704 - "GET /download/?file_path=%2Ftmp%2Ffiles%2F64KB_10 HTTP/1.1" 200 OK
service             | INFO:     127.0.0.1:44704 - "GET /metrics/ HTTP/1.1" 200 OK
client              | 13:27.28: Connecting to download script runner
client              | 13:27.28: Waiting for finish upload signal
client              | 13:32.29: Starting 64KB benchmark
client              | 13:32.29: Creating client interface
client              | 13:32.29: Preparing run 1
client              | 13:32.29: Download file name is /tmp/files/64KB_1
client              | 13:32.29: Running garbage collector
client              | 13:32.29: Sleeping for 30.0 seconds
client              | 13:32.59: Starting
client              | 13:32.59: Finished
client              | 13:32.59: Collecting metrics from service
client              | 13:32.59: Deleting downloaded file /tmp/files/64KB_1
client              | 13:32.59: Ending run 1
client              | 13:32.59: Preparing run 2
client              | 13:32.59: Download file name is /tmp/files/64KB_2
client              | 13:32.59: Running garbage collector
client              | 13:32.59: Sleeping for 30.0 seconds
client              | 13:33.29: Starting
client              | 13:33.30: Finished
client              | 13:33.30: Collecting metrics from service
client              | 13:33.30: Deleting downloaded file /tmp/files/64KB_2
client              | 13:33.30: Ending run 2
client              | 13:33.30: Preparing run 3
client              | 13:33.30: Download file name is /tmp/files/64KB_3
client              | 13:33.30: Running garbage collector
client              | 13:33.30: Sleeping for 30.0 seconds
client              | 13:34.00: Starting
client              | 13:34.00: Finished
client              | 13:34.00: Collecting metrics from service
client              | 13:34.00: Deleting downloaded file /tmp/files/64KB_3
client              | 13:34.00: Ending run 3
client              | 13:34.00: Preparing run 4
client              | 13:34.00: Download file name is /tmp/files/64KB_4
client              | 13:34.00: Running garbage collector
client              | 13:34.00: Sleeping for 30.0 seconds
client              | 13:34.30: Starting
client              | 13:34.30: Finished
client              | 13:34.30: Collecting metrics from service
client              | 13:34.30: Deleting downloaded file /tmp/files/64KB_4
client              | 13:34.30: Ending run 4
client              | 13:34.30: Preparing run 5
client              | 13:34.30: Download file name is /tmp/files/64KB_5
client              | 13:34.30: Running garbage collector
client              | 13:34.30: Sleeping for 30.0 seconds
client              | 13:35.00: Starting
client              | 13:35.00: Finished
client              | 13:35.00: Collecting metrics from service
client              | 13:35.00: Deleting downloaded file /tmp/files/64KB_5
client              | 13:35.00: Ending run 5
client              | 13:35.00: Preparing run 6
client              | 13:35.00: Download file name is /tmp/files/64KB_6
client              | 13:35.00: Running garbage collector
client              | 13:35.00: Sleeping for 30.0 seconds
client              | 13:35.30: Starting
client              | 13:35.30: Finished
client              | 13:35.30: Collecting metrics from service
client              | 13:35.30: Deleting downloaded file /tmp/files/64KB_6
client              | 13:35.30: Ending run 6
client              | 13:35.30: Preparing run 7
client              | 13:35.30: Download file name is /tmp/files/64KB_7
client              | 13:35.30: Running garbage collector
client              | 13:35.30: Sleeping for 30.0 seconds
client              | 13:36.00: Starting
client              | 13:36.00: Finished
client              | 13:36.00: Collecting metrics from service
client              | 13:36.00: Deleting downloaded file /tmp/files/64KB_7
client              | 13:36.00: Ending run 7
client              | 13:36.00: Preparing run 8
client              | 13:36.00: Download file name is /tmp/files/64KB_8
client              | 13:36.00: Running garbage collector
client              | 13:36.00: Sleeping for 30.0 seconds
client              | 13:36.30: Starting
client              | 13:36.30: Finished
client              | 13:36.30: Collecting metrics from service
client              | 13:36.30: Deleting downloaded file /tmp/files/64KB_8
client              | 13:36.30: Ending run 8
client              | 13:36.30: Preparing run 9
client              | 13:36.30: Download file name is /tmp/files/64KB_9
client              | 13:36.30: Running garbage collector
client              | 13:36.30: Sleeping for 30.0 seconds
client              | 13:37.00: Starting
client              | 13:37.00: Finished
client              | 13:37.00: Collecting metrics from service
client              | 13:37.00: Deleting downloaded file /tmp/files/64KB_9
client              | 13:37.00: Ending run 9
client              | 13:37.00: Preparing run 10
client              | 13:37.00: Download file name is /tmp/files/64KB_10
client              | 13:37.00: Running garbage collector
client              | 13:37.00: Sleeping for 30.0 seconds
client              | 13:37.30: Starting
client              | 13:37.30: Finished
client              | 13:37.30: Collecting metrics from service
client              | 13:37.30: Deleting downloaded file /tmp/files/64KB_10
client              | 13:37.30: Ending run 10
client              | 13:37.30: Writing metrics file
client              | 13:37.30: Send finished download signal
client exited with code 0
Stopping service ... 
Stopping ipfs    ... 
Stopping ipfs    ... done
Stopping service ... done
Aborting on container exit...
Removing service ... 
Removing ipfs    ... 
Removing client  ... 
Removing ipfs    ... done
Removing service ... done
Removing client  ... done
WARNING! This will remove all local volumes not used by at least one container.
Are you sure you want to continue? [y/N] Deleted Volumes:
ec3c5bbac555bf34b5ff65574b8c15bfbdefedfe53e7556daadde42e017278b9

Total reclaimed space: 777.1kB
