Time start: 2022-03-16 13:48:07
Time end: 2022-03-16 13:58:33
Duration: 0:10:26.456321

Platform: Linux-5.4.0-99-generic-x86_64-with-glibc2.29
Name: lfw-ds001-i046
Release: #112-Ubuntu SMP Thu Feb 3 13:50:55 UTC 2022

Compose file: transfer_ipfs_upload_setup.yml
Script: performance/transfer_ipfs_upload.py
Environment vars:
SCRIPT: performance/transfer_ipfs_upload.py
FILE_SIZE: 1048576
RUN_COUNT: 10
INTERVAL_SECONDS: 30

WARNING! This will remove all stopped containers.
Are you sure you want to continue? [y/N] Total reclaimed space: 0B
Creating service ... 
Creating ipfs    ... 
Creating client  ... 
Creating service ... done
Creating client  ... done
Creating ipfs    ... done
Attaching to service, client, ipfs
ipfs                | Changing user to ipfs
ipfs                | ipfs version 0.7.0
ipfs                | Initializing IPFS with --empty-repo, --profile=badgerds
ipfs                | generating ED25519 keypair...done
ipfs                | peer identity: 12D3KooWFWFWKbTcuhhrSzSTQrXitw6tKVriogYH2yvE7szk1d6z
ipfs                | initializing IPFS node at /data/ipfs
service             | ConnectionError: HTTPConnectionPool(host='127.0.0.1', port=5001): Max retries exceeded with url: /api/v0/version?stream-channels=true (Caused by NewConnectionError('<ipfshttpclient.requests_wrapper.HTTPConnection object at 0x7f9dcf90cf40>: Failed to establish a new connection: [Errno 111] Connection refused'))
ipfs                | Removing default bootstrap nodes...
ipfs                | removed /dnsaddr/bootstrap.libp2p.io/p2p/QmNnooDu7bfjPFoTZYxMNLWUQJyrVwtbZg5gBMjTezGAJN
ipfs                | removed /dnsaddr/bootstrap.libp2p.io/p2p/QmQCU2EcMqAqQPR2i9bChDtGNJchTbq5TbXJJ16u19uLTa
ipfs                | removed /dnsaddr/bootstrap.libp2p.io/p2p/QmbLHAnMoJPWSCR5Zhtx6BHJX9KiKNN6tpvbUcqanj75Nb
ipfs                | removed /dnsaddr/bootstrap.libp2p.io/p2p/QmcZf59bWwK5XFi76CZX8cbJ4BhTzzA3gU1ZjYZcYW3dwt
ipfs                | removed /ip4/104.131.131.82/tcp/4001/p2p/QmaCpDMGvV2BGHeYERUEnRQAwe3N8SzbUtfsmvsqQLuvuJ
ipfs                | removed /ip4/104.131.131.82/udp/4001/quic/p2p/QmaCpDMGvV2BGHeYERUEnRQAwe3N8SzbUtfsmvsqQLuvuJ
ipfs                | Initializing daemon...
ipfs                | go-ipfs version: 0.7.0-ea77213
ipfs                | Repo version: 10
ipfs                | System version: amd64/linux
ipfs                | Golang version: go1.14.4
ipfs                | Swarm is limited to private network of peers with the swarm key
ipfs                | Swarm key fingerprint: c53fe9fc1c8eac4230853d5efb58f0a0
ipfs                | Swarm listening on /ip4/10.23.85.159/tcp/4001
ipfs                | Swarm listening on /ip4/127.0.0.1/tcp/4001
ipfs                | Swarm listening on /ip4/146.59.192.105/tcp/4001
ipfs                | Swarm listening on /ip4/172.17.0.1/tcp/4001
ipfs                | Swarm listening on /ip6/::1/tcp/4001
ipfs                | Swarm listening on /p2p-circuit
ipfs                | Swarm announcing /ip4/127.0.0.1/tcp/4001
ipfs                | Swarm announcing /ip4/146.59.192.105/tcp/4001
ipfs                | Swarm announcing /ip6/::1/tcp/4001
ipfs                | API server listening on /ip4/127.0.0.1/tcp/5001
ipfs                | WebUI: http://127.0.0.1:5001/webui
ipfs                | Gateway (readonly) server listening on /ip4/127.0.0.1/tcp/8080
ipfs                | Daemon is ready
service             | Connected to IPFS daemon...
service             | Connected to bootstrap peer...New bootstrapping peer joined
service             | 
service             | Send my peer ID: 12D3KooWFWFWKbTcuhhrSzSTQrXitw6tKVriogYH2yvE7szk1d6z
service             | Received bootstrap peer id: 12D3KooWFWFWKbTcuhhrSzSTQrXitw6tKVriogYH2yvE7szk1d6z
service             | I am the bootstrap peer
service             | Could not publish files...
service             | failed to find any peer in table
service             | INFO:     Started server process [1]
service             | INFO:     Waiting for application startup.
service             | INFO:     Application startup complete.
service             | INFO:     Uvicorn running on http://127.0.0.1:8000 (Press CTRL+C to quit)
service             | New bootstrapping peer joined
service             | Send my peer ID: 12D3KooWFWFWKbTcuhhrSzSTQrXitw6tKVriogYH2yvE7szk1d6z
service             | INFO:     127.0.0.1:37748 - "PUT /upload/?file_path=%2Ftmp%2Ffiles%2F1MB_1 HTTP/1.1" 200 OK
service             | INFO:     127.0.0.1:37748 - "GET /metrics/ HTTP/1.1" 200 OK
service             | INFO:     127.0.0.1:37750 - "PUT /upload/?file_path=%2Ftmp%2Ffiles%2F1MB_2 HTTP/1.1" 200 OK
service             | INFO:     127.0.0.1:37750 - "GET /metrics/ HTTP/1.1" 200 OK
service             | INFO:     127.0.0.1:37756 - "PUT /upload/?file_path=%2Ftmp%2Ffiles%2F1MB_3 HTTP/1.1" 200 OK
service             | INFO:     127.0.0.1:37756 - "GET /metrics/ HTTP/1.1" 200 OK
service             | INFO:     127.0.0.1:37760 - "PUT /upload/?file_path=%2Ftmp%2Ffiles%2F1MB_4 HTTP/1.1" 200 OK
service             | INFO:     127.0.0.1:37760 - "GET /metrics/ HTTP/1.1" 200 OK
service             | INFO:     127.0.0.1:37764 - "PUT /upload/?file_path=%2Ftmp%2Ffiles%2F1MB_5 HTTP/1.1" 200 OK
service             | INFO:     127.0.0.1:37764 - "GET /metrics/ HTTP/1.1" 200 OK
service             | INFO:     127.0.0.1:37768 - "PUT /upload/?file_path=%2Ftmp%2Ffiles%2F1MB_6 HTTP/1.1" 200 OK
service             | INFO:     127.0.0.1:37768 - "GET /metrics/ HTTP/1.1" 200 OK
service             | INFO:     127.0.0.1:37770 - "PUT /upload/?file_path=%2Ftmp%2Ffiles%2F1MB_7 HTTP/1.1" 200 OK
service             | INFO:     127.0.0.1:37770 - "GET /metrics/ HTTP/1.1" 200 OK
service             | INFO:     127.0.0.1:37774 - "PUT /upload/?file_path=%2Ftmp%2Ffiles%2F1MB_8 HTTP/1.1" 200 OK
service             | INFO:     127.0.0.1:37774 - "GET /metrics/ HTTP/1.1" 200 OK
service             | INFO:     127.0.0.1:37782 - "PUT /upload/?file_path=%2Ftmp%2Ffiles%2F1MB_9 HTTP/1.1" 200 OK
service             | INFO:     127.0.0.1:37782 - "GET /metrics/ HTTP/1.1" 200 OK
service             | INFO:     127.0.0.1:37786 - "PUT /upload/?file_path=%2Ftmp%2Ffiles%2F1MB_10 HTTP/1.1" 200 OK
service             | INFO:     127.0.0.1:37786 - "GET /metrics/ HTTP/1.1" 200 OK
client              | 13:48.13: Connecting to IPFS daemon
client              | 13:48.13: Connected to IPFS daemon, peer ID is 12D3KooWFWFWKbTcuhhrSzSTQrXitw6tKVriogYH2yvE7szk1d6z
client              | 13:48.13: Connecting to upload script runner
client              | 13:48.13: Sending peer ID
client              | 13:48.13: Waiting for signal to start downloading
client              | 13:48.19: Starting 1MB benchmark
client              | 13:48.19: Creating client interface
client              | 13:48.19: Preparing run 1
client              | 13:48.19: Creating file /tmp/files/1MB_1
client              | 13:48.19: Running garbage collector
client              | 13:48.19: Sleeping for 30.0 seconds
client              | 13:48.49: Starting
client              | 13:48.49: Finished
client              | 13:48.49: Collecting metrics from service
client              | 13:48.49: Deleting created file /tmp/files/1MB_1
client              | 13:48.49: Ending run 1
client              | 13:48.49: Preparing run 2
client              | 13:48.49: Creating file /tmp/files/1MB_2
client              | 13:48.49: Running garbage collector
client              | 13:48.49: Sleeping for 30.0 seconds
client              | 13:49.20: Starting
client              | 13:49.20: Finished
client              | 13:49.20: Collecting metrics from service
client              | 13:49.20: Deleting created file /tmp/files/1MB_2
client              | 13:49.20: Ending run 2
client              | 13:49.20: Preparing run 3
client              | 13:49.20: Creating file /tmp/files/1MB_3
client              | 13:49.20: Running garbage collector
client              | 13:49.20: Sleeping for 30.0 seconds
client              | 13:49.50: Starting
client              | 13:49.50: Finished
client              | 13:49.50: Collecting metrics from service
client              | 13:49.50: Deleting created file /tmp/files/1MB_3
client              | 13:49.50: Ending run 3
client              | 13:49.50: Preparing run 4
client              | 13:49.50: Creating file /tmp/files/1MB_4
client              | 13:49.50: Running garbage collector
client              | 13:49.50: Sleeping for 30.0 seconds
client              | 13:50.20: Starting
client              | 13:50.20: Finished
client              | 13:50.20: Collecting metrics from service
client              | 13:50.20: Deleting created file /tmp/files/1MB_4
client              | 13:50.20: Ending run 4
client              | 13:50.20: Preparing run 5
client              | 13:50.20: Creating file /tmp/files/1MB_5
client              | 13:50.20: Running garbage collector
client              | 13:50.20: Sleeping for 30.0 seconds
client              | 13:50.50: Starting
client              | 13:50.50: Finished
client              | 13:50.50: Collecting metrics from service
client              | 13:50.50: Deleting created file /tmp/files/1MB_5
client              | 13:50.50: Ending run 5
client              | 13:50.50: Preparing run 6
client              | 13:50.50: Creating file /tmp/files/1MB_6
client              | 13:50.50: Running garbage collector
client              | 13:50.50: Sleeping for 30.0 seconds
client              | 13:51.20: Starting
client              | 13:51.20: Finished
client              | 13:51.20: Collecting metrics from service
client              | 13:51.20: Deleting created file /tmp/files/1MB_6
client              | 13:51.20: Ending run 6
client              | 13:51.20: Preparing run 7
client              | 13:51.20: Creating file /tmp/files/1MB_7
client              | 13:51.20: Running garbage collector
client              | 13:51.20: Sleeping for 30.0 seconds
client              | 13:51.50: Starting
client              | 13:51.50: Finished
client              | 13:51.50: Collecting metrics from service
client              | 13:51.50: Deleting created file /tmp/files/1MB_7
client              | 13:51.50: Ending run 7
client              | 13:51.50: Preparing run 8
client              | 13:51.50: Creating file /tmp/files/1MB_8
client              | 13:51.50: Running garbage collector
client              | 13:51.50: Sleeping for 30.0 seconds
client              | 13:52.20: Starting
client              | 13:52.20: Finished
client              | 13:52.20: Collecting metrics from service
client              | 13:52.20: Deleting created file /tmp/files/1MB_8
client              | 13:52.20: Ending run 8
client              | 13:52.20: Preparing run 9
client              | 13:52.20: Creating file /tmp/files/1MB_9
client              | 13:52.20: Running garbage collector
client              | 13:52.20: Sleeping for 30.0 seconds
client              | 13:52.50: Starting
client              | 13:52.51: Finished
client              | 13:52.51: Collecting metrics from service
client              | 13:52.51: Deleting created file /tmp/files/1MB_9
client              | 13:52.51: Ending run 9
client              | 13:52.51: Preparing run 10
client              | 13:52.51: Creating file /tmp/files/1MB_10
client              | 13:52.51: Running garbage collector
client              | 13:52.51: Sleeping for 30.0 seconds
client              | 13:53.21: Starting
client              | 13:53.21: Finished
client              | 13:53.21: Collecting metrics from service
client              | 13:53.21: Deleting created file /tmp/files/1MB_10
client              | 13:53.21: Ending run 10
client              | 13:53.21: Writing metrics file
client              | 13:53.21: Sending upload finished signal
client              | 13:53.21: Waiting for download finished signal
client exited with code 0
Stopping ipfs    ... 
Stopping service ... 
Stopping ipfs    ... done
Stopping service ... done
Aborting on container exit...
Removing client  ... 
Removing ipfs    ... 
Removing service ... 
Removing client  ... done
Removing ipfs    ... done
Removing service ... done
WARNING! This will remove all local volumes not used by at least one container.
Are you sure you want to continue? [y/N] Deleted Volumes:
0ca76dc20f332ff73b5dd9ce84fdf1c60be9d0d355b6aedb7efc1d73330ca8e8

Total reclaimed space: 11.15MB
