Time start: 2022-03-16 14:48:36
Time end: 2022-03-16 15:16:21
Duration: 0:27:44.980736

Platform: Linux-5.4.0-99-generic-x86_64-with-glibc2.29
Name: lfw-ds001-i048
Release: #112-Ubuntu SMP Thu Feb 3 13:50:55 UTC 2022

Compose file: transfer_ipfs_download_setup.yml
Script: performance/transfer_ipfs_download.py
Environment vars:
SCRIPT: performance/transfer_ipfs_download.py
PEER_ID: 12D3KooWEb5jiqpk2GgkQL8azQD4E6GvvGfHULowNi3NuBmoJKyR
BOOT_ADDRESS: 146.59.192.105
FILE_SIZE: 1073741824
RUN_COUNT: 10
INTERVAL_SECONDS: 30

WARNING! This will remove all stopped containers.
Are you sure you want to continue? [y/N] Total reclaimed space: 0B
Creating client ... 
Creating service ... 
Creating ipfs    ... 
Creating client  ... done
Creating ipfs    ... done
Creating service ... done
Attaching to client, ipfs, service
ipfs                | Changing user to ipfs
ipfs                | ipfs version 0.7.0
ipfs                | Initializing IPFS with --empty-repo, --profile=badgerds
ipfs                | generating ED25519 keypair...done
ipfs                | peer identity: 12D3KooWBG3kCbw3ceWHSdac6fTN4RuHYtRJBZDiTTWDSASq7Qfc
ipfs                | initializing IPFS node at /data/ipfs
ipfs                | Removing default bootstrap nodes...
ipfs                | removed /dnsaddr/bootstrap.libp2p.io/p2p/QmNnooDu7bfjPFoTZYxMNLWUQJyrVwtbZg5gBMjTezGAJN
ipfs                | removed /dnsaddr/bootstrap.libp2p.io/p2p/QmQCU2EcMqAqQPR2i9bChDtGNJchTbq5TbXJJ16u19uLTa
ipfs                | removed /dnsaddr/bootstrap.libp2p.io/p2p/QmbLHAnMoJPWSCR5Zhtx6BHJX9KiKNN6tpvbUcqanj75Nb
ipfs                | removed /dnsaddr/bootstrap.libp2p.io/p2p/QmcZf59bWwK5XFi76CZX8cbJ4BhTzzA3gU1ZjYZcYW3dwt
ipfs                | removed /ip4/104.131.131.82/tcp/4001/p2p/QmaCpDMGvV2BGHeYERUEnRQAwe3N8SzbUtfsmvsqQLuvuJ
ipfs                | removed /ip4/104.131.131.82/udp/4001/quic/p2p/QmaCpDMGvV2BGHeYERUEnRQAwe3N8SzbUtfsmvsqQLuvuJ
ipfs                | added /ip4/146.59.192.105/tcp/4001/p2p/12D3KooWEb5jiqpk2GgkQL8azQD4E6GvvGfHULowNi3NuBmoJKyR
ipfs                | Initializing daemon...
ipfs                | go-ipfs version: 0.7.0-ea77213
ipfs                | Repo version: 10
ipfs                | System version: amd64/linux
ipfs                | Golang version: go1.14.4
ipfs                | Swarm is limited to private network of peers with the swarm key
ipfs                | Swarm key fingerprint: c53fe9fc1c8eac4230853d5efb58f0a0
ipfs                | Swarm listening on /ip4/10.23.85.210/tcp/4001
ipfs                | Swarm listening on /ip4/127.0.0.1/tcp/4001
ipfs                | Swarm listening on /ip4/152.228.166.247/tcp/4001
ipfs                | Swarm listening on /ip4/172.17.0.1/tcp/4001
ipfs                | Swarm listening on /ip6/::1/tcp/4001
ipfs                | Swarm listening on /p2p-circuit
ipfs                | Swarm announcing /ip4/127.0.0.1/tcp/4001
ipfs                | Swarm announcing /ip4/152.228.166.247/tcp/4001
ipfs                | Swarm announcing /ip6/::1/tcp/4001
ipfs                | API server listening on /ip4/127.0.0.1/tcp/5001
ipfs                | WebUI: http://127.0.0.1:5001/webui
ipfs                | Gateway (readonly) server listening on /ip4/127.0.0.1/tcp/8080
ipfs                | Daemon is ready
service             | Connected to IPFS daemon...
service             | Connected to bootstrap peer...
service             | Received bootstrap peer id: 12D3KooWEb5jiqpk2GgkQL8azQD4E6GvvGfHULowNi3NuBmoJKyR
service             | /ip4/146.59.192.105/tcp/4001/p2p/12D3KooWEb5jiqpk2GgkQL8azQD4E6GvvGfHULowNi3NuBmoJKyR
service             | INFO:     Started server process [1]
service             | INFO:     Waiting for application startup.
service             | INFO:     Application startup complete.
service             | INFO:     Uvicorn running on http://127.0.0.1:8000 (Press CTRL+C to quit)
service             | INFO:     127.0.0.1:45066 - "GET /download/?file_path=%2Ftmp%2Ffiles%2F1024MB_1 HTTP/1.1" 200 OK
service             | INFO:     127.0.0.1:45066 - "GET /metrics/ HTTP/1.1" 200 OK
service             | INFO:     127.0.0.1:45068 - "GET /download/?file_path=%2Ftmp%2Ffiles%2F1024MB_2 HTTP/1.1" 200 OK
service             | INFO:     127.0.0.1:45068 - "GET /metrics/ HTTP/1.1" 200 OK
service             | INFO:     127.0.0.1:45072 - "GET /download/?file_path=%2Ftmp%2Ffiles%2F1024MB_3 HTTP/1.1" 200 OK
service             | INFO:     127.0.0.1:45072 - "GET /metrics/ HTTP/1.1" 200 OK
service             | INFO:     127.0.0.1:45076 - "GET /download/?file_path=%2Ftmp%2Ffiles%2F1024MB_4 HTTP/1.1" 200 OK
service             | INFO:     127.0.0.1:45076 - "GET /metrics/ HTTP/1.1" 200 OK
service             | INFO:     127.0.0.1:45080 - "GET /download/?file_path=%2Ftmp%2Ffiles%2F1024MB_5 HTTP/1.1" 200 OK
service             | INFO:     127.0.0.1:45080 - "GET /metrics/ HTTP/1.1" 200 OK
service             | INFO:     127.0.0.1:45084 - "GET /download/?file_path=%2Ftmp%2Ffiles%2F1024MB_6 HTTP/1.1" 200 OK
service             | INFO:     127.0.0.1:45084 - "GET /metrics/ HTTP/1.1" 200 OK
service             | INFO:     127.0.0.1:45088 - "GET /download/?file_path=%2Ftmp%2Ffiles%2F1024MB_7 HTTP/1.1" 200 OK
service             | INFO:     127.0.0.1:45088 - "GET /metrics/ HTTP/1.1" 200 OK
service             | INFO:     127.0.0.1:45092 - "GET /download/?file_path=%2Ftmp%2Ffiles%2F1024MB_8 HTTP/1.1" 200 OK
service             | INFO:     127.0.0.1:45092 - "GET /metrics/ HTTP/1.1" 200 OK
service             | INFO:     127.0.0.1:45096 - "GET /download/?file_path=%2Ftmp%2Ffiles%2F1024MB_9 HTTP/1.1" 200 OK
service             | INFO:     127.0.0.1:45096 - "GET /metrics/ HTTP/1.1" 200 OK
service             | INFO:     127.0.0.1:45100 - "GET /download/?file_path=%2Ftmp%2Ffiles%2F1024MB_10 HTTP/1.1" 200 OK
service             | INFO:     127.0.0.1:45100 - "GET /metrics/ HTTP/1.1" 200 OK
client              | 14:48.42: Connecting to download script runner
client              | 14:48.42: Waiting for finish upload signal
client              | 15:04.09: Starting 1024MB benchmark
client              | 15:04.09: Creating client interface
client              | 15:04.09: Preparing run 1
client              | 15:04.09: Download file name is /tmp/files/1024MB_1
client              | 15:04.09: Running garbage collector
client              | 15:04.09: Sleeping for 30.0 seconds
client              | 15:04.39: Starting
client              | 15:05.18: Finished
client              | 15:05.18: Collecting metrics from service
client              | 15:05.18: Deleting downloaded file /tmp/files/1024MB_1
client              | 15:05.19: Ending run 1
client              | 15:05.19: Preparing run 2
client              | 15:05.19: Download file name is /tmp/files/1024MB_2
client              | 15:05.19: Running garbage collector
client              | 15:05.19: Sleeping for 30.0 seconds
client              | 15:05.49: Starting
client              | 15:06.28: Finished
client              | 15:06.28: Collecting metrics from service
client              | 15:06.28: Deleting downloaded file /tmp/files/1024MB_2
client              | 15:06.28: Ending run 2
client              | 15:06.28: Preparing run 3
client              | 15:06.28: Download file name is /tmp/files/1024MB_3
client              | 15:06.28: Running garbage collector
client              | 15:06.28: Sleeping for 30.0 seconds
client              | 15:06.58: Starting
client              | 15:07.42: Finished
client              | 15:07.42: Collecting metrics from service
client              | 15:07.42: Deleting downloaded file /tmp/files/1024MB_3
client              | 15:07.42: Ending run 3
client              | 15:07.42: Preparing run 4
client              | 15:07.42: Download file name is /tmp/files/1024MB_4
client              | 15:07.42: Running garbage collector
client              | 15:07.42: Sleeping for 30.0 seconds
client              | 15:08.12: Starting
client              | 15:08.54: Finished
client              | 15:08.54: Collecting metrics from service
client              | 15:08.54: Deleting downloaded file /tmp/files/1024MB_4
client              | 15:08.55: Ending run 4
client              | 15:08.55: Preparing run 5
client              | 15:08.55: Download file name is /tmp/files/1024MB_5
client              | 15:08.55: Running garbage collector
client              | 15:08.55: Sleeping for 30.0 seconds
client              | 15:09.25: Starting
client              | 15:10.07: Finished
client              | 15:10.07: Collecting metrics from service
client              | 15:10.07: Deleting downloaded file /tmp/files/1024MB_5
client              | 15:10.07: Ending run 5
client              | 15:10.07: Preparing run 6
client              | 15:10.07: Download file name is /tmp/files/1024MB_6
client              | 15:10.07: Running garbage collector
client              | 15:10.07: Sleeping for 30.0 seconds
client              | 15:10.37: Starting
client              | 15:11.20: Finished
client              | 15:11.20: Collecting metrics from service
client              | 15:11.20: Deleting downloaded file /tmp/files/1024MB_6
client              | 15:11.20: Ending run 6
client              | 15:11.20: Preparing run 7
client              | 15:11.20: Download file name is /tmp/files/1024MB_7
client              | 15:11.20: Running garbage collector
client              | 15:11.20: Sleeping for 30.0 seconds
client              | 15:11.50: Starting
client              | 15:12.32: Finished
client              | 15:12.32: Collecting metrics from service
client              | 15:12.32: Deleting downloaded file /tmp/files/1024MB_7
client              | 15:12.33: Ending run 7
client              | 15:12.33: Preparing run 8
client              | 15:12.33: Download file name is /tmp/files/1024MB_8
client              | 15:12.33: Running garbage collector
client              | 15:12.33: Sleeping for 30.0 seconds
client              | 15:13.03: Starting
client              | 15:13.45: Finished
client              | 15:13.45: Collecting metrics from service
client              | 15:13.45: Deleting downloaded file /tmp/files/1024MB_8
client              | 15:13.46: Ending run 8
client              | 15:13.46: Preparing run 9
client              | 15:13.46: Download file name is /tmp/files/1024MB_9
client              | 15:13.46: Running garbage collector
client              | 15:13.46: Sleeping for 30.0 seconds
client              | 15:14.16: Starting
client              | 15:14.58: Finished
client              | 15:14.58: Collecting metrics from service
client              | 15:14.58: Deleting downloaded file /tmp/files/1024MB_9
client              | 15:14.58: Ending run 9
client              | 15:14.58: Preparing run 10
client              | 15:14.58: Download file name is /tmp/files/1024MB_10
client              | 15:14.58: Running garbage collector
client              | 15:14.58: Sleeping for 30.0 seconds
client              | 15:15.28: Starting
client              | 15:16.09: Finished
client              | 15:16.09: Collecting metrics from service
client              | 15:16.09: Deleting downloaded file /tmp/files/1024MB_10
client              | 15:16.09: Ending run 10
client              | 15:16.09: Writing metrics file
client              | 15:16.09: Send finished download signal
client exited with code 0
Stopping ipfs    ... 
Stopping service ... 
Stopping ipfs    ... done
Stopping service ... done
Aborting on container exit...
Removing ipfs    ... 
Removing service ... 
Removing client  ... 
Removing ipfs    ... done
Removing client  ... done
Removing service ... done
WARNING! This will remove all local volumes not used by at least one container.
Are you sure you want to continue? [y/N] Deleted Volumes:
0b9c58c6d125f70f600e7e24e32df43e4ddfeb1f03aec2b4c6d9b026e5afffb0

Total reclaimed space: 10.78GB
