Time start: 2022-03-16 14:19:44
Time end: 2022-03-16 14:31:13
Duration: 0:11:28.981490

Platform: Linux-5.4.0-99-generic-x86_64-with-glibc2.29
Name: lfw-ds001-i048
Release: #112-Ubuntu SMP Thu Feb 3 13:50:55 UTC 2022

Compose file: transfer_ipfs_download_setup.yml
Script: performance/transfer_ipfs_download.py
Environment vars:
SCRIPT: performance/transfer_ipfs_download.py
PEER_ID: 12D3KooWHvKLcqgemUXgEZ4WxTueNfnmkmycekCTdVtnWwBcdRmV
BOOT_ADDRESS: 146.59.192.105
FILE_SIZE: 67108864
RUN_COUNT: 10
INTERVAL_SECONDS: 30

WARNING! This will remove all stopped containers.
Are you sure you want to continue? [y/N] Total reclaimed space: 0B
Creating client ... 
Creating ipfs   ... 
Creating service ... 
Creating client  ... done
Creating ipfs    ... done
Creating service ... done
Attaching to client, ipfs, service
ipfs                | Changing user to ipfs
ipfs                | ipfs version 0.7.0
ipfs                | Initializing IPFS with --empty-repo, --profile=badgerds
ipfs                | generating ED25519 keypair...done
ipfs                | peer identity: 12D3KooWJA2iZhPdRqQyiauJtuiDArUgy7rBtcXtdKChywfU2Tm4
ipfs                | initializing IPFS node at /data/ipfs
ipfs                | Removing default bootstrap nodes...
ipfs                | removed /dnsaddr/bootstrap.libp2p.io/p2p/QmNnooDu7bfjPFoTZYxMNLWUQJyrVwtbZg5gBMjTezGAJN
ipfs                | removed /dnsaddr/bootstrap.libp2p.io/p2p/QmQCU2EcMqAqQPR2i9bChDtGNJchTbq5TbXJJ16u19uLTa
ipfs                | removed /dnsaddr/bootstrap.libp2p.io/p2p/QmbLHAnMoJPWSCR5Zhtx6BHJX9KiKNN6tpvbUcqanj75Nb
ipfs                | removed /dnsaddr/bootstrap.libp2p.io/p2p/QmcZf59bWwK5XFi76CZX8cbJ4BhTzzA3gU1ZjYZcYW3dwt
ipfs                | removed /ip4/104.131.131.82/tcp/4001/p2p/QmaCpDMGvV2BGHeYERUEnRQAwe3N8SzbUtfsmvsqQLuvuJ
ipfs                | removed /ip4/104.131.131.82/udp/4001/quic/p2p/QmaCpDMGvV2BGHeYERUEnRQAwe3N8SzbUtfsmvsqQLuvuJ
ipfs                | added /ip4/146.59.192.105/tcp/4001/p2p/12D3KooWHvKLcqgemUXgEZ4WxTueNfnmkmycekCTdVtnWwBcdRmV
ipfs                | Initializing daemon...
ipfs                | go-ipfs version: 0.7.0-ea77213
ipfs                | Repo version: 10
ipfs                | System version: amd64/linux
ipfs                | Golang version: go1.14.4
ipfs                | Swarm is limited to private network of peers with the swarm key
ipfs                | Swarm key fingerprint: c53fe9fc1c8eac4230853d5efb58f0a0
ipfs                | Swarm listening on /ip4/10.23.85.210/tcp/4001
ipfs                | Swarm listening on /ip4/127.0.0.1/tcp/4001
ipfs                | Swarm listening on /ip4/152.228.166.247/tcp/4001
ipfs                | Swarm listening on /ip4/172.17.0.1/tcp/4001
ipfs                | Swarm listening on /ip6/::1/tcp/4001
ipfs                | Swarm listening on /p2p-circuit
ipfs                | Swarm announcing /ip4/127.0.0.1/tcp/4001
ipfs                | Swarm announcing /ip4/152.228.166.247/tcp/4001
ipfs                | Swarm announcing /ip6/::1/tcp/4001
ipfs                | API server listening on /ip4/127.0.0.1/tcp/5001
ipfs                | WebUI: http://127.0.0.1:5001/webui
ipfs                | Gateway (readonly) server listening on /ip4/127.0.0.1/tcp/8080
ipfs                | Daemon is ready
service             | Connected to IPFS daemon...
service             | Connected to bootstrap peer...
service             | Received bootstrap peer id: 12D3KooWHvKLcqgemUXgEZ4WxTueNfnmkmycekCTdVtnWwBcdRmV
service             | /ip4/146.59.192.105/tcp/4001/p2p/12D3KooWHvKLcqgemUXgEZ4WxTueNfnmkmycekCTdVtnWwBcdRmV
service             | INFO:     Started server process [1]
service             | INFO:     Waiting for application startup.
service             | INFO:     Application startup complete.
service             | INFO:     Uvicorn running on http://127.0.0.1:8000 (Press CTRL+C to quit)
service             | INFO:     127.0.0.1:44956 - "GET /download/?file_path=%2Ftmp%2Ffiles%2F64MB_1 HTTP/1.1" 200 OK
service             | INFO:     127.0.0.1:44956 - "GET /metrics/ HTTP/1.1" 200 OK
service             | INFO:     127.0.0.1:44958 - "GET /download/?file_path=%2Ftmp%2Ffiles%2F64MB_2 HTTP/1.1" 200 OK
service             | INFO:     127.0.0.1:44958 - "GET /metrics/ HTTP/1.1" 200 OK
service             | INFO:     127.0.0.1:44962 - "GET /download/?file_path=%2Ftmp%2Ffiles%2F64MB_3 HTTP/1.1" 200 OK
service             | INFO:     127.0.0.1:44962 - "GET /metrics/ HTTP/1.1" 200 OK
service             | INFO:     127.0.0.1:44966 - "GET /download/?file_path=%2Ftmp%2Ffiles%2F64MB_4 HTTP/1.1" 200 OK
service             | INFO:     127.0.0.1:44966 - "GET /metrics/ HTTP/1.1" 200 OK
service             | INFO:     127.0.0.1:44970 - "GET /download/?file_path=%2Ftmp%2Ffiles%2F64MB_5 HTTP/1.1" 200 OK
service             | INFO:     127.0.0.1:44970 - "GET /metrics/ HTTP/1.1" 200 OK
service             | INFO:     127.0.0.1:44974 - "GET /download/?file_path=%2Ftmp%2Ffiles%2F64MB_6 HTTP/1.1" 200 OK
service             | INFO:     127.0.0.1:44974 - "GET /metrics/ HTTP/1.1" 200 OK
service             | INFO:     127.0.0.1:44978 - "GET /download/?file_path=%2Ftmp%2Ffiles%2F64MB_7 HTTP/1.1" 200 OK
service             | INFO:     127.0.0.1:44978 - "GET /metrics/ HTTP/1.1" 200 OK
service             | INFO:     127.0.0.1:44982 - "GET /download/?file_path=%2Ftmp%2Ffiles%2F64MB_8 HTTP/1.1" 200 OK
service             | INFO:     127.0.0.1:44982 - "GET /metrics/ HTTP/1.1" 200 OK
service             | INFO:     127.0.0.1:44986 - "GET /download/?file_path=%2Ftmp%2Ffiles%2F64MB_9 HTTP/1.1" 200 OK
service             | INFO:     127.0.0.1:44986 - "GET /metrics/ HTTP/1.1" 200 OK
service             | INFO:     127.0.0.1:44990 - "GET /download/?file_path=%2Ftmp%2Ffiles%2F64MB_10 HTTP/1.1" 200 OK
service             | INFO:     127.0.0.1:44990 - "GET /metrics/ HTTP/1.1" 200 OK
client              | 14:19.50: Connecting to download script runner
client              | 14:19.50: Waiting for finish upload signal
client              | 14:25.35: Starting 64MB benchmark
client              | 14:25.35: Creating client interface
client              | 14:25.35: Preparing run 1
client              | 14:25.35: Download file name is /tmp/files/64MB_1
client              | 14:25.35: Running garbage collector
client              | 14:25.35: Sleeping for 30.0 seconds
client              | 14:26.05: Starting
client              | 14:26.08: Finished
client              | 14:26.08: Collecting metrics from service
client              | 14:26.08: Deleting downloaded file /tmp/files/64MB_1
client              | 14:26.08: Ending run 1
client              | 14:26.08: Preparing run 2
client              | 14:26.08: Download file name is /tmp/files/64MB_2
client              | 14:26.08: Running garbage collector
client              | 14:26.08: Sleeping for 30.0 seconds
client              | 14:26.38: Starting
client              | 14:26.40: Finished
client              | 14:26.40: Collecting metrics from service
client              | 14:26.40: Deleting downloaded file /tmp/files/64MB_2
client              | 14:26.40: Ending run 2
client              | 14:26.40: Preparing run 3
client              | 14:26.40: Download file name is /tmp/files/64MB_3
client              | 14:26.40: Running garbage collector
client              | 14:26.40: Sleeping for 30.0 seconds
client              | 14:27.10: Starting
client              | 14:27.13: Finished
client              | 14:27.13: Collecting metrics from service
client              | 14:27.13: Deleting downloaded file /tmp/files/64MB_3
client              | 14:27.13: Ending run 3
client              | 14:27.13: Preparing run 4
client              | 14:27.13: Download file name is /tmp/files/64MB_4
client              | 14:27.13: Running garbage collector
client              | 14:27.13: Sleeping for 30.0 seconds
client              | 14:27.43: Starting
client              | 14:27.46: Finished
client              | 14:27.46: Collecting metrics from service
client              | 14:27.46: Deleting downloaded file /tmp/files/64MB_4
client              | 14:27.46: Ending run 4
client              | 14:27.46: Preparing run 5
client              | 14:27.46: Download file name is /tmp/files/64MB_5
client              | 14:27.46: Running garbage collector
client              | 14:27.46: Sleeping for 30.0 seconds
client              | 14:28.16: Starting
client              | 14:28.18: Finished
client              | 14:28.18: Collecting metrics from service
client              | 14:28.18: Deleting downloaded file /tmp/files/64MB_5
client              | 14:28.18: Ending run 5
client              | 14:28.18: Preparing run 6
client              | 14:28.18: Download file name is /tmp/files/64MB_6
client              | 14:28.18: Running garbage collector
client              | 14:28.18: Sleeping for 30.0 seconds
client              | 14:28.48: Starting
client              | 14:28.51: Finished
client              | 14:28.51: Collecting metrics from service
client              | 14:28.51: Deleting downloaded file /tmp/files/64MB_6
client              | 14:28.51: Ending run 6
client              | 14:28.51: Preparing run 7
client              | 14:28.51: Download file name is /tmp/files/64MB_7
client              | 14:28.51: Running garbage collector
client              | 14:28.51: Sleeping for 30.0 seconds
client              | 14:29.21: Starting
client              | 14:29.24: Finished
client              | 14:29.24: Collecting metrics from service
client              | 14:29.24: Deleting downloaded file /tmp/files/64MB_7
client              | 14:29.24: Ending run 7
client              | 14:29.24: Preparing run 8
client              | 14:29.24: Download file name is /tmp/files/64MB_8
client              | 14:29.24: Running garbage collector
client              | 14:29.24: Sleeping for 30.0 seconds
client              | 14:29.54: Starting
client              | 14:29.56: Finished
client              | 14:29.56: Collecting metrics from service
client              | 14:29.56: Deleting downloaded file /tmp/files/64MB_8
client              | 14:29.56: Ending run 8
client              | 14:29.56: Preparing run 9
client              | 14:29.56: Download file name is /tmp/files/64MB_9
client              | 14:29.56: Running garbage collector
client              | 14:29.56: Sleeping for 30.0 seconds
client              | 14:30.26: Starting
client              | 14:30.29: Finished
client              | 14:30.29: Collecting metrics from service
client              | 14:30.29: Deleting downloaded file /tmp/files/64MB_9
client              | 14:30.29: Ending run 9
client              | 14:30.29: Preparing run 10
client              | 14:30.29: Download file name is /tmp/files/64MB_10
client              | 14:30.29: Running garbage collector
client              | 14:30.29: Sleeping for 30.0 seconds
client              | 14:30.59: Starting
client              | 14:31.02: Finished
client              | 14:31.02: Collecting metrics from service
client              | 14:31.02: Deleting downloaded file /tmp/files/64MB_10
client              | 14:31.02: Ending run 10
client              | 14:31.02: Writing metrics file
client              | 14:31.02: Send finished download signal
client exited with code 0
Stopping service ... 
Stopping ipfs    ... 
Stopping ipfs    ... done
Stopping service ... done
Aborting on container exit...
Removing service ... 
Removing ipfs    ... 
Removing client  ... 
Removing service ... done
Removing client  ... done
Removing ipfs    ... done
WARNING! This will remove all local volumes not used by at least one container.
Are you sure you want to continue? [y/N] Deleted Volumes:
e4b385dd8fd90b3e995979c74f9538bc3237bb2ba37781a15869d6a02db9f294

Total reclaimed space: 673.8MB
