Time start: 2022-03-16 14:31:19
Time end: 2022-03-16 14:48:30
Duration: 0:17:10.857708

Platform: Linux-5.4.0-99-generic-x86_64-with-glibc2.29
Name: lfw-ds001-i048
Release: #112-Ubuntu SMP Thu Feb 3 13:50:55 UTC 2022

Compose file: transfer_ipfs_download_setup.yml
Script: performance/transfer_ipfs_download.py
Environment vars:
SCRIPT: performance/transfer_ipfs_download.py
PEER_ID: 12D3KooWCXoGkWssc6saEkDUqMALHHkQsqCkkNDikuchCTTcoowi
BOOT_ADDRESS: 146.59.192.105
FILE_SIZE: 268435456
RUN_COUNT: 10
INTERVAL_SECONDS: 30

WARNING! This will remove all stopped containers.
Are you sure you want to continue? [y/N] Total reclaimed space: 0B
Creating ipfs ... 
Creating service ... 
Creating client  ... 
Creating ipfs    ... done
Creating service ... done
Creating client  ... done
Attaching to ipfs, service, client
ipfs                | Changing user to ipfs
ipfs                | ipfs version 0.7.0
ipfs                | Initializing IPFS with --empty-repo, --profile=badgerds
ipfs                | generating ED25519 keypair...done
ipfs                | peer identity: 12D3KooWRLv7GM8Afj9Lw5qSNC6epdaM25vciGDDq7ZuCef94LHC
ipfs                | initializing IPFS node at /data/ipfs
ipfs                | Removing default bootstrap nodes...
ipfs                | removed /dnsaddr/bootstrap.libp2p.io/p2p/QmNnooDu7bfjPFoTZYxMNLWUQJyrVwtbZg5gBMjTezGAJN
ipfs                | removed /dnsaddr/bootstrap.libp2p.io/p2p/QmQCU2EcMqAqQPR2i9bChDtGNJchTbq5TbXJJ16u19uLTa
ipfs                | removed /dnsaddr/bootstrap.libp2p.io/p2p/QmbLHAnMoJPWSCR5Zhtx6BHJX9KiKNN6tpvbUcqanj75Nb
ipfs                | removed /dnsaddr/bootstrap.libp2p.io/p2p/QmcZf59bWwK5XFi76CZX8cbJ4BhTzzA3gU1ZjYZcYW3dwt
ipfs                | removed /ip4/104.131.131.82/tcp/4001/p2p/QmaCpDMGvV2BGHeYERUEnRQAwe3N8SzbUtfsmvsqQLuvuJ
ipfs                | removed /ip4/104.131.131.82/udp/4001/quic/p2p/QmaCpDMGvV2BGHeYERUEnRQAwe3N8SzbUtfsmvsqQLuvuJ
ipfs                | added /ip4/146.59.192.105/tcp/4001/p2p/12D3KooWCXoGkWssc6saEkDUqMALHHkQsqCkkNDikuchCTTcoowi
ipfs                | Initializing daemon...
ipfs                | go-ipfs version: 0.7.0-ea77213
ipfs                | Repo version: 10
ipfs                | System version: amd64/linux
ipfs                | Golang version: go1.14.4
ipfs                | Swarm is limited to private network of peers with the swarm key
ipfs                | Swarm key fingerprint: c53fe9fc1c8eac4230853d5efb58f0a0
ipfs                | Swarm listening on /ip4/10.23.85.210/tcp/4001
ipfs                | Swarm listening on /ip4/127.0.0.1/tcp/4001
ipfs                | Swarm listening on /ip4/152.228.166.247/tcp/4001
ipfs                | Swarm listening on /ip4/172.17.0.1/tcp/4001
ipfs                | Swarm listening on /ip6/::1/tcp/4001
ipfs                | Swarm listening on /p2p-circuit
ipfs                | Swarm announcing /ip4/127.0.0.1/tcp/4001
ipfs                | Swarm announcing /ip4/152.228.166.247/tcp/4001
ipfs                | Swarm announcing /ip6/::1/tcp/4001
ipfs                | API server listening on /ip4/127.0.0.1/tcp/5001
ipfs                | WebUI: http://127.0.0.1:5001/webui
ipfs                | Gateway (readonly) server listening on /ip4/127.0.0.1/tcp/8080
ipfs                | Daemon is ready
service             | Connected to IPFS daemon...
service             | Connected to bootstrap peer...
service             | Received bootstrap peer id: 12D3KooWCXoGkWssc6saEkDUqMALHHkQsqCkkNDikuchCTTcoowi
service             | /ip4/146.59.192.105/tcp/4001/p2p/12D3KooWCXoGkWssc6saEkDUqMALHHkQsqCkkNDikuchCTTcoowi
service             | INFO:     Started server process [1]
service             | INFO:     Waiting for application startup.
service             | INFO:     Application startup complete.
service             | INFO:     Uvicorn running on http://127.0.0.1:8000 (Press CTRL+C to quit)
service             | INFO:     127.0.0.1:45010 - "GET /download/?file_path=%2Ftmp%2Ffiles%2F256MB_1 HTTP/1.1" 200 OK
service             | INFO:     127.0.0.1:45010 - "GET /metrics/ HTTP/1.1" 200 OK
service             | INFO:     127.0.0.1:45012 - "GET /download/?file_path=%2Ftmp%2Ffiles%2F256MB_2 HTTP/1.1" 200 OK
service             | INFO:     127.0.0.1:45012 - "GET /metrics/ HTTP/1.1" 200 OK
service             | INFO:     127.0.0.1:45016 - "GET /download/?file_path=%2Ftmp%2Ffiles%2F256MB_3 HTTP/1.1" 200 OK
service             | INFO:     127.0.0.1:45016 - "GET /metrics/ HTTP/1.1" 200 OK
service             | INFO:     127.0.0.1:45020 - "GET /download/?file_path=%2Ftmp%2Ffiles%2F256MB_4 HTTP/1.1" 200 OK
service             | INFO:     127.0.0.1:45020 - "GET /metrics/ HTTP/1.1" 200 OK
service             | INFO:     127.0.0.1:45026 - "GET /download/?file_path=%2Ftmp%2Ffiles%2F256MB_5 HTTP/1.1" 200 OK
service             | INFO:     127.0.0.1:45026 - "GET /metrics/ HTTP/1.1" 200 OK
service             | INFO:     127.0.0.1:45030 - "GET /download/?file_path=%2Ftmp%2Ffiles%2F256MB_6 HTTP/1.1" 200 OK
service             | INFO:     127.0.0.1:45030 - "GET /metrics/ HTTP/1.1" 200 OK
service             | INFO:     127.0.0.1:45034 - "GET /download/?file_path=%2Ftmp%2Ffiles%2F256MB_7 HTTP/1.1" 200 OK
service             | INFO:     127.0.0.1:45034 - "GET /metrics/ HTTP/1.1" 200 OK
service             | INFO:     127.0.0.1:45038 - "GET /download/?file_path=%2Ftmp%2Ffiles%2F256MB_8 HTTP/1.1" 200 OK
service             | INFO:     127.0.0.1:45038 - "GET /metrics/ HTTP/1.1" 200 OK
service             | INFO:     127.0.0.1:45042 - "GET /download/?file_path=%2Ftmp%2Ffiles%2F256MB_9 HTTP/1.1" 200 OK
service             | INFO:     127.0.0.1:45042 - "GET /metrics/ HTTP/1.1" 200 OK
service             | INFO:     127.0.0.1:45046 - "GET /download/?file_path=%2Ftmp%2Ffiles%2F256MB_10 HTTP/1.1" 200 OK
service             | INFO:     127.0.0.1:45046 - "GET /metrics/ HTTP/1.1" 200 OK
client              | 14:31.25: Connecting to download script runner
client              | 14:31.25: Waiting for finish upload signal
client              | 14:41.30: Starting 256MB benchmark
client              | 14:41.30: Creating client interface
client              | 14:41.30: Preparing run 1
client              | 14:41.30: Download file name is /tmp/files/256MB_1
client              | 14:41.30: Running garbage collector
client              | 14:41.30: Sleeping for 30.0 seconds
client              | 14:42.00: Starting
client              | 14:42.10: Finished
client              | 14:42.10: Collecting metrics from service
client              | 14:42.10: Deleting downloaded file /tmp/files/256MB_1
client              | 14:42.10: Ending run 1
client              | 14:42.10: Preparing run 2
client              | 14:42.10: Download file name is /tmp/files/256MB_2
client              | 14:42.10: Running garbage collector
client              | 14:42.10: Sleeping for 30.0 seconds
client              | 14:42.40: Starting
client              | 14:42.50: Finished
client              | 14:42.50: Collecting metrics from service
client              | 14:42.50: Deleting downloaded file /tmp/files/256MB_2
client              | 14:42.50: Ending run 2
client              | 14:42.50: Preparing run 3
client              | 14:42.50: Download file name is /tmp/files/256MB_3
client              | 14:42.50: Running garbage collector
client              | 14:42.50: Sleeping for 30.0 seconds
client              | 14:43.20: Starting
client              | 14:43.31: Finished
client              | 14:43.31: Collecting metrics from service
client              | 14:43.31: Deleting downloaded file /tmp/files/256MB_3
client              | 14:43.31: Ending run 3
client              | 14:43.31: Preparing run 4
client              | 14:43.31: Download file name is /tmp/files/256MB_4
client              | 14:43.31: Running garbage collector
client              | 14:43.31: Sleeping for 30.0 seconds
client              | 14:44.01: Starting
client              | 14:44.12: Finished
client              | 14:44.12: Collecting metrics from service
client              | 14:44.12: Deleting downloaded file /tmp/files/256MB_4
client              | 14:44.12: Ending run 4
client              | 14:44.12: Preparing run 5
client              | 14:44.12: Download file name is /tmp/files/256MB_5
client              | 14:44.12: Running garbage collector
client              | 14:44.12: Sleeping for 30.0 seconds
client              | 14:44.42: Starting
client              | 14:44.53: Finished
client              | 14:44.53: Collecting metrics from service
client              | 14:44.53: Deleting downloaded file /tmp/files/256MB_5
client              | 14:44.53: Ending run 5
client              | 14:44.53: Preparing run 6
client              | 14:44.53: Download file name is /tmp/files/256MB_6
client              | 14:44.53: Running garbage collector
client              | 14:44.53: Sleeping for 30.0 seconds
client              | 14:45.23: Starting
client              | 14:45.33: Finished
client              | 14:45.33: Collecting metrics from service
client              | 14:45.33: Deleting downloaded file /tmp/files/256MB_6
client              | 14:45.33: Ending run 6
client              | 14:45.33: Preparing run 7
client              | 14:45.33: Download file name is /tmp/files/256MB_7
client              | 14:45.33: Running garbage collector
client              | 14:45.33: Sleeping for 30.0 seconds
client              | 14:46.04: Starting
client              | 14:46.14: Finished
client              | 14:46.14: Collecting metrics from service
client              | 14:46.14: Deleting downloaded file /tmp/files/256MB_7
client              | 14:46.14: Ending run 7
client              | 14:46.14: Preparing run 8
client              | 14:46.14: Download file name is /tmp/files/256MB_8
client              | 14:46.14: Running garbage collector
client              | 14:46.14: Sleeping for 30.0 seconds
client              | 14:46.44: Starting
client              | 14:46.56: Finished
client              | 14:46.56: Collecting metrics from service
client              | 14:46.56: Deleting downloaded file /tmp/files/256MB_8
client              | 14:46.56: Ending run 8
client              | 14:46.56: Preparing run 9
client              | 14:46.56: Download file name is /tmp/files/256MB_9
client              | 14:46.56: Running garbage collector
client              | 14:46.56: Sleeping for 30.0 seconds
client              | 14:47.26: Starting
client              | 14:47.37: Finished
client              | 14:47.37: Collecting metrics from service
client              | 14:47.37: Deleting downloaded file /tmp/files/256MB_9
client              | 14:47.37: Ending run 9
client              | 14:47.37: Preparing run 10
client              | 14:47.37: Download file name is /tmp/files/256MB_10
client              | 14:47.37: Running garbage collector
client              | 14:47.37: Sleeping for 30.0 seconds
client              | 14:48.07: Starting
client              | 14:48.18: Finished
client              | 14:48.18: Collecting metrics from service
client              | 14:48.18: Deleting downloaded file /tmp/files/256MB_10
client              | 14:48.18: Ending run 10
client              | 14:48.18: Writing metrics file
client              | 14:48.18: Send finished download signal
client exited with code 0
Stopping service ... 
Stopping ipfs    ... 
Stopping ipfs    ... done
Stopping service ... done
Aborting on container exit...
Removing client  ... 
Removing service ... 
Removing ipfs    ... 
Removing ipfs    ... done
Removing client  ... done
Removing service ... done
WARNING! This will remove all local volumes not used by at least one container.
Are you sure you want to continue? [y/N] Deleted Volumes:
eda6bd6e52b889796573da206e4fcf7f86667f212d881d10cb6628f62d265b1b

Total reclaimed space: 2.695GB
