Time start: 2022-03-16 13:27:16
Time end: 2022-03-16 13:37:41
Duration: 0:10:25.434692

Platform: Linux-5.4.0-99-generic-x86_64-with-glibc2.29
Name: lfw-ds001-i046
Release: #112-Ubuntu SMP Thu Feb 3 13:50:55 UTC 2022

Compose file: transfer_ipfs_upload_setup.yml
Script: performance/transfer_ipfs_upload.py
Environment vars:
SCRIPT: performance/transfer_ipfs_upload.py
FILE_SIZE: 65536
RUN_COUNT: 10
INTERVAL_SECONDS: 30

WARNING! This will remove all stopped containers.
Are you sure you want to continue? [y/N] Total reclaimed space: 0B
Creating client ... 
Creating service ... 
Creating ipfs    ... 
Creating ipfs    ... done
Creating client  ... done
Creating service ... done
Attaching to ipfs, client, service
ipfs                | Changing user to ipfs
ipfs                | ipfs version 0.7.0
ipfs                | Initializing IPFS with --empty-repo, --profile=badgerds
ipfs                | generating ED25519 keypair...done
ipfs                | peer identity: 12D3KooWL86E2r4YEDeVR4bXpz8xScDY3Xejt7MWpbD6DA1BJfdt
ipfs                | initializing IPFS node at /data/ipfs
service             | ConnectionError: HTTPConnectionPool(host='127.0.0.1', port=5001): Max retries exceeded with url: /api/v0/version?stream-channels=true (Caused by NewConnectionError('<ipfshttpclient.requests_wrapper.HTTPConnection object at 0x7f707943cf40>: Failed to establish a new connection: [Errno 111] Connection refused'))
ipfs                | Removing default bootstrap nodes...
ipfs                | removed /dnsaddr/bootstrap.libp2p.io/p2p/QmNnooDu7bfjPFoTZYxMNLWUQJyrVwtbZg5gBMjTezGAJN
ipfs                | removed /dnsaddr/bootstrap.libp2p.io/p2p/QmQCU2EcMqAqQPR2i9bChDtGNJchTbq5TbXJJ16u19uLTa
ipfs                | removed /dnsaddr/bootstrap.libp2p.io/p2p/QmbLHAnMoJPWSCR5Zhtx6BHJX9KiKNN6tpvbUcqanj75Nb
ipfs                | removed /dnsaddr/bootstrap.libp2p.io/p2p/QmcZf59bWwK5XFi76CZX8cbJ4BhTzzA3gU1ZjYZcYW3dwt
ipfs                | removed /ip4/104.131.131.82/tcp/4001/p2p/QmaCpDMGvV2BGHeYERUEnRQAwe3N8SzbUtfsmvsqQLuvuJ
ipfs                | removed /ip4/104.131.131.82/udp/4001/quic/p2p/QmaCpDMGvV2BGHeYERUEnRQAwe3N8SzbUtfsmvsqQLuvuJ
ipfs                | Initializing daemon...
ipfs                | go-ipfs version: 0.7.0-ea77213
ipfs                | Repo version: 10
ipfs                | System version: amd64/linux
ipfs                | Golang version: go1.14.4
ipfs                | Swarm is limited to private network of peers with the swarm key
ipfs                | Swarm key fingerprint: c53fe9fc1c8eac4230853d5efb58f0a0
ipfs                | Swarm listening on /ip4/10.23.85.159/tcp/4001
ipfs                | Swarm listening on /ip4/127.0.0.1/tcp/4001
ipfs                | Swarm listening on /ip4/146.59.192.105/tcp/4001
ipfs                | Swarm listening on /ip4/172.17.0.1/tcp/4001
ipfs                | Swarm listening on /ip6/::1/tcp/4001
ipfs                | Swarm listening on /p2p-circuit
ipfs                | Swarm announcing /ip4/127.0.0.1/tcp/4001
ipfs                | Swarm announcing /ip4/146.59.192.105/tcp/4001
ipfs                | Swarm announcing /ip6/::1/tcp/4001
ipfs                | API server listening on /ip4/127.0.0.1/tcp/5001
ipfs                | WebUI: http://127.0.0.1:5001/webui
ipfs                | Gateway (readonly) server listening on /ip4/127.0.0.1/tcp/8080
ipfs                | Daemon is ready
service             | Connected to IPFS daemon...
service             | Could not contact peer to acquire bootstrap peer ID
service             | [Errno 111] Connection refused
service             | Connected to bootstrap peer...
service             | New bootstrapping peer joined
service             | Received bootstrap peer id: 12D3KooWL86E2r4YEDeVR4bXpz8xScDY3Xejt7MWpbD6DA1BJfdt
service             | I am the bootstrap peer
service             | Send my peer ID: 12D3KooWL86E2r4YEDeVR4bXpz8xScDY3Xejt7MWpbD6DA1BJfdt
service             | Could not publish files...
service             | failed to find any peer in table
service             | INFO:     Started server process [1]
service             | INFO:     Waiting for application startup.
service             | INFO:     Application startup complete.
service             | INFO:     Uvicorn running on http://127.0.0.1:8000 (Press CTRL+C to quit)
service             | New bootstrapping peer joined
service             | Send my peer ID: 12D3KooWL86E2r4YEDeVR4bXpz8xScDY3Xejt7MWpbD6DA1BJfdt
service             | INFO:     127.0.0.1:37622 - "PUT /upload/?file_path=%2Ftmp%2Ffiles%2F64KB_1 HTTP/1.1" 200 OK
service             | INFO:     127.0.0.1:37622 - "GET /metrics/ HTTP/1.1" 200 OK
service             | INFO:     127.0.0.1:37628 - "PUT /upload/?file_path=%2Ftmp%2Ffiles%2F64KB_2 HTTP/1.1" 200 OK
service             | INFO:     127.0.0.1:37628 - "GET /metrics/ HTTP/1.1" 200 OK
service             | INFO:     127.0.0.1:37638 - "PUT /upload/?file_path=%2Ftmp%2Ffiles%2F64KB_3 HTTP/1.1" 200 OK
service             | INFO:     127.0.0.1:37638 - "GET /metrics/ HTTP/1.1" 200 OK
service             | INFO:     127.0.0.1:37642 - "PUT /upload/?file_path=%2Ftmp%2Ffiles%2F64KB_4 HTTP/1.1" 200 OK
service             | INFO:     127.0.0.1:37642 - "GET /metrics/ HTTP/1.1" 200 OK
service             | INFO:     127.0.0.1:37646 - "PUT /upload/?file_path=%2Ftmp%2Ffiles%2F64KB_5 HTTP/1.1" 200 OK
service             | INFO:     127.0.0.1:37646 - "GET /metrics/ HTTP/1.1" 200 OK
service             | INFO:     127.0.0.1:37652 - "PUT /upload/?file_path=%2Ftmp%2Ffiles%2F64KB_6 HTTP/1.1" 200 OK
service             | INFO:     127.0.0.1:37652 - "GET /metrics/ HTTP/1.1" 200 OK
service             | INFO:     127.0.0.1:37656 - "PUT /upload/?file_path=%2Ftmp%2Ffiles%2F64KB_7 HTTP/1.1" 200 OK
service             | INFO:     127.0.0.1:37656 - "GET /metrics/ HTTP/1.1" 200 OK
service             | INFO:     127.0.0.1:37660 - "PUT /upload/?file_path=%2Ftmp%2Ffiles%2F64KB_8 HTTP/1.1" 200 OK
service             | INFO:     127.0.0.1:37660 - "GET /metrics/ HTTP/1.1" 200 OK
service             | INFO:     127.0.0.1:37664 - "PUT /upload/?file_path=%2Ftmp%2Ffiles%2F64KB_9 HTTP/1.1" 200 OK
service             | INFO:     127.0.0.1:37664 - "GET /metrics/ HTTP/1.1" 200 OK
service             | INFO:     127.0.0.1:37670 - "PUT /upload/?file_path=%2Ftmp%2Ffiles%2F64KB_10 HTTP/1.1" 200 OK
service             | INFO:     127.0.0.1:37670 - "GET /metrics/ HTTP/1.1" 200 OK
client              | 13:27.22: Connecting to IPFS daemon
client              | 13:27.22: Connected to IPFS daemon, peer ID is 12D3KooWL86E2r4YEDeVR4bXpz8xScDY3Xejt7MWpbD6DA1BJfdt
client              | 13:27.22: Connecting to upload script runner
client              | 13:27.22: Sending peer ID
client              | 13:27.22: Waiting for signal to start downloading
client              | 13:27.28: Starting 64KB benchmark
client              | 13:27.28: Creating client interface
client              | 13:27.28: Preparing run 1
client              | 13:27.28: Creating file /tmp/files/64KB_1
client              | 13:27.28: Running garbage collector
client              | 13:27.28: Sleeping for 30.0 seconds
client              | 13:27.58: Starting
client              | 13:27.58: Finished
client              | 13:27.58: Collecting metrics from service
client              | 13:27.58: Deleting created file /tmp/files/64KB_1
client              | 13:27.58: Ending run 1
client              | 13:27.58: Preparing run 2
client              | 13:27.58: Creating file /tmp/files/64KB_2
client              | 13:27.58: Running garbage collector
client              | 13:27.58: Sleeping for 30.0 seconds
client              | 13:28.28: Starting
client              | 13:28.28: Finished
client              | 13:28.28: Collecting metrics from service
client              | 13:28.28: Deleting created file /tmp/files/64KB_2
client              | 13:28.28: Ending run 2
client              | 13:28.28: Preparing run 3
client              | 13:28.28: Creating file /tmp/files/64KB_3
client              | 13:28.28: Running garbage collector
client              | 13:28.28: Sleeping for 30.0 seconds
client              | 13:28.58: Starting
client              | 13:28.58: Finished
client              | 13:28.58: Collecting metrics from service
client              | 13:28.58: Deleting created file /tmp/files/64KB_3
client              | 13:28.58: Ending run 3
client              | 13:28.58: Preparing run 4
client              | 13:28.58: Creating file /tmp/files/64KB_4
client              | 13:28.58: Running garbage collector
client              | 13:28.58: Sleeping for 30.0 seconds
client              | 13:29.28: Starting
client              | 13:29.28: Finished
client              | 13:29.28: Collecting metrics from service
client              | 13:29.28: Deleting created file /tmp/files/64KB_4
client              | 13:29.28: Ending run 4
client              | 13:29.28: Preparing run 5
client              | 13:29.28: Creating file /tmp/files/64KB_5
client              | 13:29.28: Running garbage collector
client              | 13:29.28: Sleeping for 30.0 seconds
client              | 13:29.59: Starting
client              | 13:29.59: Finished
client              | 13:29.59: Collecting metrics from service
client              | 13:29.59: Deleting created file /tmp/files/64KB_5
client              | 13:29.59: Ending run 5
client              | 13:29.59: Preparing run 6
client              | 13:29.59: Creating file /tmp/files/64KB_6
client              | 13:29.59: Running garbage collector
client              | 13:29.59: Sleeping for 30.0 seconds
client              | 13:30.29: Starting
client              | 13:30.29: Finished
client              | 13:30.29: Collecting metrics from service
client              | 13:30.29: Deleting created file /tmp/files/64KB_6
client              | 13:30.29: Ending run 6
client              | 13:30.29: Preparing run 7
client              | 13:30.29: Creating file /tmp/files/64KB_7
client              | 13:30.29: Running garbage collector
client              | 13:30.29: Sleeping for 30.0 seconds
client              | 13:30.59: Starting
client              | 13:30.59: Finished
client              | 13:30.59: Collecting metrics from service
client              | 13:30.59: Deleting created file /tmp/files/64KB_7
client              | 13:30.59: Ending run 7
client              | 13:30.59: Preparing run 8
client              | 13:30.59: Creating file /tmp/files/64KB_8
client              | 13:30.59: Running garbage collector
client              | 13:30.59: Sleeping for 30.0 seconds
client              | 13:31.29: Starting
client              | 13:31.29: Finished
client              | 13:31.29: Collecting metrics from service
client              | 13:31.29: Deleting created file /tmp/files/64KB_8
client              | 13:31.29: Ending run 8
client              | 13:31.29: Preparing run 9
client              | 13:31.29: Creating file /tmp/files/64KB_9
client              | 13:31.29: Running garbage collector
client              | 13:31.29: Sleeping for 30.0 seconds
client              | 13:31.59: Starting
client              | 13:31.59: Finished
client              | 13:31.59: Collecting metrics from service
client              | 13:31.59: Deleting created file /tmp/files/64KB_9
client              | 13:31.59: Ending run 9
client              | 13:31.59: Preparing run 10
client              | 13:31.59: Creating file /tmp/files/64KB_10
client              | 13:31.59: Running garbage collector
client              | 13:31.59: Sleeping for 30.0 seconds
client              | 13:32.29: Starting
client              | 13:32.29: Finished
client              | 13:32.29: Collecting metrics from service
client              | 13:32.29: Deleting created file /tmp/files/64KB_10
client              | 13:32.29: Ending run 10
client              | 13:32.29: Writing metrics file
client              | 13:32.29: Sending upload finished signal
client              | 13:32.29: Waiting for download finished signal
client exited with code 0
Stopping ipfs    ... 
Stopping service ... 
Stopping ipfs    ... done
Stopping service ... done
Aborting on container exit...
Removing ipfs    ... 
Removing service ... 
Removing client  ... 
Removing ipfs    ... done
Removing client  ... done
Removing service ... done
WARNING! This will remove all local volumes not used by at least one container.
Are you sure you want to continue? [y/N] Deleted Volumes:
1eb34f5c4a8ea83d1167aa92b7a46c56d6a60f9b7c2c9a3b9f56f0b6b610218e

Total reclaimed space: 1.279MB
