Time start: 2022-03-16 13:06:25
Time end: 2022-03-16 13:16:50
Duration: 0:10:25.453508

Platform: Linux-5.4.0-99-generic-x86_64-with-glibc2.29
Name: lfw-ds001-i046
Release: #112-Ubuntu SMP Thu Feb 3 13:50:55 UTC 2022

Compose file: transfer_ipfs_upload_setup.yml
Script: performance/transfer_ipfs_upload.py
Environment vars:
SCRIPT: performance/transfer_ipfs_upload.py
FILE_SIZE: 4096
RUN_COUNT: 10
INTERVAL_SECONDS: 30

WARNING! This will remove all stopped containers.
Are you sure you want to continue? [y/N] Total reclaimed space: 0B
Creating service ... 
Creating client  ... 
Creating ipfs    ... 
Creating ipfs    ... done
Creating service ... done
Creating client  ... done
Attaching to ipfs, service, client
ipfs                | Changing user to ipfs
ipfs                | ipfs version 0.7.0
ipfs                | Initializing IPFS with --empty-repo, --profile=badgerds
ipfs                | generating ED25519 keypair...done
ipfs                | peer identity: 12D3KooWJXz6NhBcjC7hjySiZzsed4chcA4EwFoS5ma3XaWzVWuB
ipfs                | initializing IPFS node at /data/ipfs
ipfs                | Removing default bootstrap nodes...
service             | ConnectionError: HTTPConnectionPool(host='127.0.0.1', port=5001): Max retries exceeded with url: /api/v0/version?stream-channels=true (Caused by NewConnectionError('<ipfshttpclient.requests_wrapper.HTTPConnection object at 0x7faaccd58f40>: Failed to establish a new connection: [Errno 111] Connection refused'))
ipfs                | removed /dnsaddr/bootstrap.libp2p.io/p2p/QmNnooDu7bfjPFoTZYxMNLWUQJyrVwtbZg5gBMjTezGAJN
ipfs                | removed /dnsaddr/bootstrap.libp2p.io/p2p/QmQCU2EcMqAqQPR2i9bChDtGNJchTbq5TbXJJ16u19uLTa
ipfs                | removed /dnsaddr/bootstrap.libp2p.io/p2p/QmbLHAnMoJPWSCR5Zhtx6BHJX9KiKNN6tpvbUcqanj75Nb
ipfs                | removed /dnsaddr/bootstrap.libp2p.io/p2p/QmcZf59bWwK5XFi76CZX8cbJ4BhTzzA3gU1ZjYZcYW3dwt
ipfs                | removed /ip4/104.131.131.82/tcp/4001/p2p/QmaCpDMGvV2BGHeYERUEnRQAwe3N8SzbUtfsmvsqQLuvuJ
ipfs                | removed /ip4/104.131.131.82/udp/4001/quic/p2p/QmaCpDMGvV2BGHeYERUEnRQAwe3N8SzbUtfsmvsqQLuvuJ
ipfs                | Initializing daemon...
ipfs                | go-ipfs version: 0.7.0-ea77213
ipfs                | Repo version: 10
ipfs                | System version: amd64/linux
ipfs                | Golang version: go1.14.4
ipfs                | Swarm is limited to private network of peers with the swarm key
ipfs                | Swarm key fingerprint: c53fe9fc1c8eac4230853d5efb58f0a0
ipfs                | Swarm listening on /ip4/10.23.85.159/tcp/4001
ipfs                | Swarm listening on /ip4/127.0.0.1/tcp/4001
ipfs                | Swarm listening on /ip4/146.59.192.105/tcp/4001
ipfs                | Swarm listening on /ip4/172.17.0.1/tcp/4001
ipfs                | Swarm listening on /ip6/::1/tcp/4001
ipfs                | Swarm listening on /p2p-circuit
ipfs                | Swarm announcing /ip4/127.0.0.1/tcp/4001
ipfs                | Swarm announcing /ip4/146.59.192.105/tcp/4001
ipfs                | Swarm announcing /ip6/::1/tcp/4001
ipfs                | API server listening on /ip4/127.0.0.1/tcp/5001
ipfs                | WebUI: http://127.0.0.1:5001/webui
ipfs                | Gateway (readonly) server listening on /ip4/127.0.0.1/tcp/8080
ipfs                | Daemon is ready
service             | Connected to IPFS daemon...
service             | Connected to bootstrap peer...
service             | New bootstrapping peer joined
service             | Send my peer ID: 12D3KooWJXz6NhBcjC7hjySiZzsed4chcA4EwFoS5ma3XaWzVWuBReceived bootstrap peer id: 12D3KooWJXz6NhBcjC7hjySiZzsed4chcA4EwFoS5ma3XaWzVWuB
service             | I am the bootstrap peer
service             | 
service             | Could not publish files...
service             | failed to find any peer in table
service             | INFO:     Started server process [1]
service             | INFO:     Waiting for application startup.
service             | INFO:     Application startup complete.
service             | INFO:     Uvicorn running on http://127.0.0.1:8000 (Press CTRL+C to quit)
service             | New bootstrapping peer joined
service             | Send my peer ID: 12D3KooWJXz6NhBcjC7hjySiZzsed4chcA4EwFoS5ma3XaWzVWuB
service             | INFO:     127.0.0.1:37496 - "PUT /upload/?file_path=%2Ftmp%2Ffiles%2F4KB_1 HTTP/1.1" 200 OK
service             | INFO:     127.0.0.1:37496 - "GET /metrics/ HTTP/1.1" 200 OK
service             | INFO:     127.0.0.1:37498 - "PUT /upload/?file_path=%2Ftmp%2Ffiles%2F4KB_2 HTTP/1.1" 200 OK
service             | INFO:     127.0.0.1:37498 - "GET /metrics/ HTTP/1.1" 200 OK
service             | INFO:     127.0.0.1:37504 - "PUT /upload/?file_path=%2Ftmp%2Ffiles%2F4KB_3 HTTP/1.1" 200 OK
service             | INFO:     127.0.0.1:37504 - "GET /metrics/ HTTP/1.1" 200 OK
service             | INFO:     127.0.0.1:37508 - "PUT /upload/?file_path=%2Ftmp%2Ffiles%2F4KB_4 HTTP/1.1" 200 OK
service             | INFO:     127.0.0.1:37508 - "GET /metrics/ HTTP/1.1" 200 OK
service             | INFO:     127.0.0.1:37512 - "PUT /upload/?file_path=%2Ftmp%2Ffiles%2F4KB_5 HTTP/1.1" 200 OK
service             | INFO:     127.0.0.1:37512 - "GET /metrics/ HTTP/1.1" 200 OK
service             | INFO:     127.0.0.1:37520 - "PUT /upload/?file_path=%2Ftmp%2Ffiles%2F4KB_6 HTTP/1.1" 200 OK
service             | INFO:     127.0.0.1:37520 - "GET /metrics/ HTTP/1.1" 200 OK
service             | INFO:     127.0.0.1:37526 - "PUT /upload/?file_path=%2Ftmp%2Ffiles%2F4KB_7 HTTP/1.1" 200 OK
service             | INFO:     127.0.0.1:37526 - "GET /metrics/ HTTP/1.1" 200 OK
service             | INFO:     127.0.0.1:37528 - "PUT /upload/?file_path=%2Ftmp%2Ffiles%2F4KB_8 HTTP/1.1" 200 OK
service             | INFO:     127.0.0.1:37528 - "GET /metrics/ HTTP/1.1" 200 OK
service             | INFO:     127.0.0.1:37534 - "PUT /upload/?file_path=%2Ftmp%2Ffiles%2F4KB_9 HTTP/1.1" 200 OK
service             | INFO:     127.0.0.1:37534 - "GET /metrics/ HTTP/1.1" 200 OK
service             | INFO:     127.0.0.1:37538 - "PUT /upload/?file_path=%2Ftmp%2Ffiles%2F4KB_10 HTTP/1.1" 200 OK
service             | INFO:     127.0.0.1:37538 - "GET /metrics/ HTTP/1.1" 200 OK
client              | 13:06.31: Connecting to IPFS daemon
client              | 13:06.31: Connected to IPFS daemon, peer ID is 12D3KooWJXz6NhBcjC7hjySiZzsed4chcA4EwFoS5ma3XaWzVWuB
client              | 13:06.31: Connecting to upload script runner
client              | 13:06.31: Sending peer ID
client              | 13:06.31: Waiting for signal to start downloading
client              | 13:06.37: Starting 4KB benchmark
client              | 13:06.37: Creating client interface
client              | 13:06.37: Preparing run 1
client              | 13:06.37: Creating file /tmp/files/4KB_1
client              | 13:06.37: Running garbage collector
client              | 13:06.37: Sleeping for 30.0 seconds
client              | 13:07.07: Starting
client              | 13:07.07: Finished
client              | 13:07.07: Collecting metrics from service
client              | 13:07.07: Deleting created file /tmp/files/4KB_1
client              | 13:07.07: Ending run 1
client              | 13:07.07: Preparing run 2
client              | 13:07.07: Creating file /tmp/files/4KB_2
client              | 13:07.07: Running garbage collector
client              | 13:07.07: Sleeping for 30.0 seconds
client              | 13:07.37: Starting
client              | 13:07.37: Finished
client              | 13:07.37: Collecting metrics from service
client              | 13:07.37: Deleting created file /tmp/files/4KB_2
client              | 13:07.37: Ending run 2
client              | 13:07.37: Preparing run 3
client              | 13:07.37: Creating file /tmp/files/4KB_3
client              | 13:07.37: Running garbage collector
client              | 13:07.37: Sleeping for 30.0 seconds
client              | 13:08.07: Starting
client              | 13:08.08: Finished
client              | 13:08.08: Collecting metrics from service
client              | 13:08.08: Deleting created file /tmp/files/4KB_3
client              | 13:08.08: Ending run 3
client              | 13:08.08: Preparing run 4
client              | 13:08.08: Creating file /tmp/files/4KB_4
client              | 13:08.08: Running garbage collector
client              | 13:08.08: Sleeping for 30.0 seconds
client              | 13:08.38: Starting
client              | 13:08.38: Finished
client              | 13:08.38: Collecting metrics from service
client              | 13:08.38: Deleting created file /tmp/files/4KB_4
client              | 13:08.38: Ending run 4
client              | 13:08.38: Preparing run 5
client              | 13:08.38: Creating file /tmp/files/4KB_5
client              | 13:08.38: Running garbage collector
client              | 13:08.38: Sleeping for 30.0 seconds
client              | 13:09.08: Starting
client              | 13:09.08: Finished
client              | 13:09.08: Collecting metrics from service
client              | 13:09.08: Deleting created file /tmp/files/4KB_5
client              | 13:09.08: Ending run 5
client              | 13:09.08: Preparing run 6
client              | 13:09.08: Creating file /tmp/files/4KB_6
client              | 13:09.08: Running garbage collector
client              | 13:09.08: Sleeping for 30.0 seconds
client              | 13:09.38: Starting
client              | 13:09.38: Finished
client              | 13:09.38: Collecting metrics from service
client              | 13:09.38: Deleting created file /tmp/files/4KB_6
client              | 13:09.38: Ending run 6
client              | 13:09.38: Preparing run 7
client              | 13:09.38: Creating file /tmp/files/4KB_7
client              | 13:09.38: Running garbage collector
client              | 13:09.38: Sleeping for 30.0 seconds
client              | 13:10.08: Starting
client              | 13:10.08: Finished
client              | 13:10.08: Collecting metrics from service
client              | 13:10.08: Deleting created file /tmp/files/4KB_7
client              | 13:10.08: Ending run 7
client              | 13:10.08: Preparing run 8
client              | 13:10.08: Creating file /tmp/files/4KB_8
client              | 13:10.08: Running garbage collector
client              | 13:10.08: Sleeping for 30.0 seconds
client              | 13:10.38: Starting
client              | 13:10.38: Finished
client              | 13:10.38: Collecting metrics from service
client              | 13:10.38: Deleting created file /tmp/files/4KB_8
client              | 13:10.38: Ending run 8
client              | 13:10.38: Preparing run 9
client              | 13:10.38: Creating file /tmp/files/4KB_9
client              | 13:10.38: Running garbage collector
client              | 13:10.38: Sleeping for 30.0 seconds
client              | 13:11.08: Starting
client              | 13:11.08: Finished
client              | 13:11.08: Collecting metrics from service
client              | 13:11.08: Deleting created file /tmp/files/4KB_9
client              | 13:11.08: Ending run 9
client              | 13:11.08: Preparing run 10
client              | 13:11.08: Creating file /tmp/files/4KB_10
client              | 13:11.08: Running garbage collector
client              | 13:11.08: Sleeping for 30.0 seconds
client              | 13:11.38: Starting
client              | 13:11.38: Finished
client              | 13:11.38: Collecting metrics from service
client              | 13:11.38: Deleting created file /tmp/files/4KB_10
client              | 13:11.38: Ending run 10
client              | 13:11.38: Writing metrics file
client              | 13:11.38: Sending upload finished signal
client              | 13:11.38: Waiting for download finished signal
client exited with code 0
Stopping ipfs    ... 
Stopping service ... 
Stopping ipfs    ... done
Stopping service ... done
Aborting on container exit...
Removing ipfs    ... 
Removing service ... 
Removing client  ... 
Removing ipfs    ... done
Removing service ... done
Removing client  ... done
WARNING! This will remove all local volumes not used by at least one container.
Are you sure you want to continue? [y/N] Deleted Volumes:
677bfd9e977614f376effcba598dda4ab36dc939017ae95da81bec3c46180155

Total reclaimed space: 704.7kB
