Time start: 2022-03-16 14:09:08
Time end: 2022-03-16 14:19:37
Duration: 0:10:29.383154

Platform: Linux-5.4.0-99-generic-x86_64-with-glibc2.29
Name: lfw-ds001-i048
Release: #112-Ubuntu SMP Thu Feb 3 13:50:55 UTC 2022

Compose file: transfer_ipfs_download_setup.yml
Script: performance/transfer_ipfs_download.py
Environment vars:
SCRIPT: performance/transfer_ipfs_download.py
PEER_ID: 12D3KooWG13PaANBzY2NQ4GHcZoTAHizT1eK5dWMSik4MNm7Gbrg
BOOT_ADDRESS: 146.59.192.105
FILE_SIZE: 16777216
RUN_COUNT: 10
INTERVAL_SECONDS: 30

WARNING! This will remove all stopped containers.
Are you sure you want to continue? [y/N] Total reclaimed space: 0B
Creating client ... 
Creating ipfs   ... 
Creating service ... 
Creating ipfs    ... done
Creating service ... done
Creating client  ... done
Attaching to ipfs, service, client
ipfs                | Changing user to ipfs
ipfs                | ipfs version 0.7.0
ipfs                | Initializing IPFS with --empty-repo, --profile=badgerds
ipfs                | generating ED25519 keypair...done
ipfs                | peer identity: 12D3KooWPuM3D5zMo14YiVWaZaxYntpcWnzZ2ate4DNZ6vmTfFc5
ipfs                | initializing IPFS node at /data/ipfs
ipfs                | Removing default bootstrap nodes...
ipfs                | removed /dnsaddr/bootstrap.libp2p.io/p2p/QmNnooDu7bfjPFoTZYxMNLWUQJyrVwtbZg5gBMjTezGAJN
ipfs                | removed /dnsaddr/bootstrap.libp2p.io/p2p/QmQCU2EcMqAqQPR2i9bChDtGNJchTbq5TbXJJ16u19uLTa
ipfs                | removed /dnsaddr/bootstrap.libp2p.io/p2p/QmbLHAnMoJPWSCR5Zhtx6BHJX9KiKNN6tpvbUcqanj75Nb
ipfs                | removed /dnsaddr/bootstrap.libp2p.io/p2p/QmcZf59bWwK5XFi76CZX8cbJ4BhTzzA3gU1ZjYZcYW3dwt
ipfs                | removed /ip4/104.131.131.82/tcp/4001/p2p/QmaCpDMGvV2BGHeYERUEnRQAwe3N8SzbUtfsmvsqQLuvuJ
ipfs                | removed /ip4/104.131.131.82/udp/4001/quic/p2p/QmaCpDMGvV2BGHeYERUEnRQAwe3N8SzbUtfsmvsqQLuvuJ
ipfs                | added /ip4/146.59.192.105/tcp/4001/p2p/12D3KooWG13PaANBzY2NQ4GHcZoTAHizT1eK5dWMSik4MNm7Gbrg
ipfs                | Initializing daemon...
ipfs                | go-ipfs version: 0.7.0-ea77213
ipfs                | Repo version: 10
ipfs                | System version: amd64/linux
ipfs                | Golang version: go1.14.4
ipfs                | Swarm is limited to private network of peers with the swarm key
ipfs                | Swarm key fingerprint: c53fe9fc1c8eac4230853d5efb58f0a0
ipfs                | Swarm listening on /ip4/10.23.85.210/tcp/4001
ipfs                | Swarm listening on /ip4/127.0.0.1/tcp/4001
ipfs                | Swarm listening on /ip4/152.228.166.247/tcp/4001
ipfs                | Swarm listening on /ip4/172.17.0.1/tcp/4001
ipfs                | Swarm listening on /ip6/::1/tcp/4001
ipfs                | Swarm listening on /p2p-circuit
ipfs                | Swarm announcing /ip4/127.0.0.1/tcp/4001
ipfs                | Swarm announcing /ip4/152.228.166.247/tcp/4001
ipfs                | Swarm announcing /ip6/::1/tcp/4001
ipfs                | API server listening on /ip4/127.0.0.1/tcp/5001
ipfs                | WebUI: http://127.0.0.1:5001/webui
ipfs                | Gateway (readonly) server listening on /ip4/127.0.0.1/tcp/8080
ipfs                | Daemon is ready
service             | Connected to IPFS daemon...
service             | Connected to bootstrap peer...
service             | Received bootstrap peer id: 12D3KooWG13PaANBzY2NQ4GHcZoTAHizT1eK5dWMSik4MNm7Gbrg
service             | /ip4/146.59.192.105/tcp/4001/p2p/12D3KooWG13PaANBzY2NQ4GHcZoTAHizT1eK5dWMSik4MNm7Gbrg
service             | INFO:     Started server process [1]
service             | INFO:     Waiting for application startup.
service             | INFO:     Application startup complete.
service             | INFO:     Uvicorn running on http://127.0.0.1:8000 (Press CTRL+C to quit)
service             | INFO:     127.0.0.1:44894 - "GET /download/?file_path=%2Ftmp%2Ffiles%2F16MB_1 HTTP/1.1" 200 OK
service             | INFO:     127.0.0.1:44894 - "GET /metrics/ HTTP/1.1" 200 OK
service             | INFO:     127.0.0.1:44896 - "GET /download/?file_path=%2Ftmp%2Ffiles%2F16MB_2 HTTP/1.1" 200 OK
service             | INFO:     127.0.0.1:44896 - "GET /metrics/ HTTP/1.1" 200 OK
service             | INFO:     127.0.0.1:44900 - "GET /download/?file_path=%2Ftmp%2Ffiles%2F16MB_3 HTTP/1.1" 200 OK
service             | INFO:     127.0.0.1:44900 - "GET /metrics/ HTTP/1.1" 200 OK
service             | INFO:     127.0.0.1:44906 - "GET /download/?file_path=%2Ftmp%2Ffiles%2F16MB_4 HTTP/1.1" 200 OK
service             | INFO:     127.0.0.1:44906 - "GET /metrics/ HTTP/1.1" 200 OK
service             | INFO:     127.0.0.1:44910 - "GET /download/?file_path=%2Ftmp%2Ffiles%2F16MB_5 HTTP/1.1" 200 OK
service             | INFO:     127.0.0.1:44910 - "GET /metrics/ HTTP/1.1" 200 OK
service             | INFO:     127.0.0.1:44916 - "GET /download/?file_path=%2Ftmp%2Ffiles%2F16MB_6 HTTP/1.1" 200 OK
service             | INFO:     127.0.0.1:44916 - "GET /metrics/ HTTP/1.1" 200 OK
service             | INFO:     127.0.0.1:44922 - "GET /download/?file_path=%2Ftmp%2Ffiles%2F16MB_7 HTTP/1.1" 200 OK
service             | INFO:     127.0.0.1:44922 - "GET /metrics/ HTTP/1.1" 200 OK
service             | INFO:     127.0.0.1:44926 - "GET /download/?file_path=%2Ftmp%2Ffiles%2F16MB_8 HTTP/1.1" 200 OK
service             | INFO:     127.0.0.1:44926 - "GET /metrics/ HTTP/1.1" 200 OK
service             | INFO:     127.0.0.1:44932 - "GET /download/?file_path=%2Ftmp%2Ffiles%2F16MB_9 HTTP/1.1" 200 OK
service             | INFO:     127.0.0.1:44932 - "GET /metrics/ HTTP/1.1" 200 OK
service             | INFO:     127.0.0.1:44936 - "GET /download/?file_path=%2Ftmp%2Ffiles%2F16MB_10 HTTP/1.1" 200 OK
service             | INFO:     127.0.0.1:44936 - "GET /metrics/ HTTP/1.1" 200 OK
client              | 14:09.14: Connecting to download script runner
client              | 14:09.14: Waiting for finish upload signal
client              | 14:14.19: Starting 16MB benchmark
client              | 14:14.19: Creating client interface
client              | 14:14.19: Preparing run 1
client              | 14:14.19: Download file name is /tmp/files/16MB_1
client              | 14:14.19: Running garbage collector
client              | 14:14.19: Sleeping for 30.0 seconds
client              | 14:14.49: Starting
client              | 14:14.49: Finished
client              | 14:14.49: Collecting metrics from service
client              | 14:14.49: Deleting downloaded file /tmp/files/16MB_1
client              | 14:14.49: Ending run 1
client              | 14:14.49: Preparing run 2
client              | 14:14.49: Download file name is /tmp/files/16MB_2
client              | 14:14.49: Running garbage collector
client              | 14:14.49: Sleeping for 30.0 seconds
client              | 14:15.19: Starting
client              | 14:15.20: Finished
client              | 14:15.20: Collecting metrics from service
client              | 14:15.20: Deleting downloaded file /tmp/files/16MB_2
client              | 14:15.20: Ending run 2
client              | 14:15.20: Preparing run 3
client              | 14:15.20: Download file name is /tmp/files/16MB_3
client              | 14:15.20: Running garbage collector
client              | 14:15.20: Sleeping for 30.0 seconds
client              | 14:15.50: Starting
client              | 14:15.51: Finished
client              | 14:15.51: Collecting metrics from service
client              | 14:15.51: Deleting downloaded file /tmp/files/16MB_3
client              | 14:15.51: Ending run 3
client              | 14:15.51: Preparing run 4
client              | 14:15.51: Download file name is /tmp/files/16MB_4
client              | 14:15.51: Running garbage collector
client              | 14:15.51: Sleeping for 30.0 seconds
client              | 14:16.21: Starting
client              | 14:16.22: Finished
client              | 14:16.22: Collecting metrics from service
client              | 14:16.22: Deleting downloaded file /tmp/files/16MB_4
client              | 14:16.22: Ending run 4
client              | 14:16.22: Preparing run 5
client              | 14:16.22: Download file name is /tmp/files/16MB_5
client              | 14:16.22: Running garbage collector
client              | 14:16.22: Sleeping for 30.0 seconds
client              | 14:16.52: Starting
client              | 14:16.53: Finished
client              | 14:16.53: Collecting metrics from service
client              | 14:16.53: Deleting downloaded file /tmp/files/16MB_5
client              | 14:16.53: Ending run 5
client              | 14:16.53: Preparing run 6
client              | 14:16.53: Download file name is /tmp/files/16MB_6
client              | 14:16.53: Running garbage collector
client              | 14:16.53: Sleeping for 30.0 seconds
client              | 14:17.23: Starting
client              | 14:17.23: Finished
client              | 14:17.23: Collecting metrics from service
client              | 14:17.23: Deleting downloaded file /tmp/files/16MB_6
client              | 14:17.23: Ending run 6
client              | 14:17.23: Preparing run 7
client              | 14:17.23: Download file name is /tmp/files/16MB_7
client              | 14:17.23: Running garbage collector
client              | 14:17.23: Sleeping for 30.0 seconds
client              | 14:17.53: Starting
client              | 14:17.54: Finished
client              | 14:17.54: Collecting metrics from service
client              | 14:17.54: Deleting downloaded file /tmp/files/16MB_7
client              | 14:17.54: Ending run 7
client              | 14:17.54: Preparing run 8
client              | 14:17.54: Download file name is /tmp/files/16MB_8
client              | 14:17.54: Running garbage collector
client              | 14:17.54: Sleeping for 30.0 seconds
client              | 14:18.24: Starting
client              | 14:18.25: Finished
client              | 14:18.25: Collecting metrics from service
client              | 14:18.25: Deleting downloaded file /tmp/files/16MB_8
client              | 14:18.25: Ending run 8
client              | 14:18.25: Preparing run 9
client              | 14:18.25: Download file name is /tmp/files/16MB_9
client              | 14:18.25: Running garbage collector
client              | 14:18.25: Sleeping for 30.0 seconds
client              | 14:18.55: Starting
client              | 14:18.56: Finished
client              | 14:18.56: Collecting metrics from service
client              | 14:18.56: Deleting downloaded file /tmp/files/16MB_9
client              | 14:18.56: Ending run 9
client              | 14:18.56: Preparing run 10
client              | 14:18.56: Download file name is /tmp/files/16MB_10
client              | 14:18.56: Running garbage collector
client              | 14:18.56: Sleeping for 30.0 seconds
client              | 14:19.26: Starting
client              | 14:19.27: Finished
client              | 14:19.27: Collecting metrics from service
client              | 14:19.27: Deleting downloaded file /tmp/files/16MB_10
client              | 14:19.27: Ending run 10
client              | 14:19.27: Writing metrics file
client              | 14:19.27: Send finished download signal
client exited with code 0
Stopping service ... 
Stopping ipfs    ... 
Stopping ipfs    ... done
Stopping service ... done
Aborting on container exit...
Removing service ... 
Removing ipfs    ... 
Removing client  ... 
Removing ipfs    ... done
Removing client  ... done
Removing service ... done
WARNING! This will remove all local volumes not used by at least one container.
Are you sure you want to continue? [y/N] Deleted Volumes:
27a9f9af39b57f22e65707bf3651d08596d10c097f54e379953975dfa50e07cf

Total reclaimed space: 168.5MB
