Time start: 2022-03-24 01:00:04
Time end: 2022-03-24 01:26:15
Duration: 0:26:10.572446

Platform: Linux-5.4.0-99-generic-x86_64-with-glibc2.29
Name: lfw-ds001-i048
Release: #112-Ubuntu SMP Thu Feb 3 13:50:55 UTC 2022

Compose file: transfer_webdav_client_setup.yml
Script: performance/transfer_webdav_download.py
Environment vars:
SCRIPT: performance/transfer_webdav_download.py
HOST_ADDRESS: http://146.59.192.105:80
FILE_SIZE: 10737418240
RUN_COUNT: 10
INTERVAL_SECONDS: 30

WARNING! This will remove all stopped containers.
Are you sure you want to continue? [y/N] Total reclaimed space: 0B
Creating client ... 
Creating service ... 
Creating client  ... done
Creating service ... done
Attaching to client, service
service             | INFO:     Started server process [1]
service             | INFO:     Waiting for application startup.
service             | INFO:     Application startup complete.
service             | INFO:     Uvicorn running on http://127.0.0.1:8000 (Press CTRL+C to quit)
client              | 01:00.15: Starting 10240MB benchmark
client              | 01:00.15: Creating client interface
client              | 01:00.15: Preparing run 1
client              | 01:00.15: Download file is /tmp/files/10240MB_1
client              | 01:00.15: Running garbage collector
client              | 01:00.15: Sleeping for 30.0 seconds
client              | 01:00.45: Starting
service             | Connected to WebDAV server...
service             | INFO:     127.0.0.1:32792 - "GET /download/?file_path=%2Ftmp%2Ffiles%2F10240MB_1 HTTP/1.1" 200 OK
client              | 01:06.36: Finished
client              | 01:06.36: Collecting metrics from service
service             | INFO:     127.0.0.1:32792 - "GET /metrics/ HTTP/1.1" 200 OK
client              | 01:06.36: Deleting downloaded file /tmp/files/10240MB_1
client              | 01:06.37: Ending run 1
client              | 01:06.37: Preparing run 2
client              | 01:06.37: Download file is /tmp/files/10240MB_2
client              | 01:06.37: Running garbage collector
client              | 01:06.37: Sleeping for 30.0 seconds
client              | 01:07.08: Starting
service             | INFO:     127.0.0.1:32802 - "GET /download/?file_path=%2Ftmp%2Ffiles%2F10240MB_2 HTTP/1.1" 200 OK
client              | 01:12.58: Finished
client              | 01:12.58: Collecting metrics from service
service             | INFO:     127.0.0.1:32802 - "GET /metrics/ HTTP/1.1" 200 OK
client              | 01:12.58: Deleting downloaded file /tmp/files/10240MB_2
client              | 01:13.00: Ending run 2
client              | 01:13.00: Preparing run 3
client              | 01:13.00: Download file is /tmp/files/10240MB_3
client              | 01:13.00: Running garbage collector
client              | 01:13.00: Sleeping for 30.0 seconds
client              | 01:13.30: Starting
service             | INFO:     127.0.0.1:32812 - "GET /download/?file_path=%2Ftmp%2Ffiles%2F10240MB_3 HTTP/1.1" 200 OK
client              | 01:19.20: Finished
client              | 01:19.20: Collecting metrics from service
service             | INFO:     127.0.0.1:32812 - "GET /metrics/ HTTP/1.1" 200 OK
client              | 01:19.21: Deleting downloaded file /tmp/files/10240MB_3
client              | 01:19.22: Ending run 3
client              | 01:19.22: Preparing run 4
client              | 01:19.22: Download file is /tmp/files/10240MB_4
client              | 01:19.22: Running garbage collector
client              | 01:19.22: Sleeping for 30.0 seconds
client              | 01:19.52: Starting
service             | INFO:     127.0.0.1:32822 - "GET /download/?file_path=%2Ftmp%2Ffiles%2F10240MB_4 HTTP/1.1" 200 OK
client              | 01:25.43: Finished
client              | 01:25.43: Collecting metrics from service
service             | INFO:     127.0.0.1:32822 - "GET /metrics/ HTTP/1.1" 200 OK
client              | 01:25.43: Deleting downloaded file /tmp/files/10240MB_4
client              | 01:25.44: Ending run 4
client              | 01:25.44: Preparing run 5
client              | 01:25.44: Download file is /tmp/files/10240MB_5
client              | 01:25.44: Running garbage collector
client              | 01:25.44: Sleeping for 30.0 seconds
client              | 01:26.14: Starting
service             | Remote resource: /tmp/files/10240MB_5 not found
service             | INFO:     127.0.0.1:32832 - "GET /download/?file_path=%2Ftmp%2Ffiles%2F10240MB_5 HTTP/1.1" 200 OK
client              | Traceback (most recent call last):
client              |   File "/src/performance/transfer_webdav_download.py", line 39, in <module>
client              |     raise Exception("Failed to download the file")
client              | Exception: Failed to download the file
client exited with code 1
Stopping service ... 
Stopping service ... done
Aborting on container exit...
Removing client  ... 
Removing service ... 
Removing service ... done
Removing client  ... done
WARNING! This will remove all local volumes not used by at least one container.
Are you sure you want to continue? [y/N] Total reclaimed space: 0B
