Time start: 2022-03-16 11:27:51
Time end: 2022-03-16 11:38:17
Duration: 0:10:25.537841

Platform: Linux-5.4.0-99-generic-x86_64-with-glibc2.29
Name: lfw-ds001-i045
Release: #112-Ubuntu SMP Thu Feb 3 13:50:55 UTC 2022

Compose file: transfer_ipfs_upload_setup.yml
Script: performance/transfer_ipfs_upload.py
Environment vars:
SCRIPT: performance/transfer_ipfs_upload.py
FILE_SIZE: 262144
RUN_COUNT: 10
INTERVAL_SECONDS: 30

WARNING! This will remove all stopped containers.
Are you sure you want to continue? [y/N] Total reclaimed space: 0B
Creating ipfs ... 
Creating client ... 
Creating service ... 
Creating service ... done
Creating ipfs    ... done
Creating client  ... done
Attaching to service, ipfs, client
ipfs                | Changing user to ipfs
ipfs                | ipfs version 0.7.0
ipfs                | Initializing IPFS with --empty-repo, --profile=badgerds
service             | ConnectionError: HTTPConnectionPool(host='127.0.0.1', port=5001): Max retries exceeded with url: /api/v0/version?stream-channels=true (Caused by NewConnectionError('<ipfshttpclient.requests_wrapper.HTTPConnection object at 0x7fb97159ef40>: Failed to establish a new connection: [Errno 111] Connection refused'))
ipfs                | generating ED25519 keypair...done
ipfs                | peer identity: 12D3KooWHAtfb2Yg5rHELoFkLLDrxDugJcG5cKhxbNTKD2C3Wibn
ipfs                | initializing IPFS node at /data/ipfs
ipfs                | Removing default bootstrap nodes...
ipfs                | removed /dnsaddr/bootstrap.libp2p.io/p2p/QmNnooDu7bfjPFoTZYxMNLWUQJyrVwtbZg5gBMjTezGAJN
ipfs                | removed /dnsaddr/bootstrap.libp2p.io/p2p/QmQCU2EcMqAqQPR2i9bChDtGNJchTbq5TbXJJ16u19uLTa
ipfs                | removed /dnsaddr/bootstrap.libp2p.io/p2p/QmbLHAnMoJPWSCR5Zhtx6BHJX9KiKNN6tpvbUcqanj75Nb
ipfs                | removed /dnsaddr/bootstrap.libp2p.io/p2p/QmcZf59bWwK5XFi76CZX8cbJ4BhTzzA3gU1ZjYZcYW3dwt
ipfs                | removed /ip4/104.131.131.82/tcp/4001/p2p/QmaCpDMGvV2BGHeYERUEnRQAwe3N8SzbUtfsmvsqQLuvuJ
ipfs                | removed /ip4/104.131.131.82/udp/4001/quic/p2p/QmaCpDMGvV2BGHeYERUEnRQAwe3N8SzbUtfsmvsqQLuvuJ
ipfs                | Initializing daemon...
ipfs                | go-ipfs version: 0.7.0-ea77213
ipfs                | Repo version: 10
ipfs                | System version: amd64/linux
ipfs                | Golang version: go1.14.4
ipfs                | Swarm is limited to private network of peers with the swarm key
ipfs                | Swarm key fingerprint: c53fe9fc1c8eac4230853d5efb58f0a0
ipfs                | Swarm listening on /ip4/10.23.89.47/tcp/4001
ipfs                | Swarm listening on /ip4/127.0.0.1/tcp/4001
ipfs                | Swarm listening on /ip4/172.17.0.1/tcp/4001
ipfs                | Swarm listening on /ip4/192.168.48.1/tcp/4001
ipfs                | Swarm listening on /ip4/51.210.39.160/tcp/4001
ipfs                | Swarm listening on /ip6/::1/tcp/4001
ipfs                | Swarm listening on /p2p-circuit
ipfs                | Swarm announcing /ip4/127.0.0.1/tcp/4001
ipfs                | Swarm announcing /ip4/51.210.39.160/tcp/4001
ipfs                | Swarm announcing /ip6/::1/tcp/4001
ipfs                | API server listening on /ip4/127.0.0.1/tcp/5001
ipfs                | WebUI: http://127.0.0.1:5001/webui
ipfs                | Gateway (readonly) server listening on /ip4/127.0.0.1/tcp/8080
ipfs                | Daemon is ready
service             | Connected to IPFS daemon...
service             | Could not contact peer to acquire bootstrap peer ID
service             | [Errno 111] Connection refused
service             | Connected to bootstrap peer...
service             | New bootstrapping peer joined
service             | Received bootstrap peer id: 12D3KooWHAtfb2Yg5rHELoFkLLDrxDugJcG5cKhxbNTKD2C3Wibn
service             | I am the bootstrap peer
service             | Send my peer ID: 12D3KooWHAtfb2Yg5rHELoFkLLDrxDugJcG5cKhxbNTKD2C3Wibn
service             | Could not publish files...
service             | failed to find any peer in table
service             | INFO:     Started server process [1]
service             | INFO:     Waiting for application startup.
service             | INFO:     Application startup complete.
service             | INFO:     Uvicorn running on http://127.0.0.1:8000 (Press CTRL+C to quit)
service             | New bootstrapping peer joined
service             | Send my peer ID: 12D3KooWHAtfb2Yg5rHELoFkLLDrxDugJcG5cKhxbNTKD2C3Wibn
service             | INFO:     127.0.0.1:35512 - "PUT /upload/?file_path=%2Ftmp%2Ffiles%2F256KB_1 HTTP/1.1" 200 OK
service             | INFO:     127.0.0.1:35512 - "GET /metrics/ HTTP/1.1" 200 OK
service             | INFO:     127.0.0.1:35516 - "PUT /upload/?file_path=%2Ftmp%2Ffiles%2F256KB_2 HTTP/1.1" 200 OK
service             | INFO:     127.0.0.1:35516 - "GET /metrics/ HTTP/1.1" 200 OK
service             | INFO:     127.0.0.1:35522 - "PUT /upload/?file_path=%2Ftmp%2Ffiles%2F256KB_3 HTTP/1.1" 200 OK
service             | INFO:     127.0.0.1:35522 - "GET /metrics/ HTTP/1.1" 200 OK
service             | INFO:     127.0.0.1:35528 - "PUT /upload/?file_path=%2Ftmp%2Ffiles%2F256KB_4 HTTP/1.1" 200 OK
service             | INFO:     127.0.0.1:35528 - "GET /metrics/ HTTP/1.1" 200 OK
service             | INFO:     127.0.0.1:35534 - "PUT /upload/?file_path=%2Ftmp%2Ffiles%2F256KB_5 HTTP/1.1" 200 OK
service             | INFO:     127.0.0.1:35534 - "GET /metrics/ HTTP/1.1" 200 OK
service             | INFO:     127.0.0.1:35538 - "PUT /upload/?file_path=%2Ftmp%2Ffiles%2F256KB_6 HTTP/1.1" 200 OK
service             | INFO:     127.0.0.1:35538 - "GET /metrics/ HTTP/1.1" 200 OK
service             | INFO:     127.0.0.1:35540 - "PUT /upload/?file_path=%2Ftmp%2Ffiles%2F256KB_7 HTTP/1.1" 200 OK
service             | INFO:     127.0.0.1:35540 - "GET /metrics/ HTTP/1.1" 200 OK
service             | INFO:     127.0.0.1:35544 - "PUT /upload/?file_path=%2Ftmp%2Ffiles%2F256KB_8 HTTP/1.1" 200 OK
service             | INFO:     127.0.0.1:35544 - "GET /metrics/ HTTP/1.1" 200 OK
service             | INFO:     127.0.0.1:35550 - "PUT /upload/?file_path=%2Ftmp%2Ffiles%2F256KB_9 HTTP/1.1" 200 OK
service             | INFO:     127.0.0.1:35550 - "GET /metrics/ HTTP/1.1" 200 OK
service             | INFO:     127.0.0.1:35554 - "PUT /upload/?file_path=%2Ftmp%2Ffiles%2F256KB_10 HTTP/1.1" 200 OK
service             | INFO:     127.0.0.1:35554 - "GET /metrics/ HTTP/1.1" 200 OK
client              | 11:27.58: Connecting to IPFS daemon
client              | 11:27.58: Connected to IPFS daemon, peer ID is 12D3KooWHAtfb2Yg5rHELoFkLLDrxDugJcG5cKhxbNTKD2C3Wibn
client              | 11:27.58: Connecting to upload script runner
client              | 11:27.58: Sending peer ID
client              | 11:27.58: Waiting for signal to start downloading
client              | 11:28.04: Starting 256KB benchmark
client              | 11:28.04: Creating client interface
client              | 11:28.04: Preparing run 1
client              | 11:28.04: Creating file /tmp/files/256KB_1
client              | 11:28.04: Running garbage collector
client              | 11:28.04: Sleeping for 30.0 seconds
client              | 11:28.34: Starting
client              | 11:28.34: Finished
client              | 11:28.34: Collecting metrics from service
client              | 11:28.34: Deleting created file /tmp/files/256KB_1
client              | 11:28.34: Ending run 1
client              | 11:28.34: Preparing run 2
client              | 11:28.34: Creating file /tmp/files/256KB_2
client              | 11:28.34: Running garbage collector
client              | 11:28.34: Sleeping for 30.0 seconds
client              | 11:29.04: Starting
client              | 11:29.04: Finished
client              | 11:29.04: Collecting metrics from service
client              | 11:29.04: Deleting created file /tmp/files/256KB_2
client              | 11:29.04: Ending run 2
client              | 11:29.04: Preparing run 3
client              | 11:29.04: Creating file /tmp/files/256KB_3
client              | 11:29.04: Running garbage collector
client              | 11:29.04: Sleeping for 30.0 seconds
client              | 11:29.34: Starting
client              | 11:29.34: Finished
client              | 11:29.34: Collecting metrics from service
client              | 11:29.34: Deleting created file /tmp/files/256KB_3
client              | 11:29.34: Ending run 3
client              | 11:29.34: Preparing run 4
client              | 11:29.34: Creating file /tmp/files/256KB_4
client              | 11:29.34: Running garbage collector
client              | 11:29.34: Sleeping for 30.0 seconds
client              | 11:30.04: Starting
client              | 11:30.04: Finished
client              | 11:30.04: Collecting metrics from service
client              | 11:30.04: Deleting created file /tmp/files/256KB_4
client              | 11:30.04: Ending run 4
client              | 11:30.04: Preparing run 5
client              | 11:30.04: Creating file /tmp/files/256KB_5
client              | 11:30.04: Running garbage collector
client              | 11:30.04: Sleeping for 30.0 seconds
client              | 11:30.34: Starting
client              | 11:30.34: Finished
client              | 11:30.34: Collecting metrics from service
client              | 11:30.34: Deleting created file /tmp/files/256KB_5
client              | 11:30.34: Ending run 5
client              | 11:30.34: Preparing run 6
client              | 11:30.34: Creating file /tmp/files/256KB_6
client              | 11:30.34: Running garbage collector
client              | 11:30.34: Sleeping for 30.0 seconds
client              | 11:31.04: Starting
client              | 11:31.04: Finished
client              | 11:31.04: Collecting metrics from service
client              | 11:31.04: Deleting created file /tmp/files/256KB_6
client              | 11:31.04: Ending run 6
client              | 11:31.04: Preparing run 7
client              | 11:31.04: Creating file /tmp/files/256KB_7
client              | 11:31.04: Running garbage collector
client              | 11:31.04: Sleeping for 30.0 seconds
client              | 11:31.34: Starting
client              | 11:31.34: Finished
client              | 11:31.34: Collecting metrics from service
client              | 11:31.34: Deleting created file /tmp/files/256KB_7
client              | 11:31.34: Ending run 7
client              | 11:31.34: Preparing run 8
client              | 11:31.34: Creating file /tmp/files/256KB_8
client              | 11:31.34: Running garbage collector
client              | 11:31.34: Sleeping for 30.0 seconds
client              | 11:32.04: Starting
client              | 11:32.04: Finished
client              | 11:32.04: Collecting metrics from service
client              | 11:32.04: Deleting created file /tmp/files/256KB_8
client              | 11:32.04: Ending run 8
client              | 11:32.04: Preparing run 9
client              | 11:32.04: Creating file /tmp/files/256KB_9
client              | 11:32.04: Running garbage collector
client              | 11:32.04: Sleeping for 30.0 seconds
client              | 11:32.34: Starting
client              | 11:32.35: Finished
client              | 11:32.35: Collecting metrics from service
client              | 11:32.35: Deleting created file /tmp/files/256KB_9
client              | 11:32.35: Ending run 9
client              | 11:32.35: Preparing run 10
client              | 11:32.35: Creating file /tmp/files/256KB_10
client              | 11:32.35: Running garbage collector
client              | 11:32.35: Sleeping for 30.0 seconds
client              | 11:33.05: Starting
client              | 11:33.05: Finished
client              | 11:33.05: Collecting metrics from service
client              | 11:33.05: Deleting created file /tmp/files/256KB_10
client              | 11:33.05: Ending run 10
client              | 11:33.05: Writing metrics file
client              | 11:33.05: Sending upload finished signal
client              | 11:33.05: Waiting for download finished signal
client exited with code 0
Stopping service ... 
Stopping ipfs    ... 
Stopping ipfs    ... done
Stopping service ... done
Aborting on container exit...
Removing service ... 
Removing ipfs    ... 
Removing client  ... 
Removing ipfs    ... done
Removing service ... done
Removing client  ... done
WARNING! This will remove all local volumes not used by at least one container.
Are you sure you want to continue? [y/N] Deleted Volumes:
87fea2b59c9e261424791e15b51404626d82ec2ef1010874840369734722e2e9

Total reclaimed space: 3.245MB
