Time start: 2022-03-16 11:07:06
Time end: 2022-03-16 11:17:25
Duration: 0:10:18.986579

Platform: Linux-5.4.0-99-generic-x86_64-with-glibc2.29
Name: lfw-ds001-i047
Release: #112-Ubuntu SMP Thu Feb 3 13:50:55 UTC 2022

Compose file: transfer_ipfs_download_setup.yml
Script: performance/transfer_ipfs_download.py
Environment vars:
SCRIPT: performance/transfer_ipfs_download.py
PEER_ID: 12D3KooWHE392gpanE4n9MKStxKMF1o876GPSFb4m5MgHmM38hrx
BOOT_ADDRESS: 51.210.39.160
FILE_SIZE: 16384
RUN_COUNT: 10
INTERVAL_SECONDS: 30

WARNING! This will remove all stopped containers.
Are you sure you want to continue? [y/N] Total reclaimed space: 0B
Creating ipfs ... 
Creating service ... 
Creating client  ... 
Creating client  ... done
Creating service ... done
Creating ipfs    ... done
Attaching to client, service, ipfs
ipfs                | Changing user to ipfs
ipfs                | ipfs version 0.7.0
ipfs                | Initializing IPFS with --empty-repo, --profile=badgerds
ipfs                | generating ED25519 keypair...done
ipfs                | peer identity: 12D3KooWMveA2uwaAzCB2Qit4fm3yLdALhTWtBmURcjEKAbVeQze
ipfs                | initializing IPFS node at /data/ipfs
ipfs                | Removing default bootstrap nodes...
ipfs                | removed /dnsaddr/bootstrap.libp2p.io/p2p/QmNnooDu7bfjPFoTZYxMNLWUQJyrVwtbZg5gBMjTezGAJN
ipfs                | removed /dnsaddr/bootstrap.libp2p.io/p2p/QmQCU2EcMqAqQPR2i9bChDtGNJchTbq5TbXJJ16u19uLTa
ipfs                | removed /dnsaddr/bootstrap.libp2p.io/p2p/QmbLHAnMoJPWSCR5Zhtx6BHJX9KiKNN6tpvbUcqanj75Nb
ipfs                | removed /dnsaddr/bootstrap.libp2p.io/p2p/QmcZf59bWwK5XFi76CZX8cbJ4BhTzzA3gU1ZjYZcYW3dwt
ipfs                | removed /ip4/104.131.131.82/tcp/4001/p2p/QmaCpDMGvV2BGHeYERUEnRQAwe3N8SzbUtfsmvsqQLuvuJ
ipfs                | removed /ip4/104.131.131.82/udp/4001/quic/p2p/QmaCpDMGvV2BGHeYERUEnRQAwe3N8SzbUtfsmvsqQLuvuJ
ipfs                | added /ip4/51.210.39.160/tcp/4001/p2p/12D3KooWHE392gpanE4n9MKStxKMF1o876GPSFb4m5MgHmM38hrx
ipfs                | Initializing daemon...
ipfs                | go-ipfs version: 0.7.0-ea77213
ipfs                | Repo version: 10
ipfs                | System version: amd64/linux
ipfs                | Golang version: go1.14.4
ipfs                | Swarm is limited to private network of peers with the swarm key
ipfs                | Swarm key fingerprint: c53fe9fc1c8eac4230853d5efb58f0a0
ipfs                | Swarm listening on /ip4/10.23.89.104/tcp/4001
ipfs                | Swarm listening on /ip4/127.0.0.1/tcp/4001
ipfs                | Swarm listening on /ip4/146.59.206.127/tcp/4001
ipfs                | Swarm listening on /ip4/172.17.0.1/tcp/4001
ipfs                | Swarm listening on /ip6/::1/tcp/4001
ipfs                | Swarm listening on /p2p-circuit
ipfs                | Swarm announcing /ip4/127.0.0.1/tcp/4001
ipfs                | Swarm announcing /ip4/146.59.206.127/tcp/4001
ipfs                | Swarm announcing /ip6/::1/tcp/4001
ipfs                | API server listening on /ip4/127.0.0.1/tcp/5001
ipfs                | WebUI: http://127.0.0.1:5001/webui
ipfs                | Gateway (readonly) server listening on /ip4/127.0.0.1/tcp/8080
ipfs                | Daemon is ready
service             | Connected to IPFS daemon...
service             | Connected to bootstrap peer...
service             | Received bootstrap peer id: 12D3KooWHE392gpanE4n9MKStxKMF1o876GPSFb4m5MgHmM38hrx
service             | /ip4/51.210.39.160/tcp/4001/p2p/12D3KooWHE392gpanE4n9MKStxKMF1o876GPSFb4m5MgHmM38hrx
service             | INFO:     Started server process [1]
service             | INFO:     Waiting for application startup.
service             | INFO:     Application startup complete.
service             | INFO:     Uvicorn running on http://127.0.0.1:8000 (Press CTRL+C to quit)
service             | INFO:     127.0.0.1:53844 - "GET /download/?file_path=%2Ftmp%2Ffiles%2F16KB_1 HTTP/1.1" 200 OK
service             | INFO:     127.0.0.1:53844 - "GET /metrics/ HTTP/1.1" 200 OK
service             | INFO:     127.0.0.1:53846 - "GET /download/?file_path=%2Ftmp%2Ffiles%2F16KB_2 HTTP/1.1" 200 OK
service             | INFO:     127.0.0.1:53846 - "GET /metrics/ HTTP/1.1" 200 OK
service             | INFO:     127.0.0.1:53852 - "GET /download/?file_path=%2Ftmp%2Ffiles%2F16KB_3 HTTP/1.1" 200 OK
service             | INFO:     127.0.0.1:53852 - "GET /metrics/ HTTP/1.1" 200 OK
service             | INFO:     127.0.0.1:53856 - "GET /download/?file_path=%2Ftmp%2Ffiles%2F16KB_4 HTTP/1.1" 200 OK
service             | INFO:     127.0.0.1:53856 - "GET /metrics/ HTTP/1.1" 200 OK
service             | INFO:     127.0.0.1:53860 - "GET /download/?file_path=%2Ftmp%2Ffiles%2F16KB_5 HTTP/1.1" 200 OK
service             | INFO:     127.0.0.1:53860 - "GET /metrics/ HTTP/1.1" 200 OK
service             | INFO:     127.0.0.1:53866 - "GET /download/?file_path=%2Ftmp%2Ffiles%2F16KB_6 HTTP/1.1" 200 OK
service             | INFO:     127.0.0.1:53866 - "GET /metrics/ HTTP/1.1" 200 OK
service             | INFO:     127.0.0.1:53870 - "GET /download/?file_path=%2Ftmp%2Ffiles%2F16KB_7 HTTP/1.1" 200 OK
service             | INFO:     127.0.0.1:53870 - "GET /metrics/ HTTP/1.1" 200 OK
service             | INFO:     127.0.0.1:53876 - "GET /download/?file_path=%2Ftmp%2Ffiles%2F16KB_8 HTTP/1.1" 200 OK
service             | INFO:     127.0.0.1:53876 - "GET /metrics/ HTTP/1.1" 200 OK
service             | INFO:     127.0.0.1:53880 - "GET /download/?file_path=%2Ftmp%2Ffiles%2F16KB_9 HTTP/1.1" 200 OK
service             | INFO:     127.0.0.1:53880 - "GET /metrics/ HTTP/1.1" 200 OK
service             | INFO:     127.0.0.1:53884 - "GET /download/?file_path=%2Ftmp%2Ffiles%2F16KB_10 HTTP/1.1" 200 OK
service             | INFO:     127.0.0.1:53884 - "GET /metrics/ HTTP/1.1" 200 OK
client              | 11:07.12: Connecting to download script runner
client              | 11:07.12: Waiting for finish upload signal
client              | 11:12.14: Starting 16KB benchmark
client              | 11:12.14: Creating client interface
client              | 11:12.14: Preparing run 1
client              | 11:12.14: Download file name is /tmp/files/16KB_1
client              | 11:12.14: Running garbage collector
client              | 11:12.14: Sleeping for 30.0 seconds
client              | 11:12.44: Starting
client              | 11:12.44: Finished
client              | 11:12.44: Collecting metrics from service
client              | 11:12.44: Deleting downloaded file /tmp/files/16KB_1
client              | 11:12.44: Ending run 1
client              | 11:12.44: Preparing run 2
client              | 11:12.44: Download file name is /tmp/files/16KB_2
client              | 11:12.44: Running garbage collector
client              | 11:12.44: Sleeping for 30.0 seconds
client              | 11:13.14: Starting
client              | 11:13.14: Finished
client              | 11:13.14: Collecting metrics from service
client              | 11:13.14: Deleting downloaded file /tmp/files/16KB_2
client              | 11:13.14: Ending run 2
client              | 11:13.14: Preparing run 3
client              | 11:13.14: Download file name is /tmp/files/16KB_3
client              | 11:13.14: Running garbage collector
client              | 11:13.14: Sleeping for 30.0 seconds
client              | 11:13.44: Starting
client              | 11:13.44: Finished
client              | 11:13.44: Collecting metrics from service
client              | 11:13.44: Deleting downloaded file /tmp/files/16KB_3
client              | 11:13.44: Ending run 3
client              | 11:13.44: Preparing run 4
client              | 11:13.44: Download file name is /tmp/files/16KB_4
client              | 11:13.44: Running garbage collector
client              | 11:13.44: Sleeping for 30.0 seconds
client              | 11:14.14: Starting
client              | 11:14.14: Finished
client              | 11:14.14: Collecting metrics from service
client              | 11:14.14: Deleting downloaded file /tmp/files/16KB_4
client              | 11:14.14: Ending run 4
client              | 11:14.14: Preparing run 5
client              | 11:14.14: Download file name is /tmp/files/16KB_5
client              | 11:14.14: Running garbage collector
client              | 11:14.14: Sleeping for 30.0 seconds
client              | 11:14.44: Starting
client              | 11:14.44: Finished
client              | 11:14.44: Collecting metrics from service
client              | 11:14.44: Deleting downloaded file /tmp/files/16KB_5
client              | 11:14.44: Ending run 5
client              | 11:14.44: Preparing run 6
client              | 11:14.44: Download file name is /tmp/files/16KB_6
client              | 11:14.44: Running garbage collector
client              | 11:14.44: Sleeping for 30.0 seconds
client              | 11:15.14: Starting
client              | 11:15.14: Finished
client              | 11:15.14: Collecting metrics from service
client              | 11:15.14: Deleting downloaded file /tmp/files/16KB_6
client              | 11:15.14: Ending run 6
client              | 11:15.14: Preparing run 7
client              | 11:15.14: Download file name is /tmp/files/16KB_7
client              | 11:15.14: Running garbage collector
client              | 11:15.14: Sleeping for 30.0 seconds
client              | 11:15.44: Starting
client              | 11:15.44: Finished
client              | 11:15.44: Collecting metrics from service
client              | 11:15.44: Deleting downloaded file /tmp/files/16KB_7
client              | 11:15.44: Ending run 7
client              | 11:15.44: Preparing run 8
client              | 11:15.44: Download file name is /tmp/files/16KB_8
client              | 11:15.44: Running garbage collector
client              | 11:15.44: Sleeping for 30.0 seconds
client              | 11:16.14: Starting
client              | 11:16.14: Finished
client              | 11:16.14: Collecting metrics from service
client              | 11:16.14: Deleting downloaded file /tmp/files/16KB_8
client              | 11:16.14: Ending run 8
client              | 11:16.14: Preparing run 9
client              | 11:16.14: Download file name is /tmp/files/16KB_9
client              | 11:16.14: Running garbage collector
client              | 11:16.14: Sleeping for 30.0 seconds
client              | 11:16.44: Starting
client              | 11:16.44: Finished
client              | 11:16.44: Collecting metrics from service
client              | 11:16.44: Deleting downloaded file /tmp/files/16KB_9
client              | 11:16.44: Ending run 9
client              | 11:16.44: Preparing run 10
client              | 11:16.44: Download file name is /tmp/files/16KB_10
client              | 11:16.44: Running garbage collector
client              | 11:16.44: Sleeping for 30.0 seconds
client              | 11:17.14: Starting
client              | 11:17.15: Finished
client              | 11:17.15: Collecting metrics from service
client              | 11:17.15: Deleting downloaded file /tmp/files/16KB_10
client              | 11:17.15: Ending run 10
client              | 11:17.15: Writing metrics file
client              | 11:17.15: Send finished download signal
client exited with code 0
Stopping ipfs    ... 
Stopping service ... 
Stopping ipfs    ... done
Stopping service ... done
Aborting on container exit...
Removing ipfs    ... 
Removing client  ... 
Removing service ... 
Removing service ... done
Removing client  ... done
Removing ipfs    ... done
WARNING! This will remove all local volumes not used by at least one container.
Are you sure you want to continue? [y/N] Deleted Volumes:
59f9b8e0ea775d6ad021a8225e8556802261ba3ff8cb414a0c01498368bee571

Total reclaimed space: 449.2kB
