Time start: 2022-03-16 10:46:14
Time end: 2022-03-16 10:56:33
Duration: 0:10:19.078612

Platform: Linux-5.4.0-99-generic-x86_64-with-glibc2.29
Name: lfw-ds001-i047
Release: #112-Ubuntu SMP Thu Feb 3 13:50:55 UTC 2022

Compose file: transfer_ipfs_download_setup.yml
Script: performance/transfer_ipfs_download.py
Environment vars:
SCRIPT: performance/transfer_ipfs_download.py
PEER_ID: 12D3KooWANWKNXK3pEWzJYjA7pB1nu5TjoYgJumorYqtbEfADV9f
BOOT_ADDRESS: 51.210.39.160
FILE_SIZE: 1024
RUN_COUNT: 10
INTERVAL_SECONDS: 30

WARNING! This will remove all stopped containers.
Are you sure you want to continue? [y/N] Deleted Containers:
56c8be01bad2ee204237ac08d0efd17e8c304c008022b94b8d4237b59e335ffa
bf4d28276644b357fe27a201a62b8902532fa336193e1d6cb55e1f966138377e

Total reclaimed space: 117.7kB
Creating client ... 
Creating service ... 
Creating ipfs    ... 
Creating client  ... done
Creating service ... done
Creating ipfs    ... done
Attaching to client, service, ipfs
ipfs                | Changing user to ipfs
ipfs                | ipfs version 0.7.0
ipfs                | Initializing IPFS with --empty-repo, --profile=badgerds
ipfs                | generating ED25519 keypair...done
ipfs                | peer identity: 12D3KooWRu5aHMhM9yJFXtZqc6VuAbnFDhwSdAe4zApKVxhBGrhW
ipfs                | initializing IPFS node at /data/ipfs
ipfs                | Removing default bootstrap nodes...
ipfs                | removed /dnsaddr/bootstrap.libp2p.io/p2p/QmNnooDu7bfjPFoTZYxMNLWUQJyrVwtbZg5gBMjTezGAJN
ipfs                | removed /dnsaddr/bootstrap.libp2p.io/p2p/QmQCU2EcMqAqQPR2i9bChDtGNJchTbq5TbXJJ16u19uLTa
ipfs                | removed /dnsaddr/bootstrap.libp2p.io/p2p/QmbLHAnMoJPWSCR5Zhtx6BHJX9KiKNN6tpvbUcqanj75Nb
ipfs                | removed /dnsaddr/bootstrap.libp2p.io/p2p/QmcZf59bWwK5XFi76CZX8cbJ4BhTzzA3gU1ZjYZcYW3dwt
ipfs                | removed /ip4/104.131.131.82/tcp/4001/p2p/QmaCpDMGvV2BGHeYERUEnRQAwe3N8SzbUtfsmvsqQLuvuJ
ipfs                | removed /ip4/104.131.131.82/udp/4001/quic/p2p/QmaCpDMGvV2BGHeYERUEnRQAwe3N8SzbUtfsmvsqQLuvuJ
ipfs                | added /ip4/51.210.39.160/tcp/4001/p2p/12D3KooWANWKNXK3pEWzJYjA7pB1nu5TjoYgJumorYqtbEfADV9f
service             | ConnectionError: HTTPConnectionPool(host='127.0.0.1', port=5001): Max retries exceeded with url: /api/v0/version?stream-channels=true (Caused by NewConnectionError('<ipfshttpclient.requests_wrapper.HTTPConnection object at 0x7efd2bae7160>: Failed to establish a new connection: [Errno 111] Connection refused'))
ipfs                | Initializing daemon...
ipfs                | go-ipfs version: 0.7.0-ea77213
ipfs                | Repo version: 10
ipfs                | System version: amd64/linux
ipfs                | Golang version: go1.14.4
ipfs                | Swarm is limited to private network of peers with the swarm key
ipfs                | Swarm key fingerprint: c53fe9fc1c8eac4230853d5efb58f0a0
ipfs                | Swarm listening on /ip4/10.23.89.104/tcp/4001
ipfs                | Swarm listening on /ip4/127.0.0.1/tcp/4001
ipfs                | Swarm listening on /ip4/146.59.206.127/tcp/4001
ipfs                | Swarm listening on /ip4/172.17.0.1/tcp/4001
ipfs                | Swarm listening on /ip6/::1/tcp/4001
ipfs                | Swarm listening on /p2p-circuit
ipfs                | Swarm announcing /ip4/127.0.0.1/tcp/4001
ipfs                | Swarm announcing /ip4/146.59.206.127/tcp/4001
ipfs                | Swarm announcing /ip6/::1/tcp/4001
ipfs                | API server listening on /ip4/127.0.0.1/tcp/5001
ipfs                | WebUI: http://127.0.0.1:5001/webui
ipfs                | Gateway (readonly) server listening on /ip4/127.0.0.1/tcp/8080
ipfs                | Daemon is ready
service             | Connected to IPFS daemon...
service             | Connected to bootstrap peer...
service             | Received bootstrap peer id: 12D3KooWANWKNXK3pEWzJYjA7pB1nu5TjoYgJumorYqtbEfADV9f
service             | /ip4/51.210.39.160/tcp/4001/p2p/12D3KooWANWKNXK3pEWzJYjA7pB1nu5TjoYgJumorYqtbEfADV9f
service             | INFO:     Started server process [1]
service             | INFO:     Waiting for application startup.
service             | INFO:     Application startup complete.
service             | INFO:     Uvicorn running on http://127.0.0.1:8000 (Press CTRL+C to quit)
service             | INFO:     127.0.0.1:53712 - "GET /download/?file_path=%2Ftmp%2Ffiles%2F1KB_1 HTTP/1.1" 200 OK
service             | INFO:     127.0.0.1:53712 - "GET /metrics/ HTTP/1.1" 200 OK
service             | INFO:     127.0.0.1:53714 - "GET /download/?file_path=%2Ftmp%2Ffiles%2F1KB_2 HTTP/1.1" 200 OK
service             | INFO:     127.0.0.1:53714 - "GET /metrics/ HTTP/1.1" 200 OK
service             | INFO:     127.0.0.1:53720 - "GET /download/?file_path=%2Ftmp%2Ffiles%2F1KB_3 HTTP/1.1" 200 OK
service             | INFO:     127.0.0.1:53720 - "GET /metrics/ HTTP/1.1" 200 OK
service             | INFO:     127.0.0.1:53724 - "GET /download/?file_path=%2Ftmp%2Ffiles%2F1KB_4 HTTP/1.1" 200 OK
service             | INFO:     127.0.0.1:53724 - "GET /metrics/ HTTP/1.1" 200 OK
service             | INFO:     127.0.0.1:53728 - "GET /download/?file_path=%2Ftmp%2Ffiles%2F1KB_5 HTTP/1.1" 200 OK
service             | INFO:     127.0.0.1:53728 - "GET /metrics/ HTTP/1.1" 200 OK
service             | INFO:     127.0.0.1:53732 - "GET /download/?file_path=%2Ftmp%2Ffiles%2F1KB_6 HTTP/1.1" 200 OK
service             | INFO:     127.0.0.1:53732 - "GET /metrics/ HTTP/1.1" 200 OK
service             | INFO:     127.0.0.1:53736 - "GET /download/?file_path=%2Ftmp%2Ffiles%2F1KB_7 HTTP/1.1" 200 OK
service             | INFO:     127.0.0.1:53736 - "GET /metrics/ HTTP/1.1" 200 OK
service             | INFO:     127.0.0.1:53740 - "GET /download/?file_path=%2Ftmp%2Ffiles%2F1KB_8 HTTP/1.1" 200 OK
service             | INFO:     127.0.0.1:53740 - "GET /metrics/ HTTP/1.1" 200 OK
service             | INFO:     127.0.0.1:53746 - "GET /download/?file_path=%2Ftmp%2Ffiles%2F1KB_9 HTTP/1.1" 200 OK
service             | INFO:     127.0.0.1:53746 - "GET /metrics/ HTTP/1.1" 200 OK
service             | INFO:     127.0.0.1:53752 - "GET /download/?file_path=%2Ftmp%2Ffiles%2F1KB_10 HTTP/1.1" 200 OK
service             | INFO:     127.0.0.1:53752 - "GET /metrics/ HTTP/1.1" 200 OK
client              | 10:46.20: Connecting to download script runner
client              | 10:46.20: Waiting for finish upload signal
client              | 10:51.22: Starting 1KB benchmark
client              | 10:51.22: Creating client interface
client              | 10:51.22: Preparing run 1
client              | 10:51.22: Download file name is /tmp/files/1KB_1
client              | 10:51.22: Running garbage collector
client              | 10:51.22: Sleeping for 30.0 seconds
client              | 10:51.52: Starting
client              | 10:51.52: Finished
client              | 10:51.52: Collecting metrics from service
client              | 10:51.52: Deleting downloaded file /tmp/files/1KB_1
client              | 10:51.52: Ending run 1
client              | 10:51.52: Preparing run 2
client              | 10:51.52: Download file name is /tmp/files/1KB_2
client              | 10:51.52: Running garbage collector
client              | 10:51.52: Sleeping for 30.0 seconds
client              | 10:52.22: Starting
client              | 10:52.22: Finished
client              | 10:52.22: Collecting metrics from service
client              | 10:52.22: Deleting downloaded file /tmp/files/1KB_2
client              | 10:52.22: Ending run 2
client              | 10:52.22: Preparing run 3
client              | 10:52.22: Download file name is /tmp/files/1KB_3
client              | 10:52.22: Running garbage collector
client              | 10:52.22: Sleeping for 30.0 seconds
client              | 10:52.52: Starting
client              | 10:52.52: Finished
client              | 10:52.52: Collecting metrics from service
client              | 10:52.52: Deleting downloaded file /tmp/files/1KB_3
client              | 10:52.52: Ending run 3
client              | 10:52.52: Preparing run 4
client              | 10:52.52: Download file name is /tmp/files/1KB_4
client              | 10:52.52: Running garbage collector
client              | 10:52.52: Sleeping for 30.0 seconds
client              | 10:53.22: Starting
client              | 10:53.22: Finished
client              | 10:53.22: Collecting metrics from service
client              | 10:53.22: Deleting downloaded file /tmp/files/1KB_4
client              | 10:53.22: Ending run 4
client              | 10:53.22: Preparing run 5
client              | 10:53.22: Download file name is /tmp/files/1KB_5
client              | 10:53.22: Running garbage collector
client              | 10:53.22: Sleeping for 30.0 seconds
client              | 10:53.52: Starting
client              | 10:53.52: Finished
client              | 10:53.52: Collecting metrics from service
client              | 10:53.52: Deleting downloaded file /tmp/files/1KB_5
client              | 10:53.52: Ending run 5
client              | 10:53.52: Preparing run 6
client              | 10:53.52: Download file name is /tmp/files/1KB_6
client              | 10:53.52: Running garbage collector
client              | 10:53.52: Sleeping for 30.0 seconds
client              | 10:54.22: Starting
client              | 10:54.22: Finished
client              | 10:54.22: Collecting metrics from service
client              | 10:54.22: Deleting downloaded file /tmp/files/1KB_6
client              | 10:54.22: Ending run 6
client              | 10:54.22: Preparing run 7
client              | 10:54.22: Download file name is /tmp/files/1KB_7
client              | 10:54.22: Running garbage collector
client              | 10:54.22: Sleeping for 30.0 seconds
client              | 10:54.52: Starting
client              | 10:54.52: Finished
client              | 10:54.52: Collecting metrics from service
client              | 10:54.52: Deleting downloaded file /tmp/files/1KB_7
client              | 10:54.52: Ending run 7
client              | 10:54.52: Preparing run 8
client              | 10:54.52: Download file name is /tmp/files/1KB_8
client              | 10:54.52: Running garbage collector
client              | 10:54.52: Sleeping for 30.0 seconds
client              | 10:55.22: Starting
client              | 10:55.22: Finished
client              | 10:55.22: Collecting metrics from service
client              | 10:55.22: Deleting downloaded file /tmp/files/1KB_8
client              | 10:55.22: Ending run 8
client              | 10:55.22: Preparing run 9
client              | 10:55.22: Download file name is /tmp/files/1KB_9
client              | 10:55.22: Running garbage collector
client              | 10:55.22: Sleeping for 30.0 seconds
client              | 10:55.52: Starting
client              | 10:55.52: Finished
client              | 10:55.52: Collecting metrics from service
client              | 10:55.52: Deleting downloaded file /tmp/files/1KB_9
client              | 10:55.52: Ending run 9
client              | 10:55.52: Preparing run 10
client              | 10:55.52: Download file name is /tmp/files/1KB_10
client              | 10:55.52: Running garbage collector
client              | 10:55.52: Sleeping for 30.0 seconds
client              | 10:56.22: Starting
client              | 10:56.23: Finished
client              | 10:56.23: Collecting metrics from service
client              | 10:56.23: Deleting downloaded file /tmp/files/1KB_10
client              | 10:56.23: Ending run 10
client              | 10:56.23: Writing metrics file
client              | 10:56.23: Send finished download signal
client exited with code 0
Stopping ipfs    ... 
Stopping service ... 
Stopping ipfs    ... done
Stopping service ... done
Aborting on container exit...
Removing ipfs    ... 
Removing service ... 
Removing client  ... 
Removing service ... done
Removing client  ... done
Removing ipfs    ... done
WARNING! This will remove all local volumes not used by at least one container.
Are you sure you want to continue? [y/N] Deleted Volumes:
9fb1b5328c336bca6728e0ec29cfb225dadede9f49380ad2c679e766d0d75420
283a519c5772da9a49ab2c6db3766180b2b1d4db28973922c61e7c4cdb6795b0

Total reclaimed space: 199.6kB
