Time start: 2022-03-16 11:17:32
Time end: 2022-03-16 11:27:51
Duration: 0:10:19.006371

Platform: Linux-5.4.0-99-generic-x86_64-with-glibc2.29
Name: lfw-ds001-i047
Release: #112-Ubuntu SMP Thu Feb 3 13:50:55 UTC 2022

Compose file: transfer_ipfs_download_setup.yml
Script: performance/transfer_ipfs_download.py
Environment vars:
SCRIPT: performance/transfer_ipfs_download.py
PEER_ID: 12D3KooWGGkaFetuwKvARoT8Qtku84N34hhGv4BGNDq9ApmPpito
BOOT_ADDRESS: 51.210.39.160
FILE_SIZE: 65536
RUN_COUNT: 10
INTERVAL_SECONDS: 30

WARNING! This will remove all stopped containers.
Are you sure you want to continue? [y/N] Total reclaimed space: 0B
Creating ipfs ... 
Creating service ... 
Creating client  ... 
Creating client  ... done
Creating ipfs    ... done
Creating service ... done
Attaching to client, ipfs, service
ipfs                | Changing user to ipfs
ipfs                | ipfs version 0.7.0
ipfs                | Initializing IPFS with --empty-repo, --profile=badgerds
ipfs                | generating ED25519 keypair...done
ipfs                | peer identity: 12D3KooWHNLNGs1SYWKz63VTFFkCpEaXwp1gUXiQ5yivfnATwwhy
ipfs                | initializing IPFS node at /data/ipfs
ipfs                | Removing default bootstrap nodes...
ipfs                | removed /dnsaddr/bootstrap.libp2p.io/p2p/QmNnooDu7bfjPFoTZYxMNLWUQJyrVwtbZg5gBMjTezGAJN
ipfs                | removed /dnsaddr/bootstrap.libp2p.io/p2p/QmQCU2EcMqAqQPR2i9bChDtGNJchTbq5TbXJJ16u19uLTa
ipfs                | removed /dnsaddr/bootstrap.libp2p.io/p2p/QmbLHAnMoJPWSCR5Zhtx6BHJX9KiKNN6tpvbUcqanj75Nb
ipfs                | removed /dnsaddr/bootstrap.libp2p.io/p2p/QmcZf59bWwK5XFi76CZX8cbJ4BhTzzA3gU1ZjYZcYW3dwt
ipfs                | removed /ip4/104.131.131.82/tcp/4001/p2p/QmaCpDMGvV2BGHeYERUEnRQAwe3N8SzbUtfsmvsqQLuvuJ
ipfs                | removed /ip4/104.131.131.82/udp/4001/quic/p2p/QmaCpDMGvV2BGHeYERUEnRQAwe3N8SzbUtfsmvsqQLuvuJ
ipfs                | added /ip4/51.210.39.160/tcp/4001/p2p/12D3KooWGGkaFetuwKvARoT8Qtku84N34hhGv4BGNDq9ApmPpito
ipfs                | Initializing daemon...
ipfs                | go-ipfs version: 0.7.0-ea77213
ipfs                | Repo version: 10
ipfs                | System version: amd64/linux
ipfs                | Golang version: go1.14.4
service             | ConnectionError: HTTPConnectionPool(host='127.0.0.1', port=5001): Max retries exceeded with url: /api/v0/version?stream-channels=true (Caused by NewConnectionError('<ipfshttpclient.requests_wrapper.HTTPConnection object at 0x7f9060550160>: Failed to establish a new connection: [Errno 111] Connection refused'))
service             | ConnectionError: HTTPConnectionPool(host='127.0.0.1', port=5001): Max retries exceeded with url: /api/v0/version?stream-channels=true (Caused by NewConnectionError('<ipfshttpclient.requests_wrapper.HTTPConnection object at 0x7f90605d0490>: Failed to establish a new connection: [Errno 111] Connection refused'))
service             | ConnectionError: HTTPConnectionPool(host='127.0.0.1', port=5001): Max retries exceeded with url: /api/v0/version?stream-channels=true (Caused by NewConnectionError('<ipfshttpclient.requests_wrapper.HTTPConnection object at 0x7f9060550b80>: Failed to establish a new connection: [Errno 111] Connection refused'))
service             | ConnectionError: HTTPConnectionPool(host='127.0.0.1', port=5001): Max retries exceeded with url: /api/v0/version?stream-channels=true (Caused by NewConnectionError('<ipfshttpclient.requests_wrapper.HTTPConnection object at 0x7f906055f520>: Failed to establish a new connection: [Errno 111] Connection refused'))
service             | ConnectionError: HTTPConnectionPool(host='127.0.0.1', port=5001): Max retries exceeded with url: /api/v0/version?stream-channels=true (Caused by NewConnectionError('<ipfshttpclient.requests_wrapper.HTTPConnection object at 0x7f906055fe80>: Failed to establish a new connection: [Errno 111] Connection refused'))
ipfs                | Swarm is limited to private network of peers with the swarm key
ipfs                | Swarm key fingerprint: c53fe9fc1c8eac4230853d5efb58f0a0
ipfs                | Swarm listening on /ip4/10.23.89.104/tcp/4001
ipfs                | Swarm listening on /ip4/127.0.0.1/tcp/4001
ipfs                | Swarm listening on /ip4/146.59.206.127/tcp/4001
ipfs                | Swarm listening on /ip4/172.17.0.1/tcp/4001
ipfs                | Swarm listening on /ip6/::1/tcp/4001
ipfs                | Swarm listening on /p2p-circuit
ipfs                | Swarm announcing /ip4/127.0.0.1/tcp/4001
ipfs                | Swarm announcing /ip4/146.59.206.127/tcp/4001
ipfs                | Swarm announcing /ip6/::1/tcp/4001
ipfs                | API server listening on /ip4/127.0.0.1/tcp/5001
ipfs                | WebUI: http://127.0.0.1:5001/webui
ipfs                | Gateway (readonly) server listening on /ip4/127.0.0.1/tcp/8080
ipfs                | Daemon is ready
service             | Connected to IPFS daemon...
service             | Connected to bootstrap peer...
service             | Received bootstrap peer id: 12D3KooWGGkaFetuwKvARoT8Qtku84N34hhGv4BGNDq9ApmPpito
service             | /ip4/51.210.39.160/tcp/4001/p2p/12D3KooWGGkaFetuwKvARoT8Qtku84N34hhGv4BGNDq9ApmPpito
service             | INFO:     Started server process [1]
service             | INFO:     Waiting for application startup.
service             | INFO:     Application startup complete.
service             | INFO:     Uvicorn running on http://127.0.0.1:8000 (Press CTRL+C to quit)
service             | INFO:     127.0.0.1:53916 - "GET /download/?file_path=%2Ftmp%2Ffiles%2F64KB_1 HTTP/1.1" 200 OK
service             | INFO:     127.0.0.1:53916 - "GET /metrics/ HTTP/1.1" 200 OK
service             | INFO:     127.0.0.1:53918 - "GET /download/?file_path=%2Ftmp%2Ffiles%2F64KB_2 HTTP/1.1" 200 OK
service             | INFO:     127.0.0.1:53918 - "GET /metrics/ HTTP/1.1" 200 OK
service             | INFO:     127.0.0.1:53922 - "GET /download/?file_path=%2Ftmp%2Ffiles%2F64KB_3 HTTP/1.1" 200 OK
service             | INFO:     127.0.0.1:53922 - "GET /metrics/ HTTP/1.1" 200 OK
service             | INFO:     127.0.0.1:53926 - "GET /download/?file_path=%2Ftmp%2Ffiles%2F64KB_4 HTTP/1.1" 200 OK
service             | INFO:     127.0.0.1:53926 - "GET /metrics/ HTTP/1.1" 200 OK
service             | INFO:     127.0.0.1:53930 - "GET /download/?file_path=%2Ftmp%2Ffiles%2F64KB_5 HTTP/1.1" 200 OK
service             | INFO:     127.0.0.1:53930 - "GET /metrics/ HTTP/1.1" 200 OK
service             | INFO:     127.0.0.1:53934 - "GET /download/?file_path=%2Ftmp%2Ffiles%2F64KB_6 HTTP/1.1" 200 OK
service             | INFO:     127.0.0.1:53934 - "GET /metrics/ HTTP/1.1" 200 OK
service             | INFO:     127.0.0.1:53938 - "GET /download/?file_path=%2Ftmp%2Ffiles%2F64KB_7 HTTP/1.1" 200 OK
service             | INFO:     127.0.0.1:53938 - "GET /metrics/ HTTP/1.1" 200 OK
service             | INFO:     127.0.0.1:53942 - "GET /download/?file_path=%2Ftmp%2Ffiles%2F64KB_8 HTTP/1.1" 200 OK
service             | INFO:     127.0.0.1:53942 - "GET /metrics/ HTTP/1.1" 200 OK
service             | INFO:     127.0.0.1:53946 - "GET /download/?file_path=%2Ftmp%2Ffiles%2F64KB_9 HTTP/1.1" 200 OK
service             | INFO:     127.0.0.1:53946 - "GET /metrics/ HTTP/1.1" 200 OK
service             | INFO:     127.0.0.1:53950 - "GET /download/?file_path=%2Ftmp%2Ffiles%2F64KB_10 HTTP/1.1" 200 OK
service             | INFO:     127.0.0.1:53950 - "GET /metrics/ HTTP/1.1" 200 OK
client              | 11:17.38: Connecting to download script runner
client              | 11:17.38: Waiting for finish upload signal
client              | 11:22.39: Starting 64KB benchmark
client              | 11:22.39: Creating client interface
client              | 11:22.39: Preparing run 1
client              | 11:22.39: Download file name is /tmp/files/64KB_1
client              | 11:22.39: Running garbage collector
client              | 11:22.39: Sleeping for 30.0 seconds
client              | 11:23.09: Starting
client              | 11:23.09: Finished
client              | 11:23.09: Collecting metrics from service
client              | 11:23.09: Deleting downloaded file /tmp/files/64KB_1
client              | 11:23.09: Ending run 1
client              | 11:23.09: Preparing run 2
client              | 11:23.09: Download file name is /tmp/files/64KB_2
client              | 11:23.09: Running garbage collector
client              | 11:23.09: Sleeping for 30.0 seconds
client              | 11:23.39: Starting
client              | 11:23.40: Finished
client              | 11:23.40: Collecting metrics from service
client              | 11:23.40: Deleting downloaded file /tmp/files/64KB_2
client              | 11:23.40: Ending run 2
client              | 11:23.40: Preparing run 3
client              | 11:23.40: Download file name is /tmp/files/64KB_3
client              | 11:23.40: Running garbage collector
client              | 11:23.40: Sleeping for 30.0 seconds
client              | 11:24.10: Starting
client              | 11:24.10: Finished
client              | 11:24.10: Collecting metrics from service
client              | 11:24.10: Deleting downloaded file /tmp/files/64KB_3
client              | 11:24.10: Ending run 3
client              | 11:24.10: Preparing run 4
client              | 11:24.10: Download file name is /tmp/files/64KB_4
client              | 11:24.10: Running garbage collector
client              | 11:24.10: Sleeping for 30.0 seconds
client              | 11:24.40: Starting
client              | 11:24.40: Finished
client              | 11:24.40: Collecting metrics from service
client              | 11:24.40: Deleting downloaded file /tmp/files/64KB_4
client              | 11:24.40: Ending run 4
client              | 11:24.40: Preparing run 5
client              | 11:24.40: Download file name is /tmp/files/64KB_5
client              | 11:24.40: Running garbage collector
client              | 11:24.40: Sleeping for 30.0 seconds
client              | 11:25.10: Starting
client              | 11:25.10: Finished
client              | 11:25.10: Collecting metrics from service
client              | 11:25.10: Deleting downloaded file /tmp/files/64KB_5
client              | 11:25.10: Ending run 5
client              | 11:25.10: Preparing run 6
client              | 11:25.10: Download file name is /tmp/files/64KB_6
client              | 11:25.10: Running garbage collector
client              | 11:25.10: Sleeping for 30.0 seconds
client              | 11:25.40: Starting
client              | 11:25.40: Finished
client              | 11:25.40: Collecting metrics from service
client              | 11:25.40: Deleting downloaded file /tmp/files/64KB_6
client              | 11:25.40: Ending run 6
client              | 11:25.40: Preparing run 7
client              | 11:25.40: Download file name is /tmp/files/64KB_7
client              | 11:25.40: Running garbage collector
client              | 11:25.40: Sleeping for 30.0 seconds
client              | 11:26.10: Starting
client              | 11:26.10: Finished
client              | 11:26.10: Collecting metrics from service
client              | 11:26.10: Deleting downloaded file /tmp/files/64KB_7
client              | 11:26.10: Ending run 7
client              | 11:26.10: Preparing run 8
client              | 11:26.10: Download file name is /tmp/files/64KB_8
client              | 11:26.10: Running garbage collector
client              | 11:26.10: Sleeping for 30.0 seconds
client              | 11:26.40: Starting
client              | 11:26.40: Finished
client              | 11:26.40: Collecting metrics from service
client              | 11:26.40: Deleting downloaded file /tmp/files/64KB_8
client              | 11:26.40: Ending run 8
client              | 11:26.40: Preparing run 9
client              | 11:26.40: Download file name is /tmp/files/64KB_9
client              | 11:26.40: Running garbage collector
client              | 11:26.40: Sleeping for 30.0 seconds
client              | 11:27.10: Starting
client              | 11:27.10: Finished
client              | 11:27.10: Collecting metrics from service
client              | 11:27.10: Deleting downloaded file /tmp/files/64KB_9
client              | 11:27.10: Ending run 9
client              | 11:27.10: Preparing run 10
client              | 11:27.10: Download file name is /tmp/files/64KB_10
client              | 11:27.10: Running garbage collector
client              | 11:27.10: Sleeping for 30.0 seconds
client              | 11:27.40: Starting
client              | 11:27.40: Finished
client              | 11:27.40: Collecting metrics from service
client              | 11:27.40: Deleting downloaded file /tmp/files/64KB_10
client              | 11:27.40: Ending run 10
client              | 11:27.40: Writing metrics file
client              | 11:27.40: Send finished download signal
client exited with code 0
Stopping service ... 
Stopping ipfs    ... 
Stopping ipfs    ... done
Stopping service ... done
Aborting on container exit...
Removing service ... 
Removing client  ... 
Removing ipfs    ... 
Removing client  ... done
Removing ipfs    ... done
Removing service ... done
WARNING! This will remove all local volumes not used by at least one container.
Are you sure you want to continue? [y/N] Deleted Volumes:
786b67be23989443b6aff8c39ae37d1edddc5785f9de5cdfdf2a12618b405ead

Total reclaimed space: 777.1kB
