Time start: 2022-03-16 12:09:52
Time end: 2022-03-16 12:20:51
Duration: 0:10:58.520603

Platform: Linux-5.4.0-99-generic-x86_64-with-glibc2.29
Name: lfw-ds001-i047
Release: #112-Ubuntu SMP Thu Feb 3 13:50:55 UTC 2022

Compose file: transfer_ipfs_download_setup.yml
Script: performance/transfer_ipfs_download.py
Environment vars:
SCRIPT: performance/transfer_ipfs_download.py
PEER_ID: 12D3KooWCbf51Q1iyJbgS1mBFpHz2kfwPTTmprD2Rr1tXCWSn7H5
BOOT_ADDRESS: 51.210.39.160
FILE_SIZE: 67108864
RUN_COUNT: 10
INTERVAL_SECONDS: 30

WARNING! This will remove all stopped containers.
Are you sure you want to continue? [y/N] Total reclaimed space: 0B
Creating ipfs ... 
Creating service ... 
Creating client  ... 
Creating ipfs    ... done
Creating service ... done
Creating client  ... done
Attaching to ipfs, service, client
ipfs                | Changing user to ipfs
ipfs                | ipfs version 0.7.0
ipfs                | Initializing IPFS with --empty-repo, --profile=badgerds
ipfs                | generating ED25519 keypair...done
ipfs                | peer identity: 12D3KooWPK821iibvnVFzFTD81Lu15tYB1sVGq4fFcmjB2EDpEtL
ipfs                | initializing IPFS node at /data/ipfs
ipfs                | Removing default bootstrap nodes...
ipfs                | removed /dnsaddr/bootstrap.libp2p.io/p2p/QmNnooDu7bfjPFoTZYxMNLWUQJyrVwtbZg5gBMjTezGAJN
ipfs                | removed /dnsaddr/bootstrap.libp2p.io/p2p/QmQCU2EcMqAqQPR2i9bChDtGNJchTbq5TbXJJ16u19uLTa
ipfs                | removed /dnsaddr/bootstrap.libp2p.io/p2p/QmbLHAnMoJPWSCR5Zhtx6BHJX9KiKNN6tpvbUcqanj75Nb
ipfs                | removed /dnsaddr/bootstrap.libp2p.io/p2p/QmcZf59bWwK5XFi76CZX8cbJ4BhTzzA3gU1ZjYZcYW3dwt
ipfs                | removed /ip4/104.131.131.82/tcp/4001/p2p/QmaCpDMGvV2BGHeYERUEnRQAwe3N8SzbUtfsmvsqQLuvuJ
ipfs                | removed /ip4/104.131.131.82/udp/4001/quic/p2p/QmaCpDMGvV2BGHeYERUEnRQAwe3N8SzbUtfsmvsqQLuvuJ
ipfs                | added /ip4/51.210.39.160/tcp/4001/p2p/12D3KooWCbf51Q1iyJbgS1mBFpHz2kfwPTTmprD2Rr1tXCWSn7H5
ipfs                | Initializing daemon...
ipfs                | go-ipfs version: 0.7.0-ea77213
ipfs                | Repo version: 10
ipfs                | System version: amd64/linux
ipfs                | Golang version: go1.14.4
ipfs                | Swarm is limited to private network of peers with the swarm key
ipfs                | Swarm key fingerprint: c53fe9fc1c8eac4230853d5efb58f0a0
ipfs                | Swarm listening on /ip4/10.23.89.104/tcp/4001
ipfs                | Swarm listening on /ip4/127.0.0.1/tcp/4001
ipfs                | Swarm listening on /ip4/146.59.206.127/tcp/4001
ipfs                | Swarm listening on /ip4/172.17.0.1/tcp/4001
ipfs                | Swarm listening on /ip6/::1/tcp/4001
ipfs                | Swarm listening on /p2p-circuit
ipfs                | Swarm announcing /ip4/127.0.0.1/tcp/4001
ipfs                | Swarm announcing /ip4/146.59.206.127/tcp/4001
ipfs                | Swarm announcing /ip6/::1/tcp/4001
ipfs                | API server listening on /ip4/127.0.0.1/tcp/5001
ipfs                | WebUI: http://127.0.0.1:5001/webui
ipfs                | Gateway (readonly) server listening on /ip4/127.0.0.1/tcp/8080
ipfs                | Daemon is ready
service             | Connected to IPFS daemon...
service             | Connected to bootstrap peer...
service             | Received bootstrap peer id: 12D3KooWCbf51Q1iyJbgS1mBFpHz2kfwPTTmprD2Rr1tXCWSn7H5
service             | /ip4/51.210.39.160/tcp/4001/p2p/12D3KooWCbf51Q1iyJbgS1mBFpHz2kfwPTTmprD2Rr1tXCWSn7H5
service             | INFO:     Started server process [1]
service             | INFO:     Waiting for application startup.
service             | INFO:     Application startup complete.
service             | INFO:     Uvicorn running on http://127.0.0.1:8000 (Press CTRL+C to quit)
service             | INFO:     127.0.0.1:54224 - "GET /download/?file_path=%2Ftmp%2Ffiles%2F64MB_1 HTTP/1.1" 200 OK
service             | INFO:     127.0.0.1:54224 - "GET /metrics/ HTTP/1.1" 200 OK
service             | INFO:     127.0.0.1:54226 - "GET /download/?file_path=%2Ftmp%2Ffiles%2F64MB_2 HTTP/1.1" 200 OK
service             | INFO:     127.0.0.1:54226 - "GET /metrics/ HTTP/1.1" 200 OK
service             | INFO:     127.0.0.1:54230 - "GET /download/?file_path=%2Ftmp%2Ffiles%2F64MB_3 HTTP/1.1" 200 OK
service             | INFO:     127.0.0.1:54230 - "GET /metrics/ HTTP/1.1" 200 OK
service             | INFO:     127.0.0.1:54234 - "GET /download/?file_path=%2Ftmp%2Ffiles%2F64MB_4 HTTP/1.1" 200 OK
service             | INFO:     127.0.0.1:54234 - "GET /metrics/ HTTP/1.1" 200 OK
service             | INFO:     127.0.0.1:54240 - "GET /download/?file_path=%2Ftmp%2Ffiles%2F64MB_5 HTTP/1.1" 200 OK
service             | INFO:     127.0.0.1:54240 - "GET /metrics/ HTTP/1.1" 200 OK
service             | INFO:     127.0.0.1:54244 - "GET /download/?file_path=%2Ftmp%2Ffiles%2F64MB_6 HTTP/1.1" 200 OK
service             | INFO:     127.0.0.1:54244 - "GET /metrics/ HTTP/1.1" 200 OK
service             | INFO:     127.0.0.1:54248 - "GET /download/?file_path=%2Ftmp%2Ffiles%2F64MB_7 HTTP/1.1" 200 OK
service             | INFO:     127.0.0.1:54248 - "GET /metrics/ HTTP/1.1" 200 OK
service             | INFO:     127.0.0.1:54254 - "GET /download/?file_path=%2Ftmp%2Ffiles%2F64MB_8 HTTP/1.1" 200 OK
service             | INFO:     127.0.0.1:54254 - "GET /metrics/ HTTP/1.1" 200 OK
service             | INFO:     127.0.0.1:54260 - "GET /download/?file_path=%2Ftmp%2Ffiles%2F64MB_9 HTTP/1.1" 200 OK
service             | INFO:     127.0.0.1:54260 - "GET /metrics/ HTTP/1.1" 200 OK
service             | INFO:     127.0.0.1:54264 - "GET /download/?file_path=%2Ftmp%2Ffiles%2F64MB_10 HTTP/1.1" 200 OK
service             | INFO:     127.0.0.1:54264 - "GET /metrics/ HTTP/1.1" 200 OK
client              | 12:09.58: Connecting to download script runner
client              | 12:09.58: Waiting for finish upload signal
client              | 12:15.14: Starting 64MB benchmark
client              | 12:15.14: Creating client interface
client              | 12:15.14: Preparing run 1
client              | 12:15.14: Download file name is /tmp/files/64MB_1
client              | 12:15.14: Running garbage collector
client              | 12:15.14: Sleeping for 30.0 seconds
client              | 12:15.44: Starting
client              | 12:15.47: Finished
client              | 12:15.47: Collecting metrics from service
client              | 12:15.47: Deleting downloaded file /tmp/files/64MB_1
client              | 12:15.47: Ending run 1
client              | 12:15.47: Preparing run 2
client              | 12:15.47: Download file name is /tmp/files/64MB_2
client              | 12:15.47: Running garbage collector
client              | 12:15.47: Sleeping for 30.0 seconds
client              | 12:16.17: Starting
client              | 12:16.19: Finished
client              | 12:16.19: Collecting metrics from service
client              | 12:16.19: Deleting downloaded file /tmp/files/64MB_2
client              | 12:16.19: Ending run 2
client              | 12:16.19: Preparing run 3
client              | 12:16.19: Download file name is /tmp/files/64MB_3
client              | 12:16.19: Running garbage collector
client              | 12:16.19: Sleeping for 30.0 seconds
client              | 12:16.49: Starting
client              | 12:16.52: Finished
client              | 12:16.52: Collecting metrics from service
client              | 12:16.52: Deleting downloaded file /tmp/files/64MB_3
client              | 12:16.52: Ending run 3
client              | 12:16.52: Preparing run 4
client              | 12:16.52: Download file name is /tmp/files/64MB_4
client              | 12:16.52: Running garbage collector
client              | 12:16.52: Sleeping for 30.0 seconds
client              | 12:17.22: Starting
client              | 12:17.24: Finished
client              | 12:17.24: Collecting metrics from service
client              | 12:17.24: Deleting downloaded file /tmp/files/64MB_4
client              | 12:17.24: Ending run 4
client              | 12:17.24: Preparing run 5
client              | 12:17.24: Download file name is /tmp/files/64MB_5
client              | 12:17.24: Running garbage collector
client              | 12:17.24: Sleeping for 30.0 seconds
client              | 12:17.54: Starting
client              | 12:17.57: Finished
client              | 12:17.57: Collecting metrics from service
client              | 12:17.57: Deleting downloaded file /tmp/files/64MB_5
client              | 12:17.57: Ending run 5
client              | 12:17.57: Preparing run 6
client              | 12:17.57: Download file name is /tmp/files/64MB_6
client              | 12:17.57: Running garbage collector
client              | 12:17.57: Sleeping for 30.0 seconds
client              | 12:18.27: Starting
client              | 12:18.29: Finished
client              | 12:18.29: Collecting metrics from service
client              | 12:18.29: Deleting downloaded file /tmp/files/64MB_6
client              | 12:18.29: Ending run 6
client              | 12:18.29: Preparing run 7
client              | 12:18.29: Download file name is /tmp/files/64MB_7
client              | 12:18.29: Running garbage collector
client              | 12:18.29: Sleeping for 30.0 seconds
client              | 12:18.59: Starting
client              | 12:19.02: Finished
client              | 12:19.02: Collecting metrics from service
client              | 12:19.02: Deleting downloaded file /tmp/files/64MB_7
client              | 12:19.02: Ending run 7
client              | 12:19.02: Preparing run 8
client              | 12:19.02: Download file name is /tmp/files/64MB_8
client              | 12:19.02: Running garbage collector
client              | 12:19.02: Sleeping for 30.0 seconds
client              | 12:19.32: Starting
client              | 12:19.34: Finished
client              | 12:19.34: Collecting metrics from service
client              | 12:19.34: Deleting downloaded file /tmp/files/64MB_8
client              | 12:19.34: Ending run 8
client              | 12:19.34: Preparing run 9
client              | 12:19.34: Download file name is /tmp/files/64MB_9
client              | 12:19.34: Running garbage collector
client              | 12:19.34: Sleeping for 30.0 seconds
client              | 12:20.04: Starting
client              | 12:20.07: Finished
client              | 12:20.07: Collecting metrics from service
client              | 12:20.07: Deleting downloaded file /tmp/files/64MB_9
client              | 12:20.07: Ending run 9
client              | 12:20.07: Preparing run 10
client              | 12:20.07: Download file name is /tmp/files/64MB_10
client              | 12:20.07: Running garbage collector
client              | 12:20.07: Sleeping for 30.0 seconds
client              | 12:20.37: Starting
client              | 12:20.40: Finished
client              | 12:20.40: Collecting metrics from service
client              | 12:20.40: Deleting downloaded file /tmp/files/64MB_10
client              | 12:20.40: Ending run 10
client              | 12:20.40: Writing metrics file
client              | 12:20.40: Send finished download signal
client exited with code 0
Stopping service ... 
Stopping ipfs    ... 
Stopping ipfs    ... done
Stopping service ... done
Aborting on container exit...
Removing service ... 
Removing ipfs    ... 
Removing client  ... 
Removing client  ... done
Removing ipfs    ... done
Removing service ... done
WARNING! This will remove all local volumes not used by at least one container.
Are you sure you want to continue? [y/N] Deleted Volumes:
1c0e77564b59957b9ac6bd5d43b19558b5e373e49d0f177b5fac6942e54e3104

Total reclaimed space: 673.8MB
