Time start: 2022-03-16 11:59:17
Time end: 2022-03-16 12:09:46
Duration: 0:10:28.933260

Platform: Linux-5.4.0-99-generic-x86_64-with-glibc2.29
Name: lfw-ds001-i047
Release: #112-Ubuntu SMP Thu Feb 3 13:50:55 UTC 2022

Compose file: transfer_ipfs_download_setup.yml
Script: performance/transfer_ipfs_download.py
Environment vars:
SCRIPT: performance/transfer_ipfs_download.py
PEER_ID: 12D3KooWLcQXDPinZcwboT1NedwTPDmRtfhxPhBKLiX2PegA1zoP
BOOT_ADDRESS: 51.210.39.160
FILE_SIZE: 16777216
RUN_COUNT: 10
INTERVAL_SECONDS: 30

WARNING! This will remove all stopped containers.
Are you sure you want to continue? [y/N] Total reclaimed space: 0B
Creating client ... 
Creating service ... 
Creating ipfs    ... 
Creating service ... done
Creating ipfs    ... done
Creating client  ... done
Attaching to service, ipfs, client
ipfs                | Changing user to ipfs
ipfs                | ipfs version 0.7.0
ipfs                | Initializing IPFS with --empty-repo, --profile=badgerds
ipfs                | generating ED25519 keypair...done
ipfs                | peer identity: 12D3KooWSC8W3iiQaHuqRXwyVyN3BW2USpgtJ2KnfZqPEV6w649U
ipfs                | initializing IPFS node at /data/ipfs
ipfs                | Removing default bootstrap nodes...
ipfs                | removed /dnsaddr/bootstrap.libp2p.io/p2p/QmNnooDu7bfjPFoTZYxMNLWUQJyrVwtbZg5gBMjTezGAJN
ipfs                | removed /dnsaddr/bootstrap.libp2p.io/p2p/QmQCU2EcMqAqQPR2i9bChDtGNJchTbq5TbXJJ16u19uLTa
ipfs                | removed /dnsaddr/bootstrap.libp2p.io/p2p/QmbLHAnMoJPWSCR5Zhtx6BHJX9KiKNN6tpvbUcqanj75Nb
ipfs                | removed /dnsaddr/bootstrap.libp2p.io/p2p/QmcZf59bWwK5XFi76CZX8cbJ4BhTzzA3gU1ZjYZcYW3dwt
ipfs                | removed /ip4/104.131.131.82/tcp/4001/p2p/QmaCpDMGvV2BGHeYERUEnRQAwe3N8SzbUtfsmvsqQLuvuJ
ipfs                | removed /ip4/104.131.131.82/udp/4001/quic/p2p/QmaCpDMGvV2BGHeYERUEnRQAwe3N8SzbUtfsmvsqQLuvuJ
ipfs                | added /ip4/51.210.39.160/tcp/4001/p2p/12D3KooWLcQXDPinZcwboT1NedwTPDmRtfhxPhBKLiX2PegA1zoP
ipfs                | Initializing daemon...
ipfs                | go-ipfs version: 0.7.0-ea77213
ipfs                | Repo version: 10
ipfs                | System version: amd64/linux
ipfs                | Golang version: go1.14.4
service             | ConnectionError: HTTPConnectionPool(host='127.0.0.1', port=5001): Max retries exceeded with url: /api/v0/version?stream-channels=true (Caused by NewConnectionError('<ipfshttpclient.requests_wrapper.HTTPConnection object at 0x7effefc5b160>: Failed to establish a new connection: [Errno 111] Connection refused'))
service             | ConnectionError: HTTPConnectionPool(host='127.0.0.1', port=5001): Max retries exceeded with url: /api/v0/version?stream-channels=true (Caused by NewConnectionError('<ipfshttpclient.requests_wrapper.HTTPConnection object at 0x7effefcdb490>: Failed to establish a new connection: [Errno 111] Connection refused'))
service             | ConnectionError: HTTPConnectionPool(host='127.0.0.1', port=5001): Max retries exceeded with url: /api/v0/version?stream-channels=true (Caused by NewConnectionError('<ipfshttpclient.requests_wrapper.HTTPConnection object at 0x7effefc5bb80>: Failed to establish a new connection: [Errno 111] Connection refused'))
service             | ConnectionError: HTTPConnectionPool(host='127.0.0.1', port=5001): Max retries exceeded with url: /api/v0/version?stream-channels=true (Caused by NewConnectionError('<ipfshttpclient.requests_wrapper.HTTPConnection object at 0x7effefc6a520>: Failed to establish a new connection: [Errno 111] Connection refused'))
service             | ConnectionError: HTTPConnectionPool(host='127.0.0.1', port=5001): Max retries exceeded with url: /api/v0/version?stream-channels=true (Caused by NewConnectionError('<ipfshttpclient.requests_wrapper.HTTPConnection object at 0x7effefc6ae80>: Failed to establish a new connection: [Errno 111] Connection refused'))
ipfs                | Swarm is limited to private network of peers with the swarm key
ipfs                | Swarm key fingerprint: c53fe9fc1c8eac4230853d5efb58f0a0
ipfs                | Swarm listening on /ip4/10.23.89.104/tcp/4001
ipfs                | Swarm listening on /ip4/127.0.0.1/tcp/4001
ipfs                | Swarm listening on /ip4/146.59.206.127/tcp/4001
ipfs                | Swarm listening on /ip4/172.17.0.1/tcp/4001
ipfs                | Swarm listening on /ip6/::1/tcp/4001
ipfs                | Swarm listening on /p2p-circuit
ipfs                | Swarm announcing /ip4/127.0.0.1/tcp/4001
ipfs                | Swarm announcing /ip4/146.59.206.127/tcp/4001
ipfs                | Swarm announcing /ip6/::1/tcp/4001
ipfs                | API server listening on /ip4/127.0.0.1/tcp/5001
ipfs                | WebUI: http://127.0.0.1:5001/webui
ipfs                | Gateway (readonly) server listening on /ip4/127.0.0.1/tcp/8080
ipfs                | Daemon is ready
service             | Connected to IPFS daemon...
service             | Connected to bootstrap peer...
service             | Received bootstrap peer id: 12D3KooWLcQXDPinZcwboT1NedwTPDmRtfhxPhBKLiX2PegA1zoP
service             | /ip4/51.210.39.160/tcp/4001/p2p/12D3KooWLcQXDPinZcwboT1NedwTPDmRtfhxPhBKLiX2PegA1zoP
service             | Could not publish files...
service             | failed to find any peer in table
service             | INFO:     Started server process [1]
service             | INFO:     Waiting for application startup.
service             | INFO:     Application startup complete.
service             | INFO:     Uvicorn running on http://127.0.0.1:8000 (Press CTRL+C to quit)
service             | INFO:     127.0.0.1:54164 - "GET /download/?file_path=%2Ftmp%2Ffiles%2F16MB_1 HTTP/1.1" 200 OK
service             | INFO:     127.0.0.1:54164 - "GET /metrics/ HTTP/1.1" 200 OK
service             | INFO:     127.0.0.1:54166 - "GET /download/?file_path=%2Ftmp%2Ffiles%2F16MB_2 HTTP/1.1" 200 OK
service             | INFO:     127.0.0.1:54166 - "GET /metrics/ HTTP/1.1" 200 OK
service             | INFO:     127.0.0.1:54170 - "GET /download/?file_path=%2Ftmp%2Ffiles%2F16MB_3 HTTP/1.1" 200 OK
service             | INFO:     127.0.0.1:54170 - "GET /metrics/ HTTP/1.1" 200 OK
service             | INFO:     127.0.0.1:54176 - "GET /download/?file_path=%2Ftmp%2Ffiles%2F16MB_4 HTTP/1.1" 200 OK
service             | INFO:     127.0.0.1:54176 - "GET /metrics/ HTTP/1.1" 200 OK
service             | INFO:     127.0.0.1:54180 - "GET /download/?file_path=%2Ftmp%2Ffiles%2F16MB_5 HTTP/1.1" 200 OK
service             | INFO:     127.0.0.1:54180 - "GET /metrics/ HTTP/1.1" 200 OK
service             | INFO:     127.0.0.1:54186 - "GET /download/?file_path=%2Ftmp%2Ffiles%2F16MB_6 HTTP/1.1" 200 OK
service             | INFO:     127.0.0.1:54186 - "GET /metrics/ HTTP/1.1" 200 OK
service             | INFO:     127.0.0.1:54192 - "GET /download/?file_path=%2Ftmp%2Ffiles%2F16MB_7 HTTP/1.1" 200 OK
service             | INFO:     127.0.0.1:54192 - "GET /metrics/ HTTP/1.1" 200 OK
service             | INFO:     127.0.0.1:54196 - "GET /download/?file_path=%2Ftmp%2Ffiles%2F16MB_8 HTTP/1.1" 200 OK
service             | INFO:     127.0.0.1:54196 - "GET /metrics/ HTTP/1.1" 200 OK
service             | INFO:     127.0.0.1:54200 - "GET /download/?file_path=%2Ftmp%2Ffiles%2F16MB_9 HTTP/1.1" 200 OK
service             | INFO:     127.0.0.1:54200 - "GET /metrics/ HTTP/1.1" 200 OK
service             | INFO:     127.0.0.1:54204 - "GET /download/?file_path=%2Ftmp%2Ffiles%2F16MB_10 HTTP/1.1" 200 OK
service             | INFO:     127.0.0.1:54204 - "GET /metrics/ HTTP/1.1" 200 OK
client              | 11:59.23: Connecting to download script runner
client              | 11:59.23: Waiting for finish upload signal
client              | 12:04.28: Starting 16MB benchmark
client              | 12:04.28: Creating client interface
client              | 12:04.28: Preparing run 1
client              | 12:04.28: Download file name is /tmp/files/16MB_1
client              | 12:04.28: Running garbage collector
client              | 12:04.28: Sleeping for 30.0 seconds
client              | 12:04.58: Starting
client              | 12:04.59: Finished
client              | 12:04.59: Collecting metrics from service
client              | 12:04.59: Deleting downloaded file /tmp/files/16MB_1
client              | 12:04.59: Ending run 1
client              | 12:04.59: Preparing run 2
client              | 12:04.59: Download file name is /tmp/files/16MB_2
client              | 12:04.59: Running garbage collector
client              | 12:04.59: Sleeping for 30.0 seconds
client              | 12:05.29: Starting
client              | 12:05.29: Finished
client              | 12:05.29: Collecting metrics from service
client              | 12:05.29: Deleting downloaded file /tmp/files/16MB_2
client              | 12:05.29: Ending run 2
client              | 12:05.29: Preparing run 3
client              | 12:05.29: Download file name is /tmp/files/16MB_3
client              | 12:05.29: Running garbage collector
client              | 12:05.29: Sleeping for 30.0 seconds
client              | 12:05.59: Starting
client              | 12:06.00: Finished
client              | 12:06.00: Collecting metrics from service
client              | 12:06.00: Deleting downloaded file /tmp/files/16MB_3
client              | 12:06.00: Ending run 3
client              | 12:06.00: Preparing run 4
client              | 12:06.00: Download file name is /tmp/files/16MB_4
client              | 12:06.00: Running garbage collector
client              | 12:06.00: Sleeping for 30.0 seconds
client              | 12:06.30: Starting
client              | 12:06.31: Finished
client              | 12:06.31: Collecting metrics from service
client              | 12:06.31: Deleting downloaded file /tmp/files/16MB_4
client              | 12:06.31: Ending run 4
client              | 12:06.31: Preparing run 5
client              | 12:06.31: Download file name is /tmp/files/16MB_5
client              | 12:06.31: Running garbage collector
client              | 12:06.31: Sleeping for 30.0 seconds
client              | 12:07.01: Starting
client              | 12:07.01: Finished
client              | 12:07.01: Collecting metrics from service
client              | 12:07.01: Deleting downloaded file /tmp/files/16MB_5
client              | 12:07.01: Ending run 5
client              | 12:07.01: Preparing run 6
client              | 12:07.01: Download file name is /tmp/files/16MB_6
client              | 12:07.01: Running garbage collector
client              | 12:07.02: Sleeping for 30.0 seconds
client              | 12:07.32: Starting
client              | 12:07.32: Finished
client              | 12:07.32: Collecting metrics from service
client              | 12:07.32: Deleting downloaded file /tmp/files/16MB_6
client              | 12:07.32: Ending run 6
client              | 12:07.32: Preparing run 7
client              | 12:07.32: Download file name is /tmp/files/16MB_7
client              | 12:07.32: Running garbage collector
client              | 12:07.32: Sleeping for 30.0 seconds
client              | 12:08.02: Starting
client              | 12:08.03: Finished
client              | 12:08.03: Collecting metrics from service
client              | 12:08.03: Deleting downloaded file /tmp/files/16MB_7
client              | 12:08.03: Ending run 7
client              | 12:08.03: Preparing run 8
client              | 12:08.03: Download file name is /tmp/files/16MB_8
client              | 12:08.03: Running garbage collector
client              | 12:08.03: Sleeping for 30.0 seconds
client              | 12:08.33: Starting
client              | 12:08.33: Finished
client              | 12:08.33: Collecting metrics from service
client              | 12:08.33: Deleting downloaded file /tmp/files/16MB_8
client              | 12:08.33: Ending run 8
client              | 12:08.33: Preparing run 9
client              | 12:08.33: Download file name is /tmp/files/16MB_9
client              | 12:08.33: Running garbage collector
client              | 12:08.33: Sleeping for 30.0 seconds
client              | 12:09.03: Starting
client              | 12:09.04: Finished
client              | 12:09.04: Collecting metrics from service
client              | 12:09.04: Deleting downloaded file /tmp/files/16MB_9
client              | 12:09.04: Ending run 9
client              | 12:09.04: Preparing run 10
client              | 12:09.04: Download file name is /tmp/files/16MB_10
client              | 12:09.04: Running garbage collector
client              | 12:09.04: Sleeping for 30.0 seconds
client              | 12:09.34: Starting
client              | 12:09.35: Finished
client              | 12:09.35: Collecting metrics from service
client              | 12:09.35: Deleting downloaded file /tmp/files/16MB_10
client              | 12:09.35: Ending run 10
client              | 12:09.35: Writing metrics file
client              | 12:09.35: Send finished download signal
client exited with code 0
Stopping ipfs    ... 
Stopping service ... 
Stopping ipfs    ... done
Stopping service ... done
Aborting on container exit...
Removing ipfs    ... 
Removing client  ... 
Removing service ... 
Removing ipfs    ... done
Removing client  ... done
Removing service ... done
WARNING! This will remove all local volumes not used by at least one container.
Are you sure you want to continue? [y/N] Deleted Volumes:
fc1c6c3667f20f01d292ac85bd8e6185164ca363a1bc88fbbdb8a88c998b5198

Total reclaimed space: 168.5MB
