Time start: 2022-03-16 12:33:56
Time end: 2022-03-16 12:55:06
Duration: 0:21:09.323793

Platform: Linux-5.4.0-99-generic-x86_64-with-glibc2.29
Name: lfw-ds001-i045
Release: #112-Ubuntu SMP Thu Feb 3 13:50:55 UTC 2022

Compose file: transfer_ipfs_upload_setup.yml
Script: performance/transfer_ipfs_upload.py
Environment vars:
SCRIPT: performance/transfer_ipfs_upload.py
FILE_SIZE: 1073741824
RUN_COUNT: 10
INTERVAL_SECONDS: 30

WARNING! This will remove all stopped containers.
Are you sure you want to continue? [y/N] Total reclaimed space: 0B
Creating ipfs ... 
Creating client ... 
Creating service ... 
Creating ipfs    ... done
Creating service ... done
Creating client  ... done
Attaching to ipfs, service, client
ipfs                | Changing user to ipfs
ipfs                | ipfs version 0.7.0
ipfs                | Initializing IPFS with --empty-repo, --profile=badgerds
ipfs                | generating ED25519 keypair...done
ipfs                | peer identity: 12D3KooWGoubTNNqdEVxTZksEFFWfmFKPsa9xP3MEKcrXiWoeosD
ipfs                | initializing IPFS node at /data/ipfs
ipfs                | Removing default bootstrap nodes...
service             | ConnectionError: HTTPConnectionPool(host='127.0.0.1', port=5001): Max retries exceeded with url: /api/v0/version?stream-channels=true (Caused by NewConnectionError('<ipfshttpclient.requests_wrapper.HTTPConnection object at 0x7f8475efaf40>: Failed to establish a new connection: [Errno 111] Connection refused'))
ipfs                | removed /dnsaddr/bootstrap.libp2p.io/p2p/QmNnooDu7bfjPFoTZYxMNLWUQJyrVwtbZg5gBMjTezGAJN
ipfs                | removed /dnsaddr/bootstrap.libp2p.io/p2p/QmQCU2EcMqAqQPR2i9bChDtGNJchTbq5TbXJJ16u19uLTa
ipfs                | removed /dnsaddr/bootstrap.libp2p.io/p2p/QmbLHAnMoJPWSCR5Zhtx6BHJX9KiKNN6tpvbUcqanj75Nb
ipfs                | removed /dnsaddr/bootstrap.libp2p.io/p2p/QmcZf59bWwK5XFi76CZX8cbJ4BhTzzA3gU1ZjYZcYW3dwt
ipfs                | removed /ip4/104.131.131.82/tcp/4001/p2p/QmaCpDMGvV2BGHeYERUEnRQAwe3N8SzbUtfsmvsqQLuvuJ
ipfs                | removed /ip4/104.131.131.82/udp/4001/quic/p2p/QmaCpDMGvV2BGHeYERUEnRQAwe3N8SzbUtfsmvsqQLuvuJ
ipfs                | Initializing daemon...
ipfs                | go-ipfs version: 0.7.0-ea77213
ipfs                | Repo version: 10
ipfs                | System version: amd64/linux
ipfs                | Golang version: go1.14.4
ipfs                | Swarm is limited to private network of peers with the swarm key
ipfs                | Swarm key fingerprint: c53fe9fc1c8eac4230853d5efb58f0a0
ipfs                | Swarm listening on /ip4/10.23.89.47/tcp/4001
ipfs                | Swarm listening on /ip4/127.0.0.1/tcp/4001
ipfs                | Swarm listening on /ip4/172.17.0.1/tcp/4001
ipfs                | Swarm listening on /ip4/192.168.48.1/tcp/4001
ipfs                | Swarm listening on /ip4/51.210.39.160/tcp/4001
ipfs                | Swarm listening on /ip6/::1/tcp/4001
ipfs                | Swarm listening on /p2p-circuit
ipfs                | Swarm announcing /ip4/127.0.0.1/tcp/4001
ipfs                | Swarm announcing /ip4/51.210.39.160/tcp/4001
ipfs                | Swarm announcing /ip6/::1/tcp/4001
ipfs                | API server listening on /ip4/127.0.0.1/tcp/5001
ipfs                | WebUI: http://127.0.0.1:5001/webui
ipfs                | Gateway (readonly) server listening on /ip4/127.0.0.1/tcp/8080
ipfs                | Daemon is ready
service             | Connected to IPFS daemon...
service             | Could not contact peer to acquire bootstrap peer ID
service             | [Errno 111] Connection refused
service             | Connected to bootstrap peer...
service             | New bootstrapping peer joined
service             | Send my peer ID: 12D3KooWGoubTNNqdEVxTZksEFFWfmFKPsa9xP3MEKcrXiWoeosD
service             | Received bootstrap peer id: 12D3KooWGoubTNNqdEVxTZksEFFWfmFKPsa9xP3MEKcrXiWoeosD
service             | I am the bootstrap peer
service             | Could not publish files...
service             | failed to find any peer in table
service             | INFO:     Started server process [1]
service             | INFO:     Waiting for application startup.
service             | INFO:     Application startup complete.
service             | INFO:     Uvicorn running on http://127.0.0.1:8000 (Press CTRL+C to quit)
service             | New bootstrapping peer joined
service             | Send my peer ID: 12D3KooWGoubTNNqdEVxTZksEFFWfmFKPsa9xP3MEKcrXiWoeosD
service             | INFO:     127.0.0.1:35828 - "PUT /upload/?file_path=%2Ftmp%2Ffiles%2F1024MB_1 HTTP/1.1" 200 OK
service             | INFO:     127.0.0.1:35828 - "GET /metrics/ HTTP/1.1" 200 OK
service             | INFO:     127.0.0.1:35832 - "PUT /upload/?file_path=%2Ftmp%2Ffiles%2F1024MB_2 HTTP/1.1" 200 OK
service             | INFO:     127.0.0.1:35832 - "GET /metrics/ HTTP/1.1" 200 OK
service             | INFO:     127.0.0.1:35834 - "PUT /upload/?file_path=%2Ftmp%2Ffiles%2F1024MB_3 HTTP/1.1" 200 OK
service             | INFO:     127.0.0.1:35834 - "GET /metrics/ HTTP/1.1" 200 OK
service             | INFO:     127.0.0.1:35838 - "PUT /upload/?file_path=%2Ftmp%2Ffiles%2F1024MB_4 HTTP/1.1" 200 OK
service             | INFO:     127.0.0.1:35838 - "GET /metrics/ HTTP/1.1" 200 OK
service             | INFO:     127.0.0.1:35840 - "PUT /upload/?file_path=%2Ftmp%2Ffiles%2F1024MB_5 HTTP/1.1" 200 OK
service             | INFO:     127.0.0.1:35840 - "GET /metrics/ HTTP/1.1" 200 OK
service             | INFO:     127.0.0.1:35844 - "PUT /upload/?file_path=%2Ftmp%2Ffiles%2F1024MB_6 HTTP/1.1" 200 OK
service             | INFO:     127.0.0.1:35844 - "GET /metrics/ HTTP/1.1" 200 OK
service             | INFO:     127.0.0.1:35846 - "PUT /upload/?file_path=%2Ftmp%2Ffiles%2F1024MB_7 HTTP/1.1" 200 OK
service             | INFO:     127.0.0.1:35846 - "GET /metrics/ HTTP/1.1" 200 OK
service             | INFO:     127.0.0.1:35848 - "PUT /upload/?file_path=%2Ftmp%2Ffiles%2F1024MB_8 HTTP/1.1" 200 OK
service             | INFO:     127.0.0.1:35848 - "GET /metrics/ HTTP/1.1" 200 OK
service             | INFO:     127.0.0.1:35852 - "PUT /upload/?file_path=%2Ftmp%2Ffiles%2F1024MB_9 HTTP/1.1" 200 OK
service             | INFO:     127.0.0.1:35852 - "GET /metrics/ HTTP/1.1" 200 OK
service             | INFO:     127.0.0.1:35854 - "PUT /upload/?file_path=%2Ftmp%2Ffiles%2F1024MB_10 HTTP/1.1" 200 OK
service             | INFO:     127.0.0.1:35854 - "GET /metrics/ HTTP/1.1" 200 OK
client              | 12:34.03: Connecting to IPFS daemon
client              | 12:34.03: Connected to IPFS daemon, peer ID is 12D3KooWGoubTNNqdEVxTZksEFFWfmFKPsa9xP3MEKcrXiWoeosD
client              | 12:34.03: Connecting to upload script runner
client              | 12:34.03: Sending peer ID
client              | 12:34.03: Waiting for signal to start downloading
client              | 12:34.09: Starting 1024MB benchmark
client              | 12:34.09: Creating client interface
client              | 12:34.09: Preparing run 1
client              | 12:34.09: Creating file /tmp/files/1024MB_1
client              | 12:34.16: Running garbage collector
client              | 12:34.16: Sleeping for 30.0 seconds
client              | 12:34.46: Starting
client              | 12:35.02: Finished
client              | 12:35.02: Collecting metrics from service
client              | 12:35.02: Deleting created file /tmp/files/1024MB_1
client              | 12:35.03: Ending run 1
client              | 12:35.03: Preparing run 2
client              | 12:35.03: Creating file /tmp/files/1024MB_2
client              | 12:35.10: Running garbage collector
client              | 12:35.10: Sleeping for 30.0 seconds
client              | 12:35.40: Starting
client              | 12:35.56: Finished
client              | 12:35.56: Collecting metrics from service
client              | 12:35.56: Deleting created file /tmp/files/1024MB_2
client              | 12:35.57: Ending run 2
client              | 12:35.57: Preparing run 3
client              | 12:35.57: Creating file /tmp/files/1024MB_3
client              | 12:36.04: Running garbage collector
client              | 12:36.04: Sleeping for 30.0 seconds
client              | 12:36.34: Starting
client              | 12:36.50: Finished
client              | 12:36.50: Collecting metrics from service
client              | 12:36.50: Deleting created file /tmp/files/1024MB_3
client              | 12:36.50: Ending run 3
client              | 12:36.50: Preparing run 4
client              | 12:36.50: Creating file /tmp/files/1024MB_4
client              | 12:36.57: Running garbage collector
client              | 12:36.57: Sleeping for 30.0 seconds
client              | 12:37.27: Starting
client              | 12:37.45: Finished
client              | 12:37.45: Collecting metrics from service
client              | 12:37.45: Deleting created file /tmp/files/1024MB_4
client              | 12:37.45: Ending run 4
client              | 12:37.45: Preparing run 5
client              | 12:37.45: Creating file /tmp/files/1024MB_5
client              | 12:37.53: Running garbage collector
client              | 12:37.53: Sleeping for 30.0 seconds
client              | 12:38.23: Starting
client              | 12:38.40: Finished
client              | 12:38.40: Collecting metrics from service
client              | 12:38.40: Deleting created file /tmp/files/1024MB_5
client              | 12:38.40: Ending run 5
client              | 12:38.40: Preparing run 6
client              | 12:38.40: Creating file /tmp/files/1024MB_6
client              | 12:38.47: Running garbage collector
client              | 12:38.47: Sleeping for 30.0 seconds
client              | 12:39.17: Starting
client              | 12:39.35: Finished
client              | 12:39.35: Collecting metrics from service
client              | 12:39.35: Deleting created file /tmp/files/1024MB_6
client              | 12:39.35: Ending run 6
client              | 12:39.35: Preparing run 7
client              | 12:39.35: Creating file /tmp/files/1024MB_7
client              | 12:39.42: Running garbage collector
client              | 12:39.42: Sleeping for 30.0 seconds
client              | 12:40.12: Starting
client              | 12:40.29: Finished
client              | 12:40.29: Collecting metrics from service
client              | 12:40.29: Deleting created file /tmp/files/1024MB_7
client              | 12:40.29: Ending run 7
client              | 12:40.29: Preparing run 8
client              | 12:40.29: Creating file /tmp/files/1024MB_8
client              | 12:40.37: Running garbage collector
client              | 12:40.37: Sleeping for 30.0 seconds
client              | 12:41.07: Starting
client              | 12:41.24: Finished
client              | 12:41.24: Collecting metrics from service
client              | 12:41.24: Deleting created file /tmp/files/1024MB_8
client              | 12:41.24: Ending run 8
client              | 12:41.24: Preparing run 9
client              | 12:41.24: Creating file /tmp/files/1024MB_9
client              | 12:41.32: Running garbage collector
client              | 12:41.32: Sleeping for 30.0 seconds
client              | 12:42.02: Starting
client              | 12:42.20: Finished
client              | 12:42.20: Collecting metrics from service
client              | 12:42.20: Deleting created file /tmp/files/1024MB_9
client              | 12:42.20: Ending run 9
client              | 12:42.20: Preparing run 10
client              | 12:42.20: Creating file /tmp/files/1024MB_10
client              | 12:42.27: Running garbage collector
client              | 12:42.27: Sleeping for 30.0 seconds
client              | 12:42.57: Starting
client              | 12:43.15: Finished
client              | 12:43.15: Collecting metrics from service
client              | 12:43.15: Deleting created file /tmp/files/1024MB_10
client              | 12:43.15: Ending run 10
client              | 12:43.15: Writing metrics file
client              | 12:43.15: Sending upload finished signal
client              | 12:43.15: Waiting for download finished signal
client exited with code 0
Stopping service ... 
Stopping ipfs    ... 
Stopping ipfs    ... done
Stopping service ... done
Aborting on container exit...
Removing service ... 
Removing client  ... 
Removing ipfs    ... 
Removing service ... done
Removing client  ... done
Removing ipfs    ... done
WARNING! This will remove all local volumes not used by at least one container.
Are you sure you want to continue? [y/N] Deleted Volumes:
8494e9b4ffd59fb60cd584bde7ce5bb0358844058f5a9492bcd1a38f2ac5f863

Total reclaimed space: 10.78GB
