Time start: 2022-03-16 11:27:58
Time end: 2022-03-16 11:38:17
Duration: 0:10:19.081719

Platform: Linux-5.4.0-99-generic-x86_64-with-glibc2.29
Name: lfw-ds001-i047
Release: #112-Ubuntu SMP Thu Feb 3 13:50:55 UTC 2022

Compose file: transfer_ipfs_download_setup.yml
Script: performance/transfer_ipfs_download.py
Environment vars:
SCRIPT: performance/transfer_ipfs_download.py
PEER_ID: 12D3KooWHAtfb2Yg5rHELoFkLLDrxDugJcG5cKhxbNTKD2C3Wibn
BOOT_ADDRESS: 51.210.39.160
FILE_SIZE: 262144
RUN_COUNT: 10
INTERVAL_SECONDS: 30

WARNING! This will remove all stopped containers.
Are you sure you want to continue? [y/N] Total reclaimed space: 0B
Creating service ... 
Creating client  ... 
Creating ipfs    ... 
Creating ipfs    ... done
Creating service ... done
Creating client  ... done
Attaching to ipfs, service, client
ipfs                | Changing user to ipfs
ipfs                | ipfs version 0.7.0
ipfs                | Initializing IPFS with --empty-repo, --profile=badgerds
ipfs                | generating ED25519 keypair...done
ipfs                | peer identity: 12D3KooWMDyhNgVJKEF7xAjTMqqodaEZZAnC1wwGLJhxL7Wk5Qyc
ipfs                | initializing IPFS node at /data/ipfs
ipfs                | Removing default bootstrap nodes...
ipfs                | removed /dnsaddr/bootstrap.libp2p.io/p2p/QmNnooDu7bfjPFoTZYxMNLWUQJyrVwtbZg5gBMjTezGAJN
ipfs                | removed /dnsaddr/bootstrap.libp2p.io/p2p/QmQCU2EcMqAqQPR2i9bChDtGNJchTbq5TbXJJ16u19uLTa
ipfs                | removed /dnsaddr/bootstrap.libp2p.io/p2p/QmbLHAnMoJPWSCR5Zhtx6BHJX9KiKNN6tpvbUcqanj75Nb
ipfs                | removed /dnsaddr/bootstrap.libp2p.io/p2p/QmcZf59bWwK5XFi76CZX8cbJ4BhTzzA3gU1ZjYZcYW3dwt
ipfs                | removed /ip4/104.131.131.82/tcp/4001/p2p/QmaCpDMGvV2BGHeYERUEnRQAwe3N8SzbUtfsmvsqQLuvuJ
ipfs                | removed /ip4/104.131.131.82/udp/4001/quic/p2p/QmaCpDMGvV2BGHeYERUEnRQAwe3N8SzbUtfsmvsqQLuvuJ
ipfs                | added /ip4/51.210.39.160/tcp/4001/p2p/12D3KooWHAtfb2Yg5rHELoFkLLDrxDugJcG5cKhxbNTKD2C3Wibn
ipfs                | Initializing daemon...
ipfs                | go-ipfs version: 0.7.0-ea77213
ipfs                | Repo version: 10
ipfs                | System version: amd64/linux
ipfs                | Golang version: go1.14.4
ipfs                | Swarm is limited to private network of peers with the swarm key
ipfs                | Swarm key fingerprint: c53fe9fc1c8eac4230853d5efb58f0a0
ipfs                | Swarm listening on /ip4/10.23.89.104/tcp/4001
ipfs                | Swarm listening on /ip4/127.0.0.1/tcp/4001
ipfs                | Swarm listening on /ip4/146.59.206.127/tcp/4001
ipfs                | Swarm listening on /ip4/172.17.0.1/tcp/4001
ipfs                | Swarm listening on /ip6/::1/tcp/4001
ipfs                | Swarm listening on /p2p-circuit
ipfs                | Swarm announcing /ip4/127.0.0.1/tcp/4001
ipfs                | Swarm announcing /ip4/146.59.206.127/tcp/4001
ipfs                | Swarm announcing /ip6/::1/tcp/4001
ipfs                | API server listening on /ip4/127.0.0.1/tcp/5001
ipfs                | WebUI: http://127.0.0.1:5001/webui
ipfs                | Gateway (readonly) server listening on /ip4/127.0.0.1/tcp/8080
ipfs                | Daemon is ready
service             | Connected to IPFS daemon...
service             | Connected to bootstrap peer...
service             | Received bootstrap peer id: 12D3KooWHAtfb2Yg5rHELoFkLLDrxDugJcG5cKhxbNTKD2C3Wibn
service             | /ip4/51.210.39.160/tcp/4001/p2p/12D3KooWHAtfb2Yg5rHELoFkLLDrxDugJcG5cKhxbNTKD2C3Wibn
service             | INFO:     Started server process [1]
service             | INFO:     Waiting for application startup.
service             | INFO:     Application startup complete.
service             | INFO:     Uvicorn running on http://127.0.0.1:8000 (Press CTRL+C to quit)
service             | INFO:     127.0.0.1:53970 - "GET /download/?file_path=%2Ftmp%2Ffiles%2F256KB_1 HTTP/1.1" 200 OK
service             | INFO:     127.0.0.1:53970 - "GET /metrics/ HTTP/1.1" 200 OK
service             | INFO:     127.0.0.1:53972 - "GET /download/?file_path=%2Ftmp%2Ffiles%2F256KB_2 HTTP/1.1" 200 OK
service             | INFO:     127.0.0.1:53972 - "GET /metrics/ HTTP/1.1" 200 OK
service             | INFO:     127.0.0.1:53978 - "GET /download/?file_path=%2Ftmp%2Ffiles%2F256KB_3 HTTP/1.1" 200 OK
service             | INFO:     127.0.0.1:53978 - "GET /metrics/ HTTP/1.1" 200 OK
service             | INFO:     127.0.0.1:53984 - "GET /download/?file_path=%2Ftmp%2Ffiles%2F256KB_4 HTTP/1.1" 200 OK
service             | INFO:     127.0.0.1:53984 - "GET /metrics/ HTTP/1.1" 200 OK
service             | INFO:     127.0.0.1:53988 - "GET /download/?file_path=%2Ftmp%2Ffiles%2F256KB_5 HTTP/1.1" 200 OK
service             | INFO:     127.0.0.1:53988 - "GET /metrics/ HTTP/1.1" 200 OK
service             | INFO:     127.0.0.1:53992 - "GET /download/?file_path=%2Ftmp%2Ffiles%2F256KB_6 HTTP/1.1" 200 OK
service             | INFO:     127.0.0.1:53992 - "GET /metrics/ HTTP/1.1" 200 OK
service             | INFO:     127.0.0.1:53996 - "GET /download/?file_path=%2Ftmp%2Ffiles%2F256KB_7 HTTP/1.1" 200 OK
service             | INFO:     127.0.0.1:53996 - "GET /metrics/ HTTP/1.1" 200 OK
service             | INFO:     127.0.0.1:54000 - "GET /download/?file_path=%2Ftmp%2Ffiles%2F256KB_8 HTTP/1.1" 200 OK
service             | INFO:     127.0.0.1:54000 - "GET /metrics/ HTTP/1.1" 200 OK
service             | INFO:     127.0.0.1:54006 - "GET /download/?file_path=%2Ftmp%2Ffiles%2F256KB_9 HTTP/1.1" 200 OK
service             | INFO:     127.0.0.1:54006 - "GET /metrics/ HTTP/1.1" 200 OK
service             | INFO:     127.0.0.1:54010 - "GET /download/?file_path=%2Ftmp%2Ffiles%2F256KB_10 HTTP/1.1" 200 OK
service             | INFO:     127.0.0.1:54010 - "GET /metrics/ HTTP/1.1" 200 OK
client              | 11:28.04: Connecting to download script runner
client              | 11:28.04: Waiting for finish upload signal
client              | 11:33.05: Starting 256KB benchmark
client              | 11:33.05: Creating client interface
client              | 11:33.05: Preparing run 1
client              | 11:33.05: Download file name is /tmp/files/256KB_1
client              | 11:33.05: Running garbage collector
client              | 11:33.05: Sleeping for 30.0 seconds
client              | 11:33.35: Starting
client              | 11:33.35: Finished
client              | 11:33.35: Collecting metrics from service
client              | 11:33.35: Deleting downloaded file /tmp/files/256KB_1
client              | 11:33.35: Ending run 1
client              | 11:33.35: Preparing run 2
client              | 11:33.35: Download file name is /tmp/files/256KB_2
client              | 11:33.35: Running garbage collector
client              | 11:33.35: Sleeping for 30.0 seconds
client              | 11:34.05: Starting
client              | 11:34.05: Finished
client              | 11:34.05: Collecting metrics from service
client              | 11:34.05: Deleting downloaded file /tmp/files/256KB_2
client              | 11:34.05: Ending run 2
client              | 11:34.05: Preparing run 3
client              | 11:34.05: Download file name is /tmp/files/256KB_3
client              | 11:34.05: Running garbage collector
client              | 11:34.05: Sleeping for 30.0 seconds
client              | 11:34.35: Starting
client              | 11:34.35: Finished
client              | 11:34.35: Collecting metrics from service
client              | 11:34.35: Deleting downloaded file /tmp/files/256KB_3
client              | 11:34.35: Ending run 3
client              | 11:34.35: Preparing run 4
client              | 11:34.35: Download file name is /tmp/files/256KB_4
client              | 11:34.35: Running garbage collector
client              | 11:34.35: Sleeping for 30.0 seconds
client              | 11:35.05: Starting
client              | 11:35.05: Finished
client              | 11:35.05: Collecting metrics from service
client              | 11:35.05: Deleting downloaded file /tmp/files/256KB_4
client              | 11:35.05: Ending run 4
client              | 11:35.05: Preparing run 5
client              | 11:35.05: Download file name is /tmp/files/256KB_5
client              | 11:35.05: Running garbage collector
client              | 11:35.05: Sleeping for 30.0 seconds
client              | 11:35.35: Starting
client              | 11:35.35: Finished
client              | 11:35.35: Collecting metrics from service
client              | 11:35.35: Deleting downloaded file /tmp/files/256KB_5
client              | 11:35.35: Ending run 5
client              | 11:35.35: Preparing run 6
client              | 11:35.35: Download file name is /tmp/files/256KB_6
client              | 11:35.35: Running garbage collector
client              | 11:35.35: Sleeping for 30.0 seconds
client              | 11:36.05: Starting
client              | 11:36.05: Finished
client              | 11:36.05: Collecting metrics from service
client              | 11:36.05: Deleting downloaded file /tmp/files/256KB_6
client              | 11:36.05: Ending run 6
client              | 11:36.05: Preparing run 7
client              | 11:36.05: Download file name is /tmp/files/256KB_7
client              | 11:36.05: Running garbage collector
client              | 11:36.05: Sleeping for 30.0 seconds
client              | 11:36.35: Starting
client              | 11:36.36: Finished
client              | 11:36.36: Collecting metrics from service
client              | 11:36.36: Deleting downloaded file /tmp/files/256KB_7
client              | 11:36.36: Ending run 7
client              | 11:36.36: Preparing run 8
client              | 11:36.36: Download file name is /tmp/files/256KB_8
client              | 11:36.36: Running garbage collector
client              | 11:36.36: Sleeping for 30.0 seconds
client              | 11:37.06: Starting
client              | 11:37.06: Finished
client              | 11:37.06: Collecting metrics from service
client              | 11:37.06: Deleting downloaded file /tmp/files/256KB_8
client              | 11:37.06: Ending run 8
client              | 11:37.06: Preparing run 9
client              | 11:37.06: Download file name is /tmp/files/256KB_9
client              | 11:37.06: Running garbage collector
client              | 11:37.06: Sleeping for 30.0 seconds
client              | 11:37.36: Starting
client              | 11:37.36: Finished
client              | 11:37.36: Collecting metrics from service
client              | 11:37.36: Deleting downloaded file /tmp/files/256KB_9
client              | 11:37.36: Ending run 9
client              | 11:37.36: Preparing run 10
client              | 11:37.36: Download file name is /tmp/files/256KB_10
client              | 11:37.36: Running garbage collector
client              | 11:37.36: Sleeping for 30.0 seconds
client              | 11:38.06: Starting
client              | 11:38.06: Finished
client              | 11:38.06: Collecting metrics from service
client              | 11:38.06: Deleting downloaded file /tmp/files/256KB_10
client              | 11:38.06: Ending run 10
client              | 11:38.06: Writing metrics file
client              | 11:38.06: Send finished download signal
client exited with code 0
Stopping service ... 
Stopping ipfs    ... 
Stopping ipfs    ... done
Stopping service ... done
Aborting on container exit...
Removing service ... 
Removing ipfs    ... 
Removing client  ... 
Removing client  ... done
Removing service ... done
Removing ipfs    ... done
WARNING! This will remove all local volumes not used by at least one container.
Are you sure you want to continue? [y/N] Deleted Volumes:
617efe5cc7fb4274d8f68aae2afd548d9df1795c83bb2e93c235548f543e5fc5

Total reclaimed space: 2.743MB
