Time start: 2022-03-16 11:17:25
Time end: 2022-03-16 11:27:51
Duration: 0:10:25.697956

Platform: Linux-5.4.0-99-generic-x86_64-with-glibc2.29
Name: lfw-ds001-i045
Release: #112-Ubuntu SMP Thu Feb 3 13:50:55 UTC 2022

Compose file: transfer_ipfs_upload_setup.yml
Script: performance/transfer_ipfs_upload.py
Environment vars:
SCRIPT: performance/transfer_ipfs_upload.py
FILE_SIZE: 65536
RUN_COUNT: 10
INTERVAL_SECONDS: 30

WARNING! This will remove all stopped containers.
Are you sure you want to continue? [y/N] Total reclaimed space: 0B
Creating ipfs ... 
Creating service ... 
Creating client  ... 
Creating service ... done
Creating ipfs    ... done
Creating client  ... done
Attaching to service, ipfs, client
ipfs                | Changing user to ipfs
ipfs                | ipfs version 0.7.0
ipfs                | Initializing IPFS with --empty-repo, --profile=badgerds
service             | ConnectionError: HTTPConnectionPool(host='127.0.0.1', port=5001): Max retries exceeded with url: /api/v0/version?stream-channels=true (Caused by NewConnectionError('<ipfshttpclient.requests_wrapper.HTTPConnection object at 0x7f340cf1ef40>: Failed to establish a new connection: [Errno 111] Connection refused'))
ipfs                | generating ED25519 keypair...done
ipfs                | peer identity: 12D3KooWGGkaFetuwKvARoT8Qtku84N34hhGv4BGNDq9ApmPpito
ipfs                | initializing IPFS node at /data/ipfs
ipfs                | Removing default bootstrap nodes...
ipfs                | removed /dnsaddr/bootstrap.libp2p.io/p2p/QmNnooDu7bfjPFoTZYxMNLWUQJyrVwtbZg5gBMjTezGAJN
ipfs                | removed /dnsaddr/bootstrap.libp2p.io/p2p/QmQCU2EcMqAqQPR2i9bChDtGNJchTbq5TbXJJ16u19uLTa
ipfs                | removed /dnsaddr/bootstrap.libp2p.io/p2p/QmbLHAnMoJPWSCR5Zhtx6BHJX9KiKNN6tpvbUcqanj75Nb
ipfs                | removed /dnsaddr/bootstrap.libp2p.io/p2p/QmcZf59bWwK5XFi76CZX8cbJ4BhTzzA3gU1ZjYZcYW3dwt
ipfs                | removed /ip4/104.131.131.82/tcp/4001/p2p/QmaCpDMGvV2BGHeYERUEnRQAwe3N8SzbUtfsmvsqQLuvuJ
ipfs                | removed /ip4/104.131.131.82/udp/4001/quic/p2p/QmaCpDMGvV2BGHeYERUEnRQAwe3N8SzbUtfsmvsqQLuvuJ
ipfs                | Initializing daemon...
ipfs                | go-ipfs version: 0.7.0-ea77213
ipfs                | Repo version: 10
ipfs                | System version: amd64/linux
ipfs                | Golang version: go1.14.4
ipfs                | Swarm is limited to private network of peers with the swarm key
ipfs                | Swarm key fingerprint: c53fe9fc1c8eac4230853d5efb58f0a0
ipfs                | Swarm listening on /ip4/10.23.89.47/tcp/4001
ipfs                | Swarm listening on /ip4/127.0.0.1/tcp/4001
ipfs                | Swarm listening on /ip4/172.17.0.1/tcp/4001
ipfs                | Swarm listening on /ip4/192.168.48.1/tcp/4001
ipfs                | Swarm listening on /ip4/51.210.39.160/tcp/4001
ipfs                | Swarm listening on /ip6/::1/tcp/4001
ipfs                | Swarm listening on /p2p-circuit
ipfs                | Swarm announcing /ip4/127.0.0.1/tcp/4001
ipfs                | Swarm announcing /ip4/51.210.39.160/tcp/4001
ipfs                | Swarm announcing /ip6/::1/tcp/4001
ipfs                | API server listening on /ip4/127.0.0.1/tcp/5001
ipfs                | WebUI: http://127.0.0.1:5001/webui
ipfs                | Gateway (readonly) server listening on /ip4/127.0.0.1/tcp/8080
ipfs                | Daemon is ready
service             | Connected to IPFS daemon...
service             | Could not contact peer to acquire bootstrap peer ID
service             | [Errno 111] Connection refused
service             | Connected to bootstrap peer...
service             | New bootstrapping peer joined
service             | Send my peer ID: 12D3KooWGGkaFetuwKvARoT8Qtku84N34hhGv4BGNDq9ApmPpitoReceived bootstrap peer id: 12D3KooWGGkaFetuwKvARoT8Qtku84N34hhGv4BGNDq9ApmPpito
service             | 
service             | I am the bootstrap peer
service             | Could not publish files...
service             | failed to find any peer in table
service             | INFO:     Started server process [1]
service             | INFO:     Waiting for application startup.
service             | INFO:     Application startup complete.
service             | INFO:     Uvicorn running on http://127.0.0.1:8000 (Press CTRL+C to quit)
service             | New bootstrapping peer joined
service             | Send my peer ID: 12D3KooWGGkaFetuwKvARoT8Qtku84N34hhGv4BGNDq9ApmPpito
service             | INFO:     127.0.0.1:35432 - "PUT /upload/?file_path=%2Ftmp%2Ffiles%2F64KB_1 HTTP/1.1" 200 OK
service             | INFO:     127.0.0.1:35432 - "GET /metrics/ HTTP/1.1" 200 OK
service             | INFO:     127.0.0.1:35434 - "PUT /upload/?file_path=%2Ftmp%2Ffiles%2F64KB_2 HTTP/1.1" 200 OK
service             | INFO:     127.0.0.1:35434 - "GET /metrics/ HTTP/1.1" 200 OK
service             | INFO:     127.0.0.1:35442 - "PUT /upload/?file_path=%2Ftmp%2Ffiles%2F64KB_3 HTTP/1.1" 200 OK
service             | INFO:     127.0.0.1:35442 - "GET /metrics/ HTTP/1.1" 200 OK
service             | INFO:     127.0.0.1:35448 - "PUT /upload/?file_path=%2Ftmp%2Ffiles%2F64KB_4 HTTP/1.1" 200 OK
service             | INFO:     127.0.0.1:35448 - "GET /metrics/ HTTP/1.1" 200 OK
service             | INFO:     127.0.0.1:35452 - "PUT /upload/?file_path=%2Ftmp%2Ffiles%2F64KB_5 HTTP/1.1" 200 OK
service             | INFO:     127.0.0.1:35452 - "GET /metrics/ HTTP/1.1" 200 OK
service             | INFO:     127.0.0.1:35460 - "PUT /upload/?file_path=%2Ftmp%2Ffiles%2F64KB_6 HTTP/1.1" 200 OK
service             | INFO:     127.0.0.1:35460 - "GET /metrics/ HTTP/1.1" 200 OK
service             | INFO:     127.0.0.1:35464 - "PUT /upload/?file_path=%2Ftmp%2Ffiles%2F64KB_7 HTTP/1.1" 200 OK
service             | INFO:     127.0.0.1:35464 - "GET /metrics/ HTTP/1.1" 200 OK
service             | INFO:     127.0.0.1:35472 - "PUT /upload/?file_path=%2Ftmp%2Ffiles%2F64KB_8 HTTP/1.1" 200 OK
service             | INFO:     127.0.0.1:35472 - "GET /metrics/ HTTP/1.1" 200 OK
service             | INFO:     127.0.0.1:35480 - "PUT /upload/?file_path=%2Ftmp%2Ffiles%2F64KB_9 HTTP/1.1" 200 OK
service             | INFO:     127.0.0.1:35480 - "GET /metrics/ HTTP/1.1" 200 OK
service             | INFO:     127.0.0.1:35488 - "PUT /upload/?file_path=%2Ftmp%2Ffiles%2F64KB_10 HTTP/1.1" 200 OK
service             | INFO:     127.0.0.1:35488 - "GET /metrics/ HTTP/1.1" 200 OK
client              | 11:17.32: Connecting to IPFS daemon
client              | 11:17.32: Connected to IPFS daemon, peer ID is 12D3KooWGGkaFetuwKvARoT8Qtku84N34hhGv4BGNDq9ApmPpito
client              | 11:17.32: Connecting to upload script runner
client              | 11:17.32: Sending peer ID
client              | 11:17.32: Waiting for signal to start downloading
client              | 11:17.38: Starting 64KB benchmark
client              | 11:17.38: Creating client interface
client              | 11:17.38: Preparing run 1
client              | 11:17.38: Creating file /tmp/files/64KB_1
client              | 11:17.38: Running garbage collector
client              | 11:17.38: Sleeping for 30.0 seconds
client              | 11:18.08: Starting
client              | 11:18.08: Finished
client              | 11:18.08: Collecting metrics from service
client              | 11:18.08: Deleting created file /tmp/files/64KB_1
client              | 11:18.08: Ending run 1
client              | 11:18.08: Preparing run 2
client              | 11:18.08: Creating file /tmp/files/64KB_2
client              | 11:18.08: Running garbage collector
client              | 11:18.08: Sleeping for 30.0 seconds
client              | 11:18.38: Starting
client              | 11:18.38: Finished
client              | 11:18.38: Collecting metrics from service
client              | 11:18.38: Deleting created file /tmp/files/64KB_2
client              | 11:18.38: Ending run 2
client              | 11:18.38: Preparing run 3
client              | 11:18.38: Creating file /tmp/files/64KB_3
client              | 11:18.38: Running garbage collector
client              | 11:18.38: Sleeping for 30.0 seconds
client              | 11:19.08: Starting
client              | 11:19.08: Finished
client              | 11:19.08: Collecting metrics from service
client              | 11:19.08: Deleting created file /tmp/files/64KB_3
client              | 11:19.08: Ending run 3
client              | 11:19.08: Preparing run 4
client              | 11:19.08: Creating file /tmp/files/64KB_4
client              | 11:19.08: Running garbage collector
client              | 11:19.08: Sleeping for 30.0 seconds
client              | 11:19.38: Starting
client              | 11:19.38: Finished
client              | 11:19.38: Collecting metrics from service
client              | 11:19.38: Deleting created file /tmp/files/64KB_4
client              | 11:19.38: Ending run 4
client              | 11:19.38: Preparing run 5
client              | 11:19.38: Creating file /tmp/files/64KB_5
client              | 11:19.38: Running garbage collector
client              | 11:19.38: Sleeping for 30.0 seconds
client              | 11:20.08: Starting
client              | 11:20.09: Finished
client              | 11:20.09: Collecting metrics from service
client              | 11:20.09: Deleting created file /tmp/files/64KB_5
client              | 11:20.09: Ending run 5
client              | 11:20.09: Preparing run 6
client              | 11:20.09: Creating file /tmp/files/64KB_6
client              | 11:20.09: Running garbage collector
client              | 11:20.09: Sleeping for 30.0 seconds
client              | 11:20.39: Starting
client              | 11:20.39: Finished
client              | 11:20.39: Collecting metrics from service
client              | 11:20.39: Deleting created file /tmp/files/64KB_6
client              | 11:20.39: Ending run 6
client              | 11:20.39: Preparing run 7
client              | 11:20.39: Creating file /tmp/files/64KB_7
client              | 11:20.39: Running garbage collector
client              | 11:20.39: Sleeping for 30.0 seconds
client              | 11:21.09: Starting
client              | 11:21.09: Finished
client              | 11:21.09: Collecting metrics from service
client              | 11:21.09: Deleting created file /tmp/files/64KB_7
client              | 11:21.09: Ending run 7
client              | 11:21.09: Preparing run 8
client              | 11:21.09: Creating file /tmp/files/64KB_8
client              | 11:21.09: Running garbage collector
client              | 11:21.09: Sleeping for 30.0 seconds
client              | 11:21.39: Starting
client              | 11:21.39: Finished
client              | 11:21.39: Collecting metrics from service
client              | 11:21.39: Deleting created file /tmp/files/64KB_8
client              | 11:21.39: Ending run 8
client              | 11:21.39: Preparing run 9
client              | 11:21.39: Creating file /tmp/files/64KB_9
client              | 11:21.39: Running garbage collector
client              | 11:21.39: Sleeping for 30.0 seconds
client              | 11:22.09: Starting
client              | 11:22.09: Finished
client              | 11:22.09: Collecting metrics from service
client              | 11:22.09: Deleting created file /tmp/files/64KB_9
client              | 11:22.09: Ending run 9
client              | 11:22.09: Preparing run 10
client              | 11:22.09: Creating file /tmp/files/64KB_10
client              | 11:22.09: Running garbage collector
client              | 11:22.09: Sleeping for 30.0 seconds
client              | 11:22.39: Starting
client              | 11:22.39: Finished
client              | 11:22.39: Collecting metrics from service
client              | 11:22.39: Deleting created file /tmp/files/64KB_10
client              | 11:22.39: Ending run 10
client              | 11:22.39: Writing metrics file
client              | 11:22.39: Sending upload finished signal
client              | 11:22.39: Waiting for download finished signal
client exited with code 0
Stopping service ... 
Stopping ipfs    ... 
Stopping ipfs    ... done
Stopping service ... done
Aborting on container exit...
Removing client  ... 
Removing service ... 
Removing ipfs    ... 
Removing client  ... done
Removing ipfs    ... done
Removing service ... done
WARNING! This will remove all local volumes not used by at least one container.
Are you sure you want to continue? [y/N] Deleted Volumes:
f2813b7911317b9584ac6e21784d8d18da1300d4a9bf841e11a6096fb85362e3

Total reclaimed space: 1.279MB
