Time start: 2022-03-23 23:42:48
Time end: 2022-03-24 00:21:23
Duration: 0:38:34.443835

Platform: Linux-5.4.0-99-generic-x86_64-with-glibc2.29
Name: lfw-ds001-i047
Release: #112-Ubuntu SMP Thu Feb 3 13:50:55 UTC 2022

Compose file: transfer_webdav_client_setup.yml
Script: performance/transfer_webdav_upload.py
Environment vars:
SCRIPT: performance/transfer_webdav_upload.py
HOST_ADDRESS: http://51.210.39.160:80
FILE_SIZE: 8589934592
RUN_COUNT: 10
INTERVAL_SECONDS: 30

WARNING! This will remove all stopped containers.
Are you sure you want to continue? [y/N] Total reclaimed space: 0B
Creating service ... 
Creating client  ... 
Creating service ... done
Creating client  ... done
Attaching to service, client
service             | INFO:     Started server process [1]
service             | INFO:     Waiting for application startup.
service             | INFO:     Application startup complete.
service             | INFO:     Uvicorn running on http://127.0.0.1:8000 (Press CTRL+C to quit)
client              | 23:42.59: Starting 8192MB benchmark
client              | 23:42.59: Creating client interface
client              | 23:42.59: Preparing run 1
client              | 23:42.59: Creating file /tmp/files/8192MB_1
client              | 23:44.13: Running garbage collector
client              | 23:44.13: Sleeping for 30.0 seconds
client              | 23:44.43: Starting
service             | No connection with http://51.210.39.160:80
service             | Connected to WebDAV server...
service             | INFO:     127.0.0.1:42422 - "PUT /upload/?file_path=%2Ftmp%2Ffiles%2F8192MB_1 HTTP/1.1" 200 OK
client              | 23:49.24: Finished
client              | 23:49.24: Collecting metrics from service
service             | INFO:     127.0.0.1:42422 - "GET /metrics/ HTTP/1.1" 200 OK
client              | 23:49.24: Deleting created file /tmp/files/8192MB_1
client              | 23:49.25: Ending run 1
client              | 23:49.25: Preparing run 2
client              | 23:49.25: Creating file /tmp/files/8192MB_2
client              | 23:50.36: Running garbage collector
client              | 23:50.36: Sleeping for 30.0 seconds
client              | 23:51.06: Starting
service             | INFO:     127.0.0.1:42440 - "PUT /upload/?file_path=%2Ftmp%2Ffiles%2F8192MB_2 HTTP/1.1" 200 OK
client              | 23:55.47: Finished
client              | 23:55.47: Collecting metrics from service
service             | INFO:     127.0.0.1:42440 - "GET /metrics/ HTTP/1.1" 200 OK
client              | 23:55.47: Deleting created file /tmp/files/8192MB_2
client              | 23:55.48: Ending run 2
client              | 23:55.48: Preparing run 3
client              | 23:55.48: Creating file /tmp/files/8192MB_3
client              | 23:57.00: Running garbage collector
client              | 23:57.00: Sleeping for 30.0 seconds
client              | 23:57.30: Starting
service             | INFO:     127.0.0.1:42458 - "PUT /upload/?file_path=%2Ftmp%2Ffiles%2F8192MB_3 HTTP/1.1" 200 OK
client              | 00:02.11: Finished
client              | 00:02.11: Collecting metrics from service
service             | INFO:     127.0.0.1:42458 - "GET /metrics/ HTTP/1.1" 200 OK
client              | 00:02.11: Deleting created file /tmp/files/8192MB_3
client              | 00:02.12: Ending run 3
client              | 00:02.12: Preparing run 4
client              | 00:02.12: Creating file /tmp/files/8192MB_4
client              | 00:03.24: Running garbage collector
client              | 00:03.24: Sleeping for 30.0 seconds
client              | 00:03.54: Starting
service             | INFO:     127.0.0.1:42476 - "PUT /upload/?file_path=%2Ftmp%2Ffiles%2F8192MB_4 HTTP/1.1" 200 OK
client              | 00:08.35: Finished
client              | 00:08.35: Collecting metrics from service
service             | INFO:     127.0.0.1:42476 - "GET /metrics/ HTTP/1.1" 200 OK
client              | 00:08.35: Deleting created file /tmp/files/8192MB_4
client              | 00:08.36: Ending run 4
client              | 00:08.36: Preparing run 5
client              | 00:08.36: Creating file /tmp/files/8192MB_5
client              | 00:09.49: Running garbage collector
client              | 00:09.49: Sleeping for 30.0 seconds
client              | 00:10.19: Starting
service             | INFO:     127.0.0.1:42494 - "PUT /upload/?file_path=%2Ftmp%2Ffiles%2F8192MB_5 HTTP/1.1" 200 OK
client              | 00:14.59: Finished
client              | 00:14.59: Collecting metrics from service
service             | INFO:     127.0.0.1:42494 - "GET /metrics/ HTTP/1.1" 200 OK
client              | 00:14.59: Deleting created file /tmp/files/8192MB_5
client              | 00:15.00: Ending run 5
client              | 00:15.00: Preparing run 6
client              | 00:15.00: Creating file /tmp/files/8192MB_6
client              | 00:16.10: Running garbage collector
client              | 00:16.10: Sleeping for 30.0 seconds
client              | 00:16.40: Starting
service             | Not enough space on the server
service             | INFO:     127.0.0.1:42512 - "PUT /upload/?file_path=%2Ftmp%2Ffiles%2F8192MB_6 HTTP/1.1" 200 OK
client              | Traceback (most recent call last):
client              |   File "/src/performance/transfer_webdav_upload.py", line 40, in <module>
client              |     raise Exception("Failed to upload the file")
client              | Exception: Failed to upload the file
client exited with code 1
Stopping service ... 
Stopping service ... done
Aborting on container exit...
Removing client  ... 
Removing service ... 
Removing service ... done
Removing client  ... done
WARNING! This will remove all local volumes not used by at least one container.
Are you sure you want to continue? [y/N] Total reclaimed space: 0B
