Time start: 2022-03-24 00:48:12
Time end: 2022-03-24 01:27:51
Duration: 0:39:38.745999

Platform: Linux-5.4.0-99-generic-x86_64-with-glibc2.29
Name: lfw-ds001-i047
Release: #112-Ubuntu SMP Thu Feb 3 13:50:55 UTC 2022

Compose file: transfer_webdav_client_setup.yml
Script: performance/transfer_webdav_upload.py
Environment vars:
SCRIPT: performance/transfer_webdav_upload.py
HOST_ADDRESS: http://51.210.39.160:80
FILE_SIZE: 10737418240
RUN_COUNT: 10
INTERVAL_SECONDS: 30

WARNING! This will remove all stopped containers.
Are you sure you want to continue? [y/N] Total reclaimed space: 0B
Creating client ... 
Creating service ... 
Creating client  ... done
Creating service ... done
Attaching to client, service
service             | INFO:     Started server process [1]
service             | INFO:     Waiting for application startup.
service             | INFO:     Application startup complete.
service             | INFO:     Uvicorn running on http://127.0.0.1:8000 (Press CTRL+C to quit)
client              | 00:48.23: Starting 10240MB benchmark
client              | 00:48.23: Creating client interface
client              | 00:48.23: Preparing run 1
client              | 00:48.23: Creating file /tmp/files/10240MB_1
client              | 00:49.53: Running garbage collector
client              | 00:49.53: Sleeping for 30.0 seconds
client              | 00:50.23: Starting
service             | No connection with http://51.210.39.160:80
service             | Connected to WebDAV server...
service             | INFO:     127.0.0.1:42600 - "PUT /upload/?file_path=%2Ftmp%2Ffiles%2F10240MB_1 HTTP/1.1" 200 OK
client              | 00:56.14: Finished
client              | 00:56.14: Collecting metrics from service
service             | INFO:     127.0.0.1:42600 - "GET /metrics/ HTTP/1.1" 200 OK
client              | 00:56.14: Deleting created file /tmp/files/10240MB_1
client              | 00:56.14: Ending run 1
client              | 00:56.14: Preparing run 2
client              | 00:56.14: Creating file /tmp/files/10240MB_2
client              | 00:57.44: Running garbage collector
client              | 00:57.44: Sleeping for 30.0 seconds
client              | 00:58.14: Starting
service             | INFO:     127.0.0.1:42618 - "PUT /upload/?file_path=%2Ftmp%2Ffiles%2F10240MB_2 HTTP/1.1" 200 OK
client              | 01:04.05: Finished
client              | 01:04.05: Collecting metrics from service
service             | INFO:     127.0.0.1:42618 - "GET /metrics/ HTTP/1.1" 200 OK
client              | 01:04.05: Deleting created file /tmp/files/10240MB_2
client              | 01:04.06: Ending run 2
client              | 01:04.06: Preparing run 3
client              | 01:04.06: Creating file /tmp/files/10240MB_3
client              | 01:05.37: Running garbage collector
client              | 01:05.37: Sleeping for 30.0 seconds
client              | 01:06.07: Starting
service             | INFO:     127.0.0.1:42636 - "PUT /upload/?file_path=%2Ftmp%2Ffiles%2F10240MB_3 HTTP/1.1" 200 OK
client              | 01:11.58: Finished
client              | 01:11.58: Collecting metrics from service
service             | INFO:     127.0.0.1:42636 - "GET /metrics/ HTTP/1.1" 200 OK
client              | 01:11.58: Deleting created file /tmp/files/10240MB_3
client              | 01:11.59: Ending run 3
client              | 01:11.59: Preparing run 4
client              | 01:11.59: Creating file /tmp/files/10240MB_4
client              | 01:13.31: Running garbage collector
client              | 01:13.31: Sleeping for 30.0 seconds
client              | 01:14.01: Starting
service             | INFO:     127.0.0.1:42654 - "PUT /upload/?file_path=%2Ftmp%2Ffiles%2F10240MB_4 HTTP/1.1" 200 OK
client              | 01:19.52: Finished
client              | 01:19.52: Collecting metrics from service
service             | INFO:     127.0.0.1:42654 - "GET /metrics/ HTTP/1.1" 200 OK
client              | 01:19.52: Deleting created file /tmp/files/10240MB_4
client              | 01:19.52: Ending run 4
client              | 01:19.52: Preparing run 5
client              | 01:19.52: Creating file /tmp/files/10240MB_5
client              | 01:21.28: Running garbage collector
client              | 01:21.28: Sleeping for 30.0 seconds
client              | 01:21.58: Starting
service             | Not enough space on the server
service             | INFO:     127.0.0.1:42672 - "PUT /upload/?file_path=%2Ftmp%2Ffiles%2F10240MB_5 HTTP/1.1" 200 OK
client              | Traceback (most recent call last):
client              |   File "/src/performance/transfer_webdav_upload.py", line 40, in <module>
client              |     raise Exception("Failed to upload the file")
client              | Exception: Failed to upload the file
client exited with code 1
Stopping service ... 
Stopping service ... done
Aborting on container exit...
Removing service ... 
Removing client  ... 
Removing client  ... done
Removing service ... done
WARNING! This will remove all local volumes not used by at least one container.
Are you sure you want to continue? [y/N] Total reclaimed space: 0B
