Time start: 2022-03-17 11:43:54
Time end: 2022-03-17 11:54:13
Duration: 0:10:18.960845

Platform: Linux-5.4.0-99-generic-x86_64-with-glibc2.29
Name: lfw-ds001-i047
Release: #112-Ubuntu SMP Thu Feb 3 13:50:55 UTC 2022

Compose file: transfer_ipfs_download_setup.yml
Script: performance/transfer_ipfs_download.py
Environment vars:
SCRIPT: performance/transfer_ipfs_download.py
PEER_ID: 12D3KooWB6nGGZ8SaseuNgx3SGbvKjBTpqkpXE2vvXv2vQvgbBfh
BOOT_ADDRESS: 10.23.85.159
FILE_SIZE: 4096
RUN_COUNT: 10
INTERVAL_SECONDS: 30

WARNING! This will remove all stopped containers.
Are you sure you want to continue? [y/N] Total reclaimed space: 0B
Creating service ... 
Creating ipfs    ... 
Creating client  ... 
Creating service ... done
Creating client  ... done
Creating ipfs    ... done
Attaching to service, client, ipfs
ipfs                | Changing user to ipfs
ipfs                | ipfs version 0.7.0
ipfs                | Initializing IPFS with --empty-repo, --profile=badgerds
ipfs                | generating ED25519 keypair...done
ipfs                | peer identity: 12D3KooWSHtXpGUf42jmrPTLTiKhcfLFkQBQng5ZbCA46UpxWiiP
ipfs                | initializing IPFS node at /data/ipfs
ipfs                | Removing default bootstrap nodes...
ipfs                | removed /dnsaddr/bootstrap.libp2p.io/p2p/QmNnooDu7bfjPFoTZYxMNLWUQJyrVwtbZg5gBMjTezGAJN
ipfs                | removed /dnsaddr/bootstrap.libp2p.io/p2p/QmQCU2EcMqAqQPR2i9bChDtGNJchTbq5TbXJJ16u19uLTa
ipfs                | removed /dnsaddr/bootstrap.libp2p.io/p2p/QmbLHAnMoJPWSCR5Zhtx6BHJX9KiKNN6tpvbUcqanj75Nb
ipfs                | removed /dnsaddr/bootstrap.libp2p.io/p2p/QmcZf59bWwK5XFi76CZX8cbJ4BhTzzA3gU1ZjYZcYW3dwt
ipfs                | removed /ip4/104.131.131.82/tcp/4001/p2p/QmaCpDMGvV2BGHeYERUEnRQAwe3N8SzbUtfsmvsqQLuvuJ
ipfs                | removed /ip4/104.131.131.82/udp/4001/quic/p2p/QmaCpDMGvV2BGHeYERUEnRQAwe3N8SzbUtfsmvsqQLuvuJ
ipfs                | added /ip4/10.23.85.159/tcp/4001/p2p/12D3KooWB6nGGZ8SaseuNgx3SGbvKjBTpqkpXE2vvXv2vQvgbBfh
service             | ConnectionError: HTTPConnectionPool(host='127.0.0.1', port=5001): Max retries exceeded with url: /api/v0/version?stream-channels=true (Caused by NewConnectionError('<ipfshttpclient.requests_wrapper.HTTPConnection object at 0x7efeab2fe160>: Failed to establish a new connection: [Errno 111] Connection refused'))
ipfs                | Initializing daemon...
ipfs                | go-ipfs version: 0.7.0-ea77213
ipfs                | Repo version: 10
ipfs                | System version: amd64/linux
ipfs                | Golang version: go1.14.4
ipfs                | Swarm is limited to private network of peers with the swarm key
ipfs                | Swarm key fingerprint: c53fe9fc1c8eac4230853d5efb58f0a0
ipfs                | Swarm listening on /ip4/10.23.89.104/tcp/4001
ipfs                | Swarm listening on /ip4/127.0.0.1/tcp/4001
ipfs                | Swarm listening on /ip4/146.59.206.127/tcp/4001
ipfs                | Swarm listening on /ip4/172.17.0.1/tcp/4001
ipfs                | Swarm listening on /ip6/::1/tcp/4001
ipfs                | Swarm listening on /p2p-circuit
ipfs                | Swarm announcing /ip4/127.0.0.1/tcp/4001
ipfs                | Swarm announcing /ip4/146.59.206.127/tcp/4001
ipfs                | Swarm announcing /ip6/::1/tcp/4001
ipfs                | API server listening on /ip4/127.0.0.1/tcp/5001
ipfs                | WebUI: http://127.0.0.1:5001/webui
ipfs                | Gateway (readonly) server listening on /ip4/127.0.0.1/tcp/8080
ipfs                | Daemon is ready
service             | Connected to IPFS daemon...
service             | Connected to bootstrap peer...
service             | Received bootstrap peer id: 12D3KooWB6nGGZ8SaseuNgx3SGbvKjBTpqkpXE2vvXv2vQvgbBfh
service             | /ip4/10.23.85.159/tcp/4001/p2p/12D3KooWB6nGGZ8SaseuNgx3SGbvKjBTpqkpXE2vvXv2vQvgbBfh
service             | INFO:     Started server process [1]
service             | INFO:     Waiting for application startup.
service             | INFO:     Application startup complete.
service             | INFO:     Uvicorn running on http://127.0.0.1:8000 (Press CTRL+C to quit)
service             | INFO:     127.0.0.1:56950 - "GET /download/?file_path=%2Ftmp%2Ffiles%2F4KB_1 HTTP/1.1" 200 OK
service             | INFO:     127.0.0.1:56950 - "GET /metrics/ HTTP/1.1" 200 OK
service             | INFO:     127.0.0.1:56952 - "GET /download/?file_path=%2Ftmp%2Ffiles%2F4KB_2 HTTP/1.1" 200 OK
service             | INFO:     127.0.0.1:56952 - "GET /metrics/ HTTP/1.1" 200 OK
service             | INFO:     127.0.0.1:56956 - "GET /download/?file_path=%2Ftmp%2Ffiles%2F4KB_3 HTTP/1.1" 200 OK
service             | INFO:     127.0.0.1:56956 - "GET /metrics/ HTTP/1.1" 200 OK
service             | INFO:     127.0.0.1:56962 - "GET /download/?file_path=%2Ftmp%2Ffiles%2F4KB_4 HTTP/1.1" 200 OK
service             | INFO:     127.0.0.1:56962 - "GET /metrics/ HTTP/1.1" 200 OK
service             | INFO:     127.0.0.1:56968 - "GET /download/?file_path=%2Ftmp%2Ffiles%2F4KB_5 HTTP/1.1" 200 OK
service             | INFO:     127.0.0.1:56968 - "GET /metrics/ HTTP/1.1" 200 OK
service             | INFO:     127.0.0.1:56972 - "GET /download/?file_path=%2Ftmp%2Ffiles%2F4KB_6 HTTP/1.1" 200 OK
service             | INFO:     127.0.0.1:56972 - "GET /metrics/ HTTP/1.1" 200 OK
service             | INFO:     127.0.0.1:56976 - "GET /download/?file_path=%2Ftmp%2Ffiles%2F4KB_7 HTTP/1.1" 200 OK
service             | INFO:     127.0.0.1:56976 - "GET /metrics/ HTTP/1.1" 200 OK
service             | INFO:     127.0.0.1:56982 - "GET /download/?file_path=%2Ftmp%2Ffiles%2F4KB_8 HTTP/1.1" 200 OK
service             | INFO:     127.0.0.1:56982 - "GET /metrics/ HTTP/1.1" 200 OK
service             | INFO:     127.0.0.1:56986 - "GET /download/?file_path=%2Ftmp%2Ffiles%2F4KB_9 HTTP/1.1" 200 OK
service             | INFO:     127.0.0.1:56986 - "GET /metrics/ HTTP/1.1" 200 OK
service             | INFO:     127.0.0.1:56990 - "GET /download/?file_path=%2Ftmp%2Ffiles%2F4KB_10 HTTP/1.1" 200 OK
service             | INFO:     127.0.0.1:56990 - "GET /metrics/ HTTP/1.1" 200 OK
client              | 11:44.00: Connecting to download script runner
client              | 11:44.00: Waiting for finish upload signal
client              | 11:49.01: Starting 4KB benchmark
client              | 11:49.01: Creating client interface
client              | 11:49.01: Preparing run 1
client              | 11:49.01: Download file name is /tmp/files/4KB_1
client              | 11:49.01: Running garbage collector
client              | 11:49.01: Sleeping for 30.0 seconds
client              | 11:49.31: Starting
client              | 11:49.31: Finished
client              | 11:49.31: Collecting metrics from service
client              | 11:49.31: Deleting downloaded file /tmp/files/4KB_1
client              | 11:49.31: Ending run 1
client              | 11:49.31: Preparing run 2
client              | 11:49.31: Download file name is /tmp/files/4KB_2
client              | 11:49.31: Running garbage collector
client              | 11:49.31: Sleeping for 30.0 seconds
client              | 11:50.01: Starting
client              | 11:50.01: Finished
client              | 11:50.01: Collecting metrics from service
client              | 11:50.01: Deleting downloaded file /tmp/files/4KB_2
client              | 11:50.01: Ending run 2
client              | 11:50.01: Preparing run 3
client              | 11:50.01: Download file name is /tmp/files/4KB_3
client              | 11:50.01: Running garbage collector
client              | 11:50.01: Sleeping for 30.0 seconds
client              | 11:50.31: Starting
client              | 11:50.31: Finished
client              | 11:50.31: Collecting metrics from service
client              | 11:50.31: Deleting downloaded file /tmp/files/4KB_3
client              | 11:50.31: Ending run 3
client              | 11:50.31: Preparing run 4
client              | 11:50.31: Download file name is /tmp/files/4KB_4
client              | 11:50.31: Running garbage collector
client              | 11:50.31: Sleeping for 30.0 seconds
client              | 11:51.02: Starting
client              | 11:51.02: Finished
client              | 11:51.02: Collecting metrics from service
client              | 11:51.02: Deleting downloaded file /tmp/files/4KB_4
client              | 11:51.02: Ending run 4
client              | 11:51.02: Preparing run 5
client              | 11:51.02: Download file name is /tmp/files/4KB_5
client              | 11:51.02: Running garbage collector
client              | 11:51.02: Sleeping for 30.0 seconds
client              | 11:51.32: Starting
client              | 11:51.32: Finished
client              | 11:51.32: Collecting metrics from service
client              | 11:51.32: Deleting downloaded file /tmp/files/4KB_5
client              | 11:51.32: Ending run 5
client              | 11:51.32: Preparing run 6
client              | 11:51.32: Download file name is /tmp/files/4KB_6
client              | 11:51.32: Running garbage collector
client              | 11:51.32: Sleeping for 30.0 seconds
client              | 11:52.02: Starting
client              | 11:52.02: Finished
client              | 11:52.02: Collecting metrics from service
client              | 11:52.02: Deleting downloaded file /tmp/files/4KB_6
client              | 11:52.02: Ending run 6
client              | 11:52.02: Preparing run 7
client              | 11:52.02: Download file name is /tmp/files/4KB_7
client              | 11:52.02: Running garbage collector
client              | 11:52.02: Sleeping for 30.0 seconds
client              | 11:52.32: Starting
client              | 11:52.32: Finished
client              | 11:52.32: Collecting metrics from service
client              | 11:52.32: Deleting downloaded file /tmp/files/4KB_7
client              | 11:52.32: Ending run 7
client              | 11:52.32: Preparing run 8
client              | 11:52.32: Download file name is /tmp/files/4KB_8
client              | 11:52.32: Running garbage collector
client              | 11:52.32: Sleeping for 30.0 seconds
client              | 11:53.02: Starting
client              | 11:53.02: Finished
client              | 11:53.02: Collecting metrics from service
client              | 11:53.02: Deleting downloaded file /tmp/files/4KB_8
client              | 11:53.02: Ending run 8
client              | 11:53.02: Preparing run 9
client              | 11:53.02: Download file name is /tmp/files/4KB_9
client              | 11:53.02: Running garbage collector
client              | 11:53.02: Sleeping for 30.0 seconds
client              | 11:53.32: Starting
client              | 11:53.32: Finished
client              | 11:53.32: Collecting metrics from service
client              | 11:53.32: Deleting downloaded file /tmp/files/4KB_9
client              | 11:53.32: Ending run 9
client              | 11:53.32: Preparing run 10
client              | 11:53.32: Download file name is /tmp/files/4KB_10
client              | 11:53.32: Running garbage collector
client              | 11:53.32: Sleeping for 30.0 seconds
client              | 11:54.02: Starting
client              | 11:54.02: Finished
client              | 11:54.02: Collecting metrics from service
client              | 11:54.02: Deleting downloaded file /tmp/files/4KB_10
client              | 11:54.02: Ending run 10
client              | 11:54.02: Writing metrics file
client              | 11:54.02: Send finished download signal
client exited with code 0
Stopping ipfs    ... 
Stopping service ... 
Stopping ipfs    ... done
Stopping service ... done
Aborting on container exit...
Removing client  ... 
Removing ipfs    ... 
Removing service ... 
Removing ipfs    ... done
Removing service ... done
Removing client  ... done
WARNING! This will remove all local volumes not used by at least one container.
Are you sure you want to continue? [y/N] Deleted Volumes:
8150f3b05ce34afbc5d4089faa1d0731f58d41a63a1542bcb341117a5e8d332c

Total reclaimed space: 203.2kB
